Time limit = 1e+08
Random seed = 0
niter=10000000
niter_later=20
nclus_to_add=5
obj_del_thr=0.0002
int_gap_thr=0.0002
Calling Init() code...
Reading model file
Initializing...
Initially running MPLP for 10000000 iterations
int val: -23129.5
Iter=1 Objective=-6246.66 Decoded=-23129.5 ObjDel=1e+40 IntGap=16882.8 Elapsed Time=0.396431
int val: -7634.71
Iter=2 Objective=-6666.41 Decoded=-7634.71 ObjDel=419.756 IntGap=968.292 Elapsed Time=0.657899
int val: -7000.21
Iter=3 Objective=-6766.04 Decoded=-7000.21 ObjDel=99.6205 IntGap=234.17 Elapsed Time=0.934338
int val: -6984.63
Iter=4 Objective=-6809.26 Decoded=-6984.63 ObjDel=43.226 IntGap=175.37 Elapsed Time=1.19727
int val: -6953.64
Iter=5 Objective=-6833.24 Decoded=-6953.64 ObjDel=23.9774 IntGap=120.397 Elapsed Time=1.45961
Iter=6 Objective=-6849.75 Decoded=-6953.64 ObjDel=16.5075 IntGap=103.889 Elapsed Time=1.72178
Iter=7 Objective=-6859.1 Decoded=-6953.64 ObjDel=9.3577 IntGap=94.5318 Elapsed Time=1.98443
Iter=8 Objective=-6866.91 Decoded=-6953.64 ObjDel=7.8054 IntGap=86.7264 Elapsed Time=2.24681
Iter=9 Objective=-6873.3 Decoded=-6953.64 ObjDel=6.38747 IntGap=80.3389 Elapsed Time=2.50858
Iter=10 Objective=-6878.5 Decoded=-6953.64 ObjDel=5.19839 IntGap=75.1405 Elapsed Time=2.77163
Iter=11 Objective=-6882.7 Decoded=-6953.64 ObjDel=4.20379 IntGap=70.9367 Elapsed Time=3.03415
int val: -6949.29
Iter=12 Objective=-6886.41 Decoded=-6949.29 ObjDel=3.70931 IntGap=62.8779 Elapsed Time=3.29686
int val: -6924.55
Iter=13 Objective=-6889.32 Decoded=-6924.55 ObjDel=2.90918 IntGap=35.2313 Elapsed Time=3.55954
Iter=14 Objective=-6891.5 Decoded=-6924.55 ObjDel=2.17972 IntGap=33.0516 Elapsed Time=3.82201
Iter=15 Objective=-6893.21 Decoded=-6924.55 ObjDel=1.7114 IntGap=31.3402 Elapsed Time=4.08336
Iter=16 Objective=-6894.7 Decoded=-6924.55 ObjDel=1.49514 IntGap=29.8451 Elapsed Time=4.34499
Iter=17 Objective=-6895.92 Decoded=-6924.55 ObjDel=1.21647 IntGap=28.6286 Elapsed Time=4.60713
Iter=18 Objective=-6896.91 Decoded=-6924.55 ObjDel=0.992963 IntGap=27.6356 Elapsed Time=4.8693
Iter=19 Objective=-6897.73 Decoded=-6924.55 ObjDel=0.816213 IntGap=26.8194 Elapsed Time=5.14535
Iter=20 Objective=-6898.43 Decoded=-6924.55 ObjDel=0.70376 IntGap=26.1157 Elapsed Time=5.40568
Iter=21 Objective=-6899.08 Decoded=-6924.55 ObjDel=0.64306 IntGap=25.4726 Elapsed Time=5.66688
Iter=22 Objective=-6899.64 Decoded=-6924.55 ObjDel=0.560042 IntGap=24.9126 Elapsed Time=5.92863
Iter=23 Objective=-6900.08 Decoded=-6924.55 ObjDel=0.447745 IntGap=24.4648 Elapsed Time=6.18888
Iter=24 Objective=-6900.45 Decoded=-6924.55 ObjDel=0.362762 IntGap=24.102 Elapsed Time=6.45078
Iter=25 Objective=-6900.72 Decoded=-6924.55 ObjDel=0.269523 IntGap=23.8325 Elapsed Time=6.71324
Iter=26 Objective=-6900.89 Decoded=-6924.55 ObjDel=0.178146 IntGap=23.6544 Elapsed Time=6.97629
Iter=27 Objective=-6901.04 Decoded=-6924.55 ObjDel=0.147797 IntGap=23.5066 Elapsed Time=7.23731
Iter=28 Objective=-6901.17 Decoded=-6924.55 ObjDel=0.132723 IntGap=23.3739 Elapsed Time=7.49885
Iter=29 Objective=-6901.29 Decoded=-6924.55 ObjDel=0.119476 IntGap=23.2544 Elapsed Time=7.76021
Iter=30 Objective=-6901.4 Decoded=-6924.55 ObjDel=0.107366 IntGap=23.147 Elapsed Time=8.021
int val: -6918.85
Iter=31 Objective=-6901.5 Decoded=-6918.85 ObjDel=0.0957996 IntGap=17.3496 Elapsed Time=8.28134
Iter=32 Objective=-6901.58 Decoded=-6918.85 ObjDel=0.0814642 IntGap=17.2681 Elapsed Time=8.54135
Iter=33 Objective=-6901.65 Decoded=-6918.85 ObjDel=0.0720604 IntGap=17.1961 Elapsed Time=8.80225
Iter=34 Objective=-6901.71 Decoded=-6918.85 ObjDel=0.0596308 IntGap=17.1364 Elapsed Time=9.06248
Iter=35 Objective=-6901.76 Decoded=-6918.85 ObjDel=0.0535788 IntGap=17.0829 Elapsed Time=9.32338
Iter=36 Objective=-6901.81 Decoded=-6918.85 ObjDel=0.0501768 IntGap=17.0327 Elapsed Time=9.58955
int val: -6907.6
Iter=37 Objective=-6901.86 Decoded=-6907.6 ObjDel=0.0465853 IntGap=5.74225 Elapsed Time=9.85011
Iter=38 Objective=-6901.9 Decoded=-6907.6 ObjDel=0.0416182 IntGap=5.70063 Elapsed Time=10.1084
Iter=39 Objective=-6901.94 Decoded=-6907.6 ObjDel=0.039088 IntGap=5.66154 Elapsed Time=10.3683
Iter=40 Objective=-6901.98 Decoded=-6907.6 ObjDel=0.0352727 IntGap=5.62627 Elapsed Time=10.6277
Iter=41 Objective=-6902.01 Decoded=-6907.6 ObjDel=0.032722 IntGap=5.59355 Elapsed Time=10.8886
Iter=42 Objective=-6902.04 Decoded=-6907.6 ObjDel=0.0313111 IntGap=5.56224 Elapsed Time=11.1485
Iter=43 Objective=-6902.07 Decoded=-6907.6 ObjDel=0.0297648 IntGap=5.53247 Elapsed Time=11.4229
Iter=44 Objective=-6902.1 Decoded=-6907.6 ObjDel=0.0282407 IntGap=5.50423 Elapsed Time=11.6824
Iter=45 Objective=-6902.13 Decoded=-6907.6 ObjDel=0.026916 IntGap=5.47732 Elapsed Time=11.944
Iter=46 Objective=-6902.15 Decoded=-6907.6 ObjDel=0.0257466 IntGap=5.45157 Elapsed Time=12.2055
Iter=47 Objective=-6902.18 Decoded=-6907.6 ObjDel=0.0246307 IntGap=5.42694 Elapsed Time=12.4659
Iter=48 Objective=-6902.2 Decoded=-6907.6 ObjDel=0.0235603 IntGap=5.40338 Elapsed Time=12.7254
Iter=49 Objective=-6902.22 Decoded=-6907.6 ObjDel=0.022542 IntGap=5.38084 Elapsed Time=12.9868
Iter=50 Objective=-6902.24 Decoded=-6907.6 ObjDel=0.0215759 IntGap=5.35926 Elapsed Time=13.2494
Iter=51 Objective=-6902.26 Decoded=-6907.6 ObjDel=0.0206601 IntGap=5.3386 Elapsed Time=13.5106
Iter=52 Objective=-6902.28 Decoded=-6907.6 ObjDel=0.0197997 IntGap=5.3188 Elapsed Time=13.7717
Iter=53 Objective=-6902.3 Decoded=-6907.6 ObjDel=0.0189913 IntGap=5.29981 Elapsed Time=14.0331
Iter=54 Objective=-6902.32 Decoded=-6907.6 ObjDel=0.0182293 IntGap=5.28158 Elapsed Time=14.2943
Iter=55 Objective=-6902.34 Decoded=-6907.6 ObjDel=0.0175113 IntGap=5.26407 Elapsed Time=14.5547
Iter=56 Objective=-6902.36 Decoded=-6907.6 ObjDel=0.0168346 IntGap=5.24724 Elapsed Time=14.8151
Iter=57 Objective=-6902.37 Decoded=-6907.6 ObjDel=0.0161967 IntGap=5.23104 Elapsed Time=15.0753
Iter=58 Objective=-6902.39 Decoded=-6907.6 ObjDel=0.015595 IntGap=5.21544 Elapsed Time=15.3368
Iter=59 Objective=-6902.4 Decoded=-6907.6 ObjDel=0.015027 IntGap=5.20042 Elapsed Time=15.5991
Iter=60 Objective=-6902.42 Decoded=-6907.6 ObjDel=0.0144904 IntGap=5.18593 Elapsed Time=15.8589
Iter=61 Objective=-6902.43 Decoded=-6907.6 ObjDel=0.0139828 IntGap=5.17194 Elapsed Time=16.119
Iter=62 Objective=-6902.44 Decoded=-6907.6 ObjDel=0.0135021 IntGap=5.15844 Elapsed Time=16.3807
Iter=63 Objective=-6902.46 Decoded=-6907.6 ObjDel=0.0130465 IntGap=5.1454 Elapsed Time=16.6431
Iter=64 Objective=-6902.47 Decoded=-6907.6 ObjDel=0.0126139 IntGap=5.13278 Elapsed Time=16.9025
Iter=65 Objective=-6902.48 Decoded=-6907.6 ObjDel=0.0122029 IntGap=5.12058 Elapsed Time=17.1639
Iter=66 Objective=-6902.49 Decoded=-6907.6 ObjDel=0.0118117 IntGap=5.10877 Elapsed Time=17.4255
Iter=67 Objective=-6902.51 Decoded=-6907.6 ObjDel=0.011439 IntGap=5.09733 Elapsed Time=17.6867
Iter=68 Objective=-6902.52 Decoded=-6907.6 ObjDel=0.0110834 IntGap=5.08624 Elapsed Time=17.9493
Iter=69 Objective=-6902.53 Decoded=-6907.6 ObjDel=0.0107438 IntGap=5.0755 Elapsed Time=18.2112
Iter=70 Objective=-6902.54 Decoded=-6907.6 ObjDel=0.0104191 IntGap=5.06508 Elapsed Time=18.4709
Iter=71 Objective=-6902.55 Decoded=-6907.6 ObjDel=0.0101084 IntGap=5.05497 Elapsed Time=18.7315
Iter=72 Objective=-6902.56 Decoded=-6907.6 ObjDel=0.00981057 IntGap=5.04516 Elapsed Time=18.9916
Iter=73 Objective=-6902.57 Decoded=-6907.6 ObjDel=0.00952493 IntGap=5.03564 Elapsed Time=19.2514
Iter=74 Objective=-6902.58 Decoded=-6907.6 ObjDel=0.00925068 IntGap=5.02639 Elapsed Time=19.512
Iter=75 Objective=-6902.59 Decoded=-6907.6 ObjDel=0.00898712 IntGap=5.0174 Elapsed Time=19.7744
Iter=76 Objective=-6902.59 Decoded=-6907.6 ObjDel=0.00873362 IntGap=5.00867 Elapsed Time=20.0355
Iter=77 Objective=-6902.6 Decoded=-6907.6 ObjDel=0.00848958 IntGap=5.00018 Elapsed Time=20.297
Iter=78 Objective=-6902.61 Decoded=-6907.6 ObjDel=0.00825445 IntGap=4.99192 Elapsed Time=20.5585
Iter=79 Objective=-6902.62 Decoded=-6907.6 ObjDel=0.00802775 IntGap=4.98389 Elapsed Time=20.819
Iter=80 Objective=-6902.63 Decoded=-6907.6 ObjDel=0.007809 IntGap=4.97609 Elapsed Time=21.0804
Iter=81 Objective=-6902.63 Decoded=-6907.6 ObjDel=0.00759779 IntGap=4.96849 Elapsed Time=21.3417
Iter=82 Objective=-6902.64 Decoded=-6907.6 ObjDel=0.00739372 IntGap=4.96109 Elapsed Time=21.6176
Iter=83 Objective=-6902.65 Decoded=-6907.6 ObjDel=0.00719644 IntGap=4.9539 Elapsed Time=21.878
Iter=84 Objective=-6902.66 Decoded=-6907.6 ObjDel=0.00700559 IntGap=4.94689 Elapsed Time=22.1389
Iter=85 Objective=-6902.66 Decoded=-6907.6 ObjDel=0.00682088 IntGap=4.94007 Elapsed Time=22.3993
Iter=86 Objective=-6902.67 Decoded=-6907.6 ObjDel=0.00664201 IntGap=4.93343 Elapsed Time=22.6604
Iter=87 Objective=-6902.68 Decoded=-6907.6 ObjDel=0.00646872 IntGap=4.92696 Elapsed Time=22.921
Iter=88 Objective=-6902.68 Decoded=-6907.6 ObjDel=0.00630075 IntGap=4.92066 Elapsed Time=23.1816
Iter=89 Objective=-6902.69 Decoded=-6907.6 ObjDel=0.00613787 IntGap=4.91452 Elapsed Time=23.4423
Iter=90 Objective=-6902.69 Decoded=-6907.6 ObjDel=0.00597985 IntGap=4.90854 Elapsed Time=23.7033
Iter=91 Objective=-6902.7 Decoded=-6907.6 ObjDel=0.00582651 IntGap=4.90272 Elapsed Time=23.9634
Iter=92 Objective=-6902.71 Decoded=-6907.6 ObjDel=0.00567764 IntGap=4.89704 Elapsed Time=24.2254
Iter=93 Objective=-6902.71 Decoded=-6907.6 ObjDel=0.00553307 IntGap=4.8915 Elapsed Time=24.4859
Iter=94 Objective=-6902.72 Decoded=-6907.6 ObjDel=0.00539263 IntGap=4.88611 Elapsed Time=24.7474
Iter=95 Objective=-6902.72 Decoded=-6907.6 ObjDel=0.00525616 IntGap=4.88086 Elapsed Time=25.0087
Iter=96 Objective=-6902.73 Decoded=-6907.6 ObjDel=0.00512351 IntGap=4.87573 Elapsed Time=25.2702
Iter=97 Objective=-6902.73 Decoded=-6907.6 ObjDel=0.00499454 IntGap=4.87074 Elapsed Time=25.5314
Iter=98 Objective=-6902.74 Decoded=-6907.6 ObjDel=0.00486912 IntGap=4.86587 Elapsed Time=25.793
Iter=99 Objective=-6902.74 Decoded=-6907.6 ObjDel=0.00474713 IntGap=4.86112 Elapsed Time=26.0547
Iter=100 Objective=-6902.75 Decoded=-6907.6 ObjDel=0.00462844 IntGap=4.85649 Elapsed Time=26.3154
Iter=101 Objective=-6902.75 Decoded=-6907.6 ObjDel=0.00451295 IntGap=4.85198 Elapsed Time=26.5759
Iter=102 Objective=-6902.76 Decoded=-6907.6 ObjDel=0.00440054 IntGap=4.84758 Elapsed Time=26.8366
Iter=103 Objective=-6902.76 Decoded=-6907.6 ObjDel=0.00429112 IntGap=4.84329 Elapsed Time=27.0977
Iter=104 Objective=-6902.76 Decoded=-6907.6 ObjDel=0.00418459 IntGap=4.8391 Elapsed Time=27.3579
Iter=105 Objective=-6902.77 Decoded=-6907.6 ObjDel=0.00408085 IntGap=4.83502 Elapsed Time=27.6183
Iter=106 Objective=-6902.77 Decoded=-6907.6 ObjDel=0.00397983 IntGap=4.83104 Elapsed Time=27.88
Iter=107 Objective=-6902.78 Decoded=-6907.6 ObjDel=0.00388143 IntGap=4.82716 Elapsed Time=28.142
Iter=108 Objective=-6902.78 Decoded=-6907.6 ObjDel=0.00378558 IntGap=4.82338 Elapsed Time=28.4041
Iter=109 Objective=-6902.78 Decoded=-6907.6 ObjDel=0.0036922 IntGap=4.81968 Elapsed Time=28.6667
Iter=110 Objective=-6902.79 Decoded=-6907.6 ObjDel=0.00360122 IntGap=4.81608 Elapsed Time=28.9282
Iter=111 Objective=-6902.79 Decoded=-6907.6 ObjDel=0.00351256 IntGap=4.81257 Elapsed Time=29.1878
Iter=112 Objective=-6902.79 Decoded=-6907.6 ObjDel=0.00342616 IntGap=4.80914 Elapsed Time=29.4484
Iter=113 Objective=-6902.8 Decoded=-6907.6 ObjDel=0.00334196 IntGap=4.8058 Elapsed Time=29.7103
Iter=114 Objective=-6902.8 Decoded=-6907.6 ObjDel=0.00325989 IntGap=4.80254 Elapsed Time=29.9721
Iter=115 Objective=-6902.8 Decoded=-6907.6 ObjDel=0.00317989 IntGap=4.79936 Elapsed Time=30.2342
Iter=116 Objective=-6902.81 Decoded=-6907.6 ObjDel=0.00310191 IntGap=4.79626 Elapsed Time=30.495
Iter=117 Objective=-6902.81 Decoded=-6907.6 ObjDel=0.00302589 IntGap=4.79323 Elapsed Time=30.7561
Iter=118 Objective=-6902.81 Decoded=-6907.6 ObjDel=0.00295177 IntGap=4.79028 Elapsed Time=31.0157
Iter=119 Objective=-6902.82 Decoded=-6907.6 ObjDel=0.00287951 IntGap=4.7874 Elapsed Time=31.2767
Iter=120 Objective=-6902.82 Decoded=-6907.6 ObjDel=0.00280905 IntGap=4.78459 Elapsed Time=31.5365
Iter=121 Objective=-6902.82 Decoded=-6907.6 ObjDel=0.00274035 IntGap=4.78185 Elapsed Time=31.7954
Iter=122 Objective=-6902.82 Decoded=-6907.6 ObjDel=0.00267335 IntGap=4.77918 Elapsed Time=32.0559
Iter=123 Objective=-6902.83 Decoded=-6907.6 ObjDel=0.00260802 IntGap=4.77657 Elapsed Time=32.3157
Iter=124 Objective=-6902.83 Decoded=-6907.6 ObjDel=0.00254431 IntGap=4.77403 Elapsed Time=32.5767
Iter=125 Objective=-6902.83 Decoded=-6907.6 ObjDel=0.00248218 IntGap=4.77155 Elapsed Time=32.8374
Iter=126 Objective=-6902.83 Decoded=-6907.6 ObjDel=0.00242159 IntGap=4.76912 Elapsed Time=33.0974
Iter=127 Objective=-6902.84 Decoded=-6907.6 ObjDel=0.00236249 IntGap=4.76676 Elapsed Time=33.3576
Iter=128 Objective=-6902.84 Decoded=-6907.6 ObjDel=0.00230485 IntGap=4.76446 Elapsed Time=33.619
Iter=129 Objective=-6902.84 Decoded=-6907.6 ObjDel=0.00224863 IntGap=4.76221 Elapsed Time=33.8786
Iter=130 Objective=-6902.84 Decoded=-6907.6 ObjDel=0.00219379 IntGap=4.76001 Elapsed Time=34.1403
Iter=131 Objective=-6902.85 Decoded=-6907.6 ObjDel=0.00214031 IntGap=4.75787 Elapsed Time=34.4018
Iter=132 Objective=-6902.85 Decoded=-6907.6 ObjDel=0.00208813 IntGap=4.75579 Elapsed Time=34.6636
Iter=133 Objective=-6902.85 Decoded=-6907.6 ObjDel=0.00203724 IntGap=4.75375 Elapsed Time=34.9242
Iter=134 Objective=-6902.85 Decoded=-6907.6 ObjDel=0.0019876 IntGap=4.75176 Elapsed Time=35.1861
Iter=135 Objective=-6902.85 Decoded=-6907.6 ObjDel=0.00193918 IntGap=4.74982 Elapsed Time=35.4483
Iter=136 Objective=-6902.86 Decoded=-6907.6 ObjDel=0.00189194 IntGap=4.74793 Elapsed Time=35.7101
Iter=137 Objective=-6902.86 Decoded=-6907.6 ObjDel=0.00184586 IntGap=4.74608 Elapsed Time=35.9692
Iter=138 Objective=-6902.86 Decoded=-6907.6 ObjDel=0.00180091 IntGap=4.74428 Elapsed Time=36.232
Iter=139 Objective=-6902.86 Decoded=-6907.6 ObjDel=0.00175706 IntGap=4.74253 Elapsed Time=36.4922
Iter=140 Objective=-6902.86 Decoded=-6907.6 ObjDel=0.00171428 IntGap=4.74081 Elapsed Time=36.7535
Iter=141 Objective=-6902.86 Decoded=-6907.6 ObjDel=0.00167255 IntGap=4.73914 Elapsed Time=37.0152
Iter=142 Objective=-6902.87 Decoded=-6907.6 ObjDel=0.00163184 IntGap=4.73751 Elapsed Time=37.2776
Iter=143 Objective=-6902.87 Decoded=-6907.6 ObjDel=0.00159212 IntGap=4.73592 Elapsed Time=37.5401
Iter=144 Objective=-6902.87 Decoded=-6907.6 ObjDel=0.00155337 IntGap=4.73436 Elapsed Time=37.8004
Iter=145 Objective=-6902.87 Decoded=-6907.6 ObjDel=0.00151557 IntGap=4.73285 Elapsed Time=38.0757
Iter=146 Objective=-6902.87 Decoded=-6907.6 ObjDel=0.00147869 IntGap=4.73137 Elapsed Time=38.3354
Iter=147 Objective=-6902.87 Decoded=-6907.6 ObjDel=0.00144271 IntGap=4.72993 Elapsed Time=38.5961
Iter=148 Objective=-6902.87 Decoded=-6907.6 ObjDel=0.00140761 IntGap=4.72852 Elapsed Time=38.8574
Iter=149 Objective=-6902.88 Decoded=-6907.6 ObjDel=0.00137336 IntGap=4.72714 Elapsed Time=39.1179
Iter=150 Objective=-6902.88 Decoded=-6907.6 ObjDel=0.00133995 IntGap=4.7258 Elapsed Time=39.3786
Iter=151 Objective=-6902.88 Decoded=-6907.6 ObjDel=0.00130736 IntGap=4.7245 Elapsed Time=39.6408
Iter=152 Objective=-6902.88 Decoded=-6907.6 ObjDel=0.00127556 IntGap=4.72322 Elapsed Time=39.903
Iter=153 Objective=-6902.88 Decoded=-6907.6 ObjDel=0.00124453 IntGap=4.72198 Elapsed Time=40.1639
Iter=154 Objective=-6902.88 Decoded=-6907.6 ObjDel=0.00121426 IntGap=4.72076 Elapsed Time=40.4243
Iter=155 Objective=-6902.88 Decoded=-6907.6 ObjDel=0.00118472 IntGap=4.71958 Elapsed Time=40.6844
Iter=156 Objective=-6902.88 Decoded=-6907.6 ObjDel=0.00115591 IntGap=4.71842 Elapsed Time=40.9444
Iter=157 Objective=-6902.89 Decoded=-6907.6 ObjDel=0.0011278 IntGap=4.71729 Elapsed Time=41.2063
Iter=158 Objective=-6902.89 Decoded=-6907.6 ObjDel=0.00110037 IntGap=4.71619 Elapsed Time=41.4678
Iter=159 Objective=-6902.89 Decoded=-6907.6 ObjDel=0.00107361 IntGap=4.71512 Elapsed Time=41.7302
Iter=160 Objective=-6902.89 Decoded=-6907.6 ObjDel=0.0010475 IntGap=4.71407 Elapsed Time=41.991
Iter=161 Objective=-6902.89 Decoded=-6907.6 ObjDel=0.00102203 IntGap=4.71305 Elapsed Time=42.2519
Iter=162 Objective=-6902.89 Decoded=-6907.6 ObjDel=0.000997175 IntGap=4.71205 Elapsed Time=42.5134
Iter=163 Objective=-6902.89 Decoded=-6907.6 ObjDel=0.000972927 IntGap=4.71108 Elapsed Time=42.7729
Iter=164 Objective=-6902.89 Decoded=-6907.6 ObjDel=0.000949268 IntGap=4.71013 Elapsed Time=43.0347
Iter=165 Objective=-6902.89 Decoded=-6907.6 ObjDel=0.000926186 IntGap=4.7092 Elapsed Time=43.2945
Iter=166 Objective=-6902.89 Decoded=-6907.6 ObjDel=0.000903665 IntGap=4.7083 Elapsed Time=43.5566
Iter=167 Objective=-6902.9 Decoded=-6907.6 ObjDel=0.000881692 IntGap=4.70742 Elapsed Time=43.8186
Iter=168 Objective=-6902.9 Decoded=-6907.6 ObjDel=0.000860254 IntGap=4.70656 Elapsed Time=44.0811
Iter=169 Objective=-6902.9 Decoded=-6907.6 ObjDel=0.000839337 IntGap=4.70572 Elapsed Time=44.3413
Iter=170 Objective=-6902.9 Decoded=-6907.6 ObjDel=0.000818929 IntGap=4.7049 Elapsed Time=44.6026
Iter=171 Objective=-6902.9 Decoded=-6907.6 ObjDel=0.000799018 IntGap=4.7041 Elapsed Time=44.8646
Iter=172 Objective=-6902.9 Decoded=-6907.6 ObjDel=0.000779591 IntGap=4.70332 Elapsed Time=45.1246
Iter=173 Objective=-6902.9 Decoded=-6907.6 ObjDel=0.000760636 IntGap=4.70256 Elapsed Time=45.3855
Iter=174 Objective=-6902.9 Decoded=-6907.6 ObjDel=0.000742143 IntGap=4.70182 Elapsed Time=45.6468
Iter=175 Objective=-6902.9 Decoded=-6907.6 ObjDel=0.000724099 IntGap=4.7011 Elapsed Time=45.9091
Iter=176 Objective=-6902.9 Decoded=-6907.6 ObjDel=0.000706494 IntGap=4.70039 Elapsed Time=46.1692
Iter=177 Objective=-6902.9 Decoded=-6907.6 ObjDel=0.000689317 IntGap=4.6997 Elapsed Time=46.4294
Iter=178 Objective=-6902.9 Decoded=-6907.6 ObjDel=0.000672558 IntGap=4.69903 Elapsed Time=46.6897
Iter=179 Objective=-6902.9 Decoded=-6907.6 ObjDel=0.000656207 IntGap=4.69837 Elapsed Time=46.9509
Iter=180 Objective=-6902.91 Decoded=-6907.6 ObjDel=0.000640253 IntGap=4.69773 Elapsed Time=47.2129
Iter=181 Objective=-6902.91 Decoded=-6907.6 ObjDel=0.000624687 IntGap=4.69711 Elapsed Time=47.4738
Iter=182 Objective=-6902.91 Decoded=-6907.6 ObjDel=0.000609499 IntGap=4.6965 Elapsed Time=47.736
Iter=183 Objective=-6902.91 Decoded=-6907.6 ObjDel=0.000594681 IntGap=4.6959 Elapsed Time=47.9982
Iter=184 Objective=-6902.91 Decoded=-6907.6 ObjDel=0.000580224 IntGap=4.69532 Elapsed Time=48.2602
Iter=185 Objective=-6902.91 Decoded=-6907.6 ObjDel=0.000566117 IntGap=4.69476 Elapsed Time=48.5211
Iter=186 Objective=-6902.91 Decoded=-6907.6 ObjDel=0.000552354 IntGap=4.6942 Elapsed Time=48.783
Iter=187 Objective=-6902.91 Decoded=-6907.6 ObjDel=0.000538926 IntGap=4.69366 Elapsed Time=49.0431
Iter=188 Objective=-6902.91 Decoded=-6907.6 ObjDel=0.000525824 IntGap=4.69314 Elapsed Time=49.3027
Iter=189 Objective=-6902.91 Decoded=-6907.6 ObjDel=0.00051304 IntGap=4.69263 Elapsed Time=49.5631
Iter=190 Objective=-6902.91 Decoded=-6907.6 ObjDel=0.000500567 IntGap=4.69212 Elapsed Time=49.824
Iter=191 Objective=-6902.91 Decoded=-6907.6 ObjDel=0.000488398 IntGap=4.69164 Elapsed Time=50.0843
Iter=192 Objective=-6902.91 Decoded=-6907.6 ObjDel=0.000476525 IntGap=4.69116 Elapsed Time=50.346
Iter=193 Objective=-6902.91 Decoded=-6907.6 ObjDel=0.00046494 IntGap=4.69069 Elapsed Time=50.6063
Iter=194 Objective=-6902.91 Decoded=-6907.6 ObjDel=0.000453637 IntGap=4.69024 Elapsed Time=50.868
Iter=195 Objective=-6902.91 Decoded=-6907.6 ObjDel=0.000442608 IntGap=4.6898 Elapsed Time=51.1309
Iter=196 Objective=-6902.91 Decoded=-6907.6 ObjDel=0.000431848 IntGap=4.68937 Elapsed Time=51.393
Iter=197 Objective=-6902.91 Decoded=-6907.6 ObjDel=0.000421349 IntGap=4.68895 Elapsed Time=51.6533
Iter=198 Objective=-6902.91 Decoded=-6907.6 ObjDel=0.000411106 IntGap=4.68853 Elapsed Time=51.9136
Iter=199 Objective=-6902.92 Decoded=-6907.6 ObjDel=0.000401112 IntGap=4.68813 Elapsed Time=52.174
Iter=200 Objective=-6902.92 Decoded=-6907.6 ObjDel=0.00039136 IntGap=4.68774 Elapsed Time=52.4354
Iter=201 Objective=-6902.92 Decoded=-6907.6 ObjDel=0.000381846 IntGap=4.68736 Elapsed Time=52.6965
Iter=202 Objective=-6902.92 Decoded=-6907.6 ObjDel=0.000372563 IntGap=4.68699 Elapsed Time=52.9579
Iter=203 Objective=-6902.92 Decoded=-6907.6 ObjDel=0.000363506 IntGap=4.68662 Elapsed Time=53.2202
Iter=204 Objective=-6902.92 Decoded=-6907.6 ObjDel=0.000354669 IntGap=4.68627 Elapsed Time=53.4824
Iter=205 Objective=-6902.92 Decoded=-6907.6 ObjDel=0.000346046 IntGap=4.68592 Elapsed Time=53.7437
Iter=206 Objective=-6902.92 Decoded=-6907.6 ObjDel=0.000337634 IntGap=4.68559 Elapsed Time=54.0064
Iter=207 Objective=-6902.92 Decoded=-6907.6 ObjDel=0.000329426 IntGap=4.68526 Elapsed Time=54.268
Iter=208 Objective=-6902.92 Decoded=-6907.6 ObjDel=0.000321417 IntGap=4.68493 Elapsed Time=54.5293
Iter=209 Objective=-6902.92 Decoded=-6907.6 ObjDel=0.000313603 IntGap=4.68462 Elapsed Time=54.7907
Iter=210 Objective=-6902.92 Decoded=-6907.6 ObjDel=0.00030598 IntGap=4.68432 Elapsed Time=55.0514
Iter=211 Objective=-6902.92 Decoded=-6907.6 ObjDel=0.000298541 IntGap=4.68402 Elapsed Time=55.3129
Iter=212 Objective=-6902.92 Decoded=-6907.6 ObjDel=0.000291283 IntGap=4.68373 Elapsed Time=55.5753
Iter=213 Objective=-6902.92 Decoded=-6907.6 ObjDel=0.000284202 IntGap=4.68344 Elapsed Time=55.8374
Iter=214 Objective=-6902.92 Decoded=-6907.6 ObjDel=0.000277293 IntGap=4.68316 Elapsed Time=56.0986
Iter=215 Objective=-6902.92 Decoded=-6907.6 ObjDel=0.000270552 IntGap=4.68289 Elapsed Time=56.3589
Iter=216 Objective=-6902.92 Decoded=-6907.6 ObjDel=0.000263975 IntGap=4.68263 Elapsed Time=56.6187
Iter=217 Objective=-6902.92 Decoded=-6907.6 ObjDel=0.000257557 IntGap=4.68237 Elapsed Time=56.8806
Iter=218 Objective=-6902.92 Decoded=-6907.6 ObjDel=0.000251296 IntGap=4.68212 Elapsed Time=57.1429
Iter=219 Objective=-6902.92 Decoded=-6907.6 ObjDel=0.000245187 IntGap=4.68188 Elapsed Time=57.4051
Iter=220 Objective=-6902.92 Decoded=-6907.6 ObjDel=0.000239226 IntGap=4.68164 Elapsed Time=57.6652
Iter=221 Objective=-6902.92 Decoded=-6907.6 ObjDel=0.00023341 IntGap=4.6814 Elapsed Time=57.932
Iter=222 Objective=-6902.92 Decoded=-6907.6 ObjDel=0.000227736 IntGap=4.68117 Elapsed Time=58.193
Iter=223 Objective=-6902.92 Decoded=-6907.6 ObjDel=0.0002222 IntGap=4.68095 Elapsed Time=58.4556
Iter=224 Objective=-6902.92 Decoded=-6907.6 ObjDel=0.000216798 IntGap=4.68074 Elapsed Time=58.7179
Iter=225 Objective=-6902.92 Decoded=-6907.6 ObjDel=0.000211527 IntGap=4.68052 Elapsed Time=58.9785
Iter=226 Objective=-6902.92 Decoded=-6907.6 ObjDel=0.000206385 IntGap=4.68032 Elapsed Time=59.2404
Iter=227 Objective=-6902.92 Decoded=-6907.6 ObjDel=0.000201368 IntGap=4.68012 Elapsed Time=59.5027
Iter=228 Objective=-6902.92 Decoded=-6907.6 ObjDel=0.000196473 IntGap=4.67992 Elapsed Time=59.7646
