Read 188 multi-variables and 1864 factors.
Creating factor XOR...
Creating factor XOR...
Creating factor XOR...
Creating factor XOR...
Creating factor XOR...
Creating factor XOR...
Creating factor XOR...
Creating factor XOR...
Creating factor XOR...
Creating factor XOR...
Creating factor XOR...
Creating factor XOR...
Creating factor XOR...
Creating factor XOR...
Creating factor XOR...
Creating factor XOR...
Creating factor XOR...
Creating factor XOR...
Creating factor XOR...
Creating factor XOR...
Creating factor XOR...
Creating factor XOR...
Creating factor XOR...
Creating factor XOR...
Creating factor XOR...
Creating factor XOR...
Creating factor XOR...
Creating factor XOR...
Creating factor XOR...
Creating factor XOR...
Creating factor XOR...
Creating factor XOR...
Creating factor XOR...
Creating factor XOR...
Creating factor XOR...
Creating factor XOR...
Creating factor XOR...
Creating factor XOR...
Creating factor XOR...
Creating factor XOR...
Creating factor XOR...
Creating factor XOR...
Creating factor XOR...
Creating factor XOR...
Creating factor XOR...
Creating factor XOR...
Creating factor XOR...
Creating factor XOR...
Creating factor XOR...
Creating factor XOR...
Creating factor XOR...
Creating factor XOR...
Creating factor XOR...
Creating factor XOR...
Creating factor XOR...
Creating factor XOR...
Creating factor XOR...
Creating factor XOR...
Creating factor XOR...
Creating factor XOR...
Creating factor XOR...
Creating factor XOR...
Creating factor XOR...
Creating factor XOR...
Creating factor XOR...
Creating factor XOR...
Creating factor XOR...
Creating factor XOR...
Creating factor XOR...
Creating factor XOR...
Creating factor XOR...
Creating factor XOR...
Creating factor XOR...
Creating factor XOR...
Creating factor XOR...
Creating factor XOR...
Creating factor XOR...
Creating factor XOR...
Creating factor XOR...
Creating factor XOR...
Creating factor XOR...
Creating factor XOR...
Creating factor XOR...
Creating factor XOR...
Creating factor XOR...
Creating factor XOR...
Creating factor XOR...
Creating factor XOR...
Creating factor XOR...
Creating factor XOR...
Creating factor XOR...
Creating factor XOR...
Creating factor XOR...
Creating factor XOR...
Creating factor XOR...
Creating factor XOR...
Creating factor XOR...
Creating factor XOR...
Creating factor XOR...
Creating factor XOR...
Creating factor XOR...
Creating factor XOR...
Creating factor XOR...
Creating factor XOR...
Creating factor XOR...
Creating factor XOR...
Creating factor XOR...
Creating factor XOR...
Creating factor XOR...
Creating factor XOR...
Creating factor XOR...
Creating factor XOR...
Creating factor XOR...
Creating factor XOR...
Creating factor XOR...
Creating factor XOR...
Creating factor XOR...
Creating factor XOR...
Creating factor XOR...
Creating factor XOR...
Creating factor XOR...
Creating factor XOR...
Creating factor XOR...
Creating factor XOR...
Creating factor XOR...
Creating factor XOR...
Creating factor XOR...
Creating factor XOR...
Creating factor XOR...
Creating factor XOR...
Creating factor XOR...
Creating factor XOR...
Creating factor XOR...
Creating factor XOR...
Creating factor XOR...
Creating factor XOR...
Creating factor XOR...
Creating factor XOR...
Creating factor XOR...
Creating factor XOR...
Creating factor XOR...
Creating factor XOR...
Creating factor XOR...
Creating factor XOR...
Creating factor XOR...
Creating factor XOR...
Creating factor XOR...
Creating factor XOR...
Creating factor XOR...
Creating factor XOR...
Creating factor XOR...
Creating factor XOR...
Creating factor XOR...
Creating factor XOR...
Creating factor XOR...
Creating factor XOR...
Creating factor XOR...
Creating factor XOR...
Creating factor XOR...
Creating factor XOR...
Creating factor XOR...
Creating factor XOR...
Creating factor XOR...
Creating factor XOR...
Creating factor XOR...
Creating factor XOR...
Creating factor XOR...
Creating factor XOR...
Creating factor XOR...
Creating factor XOR...
Creating factor XOR...
Creating factor XOR...
Creating factor XOR...
Creating factor XOR...
Creating factor XOR...
Creating factor XOR...
Creating factor XOR...
Creating factor XOR...
Creating factor XOR...
Creating factor XOR...
Creating factor XOR...
Creating factor XOR...
Creating factor XOR...
Creating factor XOR...
Creating factor XOR...
Creating factor XOR...
Creating factor XOR...
Creating factor XOR...
Running 100000 iterations of ad3 (eta = 0.1)...
Iteration = 0	Dual obj = 3736.12	Primal rel obj = 3674.95	Primal obj = 1688.3	Dual residual = 0.499576	Primal residual = 0.00537771	Best dual obj = 3736.12	Best primal rel obj = 3674.95	Best primal obj = 1688.3	Cached factors = 0	eta = 0.1	Changed eta = true	Time = 874.367 sec.
Iteration = 1	Dual obj = 3734.72	Primal rel obj = 3726.04	Primal obj = -2292.67	Dual residual = 0.00956449	Primal residual = 0.00425051	Best dual obj = 3734.72	Best primal rel obj = 3726.04	Best primal obj = 1688.3	Cached factors = 0	eta = 0.05	Changed eta = true	Time = 970.202 sec.
Iteration = 2	Dual obj = 3733.91	Primal rel obj = 3732.3	Primal obj = -277.334	Dual residual = 0.00401655	Primal residual = 0.00239798	Best dual obj = 3733.91	Best primal rel obj = 3732.3	Best primal obj = 1688.3	Cached factors = 0	eta = 0.05	Changed eta = false	Time = 1046.41 sec.
Iteration = 3	Dual obj = 3733.6	Primal rel obj = 3732.74	Primal obj = 1726.67	Dual residual = 0.00182956	Primal residual = 0.0016036	Best dual obj = 3733.6	Best primal rel obj = 3732.74	Best primal obj = 1726.67	Cached factors = 0.390021	eta = 0.05	Changed eta = false	Time = 1107.42 sec.
Iteration = 4	Dual obj = 3733.43	Primal rel obj = 3732.86	Primal obj = 3729.67	Dual residual = 0.00138659	Primal residual = 0.00117466	Best dual obj = 3733.43	Best primal rel obj = 3732.86	Best primal obj = 3729.67	Cached factors = 0.642167	eta = 0.05	Changed eta = false	Time = 1159.38 sec.
Iteration = 5	Dual obj = 3733.33	Primal rel obj = 3732.93	Primal obj = 3729.67	Dual residual = 0.00104469	Primal residual = 0.000893581	Best dual obj = 3733.33	Best primal rel obj = 3732.93	Best primal obj = 3729.67	Cached factors = 0.772532	eta = 0.05	Changed eta = false	Time = 1203.48 sec.
Iteration = 6	Dual obj = 3733.28	Primal rel obj = 3732.98	Primal obj = 3730.67	Dual residual = 0.000729774	Primal residual = 0.0007432	Best dual obj = 3733.28	Best primal rel obj = 3732.98	Best primal obj = 3730.67	Cached factors = 0.771459	eta = 0.05	Changed eta = false	Time = 1248.49 sec.
Iteration = 7	Dual obj = 3733.24	Primal rel obj = 3732.98	Primal obj = 3729.67	Dual residual = 0.00054188	Primal residual = 0.000623202	Best dual obj = 3733.24	Best primal rel obj = 3732.98	Best primal obj = 3730.67	Cached factors = 0.828326	eta = 0.05	Changed eta = false	Time = 1292.73 sec.
Iteration = 8	Dual obj = 3733.16	Primal rel obj = 3732.99	Primal obj = 3729.67	Dual residual = 0.000445572	Primal residual = 0.000524606	Best dual obj = 3733.16	Best primal rel obj = 3732.99	Best primal obj = 3730.67	Cached factors = 0.832082	eta = 0.05	Changed eta = false	Time = 1335.95 sec.
Iteration = 9	Dual obj = 3733.13	Primal rel obj = 3732.99	Primal obj = 3731	Dual residual = 0.00038146	Primal residual = 0.000436963	Best dual obj = 3733.13	Best primal rel obj = 3732.99	Best primal obj = 3731	Cached factors = 0.863197	eta = 0.05	Changed eta = false	Time = 1375.88 sec.
Iteration = 10	Dual obj = 3733.09	Primal rel obj = 3732.99	Primal obj = 3731	Dual residual = 0.000323785	Primal residual = 0.000371307	Best dual obj = 3733.09	Best primal rel obj = 3732.99	Best primal obj = 3731	Cached factors = 0.863197	eta = 0.05	Changed eta = false	Time = 1415.84 sec.
Iteration = 11	Dual obj = 3733.08	Primal rel obj = 3732.99	Primal obj = 3731	Dual residual = 0.000308566	Primal residual = 0.000326254	Best dual obj = 3733.08	Best primal rel obj = 3732.99	Best primal obj = 3731	Cached factors = 0.861052	eta = 0.05	Changed eta = false	Time = 1455.6 sec.
Iteration = 12	Dual obj = 3733.06	Primal rel obj = 3732.99	Primal obj = 3731	Dual residual = 0.000287987	Primal residual = 0.000303316	Best dual obj = 3733.06	Best primal rel obj = 3732.99	Best primal obj = 3731	Cached factors = 0.861052	eta = 0.05	Changed eta = false	Time = 1499.06 sec.
Iteration = 13	Dual obj = 3733.05	Primal rel obj = 3732.99	Primal obj = 3731	Dual residual = 0.000261148	Primal residual = 0.000271304	Best dual obj = 3733.05	Best primal rel obj = 3732.99	Best primal obj = 3731	Cached factors = 0.861052	eta = 0.05	Changed eta = false	Time = 1537.94 sec.
Iteration = 14	Dual obj = 3733.05	Primal rel obj = 3732.99	Primal obj = 3731	Dual residual = 0.000234863	Primal residual = 0.000253137	Best dual obj = 3733.05	Best primal rel obj = 3732.99	Best primal obj = 3731	Cached factors = 0.861052	eta = 0.05	Changed eta = false	Time = 1582.29 sec.
Iteration = 15	Dual obj = 3733.05	Primal rel obj = 3732.99	Primal obj = 3732	Dual residual = 0.000221044	Primal residual = 0.000235947	Best dual obj = 3733.05	Best primal rel obj = 3732.99	Best primal obj = 3732	Cached factors = 0.88412	eta = 0.05	Changed eta = false	Time = 1621.5 sec.
Iteration = 16	Dual obj = 3733.05	Primal rel obj = 3733	Primal obj = 3733	Dual residual = 0.00020592	Primal residual = 0.000218864	Best dual obj = 3733.05	Best primal rel obj = 3733	Best primal obj = 3733	Cached factors = 0.88412	eta = 0.05	Changed eta = false	Time = 1659 sec.
Iteration = 17	Dual obj = 3733.05	Primal rel obj = 3733	Primal obj = 3733	Dual residual = 0.000184468	Primal residual = 0.000209704	Best dual obj = 3733.05	Best primal rel obj = 3733	Best primal obj = 3733	Cached factors = 0.88412	eta = 0.05	Changed eta = false	Time = 1697.35 sec.
Iteration = 18	Dual obj = 3733.04	Primal rel obj = 3733	Primal obj = 3733	Dual residual = 0.000154821	Primal residual = 0.000200465	Best dual obj = 3733.04	Best primal rel obj = 3733	Best primal obj = 3733	Cached factors = 0.88412	eta = 0.05	Changed eta = false	Time = 1733.98 sec.
Iteration = 19	Dual obj = 3733.04	Primal rel obj = 3733	Primal obj = 3733	Dual residual = 0.000151439	Primal residual = 0.00018213	Best dual obj = 3733.04	Best primal rel obj = 3733	Best primal obj = 3733	Cached factors = 0.88412	eta = 0.05	Changed eta = false	Time = 1770 sec.
Iteration = 20	Dual obj = 3733.03	Primal rel obj = 3733	Primal obj = 3733	Dual residual = 0.000144688	Primal residual = 0.000169426	Best dual obj = 3733.03	Best primal rel obj = 3733	Best primal obj = 3733	Cached factors = 0.88412	eta = 0.05	Changed eta = false	Time = 1806.1 sec.
Iteration = 21	Dual obj = 3733.03	Primal rel obj = 3733	Primal obj = 3733	Dual residual = 0.000129276	Primal residual = 0.00016056	Best dual obj = 3733.03	Best primal rel obj = 3733	Best primal obj = 3733	Cached factors = 0.88412	eta = 0.05	Changed eta = false	Time = 1842.03 sec.
Iteration = 22	Dual obj = 3733.02	Primal rel obj = 3733	Primal obj = 3733	Dual residual = 0.00012494	Primal residual = 0.000140023	Best dual obj = 3733.02	Best primal rel obj = 3733	Best primal obj = 3733	Cached factors = 0.88412	eta = 0.05	Changed eta = false	Time = 1877.65 sec.
Iteration = 23	Dual obj = 3733.02	Primal rel obj = 3733	Primal obj = 3733	Dual residual = 0.000113742	Primal residual = 0.000125484	Best dual obj = 3733.02	Best primal rel obj = 3733	Best primal obj = 3733	Cached factors = 0.88412	eta = 0.05	Changed eta = false	Time = 1913.66 sec.
Iteration = 24	Dual obj = 3733.01	Primal rel obj = 3733	Primal obj = 3733	Dual residual = 0.000108378	Primal residual = 0.000117928	Best dual obj = 3733.01	Best primal rel obj = 3733	Best primal obj = 3733	Cached factors = 0.853541	eta = 0.05	Changed eta = false	Time = 1951.13 sec.
Iteration = 25	Dual obj = 3733.01	Primal rel obj = 3733	Primal obj = 3733	Dual residual = 0.000103359	Primal residual = 0.000110651	Best dual obj = 3733.01	Best primal rel obj = 3733	Best primal obj = 3733	Cached factors = 0.834764	eta = 0.05	Changed eta = false	Time = 1990.39 sec.
Iteration = 26	Dual obj = 3733.01	Primal rel obj = 3733	Primal obj = 3733	Dual residual = 0.000103472	Primal residual = 0.000103167	Best dual obj = 3733.01	Best primal rel obj = 3733	Best primal obj = 3733	Cached factors = 0.85676	eta = 0.05	Changed eta = false	Time = 2026.49 sec.
Iteration = 27	Dual obj = 3733.01	Primal rel obj = 3733	Primal obj = 3733	Dual residual = 0.00010055	Primal residual = 9.56584e-05	Best dual obj = 3733.01	Best primal rel obj = 3733	Best primal obj = 3733	Cached factors = 0.805258	eta = 0.05	Changed eta = false	Time = 2064.28 sec.
Iteration = 28	Dual obj = 3733.01	Primal rel obj = 3733	Primal obj = 3733	Dual residual = 0.000100663	Primal residual = 9.07772e-05	Best dual obj = 3733.01	Best primal rel obj = 3733	Best primal obj = 3733	Cached factors = 0.805258	eta = 0.05	Changed eta = false	Time = 2104.63 sec.
Iteration = 29	Dual obj = 3733.01	Primal rel obj = 3733	Primal obj = 3733	Dual residual = 0.000100786	Primal residual = 8.38412e-05	Best dual obj = 3733.01	Best primal rel obj = 3733	Best primal obj = 3733	Cached factors = 0.805258	eta = 0.05	Changed eta = false	Time = 2145.59 sec.
Iteration = 30	Dual obj = 3733.01	Primal rel obj = 3733	Primal obj = 3733	Dual residual = 0.000101147	Primal residual = 7.73185e-05	Best dual obj = 3733.01	Best primal rel obj = 3733	Best primal obj = 3733	Cached factors = 0.805258	eta = 0.05	Changed eta = false	Time = 2183.47 sec.
Iteration = 31	Dual obj = 3733.01	Primal rel obj = 3733	Primal obj = 3732	Dual residual = 0.000104	Primal residual = 7.01668e-05	Best dual obj = 3733.01	Best primal rel obj = 3733	Best primal obj = 3733	Cached factors = 0.805258	eta = 0.05	Changed eta = false	Time = 2222.74 sec.
Iteration = 32	Dual obj = 3733.01	Primal rel obj = 3733	Primal obj = 3732	Dual residual = 0.000105318	Primal residual = 6.1849e-05	Best dual obj = 3733.01	Best primal rel obj = 3733	Best primal obj = 3733	Cached factors = 0.805258	eta = 0.05	Changed eta = false	Time = 2260.52 sec.
Iteration = 33	Dual obj = 3733.01	Primal rel obj = 3733	Primal obj = 3732	Dual residual = 0.000106422	Primal residual = 5.59902e-05	Best dual obj = 3733.01	Best primal rel obj = 3733	Best primal obj = 3733	Cached factors = 0.805258	eta = 0.05	Changed eta = false	Time = 2298.67 sec.
Iteration = 34	Dual obj = 3733.01	Primal rel obj = 3733	Primal obj = 3732	Dual residual = 0.000104663	Primal residual = 5.15081e-05	Best dual obj = 3733.01	Best primal rel obj = 3733	Best primal obj = 3733	Cached factors = 0.805258	eta = 0.05	Changed eta = false	Time = 2339.51 sec.
Iteration = 35	Dual obj = 3733.01	Primal rel obj = 3733	Primal obj = 3732	Dual residual = 0.000103975	Primal residual = 4.78002e-05	Best dual obj = 3733.01	Best primal rel obj = 3733	Best primal obj = 3733	Cached factors = 0.805258	eta = 0.05	Changed eta = false	Time = 2382.22 sec.
Iteration = 36	Dual obj = 3733	Primal rel obj = 3733	Primal obj = 3732	Dual residual = 0.00010455	Primal residual = 4.41212e-05	Best dual obj = 3733	Best primal rel obj = 3733	Best primal obj = 3733	Cached factors = 0.805258	eta = 0.05	Changed eta = false	Time = 2420.24 sec.
Iteration = 37	Dual obj = 3733	Primal rel obj = 3733	Primal obj = 3732	Dual residual = 0.000104838	Primal residual = 4.14265e-05	Best dual obj = 3733	Best primal rel obj = 3733	Best primal obj = 3733	Cached factors = 0.805258	eta = 0.05	Changed eta = false	Time = 2458.05 sec.
Iteration = 38	Dual obj = 3733	Primal rel obj = 3733	Primal obj = 3732	Dual residual = 0.000105232	Primal residual = 3.89364e-05	Best dual obj = 3733	Best primal rel obj = 3733	Best primal obj = 3733	Cached factors = 0.805258	eta = 0.05	Changed eta = false	Time = 2492.6 sec.
Iteration = 39	Dual obj = 3733	Primal rel obj = 3733	Primal obj = 3732	Dual residual = 0.00010584	Primal residual = 3.52377e-05	Best dual obj = 3733	Best primal rel obj = 3733	Best primal obj = 3733	Cached factors = 0.805258	eta = 0.05	Changed eta = false	Time = 2528.63 sec.
Iteration = 40	Dual obj = 3733	Primal rel obj = 3733	Primal obj = 3732	Dual residual = 0.000106572	Primal residual = 3.10728e-05	Best dual obj = 3733	Best primal rel obj = 3733	Best primal obj = 3733	Cached factors = 0.805258	eta = 0.05	Changed eta = false	Time = 2563.68 sec.
Iteration = 41	Dual obj = 3733	Primal rel obj = 3733	Primal obj = 3732	Dual residual = 0.000106345	Primal residual = 2.70424e-05	Best dual obj = 3733	Best primal rel obj = 3733	Best primal obj = 3733	Cached factors = 0.805258	eta = 0.05	Changed eta = false	Time = 2598.01 sec.
Iteration = 42	Dual obj = 3733	Primal rel obj = 3733	Primal obj = 3732	Dual residual = 0.000106883	Primal residual = 2.26286e-05	Best dual obj = 3733	Best primal rel obj = 3733	Best primal obj = 3733	Cached factors = 0.805258	eta = 0.05	Changed eta = false	Time = 2633.85 sec.
Iteration = 43	Dual obj = 3733	Primal rel obj = 3733	Primal obj = 3732	Dual residual = 0.000107475	Primal residual = 1.79158e-05	Best dual obj = 3733	Best primal rel obj = 3733	Best primal obj = 3733	Cached factors = 0.834764	eta = 0.05	Changed eta = false	Time = 2667.87 sec.
Iteration = 44	Dual obj = 3733	Primal rel obj = 3733	Primal obj = 3732	Dual residual = 0.000107828	Primal residual = 1.34675e-05	Best dual obj = 3733	Best primal rel obj = 3733	Best primal obj = 3733	Cached factors = 0.865343	eta = 0.05	Changed eta = false	Time = 2703.57 sec.
Iteration = 45	Dual obj = 3733	Primal rel obj = 3733	Primal obj = 3732	Dual residual = 0.000101222	Primal residual = 1.17451e-05	Best dual obj = 3733	Best primal rel obj = 3733	Best primal obj = 3733	Cached factors = 0.865343	eta = 0.05	Changed eta = false	Time = 2738.55 sec.
Iteration = 46	Dual obj = 3733	Primal rel obj = 3733	Primal obj = 3732	Dual residual = 8.58015e-05	Primal residual = 2.3493e-05	Best dual obj = 3733	Best primal rel obj = 3733	Best primal obj = 3733	Cached factors = 0.865343	eta = 0.05	Changed eta = false	Time = 2771.42 sec.
Iteration = 47	Dual obj = 3733	Primal rel obj = 3733	Primal obj = 3732	Dual residual = 7.14115e-05	Primal residual = 2.41649e-05	Best dual obj = 3733	Best primal rel obj = 3733	Best primal obj = 3733	Cached factors = 0.865343	eta = 0.05	Changed eta = false	Time = 2804.12 sec.
Iteration = 48	Dual obj = 3733	Primal rel obj = 3733	Primal obj = 3732	Dual residual = 1.36343e-05	Primal residual = 2.61365e-05	Best dual obj = 3733	Best primal rel obj = 3733	Best primal obj = 3733	Cached factors = 0.865343	eta = 0.05	Changed eta = false	Time = 2836.28 sec.
Iteration = 49	Dual obj = 3733	Primal rel obj = 3733	Primal obj = 3732	Dual residual = 1.1875e-05	Primal residual = 1.38299e-05	Best dual obj = 3733	Best primal rel obj = 3733	Best primal obj = 3733	Cached factors = 0.865343	eta = 0.05	Changed eta = false	Time = 2869.28 sec.
