Read 188 multi-variables and 1864 factors.
Creating factor XOR...
Creating factor XOR...
Creating factor XOR...
Creating factor XOR...
Creating factor XOR...
Creating factor XOR...
Creating factor XOR...
Creating factor XOR...
Creating factor XOR...
Creating factor XOR...
Creating factor XOR...
Creating factor XOR...
Creating factor XOR...
Creating factor XOR...
Creating factor XOR...
Creating factor XOR...
Creating factor XOR...
Creating factor XOR...
Creating factor XOR...
Creating factor XOR...
Creating factor XOR...
Creating factor XOR...
Creating factor XOR...
Creating factor XOR...
Creating factor XOR...
Creating factor XOR...
Creating factor XOR...
Creating factor XOR...
Creating factor XOR...
Creating factor XOR...
Creating factor XOR...
Creating factor XOR...
Creating factor XOR...
Creating factor XOR...
Creating factor XOR...
Creating factor XOR...
Creating factor XOR...
Creating factor XOR...
Creating factor XOR...
Creating factor XOR...
Creating factor XOR...
Creating factor XOR...
Creating factor XOR...
Creating factor XOR...
Creating factor XOR...
Creating factor XOR...
Creating factor XOR...
Creating factor XOR...
Creating factor XOR...
Creating factor XOR...
Creating factor XOR...
Creating factor XOR...
Creating factor XOR...
Creating factor XOR...
Creating factor XOR...
Creating factor XOR...
Creating factor XOR...
Creating factor XOR...
Creating factor XOR...
Creating factor XOR...
Creating factor XOR...
Creating factor XOR...
Creating factor XOR...
Creating factor XOR...
Creating factor XOR...
Creating factor XOR...
Creating factor XOR...
Creating factor XOR...
Creating factor XOR...
Creating factor XOR...
Creating factor XOR...
Creating factor XOR...
Creating factor XOR...
Creating factor XOR...
Creating factor XOR...
Creating factor XOR...
Creating factor XOR...
Creating factor XOR...
Creating factor XOR...
Creating factor XOR...
Creating factor XOR...
Creating factor XOR...
Creating factor XOR...
Creating factor XOR...
Creating factor XOR...
Creating factor XOR...
Creating factor XOR...
Creating factor XOR...
Creating factor XOR...
Creating factor XOR...
Creating factor XOR...
Creating factor XOR...
Creating factor XOR...
Creating factor XOR...
Creating factor XOR...
Creating factor XOR...
Creating factor XOR...
Creating factor XOR...
Creating factor XOR...
Creating factor XOR...
Creating factor XOR...
Creating factor XOR...
Creating factor XOR...
Creating factor XOR...
Creating factor XOR...
Creating factor XOR...
Creating factor XOR...
Creating factor XOR...
Creating factor XOR...
Creating factor XOR...
Creating factor XOR...
Creating factor XOR...
Creating factor XOR...
Creating factor XOR...
Creating factor XOR...
Creating factor XOR...
Creating factor XOR...
Creating factor XOR...
Creating factor XOR...
Creating factor XOR...
Creating factor XOR...
Creating factor XOR...
Creating factor XOR...
Creating factor XOR...
Creating factor XOR...
Creating factor XOR...
Creating factor XOR...
Creating factor XOR...
Creating factor XOR...
Creating factor XOR...
Creating factor XOR...
Creating factor XOR...
Creating factor XOR...
Creating factor XOR...
Creating factor XOR...
Creating factor XOR...
Creating factor XOR...
Creating factor XOR...
Creating factor XOR...
Creating factor XOR...
Creating factor XOR...
Creating factor XOR...
Creating factor XOR...
Creating factor XOR...
Creating factor XOR...
Creating factor XOR...
Creating factor XOR...
Creating factor XOR...
Creating factor XOR...
Creating factor XOR...
Creating factor XOR...
Creating factor XOR...
Creating factor XOR...
Creating factor XOR...
Creating factor XOR...
Creating factor XOR...
Creating factor XOR...
Creating factor XOR...
Creating factor XOR...
Creating factor XOR...
Creating factor XOR...
Creating factor XOR...
Creating factor XOR...
Creating factor XOR...
Creating factor XOR...
Creating factor XOR...
Creating factor XOR...
Creating factor XOR...
Creating factor XOR...
Creating factor XOR...
Creating factor XOR...
Creating factor XOR...
Creating factor XOR...
Creating factor XOR...
Creating factor XOR...
Creating factor XOR...
Creating factor XOR...
Creating factor XOR...
Creating factor XOR...
Creating factor XOR...
Creating factor XOR...
Creating factor XOR...
Creating factor XOR...
Creating factor XOR...
Creating factor XOR...
Creating factor XOR...
Creating factor XOR...
Creating factor XOR...
Running 100000 iterations of psdd (eta = 0.1)...
Iteration = 50	Dual obj = 3734.36	Primal rel obj = 3732.96	Primal residual = 0.00633236	Best dual obj = 3733	Best primal rel obj = 3732.96	Best primal obj = 3729.67	Cached factors = 0	eta = 0.0140028	Time = 648.694 sec.
Iteration = 100	Dual obj = 3733.84	Primal rel obj = 3732.92	Primal residual = 0.0054903	Best dual obj = 3733	Best primal rel obj = 3732.96	Best primal obj = 3731	Cached factors = 0	eta = 0.00995037	Time = 841.441 sec.
Iteration = 150	Dual obj = 3733.61	Primal rel obj = 3733	Primal residual = 0.00522743	Best dual obj = 3733	Best primal rel obj = 3733	Best primal obj = 3732	Cached factors = 0	eta = 0.00813788	Time = 1017.39 sec.
Iteration = 200	Dual obj = 3733.51	Primal rel obj = 3733	Primal residual = 0.00496913	Best dual obj = 3733	Best primal rel obj = 3733	Best primal obj = 3733	Cached factors = 0	eta = 0.00705346	Time = 1192.94 sec.
Iteration = 250	Dual obj = 3733.4	Primal rel obj = 3733	Primal residual = 0.00475385	Best dual obj = 3733	Best primal rel obj = 3733	Best primal obj = 3733	Cached factors = 0	eta = 0.00631194	Time = 1355.99 sec.
Iteration = 300	Dual obj = 3733.42	Primal rel obj = 3733	Primal residual = 0.00467864	Best dual obj = 3733	Best primal rel obj = 3733	Best primal obj = 3733	Cached factors = 0	eta = 0.0057639	Time = 1512.03 sec.
Iteration = 350	Dual obj = 3733.37	Primal rel obj = 3733	Primal residual = 0.00434603	Best dual obj = 3733	Best primal rel obj = 3733	Best primal obj = 3733	Cached factors = 0	eta = 0.00533761	Time = 1651.86 sec.
Iteration = 400	Dual obj = 3733.37	Primal rel obj = 3733	Primal residual = 0.0041074	Best dual obj = 3733	Best primal rel obj = 3733	Best primal obj = 3733	Cached factors = 0	eta = 0.00499376	Time = 1770.57 sec.
Iteration = 450	Dual obj = 3733.35	Primal rel obj = 3733	Primal residual = 0.00417151	Best dual obj = 3733	Best primal rel obj = 3733	Best primal obj = 3733	Cached factors = 0	eta = 0.00470882	Time = 1888.85 sec.
Iteration = 500	Dual obj = 3733.32	Primal rel obj = 3733	Primal residual = 0.00420337	Best dual obj = 3733	Best primal rel obj = 3733	Best primal obj = 3733	Cached factors = 0	eta = 0.00446767	Time = 2007.85 sec.
Iteration = 550	Dual obj = 3733.32	Primal rel obj = 3733	Primal residual = 0.0042817	Best dual obj = 3733	Best primal rel obj = 3733	Best primal obj = 3733	Cached factors = 0	eta = 0.00426014	Time = 2126.38 sec.
Iteration = 600	Dual obj = 3733.28	Primal rel obj = 3733	Primal residual = 0.00424338	Best dual obj = 3733	Best primal rel obj = 3733	Best primal obj = 3733	Cached factors = 0	eta = 0.00407909	Time = 2245.77 sec.
Iteration = 650	Dual obj = 3733.26	Primal rel obj = 3733	Primal residual = 0.00419155	Best dual obj = 3733	Best primal rel obj = 3733	Best primal obj = 3733	Cached factors = 0	eta = 0.00391931	Time = 2365.12 sec.
Iteration = 700	Dual obj = 3733.25	Primal rel obj = 3733	Primal residual = 0.00410373	Best dual obj = 3733	Best primal rel obj = 3733	Best primal obj = 3733	Cached factors = 0	eta = 0.00377695	Time = 2493.58 sec.
Iteration = 750	Dual obj = 3733.22	Primal rel obj = 3733	Primal residual = 0.00413754	Best dual obj = 3733	Best primal rel obj = 3733	Best primal obj = 3733	Cached factors = 0	eta = 0.00364905	Time = 2629.23 sec.
Iteration = 800	Dual obj = 3733.22	Primal rel obj = 3733	Primal residual = 0.00422275	Best dual obj = 3733	Best primal rel obj = 3733	Best primal obj = 3733	Cached factors = 0	eta = 0.00353333	Time = 2765.67 sec.
Iteration = 850	Dual obj = 3733.23	Primal rel obj = 3733	Primal residual = 0.0041335	Best dual obj = 3733	Best primal rel obj = 3733	Best primal obj = 3733	Cached factors = 0	eta = 0.00342796	Time = 2900.93 sec.
Iteration = 900	Dual obj = 3733.24	Primal rel obj = 3733	Primal residual = 0.00419804	Best dual obj = 3733	Best primal rel obj = 3733	Best primal obj = 3733	Cached factors = 0	eta = 0.00333148	Time = 3035.79 sec.
Iteration = 950	Dual obj = 3733.22	Primal rel obj = 3733	Primal residual = 0.00421659	Best dual obj = 3733	Best primal rel obj = 3733	Best primal obj = 3733	Cached factors = 0	eta = 0.00324272	Time = 3170.2 sec.
Iteration = 1000	Dual obj = 3733.22	Primal rel obj = 3733	Primal residual = 0.00426567	Best dual obj = 3733	Best primal rel obj = 3733	Best primal obj = 3733	Cached factors = 0	eta = 0.0031607	Time = 3306.58 sec.
Iteration = 1050	Dual obj = 3733.2	Primal rel obj = 3733	Primal residual = 0.00429551	Best dual obj = 3733	Best primal rel obj = 3733	Best primal obj = 3733	Cached factors = 0	eta = 0.0030846	Time = 3442.68 sec.
Iteration = 1100	Dual obj = 3733.21	Primal rel obj = 3733	Primal residual = 0.00420907	Best dual obj = 3733	Best primal rel obj = 3733	Best primal obj = 3733	Cached factors = 0	eta = 0.00301374	Time = 3578.66 sec.
Iteration = 1150	Dual obj = 3733.19	Primal rel obj = 3733	Primal residual = 0.00421648	Best dual obj = 3733	Best primal rel obj = 3733	Best primal obj = 3733	Cached factors = 0	eta = 0.00294756	Time = 3714.46 sec.
Iteration = 1200	Dual obj = 3733.18	Primal rel obj = 3733	Primal residual = 0.00420754	Best dual obj = 3733	Best primal rel obj = 3733	Best primal obj = 3733	Cached factors = 0	eta = 0.00288555	Time = 3849.84 sec.
Iteration = 1250	Dual obj = 3733.2	Primal rel obj = 3733	Primal residual = 0.00419048	Best dual obj = 3733	Best primal rel obj = 3733	Best primal obj = 3733	Cached factors = 0	eta = 0.0028273	Time = 3986.71 sec.
Iteration = 1300	Dual obj = 3733.18	Primal rel obj = 3733	Primal residual = 0.00417478	Best dual obj = 3733	Best primal rel obj = 3733	Best primal obj = 3733	Cached factors = 0	eta = 0.00277243	Time = 4128.19 sec.
Iteration = 1350	Dual obj = 3733.19	Primal rel obj = 3733	Primal residual = 0.00409217	Best dual obj = 3733	Best primal rel obj = 3733	Best primal obj = 3733	Cached factors = 0	eta = 0.00272065	Time = 4271.74 sec.
Iteration = 1400	Dual obj = 3733.2	Primal rel obj = 3733	Primal residual = 0.00421771	Best dual obj = 3733	Best primal rel obj = 3733	Best primal obj = 3733	Cached factors = 0	eta = 0.00267166	Time = 4417.27 sec.
Iteration = 1450	Dual obj = 3733.18	Primal rel obj = 3733	Primal residual = 0.00413967	Best dual obj = 3733	Best primal rel obj = 3733	Best primal obj = 3733	Cached factors = 0	eta = 0.00262522	Time = 4563.05 sec.
Iteration = 1500	Dual obj = 3733.16	Primal rel obj = 3733	Primal residual = 0.0040828	Best dual obj = 3733	Best primal rel obj = 3733	Best primal obj = 3733	Cached factors = 0	eta = 0.00258113	Time = 4708.66 sec.
Iteration = 1550	Dual obj = 3733.18	Primal rel obj = 3733	Primal residual = 0.00414131	Best dual obj = 3733	Best primal rel obj = 3733	Best primal obj = 3733	Cached factors = 0	eta = 0.00253918	Time = 4855.74 sec.
Iteration = 1600	Dual obj = 3733.17	Primal rel obj = 3733	Primal residual = 0.0041526	Best dual obj = 3733	Best primal rel obj = 3733	Best primal obj = 3733	Cached factors = 0	eta = 0.00249922	Time = 5002.26 sec.
Iteration = 1650	Dual obj = 3733.17	Primal rel obj = 3733	Primal residual = 0.00405559	Best dual obj = 3733	Best primal rel obj = 3733	Best primal obj = 3733	Cached factors = 0	eta = 0.00246108	Time = 5149.4 sec.
Iteration = 1700	Dual obj = 3733.16	Primal rel obj = 3733	Primal residual = 0.00425956	Best dual obj = 3733	Best primal rel obj = 3733	Best primal obj = 3733	Cached factors = 0	eta = 0.00242464	Time = 5296.65 sec.
Iteration = 1750	Dual obj = 3733.16	Primal rel obj = 3733	Primal residual = 0.00420051	Best dual obj = 3733	Best primal rel obj = 3733	Best primal obj = 3733	Cached factors = 0	eta = 0.00238977	Time = 5443.19 sec.
Iteration = 1800	Dual obj = 3733.17	Primal rel obj = 3733	Primal residual = 0.00427785	Best dual obj = 3733	Best primal rel obj = 3733	Best primal obj = 3733	Cached factors = 0	eta = 0.00235637	Time = 5590.71 sec.
Iteration = 1850	Dual obj = 3733.16	Primal rel obj = 3733	Primal residual = 0.00418935	Best dual obj = 3733	Best primal rel obj = 3733	Best primal obj = 3733	Cached factors = 0	eta = 0.00232432	Time = 5738 sec.
Iteration = 1900	Dual obj = 3733.17	Primal rel obj = 3733	Primal residual = 0.00424488	Best dual obj = 3733	Best primal rel obj = 3733	Best primal obj = 3733	Cached factors = 0	eta = 0.00229355	Time = 5880.78 sec.
Iteration = 1950	Dual obj = 3733.16	Primal rel obj = 3733	Primal residual = 0.00416318	Best dual obj = 3733	Best primal rel obj = 3733	Best primal obj = 3733	Cached factors = 0	eta = 0.00226397	Time = 6028.14 sec.
Iteration = 2000	Dual obj = 3733.15	Primal rel obj = 3733	Primal residual = 0.00428823	Best dual obj = 3733	Best primal rel obj = 3733	Best primal obj = 3733	Cached factors = 0	eta = 0.00223551	Time = 6175.78 sec.
Iteration = 2050	Dual obj = 3733.14	Primal rel obj = 3733	Primal residual = 0.00424023	Best dual obj = 3733	Best primal rel obj = 3733	Best primal obj = 3733	Cached factors = 0	eta = 0.00220809	Time = 6321.99 sec.
Iteration = 2100	Dual obj = 3733.14	Primal rel obj = 3733	Primal residual = 0.00411357	Best dual obj = 3733	Best primal rel obj = 3733	Best primal obj = 3733	Cached factors = 0	eta = 0.00218166	Time = 6467.38 sec.
Iteration = 2150	Dual obj = 3733.14	Primal rel obj = 3733	Primal residual = 0.00414424	Best dual obj = 3733	Best primal rel obj = 3733	Best primal obj = 3733	Cached factors = 0	eta = 0.00215615	Time = 6614.66 sec.
Iteration = 2200	Dual obj = 3733.14	Primal rel obj = 3733	Primal residual = 0.00425167	Best dual obj = 3733	Best primal rel obj = 3733	Best primal obj = 3733	Cached factors = 0	eta = 0.00213152	Time = 6760.69 sec.
Iteration = 2250	Dual obj = 3733.14	Primal rel obj = 3733	Primal residual = 0.00429551	Best dual obj = 3733	Best primal rel obj = 3733	Best primal obj = 3733	Cached factors = 0	eta = 0.00210772	Time = 6905.84 sec.
Iteration = 2300	Dual obj = 3733.14	Primal rel obj = 3733	Primal residual = 0.00428418	Best dual obj = 3733	Best primal rel obj = 3733	Best primal obj = 3733	Cached factors = 0	eta = 0.00208469	Time = 7050.77 sec.
Iteration = 2350	Dual obj = 3733.13	Primal rel obj = 3733	Primal residual = 0.00421562	Best dual obj = 3733	Best primal rel obj = 3733	Best primal obj = 3733	Cached factors = 0	eta = 0.0020624	Time = 7195.19 sec.
Iteration = 2400	Dual obj = 3733.14	Primal rel obj = 3733	Primal residual = 0.00431645	Best dual obj = 3733	Best primal rel obj = 3733	Best primal obj = 3733	Cached factors = 0	eta = 0.00204082	Time = 7340 sec.
Iteration = 2450	Dual obj = 3733.13	Primal rel obj = 3733	Primal residual = 0.00422302	Best dual obj = 3733	Best primal rel obj = 3733	Best primal obj = 3733	Cached factors = 0	eta = 0.00201989	Time = 7487.73 sec.
Iteration = 2500	Dual obj = 3733.14	Primal rel obj = 3733	Primal residual = 0.00435964	Best dual obj = 3733	Best primal rel obj = 3733	Best primal obj = 3733	Cached factors = 0	eta = 0.0019996	Time = 7633.35 sec.
Iteration = 2550	Dual obj = 3733.13	Primal rel obj = 3733	Primal residual = 0.00417842	Best dual obj = 3733	Best primal rel obj = 3733	Best primal obj = 3733	Cached factors = 0	eta = 0.00197991	Time = 7777.61 sec.
Iteration = 2600	Dual obj = 3733.13	Primal rel obj = 3733	Primal residual = 0.00422589	Best dual obj = 3733	Best primal rel obj = 3733	Best primal obj = 3733	Cached factors = 0	eta = 0.00196078	Time = 7923.29 sec.
Iteration = 2650	Dual obj = 3733.14	Primal rel obj = 3733	Primal residual = 0.00431444	Best dual obj = 3733	Best primal rel obj = 3733	Best primal obj = 3733	Cached factors = 0	eta = 0.00194221	Time = 8070.07 sec.
