reading loguai file ../../../data/107network//107network.loguai2
#factors=1864
reading function tables.done reading loguai file
normalizing #tables=189
done normalizing
prob.N=1
param.gamma=0.0001
iter=0, primal_obj=-8e+300, best_primal_obj=-1e+100, dual_obj=3733, relaxed_primal=3734.84, relaxed_dual=3734.84, grad_l2=10.4017, infea_inf(ratio=max/min)=e^(120.962), int_gap=1713.57, pow_l1=inf, time=446.976
iter=1, primal_obj=-1.2e+301, best_primal_obj=-1e+100, dual_obj=3733.05, relaxed_primal=3733.11, relaxed_dual=3733.13, grad_l2=2.28629, infea_inf(ratio=max/min)=e^(115.134), int_gap=471.159, pow_l1=inf, time=892.993
iter=2, primal_obj=-2e+300, best_primal_obj=-1e+100, dual_obj=3733.33, relaxed_primal=3733.07, relaxed_dual=3733.38, grad_l2=1.8381, infea_inf(ratio=max/min)=e^(120), int_gap=341.223, pow_l1=inf, time=1323.26
iter=3, primal_obj=-8e+300, best_primal_obj=-1e+100, dual_obj=3734.04, relaxed_primal=3733.04, relaxed_dual=3734.06, grad_l2=1.65977, infea_inf(ratio=max/min)=e^(122.355), int_gap=474.569, pow_l1=inf, time=1766.97
iter=4, primal_obj=3715.67, best_primal_obj=3715.67, dual_obj=3734.47, relaxed_primal=3733.03, relaxed_dual=3734.49, grad_l2=1.78667, infea_inf(ratio=max/min)=e^(120.191), int_gap=339.467, pow_l1=inf, time=2209.92
iter=5, primal_obj=-6e+300, best_primal_obj=3715.67, dual_obj=3734.35, relaxed_primal=3733.01, relaxed_dual=3734.35, grad_l2=1.32841, infea_inf(ratio=max/min)=e^(121.707), int_gap=350.602, pow_l1=inf, time=2654.39
iter=6, primal_obj=3709, best_primal_obj=3715.67, dual_obj=3734.26, relaxed_primal=3733.01, relaxed_dual=3734.26, grad_l2=1.58213, infea_inf(ratio=max/min)=e^(120.633), int_gap=328.61, pow_l1=inf, time=3090.48
iter=7, primal_obj=-2e+300, best_primal_obj=3715.67, dual_obj=3734.16, relaxed_primal=3733.01, relaxed_dual=3734.17, grad_l2=1.42707, infea_inf(ratio=max/min)=e^(120.895), int_gap=310.029, pow_l1=inf, time=3522.13
iter=8, primal_obj=3715, best_primal_obj=3715.67, dual_obj=3734.05, relaxed_primal=3733.01, relaxed_dual=3734.06, grad_l2=1.50513, infea_inf(ratio=max/min)=e^(120.384), int_gap=326.82, pow_l1=inf, time=3931.16
iter=9, primal_obj=-4e+300, best_primal_obj=3715.67, dual_obj=3734.14, relaxed_primal=3733.01, relaxed_dual=3734.14, grad_l2=1.3863, infea_inf(ratio=max/min)=e^(121.992), int_gap=292.868, pow_l1=inf, time=4410.83
iter=10, primal_obj=-6e+300, best_primal_obj=3715.67, dual_obj=3734.13, relaxed_primal=3733, relaxed_dual=3734.13, grad_l2=1.29201, infea_inf(ratio=max/min)=e^(120.039), int_gap=306.618, pow_l1=inf, time=4930.92
iter=11, primal_obj=-2e+300, best_primal_obj=3715.67, dual_obj=3734.02, relaxed_primal=3733.01, relaxed_dual=3734.02, grad_l2=1.47368, infea_inf(ratio=max/min)=e^(120.504), int_gap=304.326, pow_l1=inf, time=5473.54
iter=12, primal_obj=-2e+300, best_primal_obj=3715.67, dual_obj=3734.02, relaxed_primal=3733.01, relaxed_dual=3734.02, grad_l2=1.40918, infea_inf(ratio=max/min)=e^(120.279), int_gap=295.449, pow_l1=inf, time=5837.68
iter=13, primal_obj=3715.33, best_primal_obj=3715.67, dual_obj=3734.07, relaxed_primal=3733.01, relaxed_dual=3734.07, grad_l2=1.35935, infea_inf(ratio=max/min)=e^(120.188), int_gap=270.077, pow_l1=inf, time=5991.49
iter=14, primal_obj=-4e+300, best_primal_obj=3715.67, dual_obj=3733.9, relaxed_primal=3733, relaxed_dual=3733.9, grad_l2=1.22845, infea_inf(ratio=max/min)=e^(120.436), int_gap=235.884, pow_l1=inf, time=6146.14
iter=15, primal_obj=3711, best_primal_obj=3715.67, dual_obj=3733.97, relaxed_primal=3733, relaxed_dual=3733.97, grad_l2=1.21919, infea_inf(ratio=max/min)=e^(120.481), int_gap=302.28, pow_l1=inf, time=6300.12
iter=16, primal_obj=3727, best_primal_obj=3727, dual_obj=3734.01, relaxed_primal=3733, relaxed_dual=3734.01, grad_l2=1.3095, infea_inf(ratio=max/min)=e^(120.007), int_gap=236.96, pow_l1=inf, time=6451.07
iter=17, primal_obj=3720.33, best_primal_obj=3727, dual_obj=3733.91, relaxed_primal=3733, relaxed_dual=3733.91, grad_l2=1.1834, infea_inf(ratio=max/min)=e^(120.611), int_gap=215.561, pow_l1=inf, time=6600.58
iter=18, primal_obj=3729, best_primal_obj=3729, dual_obj=3733.96, relaxed_primal=3733, relaxed_dual=3733.96, grad_l2=1.05157, infea_inf(ratio=max/min)=e^(120.025), int_gap=209.106, pow_l1=inf, time=6753.25
iter=19, primal_obj=-2e+300, best_primal_obj=3729, dual_obj=3733.86, relaxed_primal=3733, relaxed_dual=3733.87, grad_l2=1.13138, infea_inf(ratio=max/min)=e^(120.577), int_gap=210.405, pow_l1=inf, time=6902.26
iter=20, primal_obj=3715, best_primal_obj=3729, dual_obj=3733.96, relaxed_primal=3733, relaxed_dual=3733.96, grad_l2=1.0932, infea_inf(ratio=max/min)=e^(120.025), int_gap=277.202, pow_l1=inf, time=7054.95
iter=21, primal_obj=3730, best_primal_obj=3730, dual_obj=3733.88, relaxed_primal=3733, relaxed_dual=3733.88, grad_l2=1.28384, infea_inf(ratio=max/min)=e^(120.785), int_gap=226.287, pow_l1=inf, time=7213.29
iter=22, primal_obj=3710, best_primal_obj=3730, dual_obj=3733.89, relaxed_primal=3732, relaxed_dual=3733.89, grad_l2=0.992471, infea_inf(ratio=max/min)=e^(120.002), int_gap=252.943, pow_l1=inf, time=7366
iter=23, primal_obj=3729, best_primal_obj=3730, dual_obj=3733.88, relaxed_primal=3733, relaxed_dual=3733.88, grad_l2=1.12746, infea_inf(ratio=max/min)=e^(120.775), int_gap=199.839, pow_l1=inf, time=7520.77
iter=24, primal_obj=3730, best_primal_obj=3730, dual_obj=3733.9, relaxed_primal=3733, relaxed_dual=3733.9, grad_l2=0.975446, infea_inf(ratio=max/min)=e^(120.155), int_gap=197.504, pow_l1=inf, time=7674.75
iter=25, primal_obj=3730, best_primal_obj=3730, dual_obj=3733.86, relaxed_primal=3733, relaxed_dual=3733.86, grad_l2=1.10373, infea_inf(ratio=max/min)=e^(120.923), int_gap=196.546, pow_l1=inf, time=7831.35
iter=26, primal_obj=3726, best_primal_obj=3730, dual_obj=3733.88, relaxed_primal=3733, relaxed_dual=3733.88, grad_l2=0.960016, infea_inf(ratio=max/min)=e^(120), int_gap=197.36, pow_l1=inf, time=7991.04
iter=27, primal_obj=3730.67, best_primal_obj=3730.67, dual_obj=3733.83, relaxed_primal=3733, relaxed_dual=3733.83, grad_l2=1.15159, infea_inf(ratio=max/min)=e^(120.835), int_gap=194.098, pow_l1=inf, time=8143.12
iter=28, primal_obj=3729, best_primal_obj=3730.67, dual_obj=3733.87, relaxed_primal=3733, relaxed_dual=3733.88, grad_l2=0.972397, infea_inf(ratio=max/min)=e^(120), int_gap=197.228, pow_l1=inf, time=8297.81
iter=29, primal_obj=3729, best_primal_obj=3730.67, dual_obj=3733.87, relaxed_primal=3733, relaxed_dual=3733.87, grad_l2=1.12746, infea_inf(ratio=max/min)=e^(121.083), int_gap=196.126, pow_l1=inf, time=8450.22
iter=30, primal_obj=3723, best_primal_obj=3730.67, dual_obj=3733.87, relaxed_primal=3733, relaxed_dual=3733.87, grad_l2=0.98605, infea_inf(ratio=max/min)=e^(120), int_gap=239.543, pow_l1=inf, time=8602.36
iter=31, primal_obj=3731, best_primal_obj=3731, dual_obj=3733.83, relaxed_primal=3733, relaxed_dual=3733.83, grad_l2=1.15617, infea_inf(ratio=max/min)=e^(121.023), int_gap=196.082, pow_l1=inf, time=8756.89
iter=32, primal_obj=3730, best_primal_obj=3731, dual_obj=3733.85, relaxed_primal=3733, relaxed_dual=3733.86, grad_l2=0.932897, infea_inf(ratio=max/min)=e^(120), int_gap=197.765, pow_l1=inf, time=8906.76
iter=33, primal_obj=3730, best_primal_obj=3731, dual_obj=3733.83, relaxed_primal=3733, relaxed_dual=3733.84, grad_l2=1.14621, infea_inf(ratio=max/min)=e^(121.247), int_gap=194.687, pow_l1=inf, time=9056.23
iter=34, primal_obj=3710.67, best_primal_obj=3731, dual_obj=3733.87, relaxed_primal=3733, relaxed_dual=3733.87, grad_l2=0.951197, infea_inf(ratio=max/min)=e^(120), int_gap=233.626, pow_l1=inf, time=9212.72
iter=35, primal_obj=3730.67, best_primal_obj=3731, dual_obj=3733.83, relaxed_primal=3733, relaxed_dual=3733.83, grad_l2=1.14959, infea_inf(ratio=max/min)=e^(121.225), int_gap=195.967, pow_l1=inf, time=9367.54
iter=36, primal_obj=3729, best_primal_obj=3731, dual_obj=3733.81, relaxed_primal=3733, relaxed_dual=3733.81, grad_l2=0.976378, infea_inf(ratio=max/min)=e^(120.486), int_gap=198.297, pow_l1=inf, time=9521.92
iter=37, primal_obj=3713, best_primal_obj=3731, dual_obj=3733.84, relaxed_primal=3733, relaxed_dual=3733.84, grad_l2=1.12382, infea_inf(ratio=max/min)=e^(121.38), int_gap=232.592, pow_l1=inf, time=9673.6
iter=38, primal_obj=3724, best_primal_obj=3731, dual_obj=3733.8, relaxed_primal=3733, relaxed_dual=3733.81, grad_l2=0.979836, infea_inf(ratio=max/min)=e^(120.319), int_gap=240.38, pow_l1=inf, time=9823.83
iter=39, primal_obj=3718.67, best_primal_obj=3731, dual_obj=3733.84, relaxed_primal=3733, relaxed_dual=3733.84, grad_l2=1.15264, infea_inf(ratio=max/min)=e^(121.375), int_gap=230.564, pow_l1=inf, time=9974.98
iter=40, primal_obj=3711, best_primal_obj=3731, dual_obj=3733.83, relaxed_primal=3732, relaxed_dual=3733.84, grad_l2=0.949391, infea_inf(ratio=max/min)=e^(120), int_gap=253.908, pow_l1=inf, time=10129.9
iter=41, primal_obj=3732, best_primal_obj=3732, dual_obj=3733.82, relaxed_primal=3733.01, relaxed_dual=3733.83, grad_l2=1.17856, infea_inf(ratio=max/min)=e^(121.472), int_gap=196.612, pow_l1=inf, time=10284.3
iter=42, primal_obj=3716, best_primal_obj=3732, dual_obj=3733.75, relaxed_primal=3733.01, relaxed_dual=3733.75, grad_l2=0.966907, infea_inf(ratio=max/min)=e^(120), int_gap=240.157, pow_l1=inf, time=10437.1
iter=43, primal_obj=-2e+300, best_primal_obj=3732, dual_obj=3733.85, relaxed_primal=3731, relaxed_dual=3733.85, grad_l2=1.15021, infea_inf(ratio=max/min)=e^(121.472), int_gap=298.578, pow_l1=inf, time=10589.8
iter=44, primal_obj=3727, best_primal_obj=3732, dual_obj=3733.82, relaxed_primal=3732.01, relaxed_dual=3733.82, grad_l2=0.994501, infea_inf(ratio=max/min)=e^(120.211), int_gap=228.56, pow_l1=inf, time=10749
iter=45, primal_obj=3732, best_primal_obj=3732, dual_obj=3733.81, relaxed_primal=3733, relaxed_dual=3733.81, grad_l2=1.17688, infea_inf(ratio=max/min)=e^(121.529), int_gap=194.97, pow_l1=inf, time=10905.6
iter=46, primal_obj=3729, best_primal_obj=3732, dual_obj=3733.81, relaxed_primal=3733, relaxed_dual=3733.82, grad_l2=0.943209, infea_inf(ratio=max/min)=e^(120.032), int_gap=198.14, pow_l1=inf, time=11058.1
iter=47, primal_obj=3705.17, best_primal_obj=3732, dual_obj=3733.8, relaxed_primal=3733, relaxed_dual=3733.81, grad_l2=1.18913, infea_inf(ratio=max/min)=e^(121.53), int_gap=232.959, pow_l1=inf, time=11207.7
iter=48, primal_obj=3728, best_primal_obj=3732, dual_obj=3733.71, relaxed_primal=3733, relaxed_dual=3733.71, grad_l2=0.971266, infea_inf(ratio=max/min)=e^(120), int_gap=198.303, pow_l1=inf, time=11357.7
iter=49, primal_obj=3731, best_primal_obj=3732, dual_obj=3733.81, relaxed_primal=3733, relaxed_dual=3733.81, grad_l2=1.12208, infea_inf(ratio=max/min)=e^(121.563), int_gap=196.771, pow_l1=inf, time=11509.4
iter=50, primal_obj=3725, best_primal_obj=3732, dual_obj=3733.74, relaxed_primal=3733, relaxed_dual=3733.74, grad_l2=0.969766, infea_inf(ratio=max/min)=e^(120.005), int_gap=198.425, pow_l1=inf, time=11660.5
iter=51, primal_obj=3704.17, best_primal_obj=3732, dual_obj=3733.82, relaxed_primal=3733, relaxed_dual=3733.82, grad_l2=0.972858, infea_inf(ratio=max/min)=e^(121.564), int_gap=235.434, pow_l1=inf, time=11811.1
iter=52, primal_obj=3731, best_primal_obj=3732, dual_obj=3733.75, relaxed_primal=3733, relaxed_dual=3733.75, grad_l2=1.19596, infea_inf(ratio=max/min)=e^(120), int_gap=194.249, pow_l1=inf, time=11962.3
iter=53, primal_obj=3730, best_primal_obj=3732, dual_obj=3733.72, relaxed_primal=3733, relaxed_dual=3733.72, grad_l2=0.96702, infea_inf(ratio=max/min)=e^(121.583), int_gap=199.279, pow_l1=inf, time=12113.4
iter=54, primal_obj=3730, best_primal_obj=3732, dual_obj=3733.68, relaxed_primal=3733, relaxed_dual=3733.68, grad_l2=1.05055, infea_inf(ratio=max/min)=e^(120.094), int_gap=156.541, pow_l1=inf, time=12264.7
iter=55, primal_obj=3667.83, best_primal_obj=3732, dual_obj=3733.74, relaxed_primal=3730.69, relaxed_dual=3733.74, grad_l2=0.953205, infea_inf(ratio=max/min)=e^(121.584), int_gap=319.433, pow_l1=inf, time=12418.2
iter=56, primal_obj=-2e+300, best_primal_obj=3732, dual_obj=3733.79, relaxed_primal=3732.98, relaxed_dual=3733.79, grad_l2=1.17944, infea_inf(ratio=max/min)=e^(120.236), int_gap=238.319, pow_l1=inf, time=12569.9
iter=57, primal_obj=3731, best_primal_obj=3732, dual_obj=3733.71, relaxed_primal=3733, relaxed_dual=3733.72, grad_l2=0.918125, infea_inf(ratio=max/min)=e^(121.595), int_gap=157.118, pow_l1=inf, time=12721.6
iter=58, primal_obj=3699.13, best_primal_obj=3732, dual_obj=3733.78, relaxed_primal=3733, relaxed_dual=3733.78, grad_l2=0.962933, infea_inf(ratio=max/min)=e^(120.001), int_gap=234.547, pow_l1=inf, time=12876
iter=59, primal_obj=3732, best_primal_obj=3732, dual_obj=3733.77, relaxed_primal=3733, relaxed_dual=3733.78, grad_l2=1.17028, infea_inf(ratio=max/min)=e^(121.595), int_gap=195.109, pow_l1=inf, time=13027.9
iter=60, primal_obj=3697, best_primal_obj=3732, dual_obj=3733.69, relaxed_primal=3731.23, relaxed_dual=3733.7, grad_l2=0.983289, infea_inf(ratio=max/min)=e^(120.009), int_gap=262.697, pow_l1=inf, time=13181.2
iter=61, primal_obj=3705, best_primal_obj=3732, dual_obj=3733.78, relaxed_primal=3733, relaxed_dual=3733.78, grad_l2=0.967118, infea_inf(ratio=max/min)=e^(121.601), int_gap=235.336, pow_l1=inf, time=13330.7
iter=62, primal_obj=3726, best_primal_obj=3732, dual_obj=3733.75, relaxed_primal=3731, relaxed_dual=3733.75, grad_l2=1.1949, infea_inf(ratio=max/min)=e^(120), int_gap=250.526, pow_l1=inf, time=13481.3
iter=63, primal_obj=3731, best_primal_obj=3732, dual_obj=3733.67, relaxed_primal=3733, relaxed_dual=3733.67, grad_l2=0.93733, infea_inf(ratio=max/min)=e^(121.601), int_gap=157.16, pow_l1=inf, time=13633
iter=64, primal_obj=3706, best_primal_obj=3732, dual_obj=3733.78, relaxed_primal=3733, relaxed_dual=3733.79, grad_l2=0.945853, infea_inf(ratio=max/min)=e^(120), int_gap=234.395, pow_l1=inf, time=13783.3
iter=65, primal_obj=3732, best_primal_obj=3732, dual_obj=3733.74, relaxed_primal=3733, relaxed_dual=3733.74, grad_l2=1.16082, infea_inf(ratio=max/min)=e^(121.605), int_gap=195.163, pow_l1=inf, time=13935.2
iter=66, primal_obj=3718, best_primal_obj=3732, dual_obj=3733.71, relaxed_primal=3731.04, relaxed_dual=3733.71, grad_l2=0.957248, infea_inf(ratio=max/min)=e^(120.001), int_gap=252.542, pow_l1=inf, time=14089.3
iter=67, primal_obj=-2e+300, best_primal_obj=3732, dual_obj=3733.74, relaxed_primal=3731, relaxed_dual=3733.74, grad_l2=0.92936, infea_inf(ratio=max/min)=e^(121.605), int_gap=245.179, pow_l1=inf, time=14242
iter=68, primal_obj=3685, best_primal_obj=3732, dual_obj=3733.76, relaxed_primal=3732.02, relaxed_dual=3733.77, grad_l2=1.20363, infea_inf(ratio=max/min)=e^(120), int_gap=266.57, pow_l1=inf, time=14396.8
iter=69, primal_obj=3732, best_primal_obj=3732, dual_obj=3733.71, relaxed_primal=3733, relaxed_dual=3733.72, grad_l2=0.892225, infea_inf(ratio=max/min)=e^(121.607), int_gap=157.193, pow_l1=inf, time=14548.6
iter=70, primal_obj=3717.33, best_primal_obj=3732, dual_obj=3733.76, relaxed_primal=3731, relaxed_dual=3733.76, grad_l2=0.935906, infea_inf(ratio=max/min)=e^(120), int_gap=254.448, pow_l1=inf, time=14700.4
iter=71, primal_obj=3712, best_primal_obj=3732, dual_obj=3733.79, relaxed_primal=3730, relaxed_dual=3733.79, grad_l2=1.18714, infea_inf(ratio=max/min)=e^(121.607), int_gap=253.505, pow_l1=inf, time=14851.8
iter=72, primal_obj=3691.67, best_primal_obj=3732, dual_obj=3733.68, relaxed_primal=3731.01, relaxed_dual=3733.68, grad_l2=1.07591, infea_inf(ratio=max/min)=e^(120), int_gap=232.553, pow_l1=inf, time=15004.4
iter=73, primal_obj=3729.67, best_primal_obj=3732, dual_obj=3733.69, relaxed_primal=3733, relaxed_dual=3733.69, grad_l2=0.925292, infea_inf(ratio=max/min)=e^(121.608), int_gap=199.242, pow_l1=inf, time=15156.5
iter=74, primal_obj=3733, best_primal_obj=3733, dual_obj=3733.78, relaxed_primal=3733, relaxed_dual=3733.78, grad_l2=1.144, infea_inf(ratio=max/min)=e^(120.011), int_gap=194.573, pow_l1=inf, time=15312.9
iter=75, primal_obj=3680, best_primal_obj=3733, dual_obj=3733.72, relaxed_primal=3732.28, relaxed_dual=3733.72, grad_l2=0.914233, infea_inf(ratio=max/min)=e^(121.608), int_gap=269.504, pow_l1=inf, time=15463.1
iter=76, primal_obj=3729, best_primal_obj=3733, dual_obj=3733.7, relaxed_primal=3733, relaxed_dual=3733.7, grad_l2=0.964435, infea_inf(ratio=max/min)=e^(120), int_gap=198.487, pow_l1=inf, time=15614.4
iter=77, primal_obj=-2e+300, best_primal_obj=3733, dual_obj=3733.73, relaxed_primal=3731, relaxed_dual=3733.73, grad_l2=1.12621, infea_inf(ratio=max/min)=e^(121.609), int_gap=263.217, pow_l1=inf, time=15771.3
iter=78, primal_obj=3731, best_primal_obj=3733, dual_obj=3733.68, relaxed_primal=3732.98, relaxed_dual=3733.68, grad_l2=0.981325, infea_inf(ratio=max/min)=e^(120), int_gap=154.591, pow_l1=inf, time=15928.1
iter=79, primal_obj=3707.5, best_primal_obj=3733, dual_obj=3733.68, relaxed_primal=3733, relaxed_dual=3733.68, grad_l2=0.904535, infea_inf(ratio=max/min)=e^(121.609), int_gap=235.248, pow_l1=inf, time=16085
iter=80, primal_obj=-2e+300, best_primal_obj=3733, dual_obj=3733.75, relaxed_primal=3728.01, relaxed_dual=3733.75, grad_l2=1.01583, infea_inf(ratio=max/min)=e^(120.049), int_gap=272.591, pow_l1=inf, time=16243.5
iter=81, primal_obj=3687, best_primal_obj=3733, dual_obj=3733.71, relaxed_primal=3730, relaxed_dual=3733.71, grad_l2=0.984486, infea_inf(ratio=max/min)=e^(121.609), int_gap=274.232, pow_l1=inf, time=16401.3
iter=82, primal_obj=3709, best_primal_obj=3733, dual_obj=3733.75, relaxed_primal=3731.01, relaxed_dual=3733.75, grad_l2=0.978301, infea_inf(ratio=max/min)=e^(120), int_gap=240.516, pow_l1=inf, time=16558.1
iter=83, primal_obj=3685.5, best_primal_obj=3733, dual_obj=3733.68, relaxed_primal=3730.99, relaxed_dual=3733.68, grad_l2=1.16931, infea_inf(ratio=max/min)=e^(121.609), int_gap=287.277, pow_l1=inf, time=16714.9
iter=84, primal_obj=3726, best_primal_obj=3733, dual_obj=3733.66, relaxed_primal=3732, relaxed_dual=3733.67, grad_l2=0.982343, infea_inf(ratio=max/min)=e^(120), int_gap=186.582, pow_l1=inf, time=16870.5
iter=85, primal_obj=3730, best_primal_obj=3733, dual_obj=3733.67, relaxed_primal=3733, relaxed_dual=3733.67, grad_l2=0.905957, infea_inf(ratio=max/min)=e^(121.609), int_gap=199.218, pow_l1=inf, time=17027.3
iter=86, primal_obj=3731, best_primal_obj=3733, dual_obj=3733.69, relaxed_primal=3732.79, relaxed_dual=3733.7, grad_l2=0.94374, infea_inf(ratio=max/min)=e^(120.078), int_gap=156.815, pow_l1=inf, time=17184.7
iter=87, primal_obj=3676, best_primal_obj=3733, dual_obj=3733.69, relaxed_primal=3730.06, relaxed_dual=3733.7, grad_l2=0.934723, infea_inf(ratio=max/min)=e^(121.609), int_gap=311.361, pow_l1=inf, time=17342.3
iter=88, primal_obj=3731, best_primal_obj=3733, dual_obj=3733.68, relaxed_primal=3733.01, relaxed_dual=3733.69, grad_l2=1.14419, infea_inf(ratio=max/min)=e^(120), int_gap=156.537, pow_l1=inf, time=17499.2
iter=89, primal_obj=3709.8, best_primal_obj=3733, dual_obj=3733.68, relaxed_primal=3732.09, relaxed_dual=3733.69, grad_l2=0.873604, infea_inf(ratio=max/min)=e^(121.609), int_gap=185.563, pow_l1=inf, time=17657.9
iter=90, primal_obj=-2e+300, best_primal_obj=3733, dual_obj=3733.69, relaxed_primal=3729, relaxed_dual=3733.7, grad_l2=0.947694, infea_inf(ratio=max/min)=e^(120), int_gap=254.596, pow_l1=inf, time=17813.5
iter=91, primal_obj=-2e+300, best_primal_obj=3733, dual_obj=3733.66, relaxed_primal=3733, relaxed_dual=3733.67, grad_l2=0.908188, infea_inf(ratio=max/min)=e^(121.609), int_gap=275.274, pow_l1=inf, time=17969.9
iter=92, primal_obj=3721, best_primal_obj=3733, dual_obj=3733.72, relaxed_primal=3732.01, relaxed_dual=3733.73, grad_l2=1.14183, infea_inf(ratio=max/min)=e^(120.102), int_gap=224.244, pow_l1=inf, time=18126.2
iter=93, primal_obj=3682, best_primal_obj=3733, dual_obj=3733.72, relaxed_primal=3728.45, relaxed_dual=3733.72, grad_l2=0.874137, infea_inf(ratio=max/min)=e^(121.609), int_gap=307.702, pow_l1=inf, time=18284.2
iter=94, primal_obj=3732, best_primal_obj=3733, dual_obj=3733.66, relaxed_primal=3733.01, relaxed_dual=3733.67, grad_l2=1.01311, infea_inf(ratio=max/min)=e^(120), int_gap=154.553, pow_l1=inf, time=18439.7
iter=95, primal_obj=3666.33, best_primal_obj=3733, dual_obj=3733.75, relaxed_primal=3730.17, relaxed_dual=3733.75, grad_l2=0.862031, infea_inf(ratio=max/min)=e^(121.609), int_gap=316.094, pow_l1=inf, time=18595.4
iter=96, primal_obj=3732, best_primal_obj=3733, dual_obj=3733.7, relaxed_primal=3733.01, relaxed_dual=3733.7, grad_l2=1.23202, infea_inf(ratio=max/min)=e^(120.518), int_gap=194.597, pow_l1=inf, time=18751.8
iter=97, primal_obj=3708, best_primal_obj=3733, dual_obj=3733.67, relaxed_primal=3731, relaxed_dual=3733.67, grad_l2=0.870456, infea_inf(ratio=max/min)=e^(121.609), int_gap=239.232, pow_l1=inf, time=18909.4
iter=98, primal_obj=3732, best_primal_obj=3733, dual_obj=3733.68, relaxed_primal=3733, relaxed_dual=3733.69, grad_l2=0.955484, infea_inf(ratio=max/min)=e^(120.12), int_gap=154.627, pow_l1=inf, time=19066.1
iter=99, primal_obj=3706, best_primal_obj=3733, dual_obj=3733.69, relaxed_primal=3733, relaxed_dual=3733.7, grad_l2=0.875924, infea_inf(ratio=max/min)=e^(121.609), int_gap=235.305, pow_l1=inf, time=19222.5
iter=100, primal_obj=3699, best_primal_obj=3733, dual_obj=3733.71, relaxed_primal=3729.01, relaxed_dual=3733.71, grad_l2=1.1511, infea_inf(ratio=max/min)=e^(120), int_gap=296.031, pow_l1=inf, time=19378.5
iter=101, primal_obj=3700, best_primal_obj=3733, dual_obj=3733.71, relaxed_primal=3728.98, relaxed_dual=3733.71, grad_l2=0.910618, infea_inf(ratio=max/min)=e^(121.609), int_gap=247.289, pow_l1=inf, time=19534.1
iter=102, primal_obj=3704.17, best_primal_obj=3733, dual_obj=3733.66, relaxed_primal=3733, relaxed_dual=3733.66, grad_l2=1.04085, infea_inf(ratio=max/min)=e^(120.005), int_gap=190.664, pow_l1=inf, time=19691.8
iter=103, primal_obj=3729, best_primal_obj=3733, dual_obj=3733.65, relaxed_primal=3733, relaxed_dual=3733.66, grad_l2=0.873463, infea_inf(ratio=max/min)=e^(121.609), int_gap=199.235, pow_l1=inf, time=19849.4
iter=104, primal_obj=3662.67, best_primal_obj=3733, dual_obj=3733.7, relaxed_primal=3731.01, relaxed_dual=3733.71, grad_l2=1.17318, infea_inf(ratio=max/min)=e^(120.135), int_gap=308.286, pow_l1=inf, time=19999.4
iter=105, primal_obj=3732, best_primal_obj=3733, dual_obj=3733.71, relaxed_primal=3733, relaxed_dual=3733.71, grad_l2=0.90675, infea_inf(ratio=max/min)=e^(121.609), int_gap=157.283, pow_l1=inf, time=20151.7
iter=106, primal_obj=3708, best_primal_obj=3733, dual_obj=3733.65, relaxed_primal=3730, relaxed_dual=3733.66, grad_l2=0.993263, infea_inf(ratio=max/min)=e^(120), int_gap=244.573, pow_l1=inf, time=20301.2
iter=107, primal_obj=-6e+300, best_primal_obj=3733, dual_obj=3733.69, relaxed_primal=3726, relaxed_dual=3733.7, grad_l2=0.912939, infea_inf(ratio=max/min)=e^(121.609), int_gap=349.268, pow_l1=inf, time=20451.5
iter=108, primal_obj=3695, best_primal_obj=3733, dual_obj=3733.66, relaxed_primal=3727.01, relaxed_dual=3733.67, grad_l2=1.13563, infea_inf(ratio=max/min)=e^(120), int_gap=340.653, pow_l1=inf, time=20601.1
iter=109, primal_obj=3732, best_primal_obj=3733, dual_obj=3733.65, relaxed_primal=3733, relaxed_dual=3733.65, grad_l2=0.896158, infea_inf(ratio=max/min)=e^(121.609), int_gap=157.244, pow_l1=inf, time=20752.2
iter=110, primal_obj=3703.33, best_primal_obj=3733, dual_obj=3733.68, relaxed_primal=3732.98, relaxed_dual=3733.68, grad_l2=0.962363, infea_inf(ratio=max/min)=e^(120.146), int_gap=234.955, pow_l1=inf, time=20901.6
iter=111, primal_obj=3712, best_primal_obj=3733, dual_obj=3733.63, relaxed_primal=3732.01, relaxed_dual=3733.64, grad_l2=0.897102, infea_inf(ratio=max/min)=e^(121.609), int_gap=193.278, pow_l1=inf, time=21053.7
iter=112, primal_obj=3731, best_primal_obj=3733, dual_obj=3733.67, relaxed_primal=3732.96, relaxed_dual=3733.67, grad_l2=0.9665, infea_inf(ratio=max/min)=e^(120.02), int_gap=154.619, pow_l1=inf, time=21196.5
iter=113, primal_obj=-2e+300, best_primal_obj=3733, dual_obj=3733.7, relaxed_primal=3730, relaxed_dual=3733.7, grad_l2=0.856791, infea_inf(ratio=max/min)=e^(121.609), int_gap=271.346, pow_l1=inf, time=21335.3
iter=114, primal_obj=3680.5, best_primal_obj=3733, dual_obj=3733.67, relaxed_primal=3730.01, relaxed_dual=3733.67, grad_l2=1.11159, infea_inf(ratio=max/min)=e^(120), int_gap=280.746, pow_l1=inf, time=21473.8
iter=115, primal_obj=-2e+300, best_primal_obj=3733, dual_obj=3733.68, relaxed_primal=3730.99, relaxed_dual=3733.68, grad_l2=0.901659, infea_inf(ratio=max/min)=e^(121.609), int_gap=239.285, pow_l1=inf, time=21612.6
iter=116, primal_obj=3711.33, best_primal_obj=3733, dual_obj=3733.66, relaxed_primal=3729, relaxed_dual=3733.67, grad_l2=0.994726, infea_inf(ratio=max/min)=e^(120.154), int_gap=244.625, pow_l1=inf, time=21751
iter=117, primal_obj=3716, best_primal_obj=3733, dual_obj=3733.68, relaxed_primal=3730, relaxed_dual=3733.69, grad_l2=0.901943, infea_inf(ratio=max/min)=e^(121.609), int_gap=261.274, pow_l1=inf, time=21889.7
iter=118, primal_obj=3681.83, best_primal_obj=3733, dual_obj=3733.7, relaxed_primal=3733.01, relaxed_dual=3733.7, grad_l2=1.20036, infea_inf(ratio=max/min)=e^(120), int_gap=267.131, pow_l1=inf, time=22027.6
iter=119, primal_obj=3689, best_primal_obj=3733, dual_obj=3733.63, relaxed_primal=3728, relaxed_dual=3733.63, grad_l2=0.889305, infea_inf(ratio=max/min)=e^(121.609), int_gap=273.422, pow_l1=inf, time=22166.4
iter=120, primal_obj=3711, best_primal_obj=3733, dual_obj=3733.68, relaxed_primal=3731.01, relaxed_dual=3733.69, grad_l2=1.0479, infea_inf(ratio=max/min)=e^(120), int_gap=198.877, pow_l1=inf, time=22303.9
iter=121, primal_obj=3731, best_primal_obj=3733, dual_obj=3733.65, relaxed_primal=3732.99, relaxed_dual=3733.65, grad_l2=0.890832, infea_inf(ratio=max/min)=e^(121.609), int_gap=199.251, pow_l1=inf, time=22440.8
iter=122, primal_obj=3689.17, best_primal_obj=3733, dual_obj=3733.66, relaxed_primal=3730, relaxed_dual=3733.67, grad_l2=1.02004, infea_inf(ratio=max/min)=e^(120.161), int_gap=252.758, pow_l1=inf, time=22577.5
iter=123, primal_obj=3720, best_primal_obj=3733, dual_obj=3733.65, relaxed_primal=3731, relaxed_dual=3733.65, grad_l2=0.94168, infea_inf(ratio=max/min)=e^(121.609), int_gap=197.276, pow_l1=inf, time=22715.2
iter=124, primal_obj=-2e+300, best_primal_obj=3733, dual_obj=3733.62, relaxed_primal=3731.01, relaxed_dual=3733.62, grad_l2=1.01211, infea_inf(ratio=max/min)=e^(120), int_gap=272.584, pow_l1=inf, time=22853.9
iter=125, primal_obj=3710.33, best_primal_obj=3733, dual_obj=3733.68, relaxed_primal=3733, relaxed_dual=3733.68, grad_l2=0.960239, infea_inf(ratio=max/min)=e^(121.609), int_gap=195.277, pow_l1=inf, time=22992.9
iter=126, primal_obj=3702, best_primal_obj=3733, dual_obj=3733.63, relaxed_primal=3729, relaxed_dual=3733.64, grad_l2=1.02717, infea_inf(ratio=max/min)=e^(120.023), int_gap=238.65, pow_l1=inf, time=23131.9
iter=127, primal_obj=3680.33, best_primal_obj=3733, dual_obj=3733.66, relaxed_primal=3730, relaxed_dual=3733.66, grad_l2=0.863641, infea_inf(ratio=max/min)=e^(121.609), int_gap=233.245, pow_l1=inf, time=23270
iter=128, primal_obj=3694.67, best_primal_obj=3733, dual_obj=3733.63, relaxed_primal=3729.01, relaxed_dual=3733.63, grad_l2=1.02968, infea_inf(ratio=max/min)=e^(120.435), int_gap=286.63, pow_l1=inf, time=23407.4
iter=129, primal_obj=3680.17, best_primal_obj=3733, dual_obj=3733.7, relaxed_primal=3733.01, relaxed_dual=3733.7, grad_l2=1.13606, infea_inf(ratio=max/min)=e^(121.609), int_gap=265.475, pow_l1=inf, time=23544.5
iter=130, primal_obj=3732, best_primal_obj=3733, dual_obj=3733.63, relaxed_primal=3733, relaxed_dual=3733.63, grad_l2=1.04769, infea_inf(ratio=max/min)=e^(120), int_gap=155.591, pow_l1=inf, time=23681.9
iter=131, primal_obj=3711, best_primal_obj=3733, dual_obj=3733.63, relaxed_primal=3730.75, relaxed_dual=3733.63, grad_l2=0.856987, infea_inf(ratio=max/min)=e^(121.609), int_gap=207.526, pow_l1=inf, time=23819.4
iter=132, primal_obj=-2e+300, best_primal_obj=3733, dual_obj=3733.59, relaxed_primal=3733, relaxed_dual=3733.6, grad_l2=0.990732, infea_inf(ratio=max/min)=e^(120), int_gap=142.628, pow_l1=inf, time=23958
iter=133, primal_obj=3638, best_primal_obj=3733, dual_obj=3733.7, relaxed_primal=3725.97, relaxed_dual=3733.7, grad_l2=0.866736, infea_inf(ratio=max/min)=e^(121.609), int_gap=351.298, pow_l1=inf, time=24096.6
iter=134, primal_obj=3695, best_primal_obj=3733, dual_obj=3733.66, relaxed_primal=3728.02, relaxed_dual=3733.67, grad_l2=1.20617, infea_inf(ratio=max/min)=e^(120.17), int_gap=277.365, pow_l1=inf, time=24235.7
iter=135, primal_obj=3674.17, best_primal_obj=3733, dual_obj=3733.64, relaxed_primal=3724.01, relaxed_dual=3733.65, grad_l2=0.875307, infea_inf(ratio=max/min)=e^(121.609), int_gap=331.336, pow_l1=inf, time=24373
iter=136, primal_obj=3662.33, best_primal_obj=3733, dual_obj=3733.62, relaxed_primal=3731.08, relaxed_dual=3733.62, grad_l2=1.0861, infea_inf(ratio=max/min)=e^(120.005), int_gap=266.636, pow_l1=inf, time=24510.3
iter=137, primal_obj=3698, best_primal_obj=3733, dual_obj=3733.66, relaxed_primal=3731, relaxed_dual=3733.66, grad_l2=0.85852, infea_inf(ratio=max/min)=e^(121.609), int_gap=201.279, pow_l1=inf, time=24647.6
iter=138, primal_obj=3729, best_primal_obj=3733, dual_obj=3733.65, relaxed_primal=3732.31, relaxed_dual=3733.65, grad_l2=1.05483, infea_inf(ratio=max/min)=e^(120.55), int_gap=198.977, pow_l1=inf, time=24785
iter=139, primal_obj=-2e+300, best_primal_obj=3733, dual_obj=3733.64, relaxed_primal=3728.01, relaxed_dual=3733.64, grad_l2=1.07754, infea_inf(ratio=max/min)=e^(121.609), int_gap=306.983, pow_l1=inf, time=24922.2
iter=140, primal_obj=3700.33, best_primal_obj=3733, dual_obj=3733.6, relaxed_primal=3733, relaxed_dual=3733.6, grad_l2=1.02091, infea_inf(ratio=max/min)=e^(120.173), int_gap=198.631, pow_l1=inf, time=25061.2
iter=141, primal_obj=3710, best_primal_obj=3733, dual_obj=3733.63, relaxed_primal=3731, relaxed_dual=3733.63, grad_l2=0.964587, infea_inf(ratio=max/min)=e^(121.609), int_gap=201.28, pow_l1=inf, time=25199.2
iter=142, primal_obj=3656, best_primal_obj=3733, dual_obj=3733.59, relaxed_primal=3729.13, relaxed_dual=3733.6, grad_l2=0.975888, infea_inf(ratio=max/min)=e^(120.048), int_gap=311.763, pow_l1=inf, time=25336.8
iter=143, primal_obj=-2e+300, best_primal_obj=3733, dual_obj=3733.65, relaxed_primal=3731, relaxed_dual=3733.65, grad_l2=0.873469, infea_inf(ratio=max/min)=e^(121.609), int_gap=245.293, pow_l1=inf, time=25474.5
iter=144, primal_obj=3669.33, best_primal_obj=3733, dual_obj=3733.68, relaxed_primal=3727.75, relaxed_dual=3733.69, grad_l2=1.11837, infea_inf(ratio=max/min)=e^(120), int_gap=292.868, pow_l1=inf, time=25613.4
iter=145, primal_obj=-2e+300, best_primal_obj=3733, dual_obj=3733.63, relaxed_primal=3730, relaxed_dual=3733.64, grad_l2=0.885359, infea_inf(ratio=max/min)=e^(121.609), int_gap=213.248, pow_l1=inf, time=25750.8
iter=146, primal_obj=-2e+300, best_primal_obj=3733, dual_obj=3733.62, relaxed_primal=3731.29, relaxed_dual=3733.62, grad_l2=1.0325, infea_inf(ratio=max/min)=e^(120.175), int_gap=190.575, pow_l1=inf, time=25888.5
iter=147, primal_obj=3671.33, best_primal_obj=3733, dual_obj=3733.64, relaxed_primal=3726.48, relaxed_dual=3733.64, grad_l2=0.850872, infea_inf(ratio=max/min)=e^(121.609), int_gap=337.539, pow_l1=inf, time=26027.1
iter=148, primal_obj=3688, best_primal_obj=3733, dual_obj=3733.65, relaxed_primal=3727.8, relaxed_dual=3733.65, grad_l2=1.09342, infea_inf(ratio=max/min)=e^(120), int_gap=257.602, pow_l1=inf, time=26166
iter=149, primal_obj=3697.33, best_primal_obj=3733, dual_obj=3733.62, relaxed_primal=3732.08, relaxed_dual=3733.63, grad_l2=0.893434, infea_inf(ratio=max/min)=e^(121.609), int_gap=218.132, pow_l1=inf, time=26304.7
iter=150, primal_obj=3727, best_primal_obj=3733, dual_obj=3733.6, relaxed_primal=3733, relaxed_dual=3733.6, grad_l2=0.965048, infea_inf(ratio=max/min)=e^(120), int_gap=198.631, pow_l1=inf, time=26442.2
iter=151, primal_obj=3730, best_primal_obj=3733, dual_obj=3733.62, relaxed_primal=3733.01, relaxed_dual=3733.63, grad_l2=1.07987, infea_inf(ratio=max/min)=e^(121.609), int_gap=177.172, pow_l1=inf, time=26580
iter=152, primal_obj=3665.67, best_primal_obj=3733, dual_obj=3733.6, relaxed_primal=3725.12, relaxed_dual=3733.6, grad_l2=0.990958, infea_inf(ratio=max/min)=e^(120.177), int_gap=342.849, pow_l1=inf, time=26717.1
iter=153, primal_obj=3691, best_primal_obj=3733, dual_obj=3733.61, relaxed_primal=3729.93, relaxed_dual=3733.62, grad_l2=0.962197, infea_inf(ratio=max/min)=e^(121.609), int_gap=261.638, pow_l1=inf, time=26854.3
iter=154, primal_obj=3684, best_primal_obj=3733, dual_obj=3733.6, relaxed_primal=3725.93, relaxed_dual=3733.6, grad_l2=0.99311, infea_inf(ratio=max/min)=e^(120), int_gap=243.701, pow_l1=inf, time=26991.2
iter=155, primal_obj=3660.33, best_primal_obj=3733, dual_obj=3733.63, relaxed_primal=3726.02, relaxed_dual=3733.63, grad_l2=0.944913, infea_inf(ratio=max/min)=e^(121.609), int_gap=305.326, pow_l1=inf, time=27128.4
iter=156, primal_obj=3693.33, best_primal_obj=3733, dual_obj=3733.66, relaxed_primal=3731.01, relaxed_dual=3733.66, grad_l2=1.16865, infea_inf(ratio=max/min)=e^(120), int_gap=234.927, pow_l1=inf, time=27265.6
iter=157, primal_obj=-2e+300, best_primal_obj=3733, dual_obj=3733.61, relaxed_primal=3727.39, relaxed_dual=3733.61, grad_l2=0.869074, infea_inf(ratio=max/min)=e^(121.609), int_gap=277.937, pow_l1=inf, time=27402.5
iter=158, primal_obj=3714.33, best_primal_obj=3733, dual_obj=3733.59, relaxed_primal=3731.46, relaxed_dual=3733.6, grad_l2=0.992385, infea_inf(ratio=max/min)=e^(120.178), int_gap=177.393, pow_l1=inf, time=27540.7
iter=159, primal_obj=3677, best_primal_obj=3733, dual_obj=3733.62, relaxed_primal=3726.01, relaxed_dual=3733.62, grad_l2=0.851585, infea_inf(ratio=max/min)=e^(121.609), int_gap=351.292, pow_l1=inf, time=27678.2
iter=160, primal_obj=3686, best_primal_obj=3733, dual_obj=3733.62, relaxed_primal=3730.5, relaxed_dual=3733.62, grad_l2=1.1212, infea_inf(ratio=max/min)=e^(120.174), int_gap=233.465, pow_l1=inf, time=27815.8
iter=161, primal_obj=3729, best_primal_obj=3733, dual_obj=3733.62, relaxed_primal=3732.93, relaxed_dual=3733.62, grad_l2=0.882041, infea_inf(ratio=max/min)=e^(121.609), int_gap=199.319, pow_l1=inf, time=27953.1
iter=162, primal_obj=3733, best_primal_obj=3733, dual_obj=3733.65, relaxed_primal=3732.89, relaxed_dual=3733.66, grad_l2=1.07403, infea_inf(ratio=max/min)=e^(120), int_gap=156.69, pow_l1=inf, time=28091.1
iter=163, primal_obj=3678.33, best_primal_obj=3733, dual_obj=3733.6, relaxed_primal=3724.02, relaxed_dual=3733.6, grad_l2=0.864096, infea_inf(ratio=max/min)=e^(121.609), int_gap=357.263, pow_l1=inf, time=28228.5
iter=164, primal_obj=3682.33, best_primal_obj=3733, dual_obj=3733.61, relaxed_primal=3729.57, relaxed_dual=3733.62, grad_l2=1.05789, infea_inf(ratio=max/min)=e^(120.324), int_gap=235.15, pow_l1=inf, time=28366.1
iter=165, primal_obj=3728, best_primal_obj=3733, dual_obj=3733.62, relaxed_primal=3731.98, relaxed_dual=3733.63, grad_l2=0.875716, infea_inf(ratio=max/min)=e^(121.609), int_gap=241.292, pow_l1=inf, time=28503.7
iter=166, primal_obj=3704.67, best_primal_obj=3733, dual_obj=3733.65, relaxed_primal=3727.87, relaxed_dual=3733.65, grad_l2=1.20213, infea_inf(ratio=max/min)=e^(120), int_gap=281.697, pow_l1=inf, time=28641.4
iter=167, primal_obj=3660.5, best_primal_obj=3733, dual_obj=3733.59, relaxed_primal=3726.17, relaxed_dual=3733.6, grad_l2=0.909593, infea_inf(ratio=max/min)=e^(121.609), int_gap=285.443, pow_l1=inf, time=28779
iter=168, primal_obj=3669.67, best_primal_obj=3733, dual_obj=3733.64, relaxed_primal=3725.06, relaxed_dual=3733.64, grad_l2=1.04675, infea_inf(ratio=max/min)=e^(120.002), int_gap=288.663, pow_l1=inf, time=28917.6
iter=169, primal_obj=3700.33, best_primal_obj=3733, dual_obj=3733.59, relaxed_primal=3729, relaxed_dual=3733.6, grad_l2=0.891125, infea_inf(ratio=max/min)=e^(121.609), int_gap=283.312, pow_l1=inf, time=29055.4
iter=170, primal_obj=3732, best_primal_obj=3733, dual_obj=3733.59, relaxed_primal=3732.96, relaxed_dual=3733.6, grad_l2=1.0047, infea_inf(ratio=max/min)=e^(120.18), int_gap=140.696, pow_l1=inf, time=29194.3
iter=171, primal_obj=3686, best_primal_obj=3733, dual_obj=3733.58, relaxed_primal=3730.99, relaxed_dual=3733.58, grad_l2=0.861923, infea_inf(ratio=max/min)=e^(121.609), int_gap=269.86, pow_l1=inf, time=29332.5
iter=172, primal_obj=-2e+300, best_primal_obj=3733, dual_obj=3733.62, relaxed_primal=3725.04, relaxed_dual=3733.63, grad_l2=1.1043, infea_inf(ratio=max/min)=e^(120), int_gap=323.134, pow_l1=inf, time=29470.1
iter=173, primal_obj=-2e+300, best_primal_obj=3733, dual_obj=3733.61, relaxed_primal=3723.75, relaxed_dual=3733.61, grad_l2=0.878777, infea_inf(ratio=max/min)=e^(121.609), int_gap=317.924, pow_l1=inf, time=29607.5
iter=174, primal_obj=-2e+300, best_primal_obj=3733, dual_obj=3733.63, relaxed_primal=3731, relaxed_dual=3733.63, grad_l2=1.09961, infea_inf(ratio=max/min)=e^(120), int_gap=214.093, pow_l1=inf, time=29745.4
iter=175, primal_obj=-2e+300, best_primal_obj=3733, dual_obj=3733.6, relaxed_primal=3726, relaxed_dual=3733.61, grad_l2=0.900215, infea_inf(ratio=max/min)=e^(121.609), int_gap=355.387, pow_l1=inf, time=29883.6
iter=176, primal_obj=3698.33, best_primal_obj=3733, dual_obj=3733.62, relaxed_primal=3727.12, relaxed_dual=3733.63, grad_l2=1.06456, infea_inf(ratio=max/min)=e^(120.18), int_gap=282.846, pow_l1=inf, time=30021
iter=177, primal_obj=-2e+300, best_primal_obj=3733, dual_obj=3733.6, relaxed_primal=3728, relaxed_dual=3733.61, grad_l2=0.875316, infea_inf(ratio=max/min)=e^(121.609), int_gap=257.326, pow_l1=inf, time=30158.1
iter=178, primal_obj=3667.67, best_primal_obj=3733, dual_obj=3733.63, relaxed_primal=3727.33, relaxed_dual=3733.64, grad_l2=1.05774, infea_inf(ratio=max/min)=e^(120.01), int_gap=321.146, pow_l1=inf, time=30295.4
iter=179, primal_obj=3674, best_primal_obj=3733, dual_obj=3733.61, relaxed_primal=3729.06, relaxed_dual=3733.62, grad_l2=1.16204, infea_inf(ratio=max/min)=e^(121.609), int_gap=266.901, pow_l1=inf, time=30432.7
iter=180, primal_obj=-2e+300, best_primal_obj=3733, dual_obj=3733.62, relaxed_primal=3730.73, relaxed_dual=3733.62, grad_l2=1.07602, infea_inf(ratio=max/min)=e^(120.3), int_gap=203.24, pow_l1=inf, time=30569.9
iter=181, primal_obj=3718, best_primal_obj=3733, dual_obj=3733.57, relaxed_primal=3731.1, relaxed_dual=3733.58, grad_l2=0.866978, infea_inf(ratio=max/min)=e^(121.609), int_gap=193.337, pow_l1=inf, time=30707
iter=182, primal_obj=3690.67, best_primal_obj=3733, dual_obj=3733.6, relaxed_primal=3729.58, relaxed_dual=3733.6, grad_l2=1.00418, infea_inf(ratio=max/min)=e^(120.201), int_gap=257.389, pow_l1=inf, time=30844.9
iter=183, primal_obj=-2e+300, best_primal_obj=3733, dual_obj=3733.59, relaxed_primal=3722.44, relaxed_dual=3733.59, grad_l2=0.870209, infea_inf(ratio=max/min)=e^(121.609), int_gap=345.62, pow_l1=inf, time=30982.2
iter=184, primal_obj=-2e+300, best_primal_obj=3733, dual_obj=3733.63, relaxed_primal=3731.01, relaxed_dual=3733.64, grad_l2=1.18672, infea_inf(ratio=max/min)=e^(120.027), int_gap=227.761, pow_l1=inf, time=31119.6
iter=185, primal_obj=3655.33, best_primal_obj=3733, dual_obj=3733.59, relaxed_primal=3723.03, relaxed_dual=3733.59, grad_l2=0.874895, infea_inf(ratio=max/min)=e^(121.609), int_gap=315.44, pow_l1=inf, time=31257
iter=186, primal_obj=3719, best_primal_obj=3733, dual_obj=3733.59, relaxed_primal=3732.11, relaxed_dual=3733.6, grad_l2=1.04948, infea_inf(ratio=max/min)=e^(120), int_gap=186.824, pow_l1=inf, time=31395.5
iter=187, primal_obj=3666, best_primal_obj=3733, dual_obj=3733.58, relaxed_primal=3723.27, relaxed_dual=3733.58, grad_l2=0.855644, infea_inf(ratio=max/min)=e^(121.609), int_gap=315.738, pow_l1=inf, time=31532.6
iter=188, primal_obj=-2e+300, best_primal_obj=3733, dual_obj=3733.6, relaxed_primal=3731.01, relaxed_dual=3733.61, grad_l2=1.06132, infea_inf(ratio=max/min)=e^(120.181), int_gap=228.582, pow_l1=inf, time=31669.5
iter=189, primal_obj=3649, best_primal_obj=3733, dual_obj=3733.61, relaxed_primal=3725.37, relaxed_dual=3733.62, grad_l2=1.05532, infea_inf(ratio=max/min)=e^(121.609), int_gap=350.542, pow_l1=inf, time=31806.3
iter=190, primal_obj=3628.83, best_primal_obj=3733, dual_obj=3733.64, relaxed_primal=3725.53, relaxed_dual=3733.64, grad_l2=1.09743, infea_inf(ratio=max/min)=e^(120.003), int_gap=317.506, pow_l1=inf, time=31943.2
iter=191, primal_obj=3702.33, best_primal_obj=3733, dual_obj=3733.56, relaxed_primal=3727.98, relaxed_dual=3733.56, grad_l2=0.918691, infea_inf(ratio=max/min)=e^(121.609), int_gap=215.581, pow_l1=inf, time=32079.9
iter=192, primal_obj=3699.17, best_primal_obj=3733, dual_obj=3733.57, relaxed_primal=3731, relaxed_dual=3733.57, grad_l2=0.948598, infea_inf(ratio=max/min)=e^(120), int_gap=200.767, pow_l1=inf, time=32216.8
iter=193, primal_obj=3598.17, best_primal_obj=3733, dual_obj=3733.59, relaxed_primal=3719.44, relaxed_dual=3733.6, grad_l2=0.899615, infea_inf(ratio=max/min)=e^(121.609), int_gap=502.373, pow_l1=inf, time=32353.7
iter=194, primal_obj=3731, best_primal_obj=3733, dual_obj=3733.61, relaxed_primal=3732.09, relaxed_dual=3733.61, grad_l2=1.22895, infea_inf(ratio=max/min)=e^(121.001), int_gap=180.942, pow_l1=inf, time=32490.7
iter=195, primal_obj=3701, best_primal_obj=3733, dual_obj=3733.58, relaxed_primal=3726.1, relaxed_dual=3733.58, grad_l2=0.864295, infea_inf(ratio=max/min)=e^(121.609), int_gap=257.737, pow_l1=inf, time=32627.5
iter=196, primal_obj=3663.5, best_primal_obj=3733, dual_obj=3733.64, relaxed_primal=3723.24, relaxed_dual=3733.64, grad_l2=1.02691, infea_inf(ratio=max/min)=e^(121.26), int_gap=337.103, pow_l1=inf, time=32764.5
iter=197, primal_obj=-4e+300, best_primal_obj=3733, dual_obj=3733.54, relaxed_primal=3725.92, relaxed_dual=3733.54, grad_l2=0.929123, infea_inf(ratio=max/min)=e^(121.609), int_gap=270.087, pow_l1=inf, time=32901.5
iter=198, primal_obj=-2e+300, best_primal_obj=3733, dual_obj=3733.57, relaxed_primal=3731.96, relaxed_dual=3733.58, grad_l2=0.924627, infea_inf(ratio=max/min)=e^(120.056), int_gap=221.163, pow_l1=inf, time=33038.7
iter=199, primal_obj=3717, best_primal_obj=3733, dual_obj=3733.55, relaxed_primal=3732.35, relaxed_dual=3733.56, grad_l2=1.0524, infea_inf(ratio=max/min)=e^(121.609), int_gap=182.07, pow_l1=inf, time=33175.6
iter=200, primal_obj=3663, best_primal_obj=3733, dual_obj=3733.58, relaxed_primal=3724.96, relaxed_dual=3733.59, grad_l2=0.94313, infea_inf(ratio=max/min)=e^(120.516), int_gap=315.068, pow_l1=inf, time=33312.3
iter=201, primal_obj=3686.67, best_primal_obj=3733, dual_obj=3733.59, relaxed_primal=3729.74, relaxed_dual=3733.59, grad_l2=0.964527, infea_inf(ratio=max/min)=e^(121.609), int_gap=241.741, pow_l1=inf, time=33448.9
iter=202, primal_obj=3660.67, best_primal_obj=3733, dual_obj=3733.56, relaxed_primal=3719.8, relaxed_dual=3733.57, grad_l2=0.958026, infea_inf(ratio=max/min)=e^(120), int_gap=341.852, pow_l1=inf, time=33585.7
iter=203, primal_obj=3645.33, best_primal_obj=3733, dual_obj=3733.55, relaxed_primal=3723.87, relaxed_dual=3733.55, grad_l2=0.891915, infea_inf(ratio=max/min)=e^(121.609), int_gap=329.35, pow_l1=inf, time=33722.3
iter=204, primal_obj=3717, best_primal_obj=3733, dual_obj=3733.57, relaxed_primal=3731.47, relaxed_dual=3733.58, grad_l2=0.998193, infea_inf(ratio=max/min)=e^(120), int_gap=179.159, pow_l1=inf, time=33859.7
iter=205, primal_obj=-2e+300, best_primal_obj=3733, dual_obj=3733.63, relaxed_primal=3723.99, relaxed_dual=3733.64, grad_l2=0.875609, infea_inf(ratio=max/min)=e^(121.609), int_gap=409.81, pow_l1=inf, time=33996.5
iter=206, primal_obj=3717, best_primal_obj=3733, dual_obj=3733.64, relaxed_primal=3731.03, relaxed_dual=3733.65, grad_l2=1.23399, infea_inf(ratio=max/min)=e^(120.182), int_gap=234.463, pow_l1=inf, time=34133.5
iter=207, primal_obj=3631.67, best_primal_obj=3733, dual_obj=3733.56, relaxed_primal=3719.01, relaxed_dual=3733.56, grad_l2=0.920232, infea_inf(ratio=max/min)=e^(121.609), int_gap=399.32, pow_l1=inf, time=34271.2
iter=208, primal_obj=3709, best_primal_obj=3733, dual_obj=3733.58, relaxed_primal=3730.56, relaxed_dual=3733.59, grad_l2=1.03302, infea_inf(ratio=max/min)=e^(121.311), int_gap=190.776, pow_l1=inf, time=34408.2
iter=209, primal_obj=3713.67, best_primal_obj=3733, dual_obj=3733.56, relaxed_primal=3730.29, relaxed_dual=3733.57, grad_l2=0.9637, infea_inf(ratio=max/min)=e^(121.609), int_gap=235.667, pow_l1=inf, time=34545.1
iter=210, primal_obj=3705.67, best_primal_obj=3733, dual_obj=3733.58, relaxed_primal=3729.12, relaxed_dual=3733.58, grad_l2=1.04376, infea_inf(ratio=max/min)=e^(120), int_gap=220.819, pow_l1=inf, time=34682.4
iter=211, primal_obj=-2e+300, best_primal_obj=3733, dual_obj=3733.56, relaxed_primal=3722.77, relaxed_dual=3733.56, grad_l2=0.898518, infea_inf(ratio=max/min)=e^(121.609), int_gap=339.819, pow_l1=inf, time=34819.7
iter=212, primal_obj=3657.67, best_primal_obj=3733, dual_obj=3733.55, relaxed_primal=3721.24, relaxed_dual=3733.55, grad_l2=1.03018, infea_inf(ratio=max/min)=e^(120.182), int_gap=308.769, pow_l1=inf, time=34956.7
iter=213, primal_obj=3687.33, best_primal_obj=3733, dual_obj=3733.6, relaxed_primal=3729.87, relaxed_dual=3733.6, grad_l2=0.956658, infea_inf(ratio=max/min)=e^(121.609), int_gap=258.361, pow_l1=inf, time=35094.8
iter=214, primal_obj=3715.67, best_primal_obj=3733, dual_obj=3733.58, relaxed_primal=3730.21, relaxed_dual=3733.59, grad_l2=1.10997, infea_inf(ratio=max/min)=e^(120.123), int_gap=208.681, pow_l1=inf, time=35231.9
iter=215, primal_obj=3673, best_primal_obj=3733, dual_obj=3733.56, relaxed_primal=3722.17, relaxed_dual=3733.56, grad_l2=0.859967, infea_inf(ratio=max/min)=e^(121.609), int_gap=307.464, pow_l1=inf, time=35368.7
iter=216, primal_obj=3681, best_primal_obj=3733, dual_obj=3733.58, relaxed_primal=3723.86, relaxed_dual=3733.59, grad_l2=1.01066, infea_inf(ratio=max/min)=e^(120.039), int_gap=273.586, pow_l1=inf, time=35505.9
iter=217, primal_obj=3683.5, best_primal_obj=3733, dual_obj=3733.58, relaxed_primal=3726.97, relaxed_dual=3733.59, grad_l2=0.972013, infea_inf(ratio=max/min)=e^(121.609), int_gap=308.261, pow_l1=inf, time=35643.4
iter=218, primal_obj=3628.67, best_primal_obj=3733, dual_obj=3733.68, relaxed_primal=3723.75, relaxed_dual=3733.69, grad_l2=1.17373, infea_inf(ratio=max/min)=e^(120.182), int_gap=360.759, pow_l1=inf, time=35780.7
iter=219, primal_obj=3675.67, best_primal_obj=3733, dual_obj=3733.56, relaxed_primal=3721.26, relaxed_dual=3733.56, grad_l2=0.995717, infea_inf(ratio=max/min)=e^(121.609), int_gap=309.666, pow_l1=inf, time=35917.9
iter=220, primal_obj=3699.83, best_primal_obj=3733, dual_obj=3733.52, relaxed_primal=3731.08, relaxed_dual=3733.53, grad_l2=0.930459, infea_inf(ratio=max/min)=e^(120.872), int_gap=176.853, pow_l1=inf, time=36055.9
iter=221, primal_obj=3666, best_primal_obj=3733, dual_obj=3733.55, relaxed_primal=3724.93, relaxed_dual=3733.56, grad_l2=0.86788, infea_inf(ratio=max/min)=e^(121.609), int_gap=311.352, pow_l1=inf, time=36193.7
iter=222, primal_obj=3701, best_primal_obj=3733, dual_obj=3733.58, relaxed_primal=3729, relaxed_dual=3733.59, grad_l2=1.07161, infea_inf(ratio=max/min)=e^(121.475), int_gap=261.039, pow_l1=inf, time=36343.4
iter=223, primal_obj=3716, best_primal_obj=3733, dual_obj=3733.53, relaxed_primal=3727.53, relaxed_dual=3733.53, grad_l2=0.984564, infea_inf(ratio=max/min)=e^(121.609), int_gap=197.912, pow_l1=inf, time=36482.2
iter=224, primal_obj=3655.67, best_primal_obj=3733, dual_obj=3733.58, relaxed_primal=3725.05, relaxed_dual=3733.58, grad_l2=0.851837, infea_inf(ratio=max/min)=e^(120.182), int_gap=342.781, pow_l1=inf, time=36620
iter=225, primal_obj=-2e+300, best_primal_obj=3733, dual_obj=3733.58, relaxed_primal=3726.75, relaxed_dual=3733.58, grad_l2=1.0577, infea_inf(ratio=max/min)=e^(121.609), int_gap=289.534, pow_l1=inf, time=36794.4
iter=226, primal_obj=-2e+300, best_primal_obj=3733, dual_obj=3733.56, relaxed_primal=3727, relaxed_dual=3733.56, grad_l2=0.993671, infea_inf(ratio=max/min)=e^(120.281), int_gap=245.182, pow_l1=inf, time=36932.1
iter=227, primal_obj=3674.33, best_primal_obj=3733, dual_obj=3733.56, relaxed_primal=3724, relaxed_dual=3733.57, grad_l2=1.00697, infea_inf(ratio=max/min)=e^(121.609), int_gap=267.281, pow_l1=inf, time=37070.1
iter=228, primal_obj=3706, best_primal_obj=3733, dual_obj=3733.58, relaxed_primal=3729.98, relaxed_dual=3733.59, grad_l2=0.989801, infea_inf(ratio=max/min)=e^(120.05), int_gap=224.709, pow_l1=inf, time=37207.3
iter=229, primal_obj=3629.17, best_primal_obj=3733, dual_obj=3733.54, relaxed_primal=3723.02, relaxed_dual=3733.55, grad_l2=0.914121, infea_inf(ratio=max/min)=e^(121.609), int_gap=311.448, pow_l1=inf, time=37344.7
iter=230, primal_obj=3674.67, best_primal_obj=3733, dual_obj=3733.56, relaxed_primal=3727, relaxed_dual=3733.57, grad_l2=0.957345, infea_inf(ratio=max/min)=e^(120.182), int_gap=288.713, pow_l1=inf, time=37502.4
iter=231, primal_obj=3659, best_primal_obj=3733, dual_obj=3733.57, relaxed_primal=3719.08, relaxed_dual=3733.58, grad_l2=1.01252, infea_inf(ratio=max/min)=e^(121.609), int_gap=342.521, pow_l1=inf, time=37671.1
iter=232, primal_obj=3672, best_primal_obj=3733, dual_obj=3733.59, relaxed_primal=3724.01, relaxed_dual=3733.59, grad_l2=1.1047, infea_inf(ratio=max/min)=e^(120.008), int_gap=302.671, pow_l1=inf, time=37808.8
iter=233, primal_obj=3618, best_primal_obj=3733, dual_obj=3733.62, relaxed_primal=3716.76, relaxed_dual=3733.62, grad_l2=1.02836, infea_inf(ratio=max/min)=e^(121.609), int_gap=387.941, pow_l1=inf, time=37946.8
iter=234, primal_obj=3733, best_primal_obj=3733, dual_obj=3733.57, relaxed_primal=3733, relaxed_dual=3733.57, grad_l2=1.04651, infea_inf(ratio=max/min)=e^(120), int_gap=134.76, pow_l1=inf, time=38083.8
iter=235, primal_obj=3690.33, best_primal_obj=3733, dual_obj=3733.57, relaxed_primal=3725.01, relaxed_dual=3733.58, grad_l2=0.86572, infea_inf(ratio=max/min)=e^(121.609), int_gap=295.693, pow_l1=inf, time=38220.6
iter=236, primal_obj=3706, best_primal_obj=3733, dual_obj=3733.58, relaxed_primal=3726.95, relaxed_dual=3733.59, grad_l2=1.17402, infea_inf(ratio=max/min)=e^(120.261), int_gap=252.897, pow_l1=inf, time=38357.7
iter=237, primal_obj=3590.33, best_primal_obj=3733, dual_obj=3733.6, relaxed_primal=3713.44, relaxed_dual=3733.6, grad_l2=0.937176, infea_inf(ratio=max/min)=e^(121.609), int_gap=438.692, pow_l1=inf, time=38494.7
iter=238, primal_obj=3710, best_primal_obj=3733, dual_obj=3733.64, relaxed_primal=3729.01, relaxed_dual=3733.65, grad_l2=1.1473, infea_inf(ratio=max/min)=e^(120.599), int_gap=208.083, pow_l1=inf, time=38632.6
iter=239, primal_obj=-2e+300, best_primal_obj=3733, dual_obj=3733.55, relaxed_primal=3723.05, relaxed_dual=3733.55, grad_l2=0.910711, infea_inf(ratio=max/min)=e^(121.609), int_gap=327.317, pow_l1=inf, time=38770.4
iter=240, primal_obj=-2e+300, best_primal_obj=3733, dual_obj=3733.6, relaxed_primal=3725.01, relaxed_dual=3733.61, grad_l2=1.1839, infea_inf(ratio=max/min)=e^(120.265), int_gap=338.854, pow_l1=inf, time=38908.2
iter=241, primal_obj=3643, best_primal_obj=3733, dual_obj=3733.56, relaxed_primal=3721.14, relaxed_dual=3733.56, grad_l2=0.97595, infea_inf(ratio=max/min)=e^(121.609), int_gap=293.848, pow_l1=inf, time=39049.8
iter=242, primal_obj=3705, best_primal_obj=3733, dual_obj=3733.54, relaxed_primal=3726.99, relaxed_dual=3733.54, grad_l2=0.871246, infea_inf(ratio=max/min)=e^(120.186), int_gap=224.807, pow_l1=inf, time=39188
iter=243, primal_obj=-2e+300, best_primal_obj=3733, dual_obj=3733.56, relaxed_primal=3720.37, relaxed_dual=3733.56, grad_l2=1.00234, infea_inf(ratio=max/min)=e^(121.609), int_gap=360.199, pow_l1=inf, time=39326.2
iter=244, primal_obj=3710, best_primal_obj=3733, dual_obj=3733.57, relaxed_primal=3730.01, relaxed_dual=3733.58, grad_l2=1.08295, infea_inf(ratio=max/min)=e^(121.018), int_gap=219.603, pow_l1=inf, time=39464.1
iter=245, primal_obj=3663, best_primal_obj=3733, dual_obj=3733.53, relaxed_primal=3724.3, relaxed_dual=3733.53, grad_l2=0.929902, infea_inf(ratio=max/min)=e^(121.609), int_gap=296.248, pow_l1=inf, time=39600.3
iter=246, primal_obj=-2e+300, best_primal_obj=3733, dual_obj=3733.57, relaxed_primal=3732, relaxed_dual=3733.57, grad_l2=0.906032, infea_inf(ratio=max/min)=e^(120.001), int_gap=199.131, pow_l1=inf, time=39736.4
iter=247, primal_obj=3705.67, best_primal_obj=3733, dual_obj=3733.59, relaxed_primal=3729.08, relaxed_dual=3733.59, grad_l2=1.01479, infea_inf(ratio=max/min)=e^(121.609), int_gap=263.586, pow_l1=inf, time=39875.2
iter=248, primal_obj=-2e+300, best_primal_obj=3733, dual_obj=3733.57, relaxed_primal=3730.01, relaxed_dual=3733.58, grad_l2=1.06563, infea_inf(ratio=max/min)=e^(120.459), int_gap=232.837, pow_l1=inf, time=40015.6
iter=249, primal_obj=3606.33, best_primal_obj=3733, dual_obj=3733.54, relaxed_primal=3715, relaxed_dual=3733.55, grad_l2=1.00075, infea_inf(ratio=max/min)=e^(121.609), int_gap=376.625, pow_l1=inf, time=40154.8
iter=250, primal_obj=3699, best_primal_obj=3733, dual_obj=3733.57, relaxed_primal=3727.44, relaxed_dual=3733.57, grad_l2=0.886686, infea_inf(ratio=max/min)=e^(120), int_gap=213.033, pow_l1=inf, time=40293.9
iter=251, primal_obj=3645.67, best_primal_obj=3733, dual_obj=3733.58, relaxed_primal=3719.02, relaxed_dual=3733.58, grad_l2=1.06652, infea_inf(ratio=max/min)=e^(121.609), int_gap=385.741, pow_l1=inf, time=40433.1
iter=252, primal_obj=3694, best_primal_obj=3733, dual_obj=3733.54, relaxed_primal=3726.01, relaxed_dual=3733.55, grad_l2=1.00715, infea_inf(ratio=max/min)=e^(121.643), int_gap=260.673, pow_l1=inf, time=40570
iter=253, primal_obj=3649.67, best_primal_obj=3733, dual_obj=3733.52, relaxed_primal=3721.85, relaxed_dual=3733.53, grad_l2=0.963368, infea_inf(ratio=max/min)=e^(121.609), int_gap=281.012, pow_l1=inf, time=40708.2
iter=254, primal_obj=3705, best_primal_obj=3733, dual_obj=3733.55, relaxed_primal=3726.89, relaxed_dual=3733.56, grad_l2=0.959627, infea_inf(ratio=max/min)=e^(120.182), int_gap=266.674, pow_l1=inf, time=40845.8
iter=255, primal_obj=3703.67, best_primal_obj=3733, dual_obj=3733.54, relaxed_primal=3728, relaxed_dual=3733.55, grad_l2=1.18731, infea_inf(ratio=max/min)=e^(121.609), int_gap=186.707, pow_l1=inf, time=40986.6
iter=256, primal_obj=3639.67, best_primal_obj=3733, dual_obj=3733.55, relaxed_primal=3720.63, relaxed_dual=3733.55, grad_l2=0.931578, infea_inf(ratio=max/min)=e^(120.035), int_gap=313.789, pow_l1=inf, time=41124.5
iter=257, primal_obj=3696, best_primal_obj=3733, dual_obj=3733.52, relaxed_primal=3730, relaxed_dual=3733.53, grad_l2=0.963159, infea_inf(ratio=max/min)=e^(121.609), int_gap=229.088, pow_l1=inf, time=41262.6
iter=258, primal_obj=-4e+300, best_primal_obj=3733, dual_obj=3733.54, relaxed_primal=3711.52, relaxed_dual=3733.55, grad_l2=1.01862, infea_inf(ratio=max/min)=e^(120), int_gap=417.045, pow_l1=inf, time=41400.3
iter=259, primal_obj=-2e+300, best_primal_obj=3733, dual_obj=3733.54, relaxed_primal=3727.06, relaxed_dual=3733.54, grad_l2=1.01355, infea_inf(ratio=max/min)=e^(121.609), int_gap=222.686, pow_l1=inf, time=41537.1
iter=260, primal_obj=-2e+300, best_primal_obj=3733, dual_obj=3733.56, relaxed_primal=3725.12, relaxed_dual=3733.57, grad_l2=0.98601, infea_inf(ratio=max/min)=e^(120.349), int_gap=307.284, pow_l1=inf, time=41674.5
iter=261, primal_obj=3687, best_primal_obj=3733, dual_obj=3733.58, relaxed_primal=3721, relaxed_dual=3733.58, grad_l2=0.995578, infea_inf(ratio=max/min)=e^(121.609), int_gap=312.288, pow_l1=inf, time=41812.1
iter=262, primal_obj=3697.67, best_primal_obj=3733, dual_obj=3733.59, relaxed_primal=3729.04, relaxed_dual=3733.59, grad_l2=1.15907, infea_inf(ratio=max/min)=e^(120.013), int_gap=272.585, pow_l1=inf, time=41949.1
iter=263, primal_obj=3704, best_primal_obj=3733, dual_obj=3733.54, relaxed_primal=3726.63, relaxed_dual=3733.54, grad_l2=1.05577, infea_inf(ratio=max/min)=e^(121.609), int_gap=227.217, pow_l1=inf, time=42086
iter=264, primal_obj=-2e+300, best_primal_obj=3733, dual_obj=3733.53, relaxed_primal=3722.04, relaxed_dual=3733.53, grad_l2=0.90593, infea_inf(ratio=max/min)=e^(120), int_gap=335.068, pow_l1=inf, time=42223.7
iter=265, primal_obj=3664.67, best_primal_obj=3733, dual_obj=3733.56, relaxed_primal=3721, relaxed_dual=3733.56, grad_l2=0.931355, infea_inf(ratio=max/min)=e^(121.609), int_gap=358.727, pow_l1=inf, time=42361.5
iter=266, primal_obj=3678.67, best_primal_obj=3733, dual_obj=3733.59, relaxed_primal=3725.55, relaxed_dual=3733.59, grad_l2=1.08347, infea_inf(ratio=max/min)=e^(120.182), int_gap=246.949, pow_l1=inf, time=42499.2
iter=267, primal_obj=3672.67, best_primal_obj=3733, dual_obj=3733.54, relaxed_primal=3716, relaxed_dual=3733.54, grad_l2=0.875714, infea_inf(ratio=max/min)=e^(121.609), int_gap=301.315, pow_l1=inf, time=42636.2
iter=268, primal_obj=3649.5, best_primal_obj=3733, dual_obj=3733.57, relaxed_primal=3724.95, relaxed_dual=3733.57, grad_l2=1.03228, infea_inf(ratio=max/min)=e^(121.609), int_gap=311.722, pow_l1=inf, time=42772.9
iter=269, primal_obj=-2e+300, best_primal_obj=3733, dual_obj=3733.58, relaxed_primal=3727.14, relaxed_dual=3733.58, grad_l2=1.0052, infea_inf(ratio=max/min)=e^(121.609), int_gap=285.968, pow_l1=inf, time=42909.8
iter=270, primal_obj=-2e+300, best_primal_obj=3733, dual_obj=3733.59, relaxed_primal=3721.88, relaxed_dual=3733.6, grad_l2=1.15633, infea_inf(ratio=max/min)=e^(120), int_gap=396.565, pow_l1=inf, time=43047.3
iter=271, primal_obj=-2e+300, best_primal_obj=3733, dual_obj=3733.55, relaxed_primal=3720.72, relaxed_dual=3733.55, grad_l2=0.950792, infea_inf(ratio=max/min)=e^(121.609), int_gap=299.418, pow_l1=inf, time=43184.2
iter=272, primal_obj=3666.33, best_primal_obj=3733, dual_obj=3733.55, relaxed_primal=3726.58, relaxed_dual=3733.55, grad_l2=0.994251, infea_inf(ratio=max/min)=e^(120.182), int_gap=272.983, pow_l1=inf, time=43321.2
iter=273, primal_obj=3693.33, best_primal_obj=3733, dual_obj=3733.53, relaxed_primal=3725, relaxed_dual=3733.54, grad_l2=0.880403, infea_inf(ratio=max/min)=e^(121.609), int_gap=263.303, pow_l1=inf, time=43459.9
iter=274, primal_obj=3644.67, best_primal_obj=3733, dual_obj=3733.56, relaxed_primal=3721.23, relaxed_dual=3733.57, grad_l2=0.962674, infea_inf(ratio=max/min)=e^(120), int_gap=319.054, pow_l1=inf, time=43598.1
iter=275, primal_obj=3696, best_primal_obj=3733, dual_obj=3733.53, relaxed_primal=3723.14, relaxed_dual=3733.54, grad_l2=1.0282, infea_inf(ratio=max/min)=e^(121.609), int_gap=287.756, pow_l1=inf, time=43736.7
iter=276, primal_obj=3619.83, best_primal_obj=3733, dual_obj=3733.57, relaxed_primal=3717.93, relaxed_dual=3733.57, grad_l2=0.957524, infea_inf(ratio=max/min)=e^(120.747), int_gap=324.826, pow_l1=inf, time=43874.9
iter=277, primal_obj=-2e+300, best_primal_obj=3733, dual_obj=3733.58, relaxed_primal=3725.03, relaxed_dual=3733.58, grad_l2=1.02671, infea_inf(ratio=max/min)=e^(121.609), int_gap=309.395, pow_l1=inf, time=44012.3
iter=278, primal_obj=3615.83, best_primal_obj=3733, dual_obj=3733.6, relaxed_primal=3717.05, relaxed_dual=3733.61, grad_l2=1.12716, infea_inf(ratio=max/min)=e^(120.182), int_gap=371.687, pow_l1=inf, time=44149.2
iter=279, primal_obj=3691, best_primal_obj=3733, dual_obj=3733.55, relaxed_primal=3726.21, relaxed_dual=3733.56, grad_l2=0.993532, infea_inf(ratio=max/min)=e^(121.609), int_gap=247.68, pow_l1=inf, time=44286.6
iter=280, primal_obj=-2e+300, best_primal_obj=3733, dual_obj=3733.54, relaxed_primal=3724.64, relaxed_dual=3733.54, grad_l2=0.981498, infea_inf(ratio=max/min)=e^(120), int_gap=283.104, pow_l1=inf, time=44424.6
iter=281, primal_obj=3699, best_primal_obj=3733, dual_obj=3733.54, relaxed_primal=3724.8, relaxed_dual=3733.54, grad_l2=0.925827, infea_inf(ratio=max/min)=e^(121.609), int_gap=257.388, pow_l1=inf, time=44562.1
iter=282, primal_obj=3666.67, best_primal_obj=3733, dual_obj=3733.54, relaxed_primal=3724.3, relaxed_dual=3733.54, grad_l2=0.997081, infea_inf(ratio=max/min)=e^(120.017), int_gap=295.091, pow_l1=inf, time=44700.4
iter=283, primal_obj=3639.33, best_primal_obj=3733, dual_obj=3733.56, relaxed_primal=3722.74, relaxed_dual=3733.56, grad_l2=0.999107, infea_inf(ratio=max/min)=e^(121.609), int_gap=319.679, pow_l1=inf, time=44838.5
iter=284, primal_obj=3698, best_primal_obj=3733, dual_obj=3733.54, relaxed_primal=3727, relaxed_dual=3733.54, grad_l2=0.987737, infea_inf(ratio=max/min)=e^(120.182), int_gap=212.86, pow_l1=inf, time=44976.4
iter=285, primal_obj=3628.83, best_primal_obj=3733, dual_obj=3733.56, relaxed_primal=3712.89, relaxed_dual=3733.57, grad_l2=0.873405, infea_inf(ratio=max/min)=e^(121.609), int_gap=415.58, pow_l1=inf, time=45114.1
iter=286, primal_obj=3677.33, best_primal_obj=3733, dual_obj=3733.59, relaxed_primal=3724.31, relaxed_dual=3733.59, grad_l2=1.21615, infea_inf(ratio=max/min)=e^(121.36), int_gap=295.153, pow_l1=inf, time=45252.2
iter=287, primal_obj=3637.33, best_primal_obj=3733, dual_obj=3733.57, relaxed_primal=3719.79, relaxed_dual=3733.57, grad_l2=0.91343, infea_inf(ratio=max/min)=e^(121.609), int_gap=426.149, pow_l1=inf, time=45389.6
iter=288, primal_obj=3646, best_primal_obj=3733, dual_obj=3733.57, relaxed_primal=3724.01, relaxed_dual=3733.58, grad_l2=1.08016, infea_inf(ratio=max/min)=e^(120), int_gap=308.574, pow_l1=inf, time=45528.2
iter=289, primal_obj=3721, best_primal_obj=3733, dual_obj=3733.52, relaxed_primal=3726.86, relaxed_dual=3733.52, grad_l2=0.986593, infea_inf(ratio=max/min)=e^(121.609), int_gap=189.555, pow_l1=inf, time=45665.3
iter=290, primal_obj=-2e+300, best_primal_obj=3733, dual_obj=3733.56, relaxed_primal=3719.52, relaxed_dual=3733.56, grad_l2=0.998872, infea_inf(ratio=max/min)=e^(120.182), int_gap=291.119, pow_l1=inf, time=45803
iter=291, primal_obj=3704.33, best_primal_obj=3733, dual_obj=3733.54, relaxed_primal=3731.24, relaxed_dual=3733.54, grad_l2=0.902059, infea_inf(ratio=max/min)=e^(121.609), int_gap=209.526, pow_l1=inf, time=45941.2
iter=292, primal_obj=3684.67, best_primal_obj=3733, dual_obj=3733.6, relaxed_primal=3728.99, relaxed_dual=3733.6, grad_l2=1.07278, infea_inf(ratio=max/min)=e^(120.005), int_gap=260.153, pow_l1=inf, time=46079.2
iter=293, primal_obj=3707, best_primal_obj=3733, dual_obj=3733.54, relaxed_primal=3725.01, relaxed_dual=3733.55, grad_l2=1.02623, infea_inf(ratio=max/min)=e^(121.609), int_gap=241.336, pow_l1=inf, time=46218
iter=294, primal_obj=3702.67, best_primal_obj=3733, dual_obj=3733.55, relaxed_primal=3726.39, relaxed_dual=3733.55, grad_l2=0.942516, infea_inf(ratio=max/min)=e^(120.033), int_gap=215.05, pow_l1=inf, time=46355.7
iter=295, primal_obj=3692.67, best_primal_obj=3733, dual_obj=3733.54, relaxed_primal=3729.01, relaxed_dual=3733.54, grad_l2=0.989095, infea_inf(ratio=max/min)=e^(121.609), int_gap=259.486, pow_l1=inf, time=46493.2
iter=296, primal_obj=-2e+300, best_primal_obj=3733, dual_obj=3733.55, relaxed_primal=3724.03, relaxed_dual=3733.56, grad_l2=0.911708, infea_inf(ratio=max/min)=e^(120.359), int_gap=276.975, pow_l1=inf, time=46630.4
iter=297, primal_obj=-2e+300, best_primal_obj=3733, dual_obj=3733.55, relaxed_primal=3711.83, relaxed_dual=3733.55, grad_l2=0.984076, infea_inf(ratio=max/min)=e^(121.609), int_gap=387.503, pow_l1=inf, time=46767.1
iter=298, primal_obj=3690.67, best_primal_obj=3733, dual_obj=3733.52, relaxed_primal=3724.45, relaxed_dual=3733.53, grad_l2=0.934536, infea_inf(ratio=max/min)=e^(120), int_gap=235.476, pow_l1=inf, time=46905.1
iter=299, primal_obj=3672.9, best_primal_obj=3733, dual_obj=3733.56, relaxed_primal=3727.29, relaxed_dual=3733.56, grad_l2=0.980943, infea_inf(ratio=max/min)=e^(121.609), int_gap=283.616, pow_l1=inf, time=47043.6
iter=300, primal_obj=-6e+300, best_primal_obj=3733, dual_obj=3733.61, relaxed_primal=3709.63, relaxed_dual=3733.62, grad_l2=1.19576, infea_inf(ratio=max/min)=e^(120.003), int_gap=420.075, pow_l1=inf, time=47180.7
iter=301, primal_obj=3698.67, best_primal_obj=3733, dual_obj=3733.52, relaxed_primal=3727.94, relaxed_dual=3733.53, grad_l2=1.04546, infea_inf(ratio=max/min)=e^(121.609), int_gap=230.25, pow_l1=inf, time=47318.3
iter=302, primal_obj=3691.67, best_primal_obj=3733, dual_obj=3733.54, relaxed_primal=3729.53, relaxed_dual=3733.54, grad_l2=0.904647, infea_inf(ratio=max/min)=e^(120.182), int_gap=221.186, pow_l1=inf, time=47455.4
iter=303, primal_obj=-2e+300, best_primal_obj=3733, dual_obj=3733.52, relaxed_primal=3724.95, relaxed_dual=3733.52, grad_l2=0.970293, infea_inf(ratio=max/min)=e^(121.609), int_gap=303.228, pow_l1=inf, time=47593.6
iter=304, primal_obj=3693.33, best_primal_obj=3733, dual_obj=3733.55, relaxed_primal=3726.19, relaxed_dual=3733.55, grad_l2=0.940088, infea_inf(ratio=max/min)=e^(120), int_gap=224.668, pow_l1=inf, time=47731.2
iter=305, primal_obj=3656.17, best_primal_obj=3733, dual_obj=3733.53, relaxed_primal=3721.66, relaxed_dual=3733.53, grad_l2=1.00085, infea_inf(ratio=max/min)=e^(121.609), int_gap=279.818, pow_l1=inf, time=47868.3
iter=306, primal_obj=3664.67, best_primal_obj=3733, dual_obj=3733.56, relaxed_primal=3714.96, relaxed_dual=3733.56, grad_l2=0.897927, infea_inf(ratio=max/min)=e^(120), int_gap=380.734, pow_l1=inf, time=48006.3
iter=307, primal_obj=3632.67, best_primal_obj=3733, dual_obj=3733.54, relaxed_primal=3718.42, relaxed_dual=3733.54, grad_l2=1.12506, infea_inf(ratio=max/min)=e^(121.609), int_gap=345.963, pow_l1=inf, time=48143.4
iter=308, primal_obj=-2e+300, best_primal_obj=3733, dual_obj=3733.54, relaxed_primal=3723.51, relaxed_dual=3733.55, grad_l2=0.95904, infea_inf(ratio=max/min)=e^(120.182), int_gap=271.23, pow_l1=inf, time=48281.5
iter=309, primal_obj=-2e+300, best_primal_obj=3733, dual_obj=3733.53, relaxed_primal=3726.24, relaxed_dual=3733.53, grad_l2=1.06591, infea_inf(ratio=max/min)=e^(121.609), int_gap=251.115, pow_l1=inf, time=48419.8
iter=310, primal_obj=-2e+300, best_primal_obj=3733, dual_obj=3733.56, relaxed_primal=3721.44, relaxed_dual=3733.56, grad_l2=1.13018, infea_inf(ratio=max/min)=e^(120.014), int_gap=333.683, pow_l1=inf, time=48558.2
iter=311, primal_obj=3672, best_primal_obj=3733, dual_obj=3733.53, relaxed_primal=3722.6, relaxed_dual=3733.54, grad_l2=0.932884, infea_inf(ratio=max/min)=e^(121.609), int_gap=278.015, pow_l1=inf, time=48696.5
iter=312, primal_obj=-2e+300, best_primal_obj=3733, dual_obj=3733.54, relaxed_primal=3717.64, relaxed_dual=3733.54, grad_l2=0.966995, infea_inf(ratio=max/min)=e^(120.001), int_gap=318.887, pow_l1=inf, time=48834.2
iter=313, primal_obj=3688.33, best_primal_obj=3733, dual_obj=3733.54, relaxed_primal=3723.65, relaxed_dual=3733.54, grad_l2=0.923493, infea_inf(ratio=max/min)=e^(121.609), int_gap=249.359, pow_l1=inf, time=48971
iter=314, primal_obj=-4e+300, best_primal_obj=3733, dual_obj=3733.58, relaxed_primal=3716.53, relaxed_dual=3733.58, grad_l2=0.967133, infea_inf(ratio=max/min)=e^(120.182), int_gap=353.959, pow_l1=inf, time=49107.8
iter=315, primal_obj=-2e+300, best_primal_obj=3733, dual_obj=3733.56, relaxed_primal=3724.89, relaxed_dual=3733.57, grad_l2=1.16777, infea_inf(ratio=max/min)=e^(121.609), int_gap=322.538, pow_l1=inf, time=49244.8
iter=316, primal_obj=-4e+300, best_primal_obj=3733, dual_obj=3733.59, relaxed_primal=3714.8, relaxed_dual=3733.6, grad_l2=0.925871, infea_inf(ratio=max/min)=e^(120), int_gap=379.499, pow_l1=inf, time=49381.8
iter=317, primal_obj=-2e+300, best_primal_obj=3733, dual_obj=3733.56, relaxed_primal=3728.64, relaxed_dual=3733.57, grad_l2=1.17789, infea_inf(ratio=max/min)=e^(121.609), int_gap=237.818, pow_l1=inf, time=49520.5
iter=318, primal_obj=-2e+300, best_primal_obj=3733, dual_obj=3733.55, relaxed_primal=3715.61, relaxed_dual=3733.56, grad_l2=0.904158, infea_inf(ratio=max/min)=e^(120), int_gap=351.182, pow_l1=inf, time=49659.3
iter=319, primal_obj=-2e+300, best_primal_obj=3733, dual_obj=3733.54, relaxed_primal=3723.16, relaxed_dual=3733.54, grad_l2=1.06711, infea_inf(ratio=max/min)=e^(121.609), int_gap=262.384, pow_l1=inf, time=49797.4
iter=320, primal_obj=3637.67, best_primal_obj=3733, dual_obj=3733.56, relaxed_primal=3715.94, relaxed_dual=3733.56, grad_l2=0.996462, infea_inf(ratio=max/min)=e^(120.47), int_gap=363.548, pow_l1=inf, time=49934.9
iter=321, primal_obj=-2e+300, best_primal_obj=3733, dual_obj=3733.54, relaxed_primal=3719.42, relaxed_dual=3733.55, grad_l2=0.977999, infea_inf(ratio=max/min)=e^(121.609), int_gap=311.404, pow_l1=inf, time=50073
iter=322, primal_obj=3681, best_primal_obj=3733, dual_obj=3733.56, relaxed_primal=3725.91, relaxed_dual=3733.57, grad_l2=1.05402, infea_inf(ratio=max/min)=e^(120.001), int_gap=290.972, pow_l1=inf, time=50211.2
iter=323, primal_obj=3707.67, best_primal_obj=3733, dual_obj=3733.51, relaxed_primal=3728.55, relaxed_dual=3733.52, grad_l2=1.03136, infea_inf(ratio=max/min)=e^(121.609), int_gap=211.834, pow_l1=inf, time=50348.5
iter=324, primal_obj=3675, best_primal_obj=3733, dual_obj=3733.53, relaxed_primal=3719.83, relaxed_dual=3733.54, grad_l2=0.918249, infea_inf(ratio=max/min)=e^(120), int_gap=262.96, pow_l1=inf, time=50485.6
iter=325, primal_obj=-2e+300, best_primal_obj=3733, dual_obj=3733.54, relaxed_primal=3721, relaxed_dual=3733.54, grad_l2=0.930565, infea_inf(ratio=max/min)=e^(121.609), int_gap=265.598, pow_l1=inf, time=50632.6
iter=326, primal_obj=3637.33, best_primal_obj=3733, dual_obj=3733.57, relaxed_primal=3717.27, relaxed_dual=3733.57, grad_l2=0.988412, infea_inf(ratio=max/min)=e^(121.459), int_gap=353.371, pow_l1=inf, time=50771.5
iter=327, primal_obj=3656.33, best_primal_obj=3733, dual_obj=3733.53, relaxed_primal=3727.58, relaxed_dual=3733.53, grad_l2=1.0323, infea_inf(ratio=max/min)=e^(121.609), int_gap=308.196, pow_l1=inf, time=50909.2
iter=328, primal_obj=3669.67, best_primal_obj=3733, dual_obj=3733.54, relaxed_primal=3721.33, relaxed_dual=3733.55, grad_l2=0.941545, infea_inf(ratio=max/min)=e^(120), int_gap=288.773, pow_l1=inf, time=51046.8
iter=329, primal_obj=3676, best_primal_obj=3733, dual_obj=3733.55, relaxed_primal=3723, relaxed_dual=3733.55, grad_l2=0.996099, infea_inf(ratio=max/min)=e^(121.609), int_gap=279.278, pow_l1=inf, time=51191.1
iter=330, primal_obj=3686.33, best_primal_obj=3733, dual_obj=3733.55, relaxed_primal=3724.94, relaxed_dual=3733.56, grad_l2=1.025, infea_inf(ratio=max/min)=e^(120.688), int_gap=252.4, pow_l1=inf, time=51328
iter=331, primal_obj=-2e+300, best_primal_obj=3733, dual_obj=3733.56, relaxed_primal=3722.1, relaxed_dual=3733.57, grad_l2=1.10799, infea_inf(ratio=max/min)=e^(121.609), int_gap=357.352, pow_l1=inf, time=51465
iter=332, primal_obj=3647.67, best_primal_obj=3733, dual_obj=3733.56, relaxed_primal=3718.74, relaxed_dual=3733.57, grad_l2=1.02325, infea_inf(ratio=max/min)=e^(120.182), int_gap=361.178, pow_l1=inf, time=51601.9
iter=333, primal_obj=3653.67, best_primal_obj=3733, dual_obj=3733.54, relaxed_primal=3718.22, relaxed_dual=3733.55, grad_l2=1.03107, infea_inf(ratio=max/min)=e^(121.609), int_gap=271.335, pow_l1=inf, time=51739.7
iter=334, primal_obj=-2e+300, best_primal_obj=3733, dual_obj=3733.54, relaxed_primal=3715.3, relaxed_dual=3733.55, grad_l2=0.913427, infea_inf(ratio=max/min)=e^(120), int_gap=411.516, pow_l1=inf, time=51876.9
iter=335, primal_obj=-2e+300, best_primal_obj=3733, dual_obj=3733.52, relaxed_primal=3726.16, relaxed_dual=3733.53, grad_l2=0.970306, infea_inf(ratio=max/min)=e^(121.609), int_gap=259.536, pow_l1=inf, time=52014.3
iter=336, primal_obj=3661.67, best_primal_obj=3733, dual_obj=3733.54, relaxed_primal=3718.75, relaxed_dual=3733.54, grad_l2=0.907276, infea_inf(ratio=max/min)=e^(120), int_gap=327.078, pow_l1=inf, time=52152
iter=337, primal_obj=3697.17, best_primal_obj=3733, dual_obj=3733.52, relaxed_primal=3728.99, relaxed_dual=3733.53, grad_l2=0.943646, infea_inf(ratio=max/min)=e^(121.609), int_gap=161.282, pow_l1=inf, time=52289.2
iter=338, primal_obj=-2e+300, best_primal_obj=3733, dual_obj=3733.54, relaxed_primal=3716.75, relaxed_dual=3733.55, grad_l2=0.894932, infea_inf(ratio=max/min)=e^(120.182), int_gap=334.813, pow_l1=inf, time=52427.1
iter=339, primal_obj=3651.67, best_primal_obj=3733, dual_obj=3733.55, relaxed_primal=3722.72, relaxed_dual=3733.55, grad_l2=1.03742, infea_inf(ratio=max/min)=e^(121.609), int_gap=285.978, pow_l1=inf, time=52566.7
iter=340, primal_obj=3593.67, best_primal_obj=3733, dual_obj=3733.56, relaxed_primal=3711.12, relaxed_dual=3733.57, grad_l2=1.03208, infea_inf(ratio=max/min)=e^(120.112), int_gap=443.625, pow_l1=inf, time=52707.7
iter=341, primal_obj=3710, best_primal_obj=3733, dual_obj=3733.54, relaxed_primal=3728.96, relaxed_dual=3733.54, grad_l2=0.983516, infea_inf(ratio=max/min)=e^(121.609), int_gap=209.445, pow_l1=inf, time=52846.6
iter=342, primal_obj=-4e+300, best_primal_obj=3733, dual_obj=3733.54, relaxed_primal=3716.5, relaxed_dual=3733.55, grad_l2=0.991622, infea_inf(ratio=max/min)=e^(120), int_gap=375.34, pow_l1=inf, time=52985.6
iter=343, primal_obj=3663.67, best_primal_obj=3733, dual_obj=3733.53, relaxed_primal=3722.09, relaxed_dual=3733.53, grad_l2=1.00935, infea_inf(ratio=max/min)=e^(121.609), int_gap=305.929, pow_l1=inf, time=53123.8
iter=344, primal_obj=3711.67, best_primal_obj=3733, dual_obj=3733.54, relaxed_primal=3730.3, relaxed_dual=3733.54, grad_l2=1.00511, infea_inf(ratio=max/min)=e^(120.182), int_gap=196.657, pow_l1=inf, time=53262.8
iter=345, primal_obj=-2e+300, best_primal_obj=3733, dual_obj=3733.57, relaxed_primal=3721.88, relaxed_dual=3733.58, grad_l2=1.10099, infea_inf(ratio=max/min)=e^(121.609), int_gap=365.573, pow_l1=inf, time=53401.7
iter=346, primal_obj=-2e+300, best_primal_obj=3733, dual_obj=3733.54, relaxed_primal=3720.17, relaxed_dual=3733.55, grad_l2=1.07826, infea_inf(ratio=max/min)=e^(120), int_gap=266.658, pow_l1=inf, time=53538.9
iter=347, primal_obj=3696, best_primal_obj=3733, dual_obj=3733.52, relaxed_primal=3727.96, relaxed_dual=3733.52, grad_l2=0.923177, infea_inf(ratio=max/min)=e^(121.609), int_gap=203.612, pow_l1=inf, time=53676.5
iter=348, primal_obj=3654.67, best_primal_obj=3733, dual_obj=3733.53, relaxed_primal=3721.11, relaxed_dual=3733.53, grad_l2=0.92473, infea_inf(ratio=max/min)=e^(120), int_gap=282.957, pow_l1=inf, time=53814.9
iter=349, primal_obj=3684.33, best_primal_obj=3733, dual_obj=3733.53, relaxed_primal=3728, relaxed_dual=3733.54, grad_l2=0.910144, infea_inf(ratio=max/min)=e^(121.609), int_gap=271.25, pow_l1=inf, time=53952.2
iter=350, primal_obj=-2e+300, best_primal_obj=3733, dual_obj=3733.53, relaxed_primal=3720.63, relaxed_dual=3733.53, grad_l2=1.05077, infea_inf(ratio=max/min)=e^(120.182), int_gap=299.26, pow_l1=inf, time=54090.9
iter=351, primal_obj=3651.17, best_primal_obj=3733, dual_obj=3733.56, relaxed_primal=3720.19, relaxed_dual=3733.56, grad_l2=0.928502, infea_inf(ratio=max/min)=e^(121.609), int_gap=322.546, pow_l1=inf, time=54229.8
iter=352, primal_obj=3620, best_primal_obj=3733, dual_obj=3733.58, relaxed_primal=3717.69, relaxed_dual=3733.59, grad_l2=1.09922, infea_inf(ratio=max/min)=e^(120.09), int_gap=382.958, pow_l1=inf, time=54379.5
iter=353, primal_obj=-2e+300, best_primal_obj=3733, dual_obj=3733.56, relaxed_primal=3689.52, relaxed_dual=3733.56, grad_l2=1.004, infea_inf(ratio=max/min)=e^(121.609), int_gap=533.903, pow_l1=inf, time=54516.4
iter=354, primal_obj=-2e+300, best_primal_obj=3733, dual_obj=3733.53, relaxed_primal=3729.57, relaxed_dual=3733.53, grad_l2=1.09545, infea_inf(ratio=max/min)=e^(120), int_gap=209.287, pow_l1=inf, time=54653.3
iter=355, primal_obj=-4e+300, best_primal_obj=3733, dual_obj=3733.53, relaxed_primal=3725.66, relaxed_dual=3733.53, grad_l2=0.957377, infea_inf(ratio=max/min)=e^(121.609), int_gap=257.649, pow_l1=inf, time=54795.6
iter=356, primal_obj=-4e+300, best_primal_obj=3733, dual_obj=3733.54, relaxed_primal=3717.94, relaxed_dual=3733.54, grad_l2=1.0114, infea_inf(ratio=max/min)=e^(120.182), int_gap=293.033, pow_l1=inf, time=54933.7
iter=357, primal_obj=-2e+300, best_primal_obj=3733, dual_obj=3733.51, relaxed_primal=3723.84, relaxed_dual=3733.52, grad_l2=0.981253, infea_inf(ratio=max/min)=e^(121.609), int_gap=273.05, pow_l1=inf, time=55071.9
iter=358, primal_obj=3661, best_primal_obj=3733, dual_obj=3733.54, relaxed_primal=3722.18, relaxed_dual=3733.54, grad_l2=0.923662, infea_inf(ratio=max/min)=e^(120), int_gap=331.437, pow_l1=inf, time=55209.5
iter=359, primal_obj=3607.17, best_primal_obj=3733, dual_obj=3733.53, relaxed_primal=3719, relaxed_dual=3733.54, grad_l2=0.955373, infea_inf(ratio=max/min)=e^(121.609), int_gap=365.305, pow_l1=inf, time=55347.6
iter=360, primal_obj=3614, best_primal_obj=3733, dual_obj=3733.53, relaxed_primal=3716.85, relaxed_dual=3733.53, grad_l2=0.95418, infea_inf(ratio=max/min)=e^(120.06), int_gap=294.855, pow_l1=inf, time=55486.1
iter=361, primal_obj=-2e+300, best_primal_obj=3733, dual_obj=3733.52, relaxed_primal=3725.44, relaxed_dual=3733.52, grad_l2=0.933375, infea_inf(ratio=max/min)=e^(121.609), int_gap=247.639, pow_l1=inf, time=55624.2
iter=362, primal_obj=3691.5, best_primal_obj=3733, dual_obj=3733.56, relaxed_primal=3725.78, relaxed_dual=3733.56, grad_l2=1.01642, infea_inf(ratio=max/min)=e^(120.182), int_gap=291.104, pow_l1=inf, time=55761.9
iter=363, primal_obj=3593, best_primal_obj=3733, dual_obj=3733.55, relaxed_primal=3709.41, relaxed_dual=3733.55, grad_l2=1.05446, infea_inf(ratio=max/min)=e^(121.609), int_gap=435.055, pow_l1=inf, time=55900.3
iter=364, primal_obj=3568.83, best_primal_obj=3733, dual_obj=3733.55, relaxed_primal=3702.56, relaxed_dual=3733.55, grad_l2=0.96788, infea_inf(ratio=max/min)=e^(120.353), int_gap=417.825, pow_l1=inf, time=56039
iter=365, primal_obj=3699, best_primal_obj=3733, dual_obj=3733.54, relaxed_primal=3724.25, relaxed_dual=3733.55, grad_l2=1.01077, infea_inf(ratio=max/min)=e^(121.609), int_gap=254.186, pow_l1=inf, time=56176.5
iter=366, primal_obj=-2e+300, best_primal_obj=3733, dual_obj=3733.54, relaxed_primal=3714.04, relaxed_dual=3733.55, grad_l2=1.0157, infea_inf(ratio=max/min)=e^(120.379), int_gap=369.486, pow_l1=inf, time=56313.5
iter=367, primal_obj=3691.67, best_primal_obj=3733, dual_obj=3733.53, relaxed_primal=3726.77, relaxed_dual=3733.53, grad_l2=0.990317, infea_inf(ratio=max/min)=e^(121.609), int_gap=238.079, pow_l1=inf, time=56450.8
iter=368, primal_obj=3673, best_primal_obj=3733, dual_obj=3733.53, relaxed_primal=3726.22, relaxed_dual=3733.53, grad_l2=0.946272, infea_inf(ratio=max/min)=e^(120.671), int_gap=223.121, pow_l1=inf, time=56588.7
iter=369, primal_obj=-2e+300, best_primal_obj=3733, dual_obj=3733.52, relaxed_primal=3724.04, relaxed_dual=3733.52, grad_l2=0.945824, infea_inf(ratio=max/min)=e^(121.609), int_gap=263.327, pow_l1=inf, time=56726.4
iter=370, primal_obj=-2e+300, best_primal_obj=3733, dual_obj=3733.53, relaxed_primal=3720.29, relaxed_dual=3733.54, grad_l2=1.03265, infea_inf(ratio=max/min)=e^(120.587), int_gap=270.248, pow_l1=inf, time=56864.4
iter=371, primal_obj=-6e+300, best_primal_obj=3733, dual_obj=3733.54, relaxed_primal=3715.19, relaxed_dual=3733.55, grad_l2=0.938751, infea_inf(ratio=max/min)=e^(121.609), int_gap=391.664, pow_l1=inf, time=57001.6
iter=372, primal_obj=3656.67, best_primal_obj=3733, dual_obj=3733.54, relaxed_primal=3720.67, relaxed_dual=3733.55, grad_l2=1.07506, infea_inf(ratio=max/min)=e^(120.064), int_gap=347.674, pow_l1=inf, time=57140
iter=373, primal_obj=3684, best_primal_obj=3733, dual_obj=3733.52, relaxed_primal=3723.88, relaxed_dual=3733.52, grad_l2=0.903674, infea_inf(ratio=max/min)=e^(121.609), int_gap=201.393, pow_l1=inf, time=57278.7
iter=374, primal_obj=3709.67, best_primal_obj=3733, dual_obj=3733.53, relaxed_primal=3727.04, relaxed_dual=3733.53, grad_l2=0.991281, infea_inf(ratio=max/min)=e^(120.182), int_gap=162.051, pow_l1=inf, time=57418.1
iter=375, primal_obj=-2e+300, best_primal_obj=3733, dual_obj=3733.53, relaxed_primal=3721.69, relaxed_dual=3733.53, grad_l2=0.918, infea_inf(ratio=max/min)=e^(121.609), int_gap=335.379, pow_l1=inf, time=57556.8
iter=376, primal_obj=3612.33, best_primal_obj=3733, dual_obj=3733.55, relaxed_primal=3709.02, relaxed_dual=3733.55, grad_l2=1.04329, infea_inf(ratio=max/min)=e^(120), int_gap=335.318, pow_l1=inf, time=57708.3
iter=377, primal_obj=3588, best_primal_obj=3733, dual_obj=3733.54, relaxed_primal=3709, relaxed_dual=3733.55, grad_l2=0.945708, infea_inf(ratio=max/min)=e^(121.609), int_gap=415.284, pow_l1=inf, time=57846.6
iter=378, primal_obj=3669.33, best_primal_obj=3733, dual_obj=3733.54, relaxed_primal=3720.86, relaxed_dual=3733.54, grad_l2=1.04628, infea_inf(ratio=max/min)=e^(121.785), int_gap=277.528, pow_l1=inf, time=57984.1
iter=379, primal_obj=-2e+300, best_primal_obj=3733, dual_obj=3733.54, relaxed_primal=3721.56, relaxed_dual=3733.54, grad_l2=1.17045, infea_inf(ratio=max/min)=e^(121.609), int_gap=331.99, pow_l1=inf, time=58121.1
iter=380, primal_obj=3563.57, best_primal_obj=3733, dual_obj=3733.53, relaxed_primal=3708.92, relaxed_dual=3733.54, grad_l2=1.04084, infea_inf(ratio=max/min)=e^(120.182), int_gap=432.249, pow_l1=inf, time=58259.7
iter=381, primal_obj=3681, best_primal_obj=3733, dual_obj=3733.52, relaxed_primal=3724.22, relaxed_dual=3733.52, grad_l2=0.893991, infea_inf(ratio=max/min)=e^(121.609), int_gap=193.479, pow_l1=inf, time=58397.1
iter=382, primal_obj=3614.67, best_primal_obj=3733, dual_obj=3733.54, relaxed_primal=3704.66, relaxed_dual=3733.55, grad_l2=0.926985, infea_inf(ratio=max/min)=e^(120.014), int_gap=397.594, pow_l1=inf, time=58574.2
iter=383, primal_obj=3678, best_primal_obj=3733, dual_obj=3733.52, relaxed_primal=3725.32, relaxed_dual=3733.52, grad_l2=1.04415, infea_inf(ratio=max/min)=e^(121.609), int_gap=230.902, pow_l1=inf, time=58712.4
iter=384, primal_obj=3641, best_primal_obj=3733, dual_obj=3733.53, relaxed_primal=3720.47, relaxed_dual=3733.54, grad_l2=0.941653, infea_inf(ratio=max/min)=e^(120.002), int_gap=321.813, pow_l1=inf, time=58850.4
iter=385, primal_obj=-2e+300, best_primal_obj=3733, dual_obj=3733.54, relaxed_primal=3717.18, relaxed_dual=3733.54, grad_l2=0.917587, infea_inf(ratio=max/min)=e^(121.609), int_gap=337.548, pow_l1=inf, time=58988
iter=386, primal_obj=3571.33, best_primal_obj=3733, dual_obj=3733.57, relaxed_primal=3709.01, relaxed_dual=3733.57, grad_l2=1.05146, infea_inf(ratio=max/min)=e^(120.182), int_gap=421.294, pow_l1=inf, time=59125.9
iter=387, primal_obj=3662.67, best_primal_obj=3733, dual_obj=3733.58, relaxed_primal=3717.8, relaxed_dual=3733.59, grad_l2=1.13764, infea_inf(ratio=max/min)=e^(121.609), int_gap=341.695, pow_l1=inf, time=59263.3
iter=388, primal_obj=3690, best_primal_obj=3733, dual_obj=3733.52, relaxed_primal=3724.03, relaxed_dual=3733.53, grad_l2=0.981037, infea_inf(ratio=max/min)=e^(120.365), int_gap=235.547, pow_l1=inf, time=59400.6
iter=389, primal_obj=3708, best_primal_obj=3733, dual_obj=3733.52, relaxed_primal=3728.07, relaxed_dual=3733.53, grad_l2=0.924276, infea_inf(ratio=max/min)=e^(121.609), int_gap=161.685, pow_l1=inf, time=59538.2
iter=390, primal_obj=3621, best_primal_obj=3733, dual_obj=3733.54, relaxed_primal=3711.05, relaxed_dual=3733.55, grad_l2=0.932141, infea_inf(ratio=max/min)=e^(120.004), int_gap=388.787, pow_l1=inf, time=59676.7
iter=391, primal_obj=3640.33, best_primal_obj=3733, dual_obj=3733.57, relaxed_primal=3711.98, relaxed_dual=3733.57, grad_l2=1.05487, infea_inf(ratio=max/min)=e^(121.609), int_gap=366.148, pow_l1=inf, time=59813.7
iter=392, primal_obj=3653.17, best_primal_obj=3733, dual_obj=3733.55, relaxed_primal=3719.16, relaxed_dual=3733.56, grad_l2=1.17591, infea_inf(ratio=max/min)=e^(121.411), int_gap=281.731, pow_l1=inf, time=59950.8
iter=393, primal_obj=-4e+300, best_primal_obj=3733, dual_obj=3733.54, relaxed_primal=3715.07, relaxed_dual=3733.54, grad_l2=1.01721, infea_inf(ratio=max/min)=e^(121.609), int_gap=321.973, pow_l1=inf, time=60087.7
iter=394, primal_obj=3668.33, best_primal_obj=3733, dual_obj=3733.54, relaxed_primal=3714.56, relaxed_dual=3733.54, grad_l2=0.961299, infea_inf(ratio=max/min)=e^(120), int_gap=336.968, pow_l1=inf, time=60225.9
iter=395, primal_obj=3669, best_primal_obj=3733, dual_obj=3733.52, relaxed_primal=3725.26, relaxed_dual=3733.52, grad_l2=0.948047, infea_inf(ratio=max/min)=e^(121.609), int_gap=225.642, pow_l1=inf, time=60363.9
iter=396, primal_obj=3623, best_primal_obj=3733, dual_obj=3733.57, relaxed_primal=3714.76, relaxed_dual=3733.57, grad_l2=0.96824, infea_inf(ratio=max/min)=e^(120), int_gap=357.064, pow_l1=inf, time=60501.6
iter=397, primal_obj=3657.33, best_primal_obj=3733, dual_obj=3733.55, relaxed_primal=3717.21, relaxed_dual=3733.56, grad_l2=1.1761, infea_inf(ratio=max/min)=e^(121.609), int_gap=312.647, pow_l1=inf, time=60638.4
iter=398, primal_obj=-2e+300, best_primal_obj=3733, dual_obj=3733.55, relaxed_primal=3710.63, relaxed_dual=3733.56, grad_l2=0.987733, infea_inf(ratio=max/min)=e^(120.182), int_gap=414.008, pow_l1=inf, time=60776.4
iter=399, primal_obj=3692, best_primal_obj=3733, dual_obj=3733.52, relaxed_primal=3730.06, relaxed_dual=3733.53, grad_l2=1.04558, infea_inf(ratio=max/min)=e^(121.609), int_gap=205.875, pow_l1=inf, time=60913.4
iter=400, primal_obj=-2e+300, best_primal_obj=3733, dual_obj=3733.52, relaxed_primal=3708.08, relaxed_dual=3733.52, grad_l2=0.971934, infea_inf(ratio=max/min)=e^(120.431), int_gap=349.944, pow_l1=inf, time=61051.6
iter=401, primal_obj=3695, best_primal_obj=3733, dual_obj=3733.57, relaxed_primal=3721.17, relaxed_dual=3733.58, grad_l2=0.989624, infea_inf(ratio=max/min)=e^(121.609), int_gap=285.458, pow_l1=inf, time=61208.6
iter=402, primal_obj=-2e+300, best_primal_obj=3733, dual_obj=3733.58, relaxed_primal=3713.04, relaxed_dual=3733.59, grad_l2=1.19999, infea_inf(ratio=max/min)=e^(120.004), int_gap=398.687, pow_l1=inf, time=61347.7
iter=403, primal_obj=-4e+300, best_primal_obj=3733, dual_obj=3733.53, relaxed_primal=3711.98, relaxed_dual=3733.54, grad_l2=0.981171, infea_inf(ratio=max/min)=e^(121.609), int_gap=399.637, pow_l1=inf, time=61485.9
iter=404, primal_obj=3634.67, best_primal_obj=3733, dual_obj=3733.52, relaxed_primal=3710.83, relaxed_dual=3733.53, grad_l2=0.948133, infea_inf(ratio=max/min)=e^(120.182), int_gap=303.375, pow_l1=inf, time=61624.2
