Read 85 multi-variables and 731 factors.
Creating factor XOR...
Creating factor XOR...
Creating factor XOR...
Creating factor XOR...
Creating factor XOR...
Creating factor XOR...
Creating factor XOR...
Creating factor XOR...
Creating factor XOR...
Creating factor XOR...
Creating factor XOR...
Creating factor XOR...
Creating factor XOR...
Creating factor XOR...
Creating factor XOR...
Creating factor XOR...
Creating factor XOR...
Creating factor XOR...
Creating factor XOR...
Creating factor XOR...
Creating factor XOR...
Creating factor XOR...
Creating factor XOR...
Creating factor XOR...
Creating factor XOR...
Creating factor XOR...
Creating factor XOR...
Creating factor XOR...
Creating factor XOR...
Creating factor XOR...
Creating factor XOR...
Creating factor XOR...
Creating factor XOR...
Creating factor XOR...
Creating factor XOR...
Creating factor XOR...
Creating factor XOR...
Creating factor XOR...
Creating factor XOR...
Creating factor XOR...
Creating factor XOR...
Creating factor XOR...
Creating factor XOR...
Creating factor XOR...
Creating factor XOR...
Creating factor XOR...
Creating factor XOR...
Creating factor XOR...
Creating factor XOR...
Creating factor XOR...
Creating factor XOR...
Creating factor XOR...
Creating factor XOR...
Creating factor XOR...
Creating factor XOR...
Creating factor XOR...
Creating factor XOR...
Creating factor XOR...
Creating factor XOR...
Creating factor XOR...
Creating factor XOR...
Creating factor XOR...
Creating factor XOR...
Creating factor XOR...
Creating factor XOR...
Creating factor XOR...
Creating factor XOR...
Creating factor XOR...
Creating factor XOR...
Creating factor XOR...
Creating factor XOR...
Creating factor XOR...
Creating factor XOR...
Creating factor XOR...
Creating factor XOR...
Creating factor XOR...
Creating factor XOR...
Creating factor XOR...
Creating factor XOR...
Creating factor XOR...
Creating factor XOR...
Creating factor XOR...
Creating factor XOR...
Creating factor XOR...
Creating factor XOR...
Running 100000 iterations of ad3 (eta = 0.1)...
Iteration = 0	Dual obj = 1711.3	Primal rel obj = 1691.4	Primal obj = 1709	Dual residual = 0.499718	Primal residual = 0.00376114	Best dual obj = 1711.3	Best primal rel obj = 1691.4	Best primal obj = 1709	Cached factors = 0	eta = 0.1	Changed eta = true	Time = 64.661 sec.
Iteration = 1	Dual obj = 1711.2	Primal rel obj = 1709.99	Primal obj = 1709	Dual residual = 0.00843771	Primal residual = 0.00237967	Best dual obj = 1711.2	Best primal rel obj = 1709.99	Best primal obj = 1709	Cached factors = 0	eta = 0.05	Changed eta = true	Time = 90.082 sec.
Iteration = 2	Dual obj = 1711.09	Primal rel obj = 1710.9	Primal obj = 1711	Dual residual = 0.00268984	Primal residual = 0.001249	Best dual obj = 1711.09	Best primal rel obj = 1710.9	Best primal obj = 1711	Cached factors = 0	eta = 0.05	Changed eta = false	Time = 111.885 sec.
Iteration = 3	Dual obj = 1711.09	Primal rel obj = 1711	Primal obj = 1711	Dual residual = 0.00120265	Primal residual = 0.00082921	Best dual obj = 1711.09	Best primal rel obj = 1711	Best primal obj = 1711	Cached factors = 0.615595	eta = 0.05	Changed eta = false	Time = 127.223 sec.
Iteration = 4	Dual obj = 1711.06	Primal rel obj = 1711	Primal obj = 1711	Dual residual = 0.000647534	Primal residual = 0.000677428	Best dual obj = 1711.06	Best primal rel obj = 1711	Best primal obj = 1711	Cached factors = 0.834473	eta = 0.05	Changed eta = false	Time = 140.139 sec.
Iteration = 5	Dual obj = 1711.05	Primal rel obj = 1711	Primal obj = 1711	Dual residual = 0.000415935	Primal residual = 0.000563973	Best dual obj = 1711.05	Best primal rel obj = 1711	Best primal obj = 1711	Cached factors = 0.957592	eta = 0.05	Changed eta = false	Time = 151.49 sec.
Iteration = 6	Dual obj = 1711.03	Primal rel obj = 1711	Primal obj = 1711	Dual residual = 0.000358606	Primal residual = 0.000464621	Best dual obj = 1711.03	Best primal rel obj = 1711	Best primal obj = 1711	Cached factors = 0.957592	eta = 0.05	Changed eta = false	Time = 163.126 sec.
Iteration = 7	Dual obj = 1711.01	Primal rel obj = 1711	Primal obj = 1711	Dual residual = 0.000323065	Primal residual = 0.000419605	Best dual obj = 1711.01	Best primal rel obj = 1711	Best primal obj = 1711	Cached factors = 0.957592	eta = 0.05	Changed eta = false	Time = 174.679 sec.
Iteration = 8	Dual obj = 1711.01	Primal rel obj = 1711	Primal obj = 1711	Dual residual = 0.000252118	Primal residual = 0.000365761	Best dual obj = 1711.01	Best primal rel obj = 1711	Best primal obj = 1711	Cached factors = 0.957592	eta = 0.05	Changed eta = false	Time = 185.978 sec.
Iteration = 9	Dual obj = 1711.01	Primal rel obj = 1711	Primal obj = 1711	Dual residual = 0.000246287	Primal residual = 0.000330764	Best dual obj = 1711.01	Best primal rel obj = 1711	Best primal obj = 1711	Cached factors = 0.957592	eta = 0.05	Changed eta = false	Time = 197.381 sec.
Iteration = 10	Dual obj = 1711.01	Primal rel obj = 1711	Primal obj = 1711	Dual residual = 0.000240241	Primal residual = 0.00029415	Best dual obj = 1711.01	Best primal rel obj = 1711	Best primal obj = 1711	Cached factors = 0.957592	eta = 0.05	Changed eta = false	Time = 208.522 sec.
Iteration = 11	Dual obj = 1711	Primal rel obj = 1711	Primal obj = 1711	Dual residual = 0.000240548	Primal residual = 0.000277187	Best dual obj = 1711	Best primal rel obj = 1711	Best primal obj = 1711	Cached factors = 0.957592	eta = 0.05	Changed eta = false	Time = 220.002 sec.
Iteration = 12	Dual obj = 1711	Primal rel obj = 1711	Primal obj = 1711	Dual residual = 0.000234805	Primal residual = 0.000250555	Best dual obj = 1711	Best primal rel obj = 1711	Best primal obj = 1711	Cached factors = 0.957592	eta = 0.05	Changed eta = false	Time = 231.744 sec.
Iteration = 13	Dual obj = 1711	Primal rel obj = 1711	Primal obj = 1711	Dual residual = 0.000230893	Primal residual = 0.000235467	Best dual obj = 1711	Best primal rel obj = 1711	Best primal obj = 1711	Cached factors = 0.957592	eta = 0.05	Changed eta = false	Time = 243.203 sec.
Iteration = 14	Dual obj = 1711	Primal rel obj = 1711	Primal obj = 1711	Dual residual = 0.000202951	Primal residual = 0.000202952	Best dual obj = 1711	Best primal rel obj = 1711	Best primal obj = 1711	Cached factors = 0.957592	eta = 0.05	Changed eta = false	Time = 254.342 sec.
Iteration = 15	Dual obj = 1711	Primal rel obj = 1711	Primal obj = 1711	Dual residual = 0.000204714	Primal residual = 0.000171682	Best dual obj = 1711	Best primal rel obj = 1711	Best primal obj = 1711	Cached factors = 0.957592	eta = 0.05	Changed eta = false	Time = 265.368 sec.
Iteration = 16	Dual obj = 1711	Primal rel obj = 1711	Primal obj = 1711	Dual residual = 0.000200787	Primal residual = 0.00014514	Best dual obj = 1711	Best primal rel obj = 1711	Best primal obj = 1711	Cached factors = 0.957592	eta = 0.05	Changed eta = false	Time = 276.294 sec.
Iteration = 17	Dual obj = 1711	Primal rel obj = 1711	Primal obj = 1711	Dual residual = 0.000194411	Primal residual = 0.000108048	Best dual obj = 1711	Best primal rel obj = 1711	Best primal obj = 1711	Cached factors = 0.957592	eta = 0.05	Changed eta = false	Time = 287.194 sec.
Iteration = 18	Dual obj = 1711	Primal rel obj = 1711	Primal obj = 1711	Dual residual = 0.00019132	Primal residual = 7.2804e-05	Best dual obj = 1711	Best primal rel obj = 1711	Best primal obj = 1711	Cached factors = 0.957592	eta = 0.05	Changed eta = false	Time = 298.466 sec.
Iteration = 19	Dual obj = 1711	Primal rel obj = 1711	Primal obj = 1711	Dual residual = 0.000186782	Primal residual = 4.12025e-05	Best dual obj = 1711	Best primal rel obj = 1711	Best primal obj = 1711	Cached factors = 0.957592	eta = 0.05	Changed eta = false	Time = 309.535 sec.
Iteration = 20	Dual obj = 1711	Primal rel obj = 1711	Primal obj = 1711	Dual residual = 0.000121928	Primal residual = 5.24937e-06	Best dual obj = 1711	Best primal rel obj = 1711	Best primal obj = 1711	Cached factors = 0.957592	eta = 0.05	Changed eta = false	Time = 320.234 sec.
Iteration = 21	Dual obj = 1711	Primal rel obj = 1711	Primal obj = 1711	Dual residual = 1.78727e-06	Primal residual = 3.86565e-07	Best dual obj = 1711	Best primal rel obj = 1711	Best primal obj = 1711	Cached factors = 0	eta = 0.025	Changed eta = true	Time = 343.505 sec.
Iteration = 22	Dual obj = 1711	Primal rel obj = 1711	Primal obj = 1711	Dual residual = 1.13992e-07	Primal residual = 6.63769e-14	Best dual obj = 1711	Best primal rel obj = 1711	Best primal obj = 1711	Cached factors = 0	eta = 0.025	Changed eta = false	Time = 363.868 sec.
Solution value after 22 iterations (AD3) = 1711
Took 364.605 sec.
Solution is fractional.
Elapsed time: 364.615 sec.
