reading loguai file ../../../data//107network.loguai2
#factors=731
reading function tables.done reading loguai file
normalizing #tables=86
done normalizing
prob.N=1
prob.N=1
param.rho=0.0025
param.eta=1
#nodes=85, #edges=646
largest=-0, smallest=-32, width=32
best primal obj updated to 1678.27
iter=0, funcval=678.491, (-rel_score_t)=1711, decoded_t=1678.27, best_decoded=1678.27, dinf=1.66533e-16, p_inf=1, countdown=0, uni_act_size=1, area1=1, area23=2, area4=0.0619195, bi_act_size=1, bi_ever_nnz_msg=1, uni_search=0.0015504, uni_subsolve=0.000356337, bi_search=0.00141491, bi_subsolve=0.000681835, maintain=0.000403822, construct=0.00925558, overall time=0.502899
largest=-0, smallest=-32, width=32
best primal obj updated to 1687.6
iter=1, funcval=679.128, (-rel_score_t)=1711, decoded_t=1687.6, best_decoded=1687.6, dinf=0.0253061, p_inf=0.904762, countdown=0, uni_act_size=1.01765, area1=1.09443, area23=1.09443, area4=0.0309598, bi_act_size=1.03715, bi_ever_nnz_msg=1.03715, uni_search=0.00302496, uni_subsolve=0.00045069, bi_search=0.00215627, bi_subsolve=0.00120166, maintain=0.000807021, construct=0.00925558, overall time=0.513073
largest=-0, smallest=-32, width=32
iter=2, funcval=679.338, (-rel_score_t)=1711, decoded_t=1683.6, best_decoded=1687.6, dinf=0.0246471, p_inf=0.802721, countdown=0, uni_act_size=1.04314, area1=1.21775, area23=0.872033, area4=0.0206398, bi_act_size=1.0743, bi_ever_nnz_msg=1.07534, uni_search=0.00431605, uni_subsolve=0.000535413, bi_search=0.00285747, bi_subsolve=0.00172554, maintain=0.00118464, construct=0.00925558, overall time=0.522789
largest=-0, smallest=-32, width=32
best primal obj updated to 1697
iter=3, funcval=679.336, (-rel_score_t)=1711, decoded_t=1697, best_decoded=1697, dinf=0.0286615, p_inf=0.787726, countdown=0, uni_act_size=1.06765, area1=1.36146, area23=0.79644, area4=0.0154799, bi_act_size=1.10449, bi_ever_nnz_msg=1.10913, uni_search=0.00560756, uni_subsolve=0.000622367, bi_search=0.00356286, bi_subsolve=0.00223755, maintain=0.00157541, construct=0.00925558, overall time=0.532518
largest=-0, smallest=-32, width=32
best primal obj updated to 1701
iter=4, funcval=679.524, (-rel_score_t)=1711, decoded_t=1701, best_decoded=1701, dinf=0.0174009, p_inf=0.90394, countdown=0, uni_act_size=1.08235, area1=1.50588, area23=0.786378, area4=0.0123839, bi_act_size=1.1356, bi_ever_nnz_msg=1.14056, uni_search=0.00691381, uni_subsolve=0.00070953, bi_search=0.00429048, bi_subsolve=0.00276424, maintain=0.00195479, construct=0.00925558, overall time=0.542294
largest=-0, smallest=-32, width=32
iter=5, funcval=679.683, (-rel_score_t)=1711, decoded_t=1699, best_decoded=1701, dinf=0.0138645, p_inf=0.865706, countdown=0, uni_act_size=1.09804, area1=1.6388, area23=0.799794, area4=0.0103199, bi_act_size=1.16821, bi_ever_nnz_msg=1.17183, uni_search=0.00834871, uni_subsolve=0.000798924, bi_search=0.00502164, bi_subsolve=0.00330165, maintain=0.00233899, construct=0.00925558, overall time=0.552374
largest=-0, smallest=-32, width=32
best primal obj updated to 1705
iter=6, funcval=679.818, (-rel_score_t)=1711, decoded_t=1705, best_decoded=1705, dinf=0.00930934, p_inf=0.660462, countdown=0, uni_act_size=1.10924, area1=1.77178, area23=0.83149, area4=0.00884564, bi_act_size=1.19284, bi_ever_nnz_msg=1.20301, uni_search=0.00966487, uni_subsolve=0.000888889, bi_search=0.00575953, bi_subsolve=0.00382985, maintain=0.00272172, construct=0.00925558, overall time=0.562523
largest=-0, smallest=-32, width=32
best primal obj updated to 1707
iter=7, funcval=679.95, (-rel_score_t)=1710.8, decoded_t=1707, best_decoded=1707, dinf=0.00612677, p_inf=0.610067, countdown=0, uni_act_size=1.11912, area1=1.91834, area23=0.87887, area4=0.00773994, bi_act_size=1.21711, bi_ever_nnz_msg=1.23297, uni_search=0.0111414, uni_subsolve=0.000982341, bi_search=0.00651648, bi_subsolve=0.00437364, maintain=0.00312093, construct=0.00925558, overall time=0.572884
largest=-0, smallest=-32, width=32
iter=8, funcval=680.096, (-rel_score_t)=1710.99, decoded_t=1707, best_decoded=1707, dinf=0.00570593, p_inf=0.65028, countdown=0, uni_act_size=1.1281, area1=2.07396, area23=0.937736, area4=0.00687994, bi_act_size=1.23908, bi_ever_nnz_msg=1.26247, uni_search=0.0124563, uni_subsolve=0.00106839, bi_search=0.00728093, bi_subsolve=0.00491197, maintain=0.00350296, construct=0.00925558, overall time=0.582753
largest=-0, smallest=-32, width=32
iter=9, funcval=680.209, (-rel_score_t)=1710.81, decoded_t=1707, best_decoded=1707, dinf=0.0050923, p_inf=0.699878, countdown=0, uni_act_size=1.13412, area1=2.23282, area23=0.997523, area4=0.00619195, bi_act_size=1.25913, bi_ever_nnz_msg=1.29071, uni_search=0.013786, uni_subsolve=0.00114976, bi_search=0.00802418, bi_subsolve=0.00544003, maintain=0.00390922, construct=0.00925558, overall time=0.592585
largest=-0, smallest=-32, width=32
iter=10, funcval=680.326, (-rel_score_t)=1710.97, decoded_t=1707, best_decoded=1707, dinf=0.00485325, p_inf=0.574204, countdown=0, uni_act_size=1.14118, area1=2.39882, area23=1.06192, area4=0.00562905, bi_act_size=1.2792, bi_ever_nnz_msg=1.3186, uni_search=0.0150515, uni_subsolve=0.00123714, bi_search=0.00877931, bi_subsolve=0.00600883, maintain=0.00429636, construct=0.00925558, overall time=0.602452
largest=-0, smallest=-32, width=32
best primal obj updated to 1709
iter=11, funcval=680.421, (-rel_score_t)=1710.98, decoded_t=1709, best_decoded=1709, dinf=0.00421103, p_inf=0.557923, countdown=0, uni_act_size=1.14902, area1=2.57069, area23=1.12203, area4=0.00515996, bi_act_size=1.29979, bi_ever_nnz_msg=1.34443, uni_search=0.0163993, uni_subsolve=0.00131885, bi_search=0.00954346, bi_subsolve=0.00653669, maintain=0.00471177, construct=0.00925558, overall time=0.612372
largest=-0, smallest=-32, width=32
iter=12, funcval=680.516, (-rel_score_t)=1710.99, decoded_t=1709, best_decoded=1709, dinf=0.00353782, p_inf=0.600417, countdown=0, uni_act_size=1.15294, area1=2.74923, area23=1.18266, area4=0.00476304, bi_act_size=1.31865, bi_ever_nnz_msg=1.37009, uni_search=0.0178267, uni_subsolve=0.00140922, bi_search=0.0103314, bi_subsolve=0.00709855, maintain=0.00511636, construct=0.00925558, overall time=0.622737
largest=-0, smallest=-32, width=32
iter=13, funcval=680.613, (-rel_score_t)=1710.99, decoded_t=1709, best_decoded=1709, dinf=0.00383415, p_inf=0.590966, countdown=0, uni_act_size=1.15882, area1=2.9226, area23=1.24525, area4=0.00442282, bi_act_size=1.33503, bi_ever_nnz_msg=1.39474, uni_search=0.0191996, uni_subsolve=0.00149212, bi_search=0.0111206, bi_subsolve=0.00764082, maintain=0.00551887, construct=0.00925558, overall time=0.633028
largest=-0, smallest=-32, width=32
iter=14, funcval=680.725, (-rel_score_t)=1710.99, decoded_t=1709, best_decoded=1709, dinf=0.00381602, p_inf=0.55805, countdown=0, uni_act_size=1.16471, area1=3.09082, area23=1.30733, area4=0.00412797, bi_act_size=1.34613, bi_ever_nnz_msg=1.41858, uni_search=0.0205548, uni_subsolve=0.00157943, bi_search=0.0119206, bi_subsolve=0.00817678, maintain=0.00590711, construct=0.00925558, overall time=0.643266
largest=-0, smallest=-32, width=32
iter=15, funcval=680.826, (-rel_score_t)=1710.99, decoded_t=1709, best_decoded=1709, dinf=0.00375391, p_inf=0.466927, countdown=0, uni_act_size=1.16912, area1=3.25193, area23=1.36049, area4=0.00386997, bi_act_size=1.35526, bi_ever_nnz_msg=1.4406, uni_search=0.0218475, uni_subsolve=0.00166212, bi_search=0.0127124, bi_subsolve=0.008711, maintain=0.00629509, construct=0.00925558, overall time=0.653097
largest=-0, smallest=-32, width=32
iter=16, funcval=680.92, (-rel_score_t)=1710.99, decoded_t=1709, best_decoded=1709, dinf=0.00395321, p_inf=0.484639, countdown=0, uni_act_size=1.17301, area1=3.40539, area23=1.42123, area4=0.00364232, bi_act_size=1.36296, bi_ever_nnz_msg=1.46221, uni_search=0.0231165, uni_subsolve=0.00175194, bi_search=0.0134944, bi_subsolve=0.00924243, maintain=0.00667992, construct=0.00925558, overall time=0.663097
largest=-0, smallest=-32, width=32
iter=17, funcval=681.014, (-rel_score_t)=1710.99, decoded_t=1709, best_decoded=1709, dinf=0.00456565, p_inf=0.533662, countdown=0, uni_act_size=1.17516, area1=3.55384, area23=1.473, area4=0.00343997, bi_act_size=1.36928, bi_ever_nnz_msg=1.48297, uni_search=0.0245397, uni_subsolve=0.00183498, bi_search=0.0142858, bi_subsolve=0.00978748, maintain=0.0070683, construct=0.00925558, overall time=0.673361
largest=-0, smallest=-32, width=32
iter=18, funcval=681.108, (-rel_score_t)=1710.99, decoded_t=1709, best_decoded=1709, dinf=0.00504793, p_inf=0.517236, countdown=0, uni_act_size=1.17709, area1=3.69643, area23=1.52729, area4=0.00325892, bi_act_size=1.37494, bi_ever_nnz_msg=1.50301, uni_search=0.0258675, uni_subsolve=0.0019206, bi_search=0.0150723, bi_subsolve=0.0103095, maintain=0.00745474, construct=0.00925558, overall time=0.683138
largest=-0, smallest=-32, width=32
iter=19, funcval=681.204, (-rel_score_t)=1710.99, decoded_t=1709, best_decoded=1709, dinf=0.00532243, p_inf=0.5045, countdown=0, uni_act_size=1.17824, area1=3.83483, area23=1.57585, area4=0.00309598, bi_act_size=1.37972, bi_ever_nnz_msg=1.5226, uni_search=0.0271235, uni_subsolve=0.00199869, bi_search=0.0158907, bi_subsolve=0.0108337, maintain=0.00784228, construct=0.00925558, overall time=0.692793
largest=-0, smallest=-32, width=32
iter=20, funcval=681.3, (-rel_score_t)=1710.99, decoded_t=1709, best_decoded=1709, dinf=0.0057349, p_inf=0.448638, countdown=0, uni_act_size=1.17983, area1=3.97391, area23=1.62701, area4=0.00294855, bi_act_size=1.38493, bi_ever_nnz_msg=1.5415, uni_search=0.0283916, uni_subsolve=0.00208166, bi_search=0.0167305, bi_subsolve=0.011381, maintain=0.00823298, construct=0.00925558, overall time=0.703246
largest=-0, smallest=-32, width=32
iter=21, funcval=681.389, (-rel_score_t)=1710.99, decoded_t=1709, best_decoded=1709, dinf=0.00526996, p_inf=0.356748, countdown=0, uni_act_size=1.18128, area1=4.11385, area23=1.67971, area4=0.00281452, bi_act_size=1.39037, bi_ever_nnz_msg=1.56023, uni_search=0.02987, uni_subsolve=0.00216714, bi_search=0.0175701, bi_subsolve=0.0119358, maintain=0.00862569, construct=0.00925558, overall time=0.713823
largest=-0, smallest=-32, width=32
iter=22, funcval=681.469, (-rel_score_t)=1710.95, decoded_t=1709, best_decoded=1709, dinf=0.00455904, p_inf=0.31707, countdown=0, uni_act_size=1.18261, area1=4.25643, area23=1.73119, area4=0.00269215, bi_act_size=1.39642, bi_ever_nnz_msg=1.57881, uni_search=0.0312252, uni_subsolve=0.00225814, bi_search=0.0184011, bi_subsolve=0.0124793, maintain=0.00901421, construct=0.00925558, overall time=0.723849
largest=-0, smallest=-32, width=32
iter=23, funcval=681.538, (-rel_score_t)=1710.85, decoded_t=1709, best_decoded=1709, dinf=0.0050553, p_inf=0.384775, countdown=0, uni_act_size=1.18382, area1=4.39848, area23=1.77941, area4=0.00257998, bi_act_size=1.40261, bi_ever_nnz_msg=1.59739, uni_search=0.0325384, uni_subsolve=0.00234558, bi_search=0.0192131, bi_subsolve=0.0130283, maintain=0.0094042, construct=0.00925558, overall time=0.733757
largest=-0, smallest=-32, width=32
iter=24, funcval=681.599, (-rel_score_t)=1710.75, decoded_t=1709, best_decoded=1709, dinf=0.00488365, p_inf=0.426087, countdown=0, uni_act_size=1.18541, area1=4.53969, area23=1.82266, area4=0.00247678, bi_act_size=1.40941, bi_ever_nnz_msg=1.61548, uni_search=0.0338531, uni_subsolve=0.00242938, bi_search=0.020017, bi_subsolve=0.0135563, maintain=0.00979307, construct=0.00925558, overall time=0.743629
largest=-0, smallest=-32, width=32
iter=25, funcval=681.653, (-rel_score_t)=1710.65, decoded_t=1709, best_decoded=1709, dinf=0.00486818, p_inf=0.450246, countdown=0, uni_act_size=1.18643, area1=4.68314, area23=1.87187, area4=0.00238152, bi_act_size=1.41677, bi_ever_nnz_msg=1.63337, uni_search=0.035131, uni_subsolve=0.00251193, bi_search=0.0208465, bi_subsolve=0.0140965, maintain=0.0101806, construct=0.00925558, overall time=0.753493
largest=-0, smallest=-32, width=32
iter=26, funcval=681.7, (-rel_score_t)=1710.54, decoded_t=1709, best_decoded=1709, dinf=0.00485885, p_inf=0.443496, countdown=0, uni_act_size=1.18736, area1=4.8264, area23=1.91836, area4=0.00229331, bi_act_size=1.42358, bi_ever_nnz_msg=1.65084, uni_search=0.0364053, uni_subsolve=0.00261571, bi_search=0.0216527, bi_subsolve=0.0146258, maintain=0.0105688, construct=0.00925558, overall time=0.763403
largest=-0, smallest=-32, width=32
iter=27, funcval=681.736, (-rel_score_t)=1710.43, decoded_t=1709, best_decoded=1709, dinf=0.00455926, p_inf=0.378489, countdown=0, uni_act_size=1.18866, area1=4.96583, area23=1.96451, area4=0.00221141, bi_act_size=1.43078, bi_ever_nnz_msg=1.66829, uni_search=0.037683, uni_subsolve=0.00269679, bi_search=0.022485, bi_subsolve=0.0151688, maintain=0.0109589, construct=0.00925558, overall time=0.773343
largest=-0, smallest=-32, width=32
iter=28, funcval=681.758, (-rel_score_t)=1710.32, decoded_t=1709, best_decoded=1709, dinf=0.00459078, p_inf=0.292466, countdown=0, uni_act_size=1.19026, area1=5.10227, area23=2.01014, area4=0.00213516, bi_act_size=1.43835, bi_ever_nnz_msg=1.68528, uni_search=0.0389939, uni_subsolve=0.00277872, bi_search=0.0232989, bi_subsolve=0.0156955, maintain=0.0113461, construct=0.00925558, overall time=0.783198
largest=-0, smallest=-32, width=32
iter=29, funcval=681.766, (-rel_score_t)=1710.22, decoded_t=1709, best_decoded=1709, dinf=0.00505359, p_inf=0.299207, countdown=0, uni_act_size=1.19216, area1=5.23581, area23=2.0547, area4=0.00206398, bi_act_size=1.44551, bi_ever_nnz_msg=1.70206, uni_search=0.0402505, uni_subsolve=0.00285994, bi_search=0.0241438, bi_subsolve=0.0162218, maintain=0.0117464, construct=0.00925558, overall time=0.793013
largest=-0, smallest=-32, width=32
iter=30, funcval=681.766, (-rel_score_t)=1710.15, decoded_t=1709, best_decoded=1709, dinf=0.00541761, p_inf=0.297225, countdown=0, uni_act_size=1.19431, area1=5.36642, area23=2.09598, area4=0.0019974, bi_act_size=1.45221, bi_ever_nnz_msg=1.71857, uni_search=0.0415202, uni_subsolve=0.00294333, bi_search=0.0249775, bi_subsolve=0.0167907, maintain=0.0121339, construct=0.00925558, overall time=0.802916
largest=-0, smallest=-32, width=32
iter=31, funcval=681.764, (-rel_score_t)=1710.08, decoded_t=1709, best_decoded=1709, dinf=0.00559591, p_inf=0.271053, countdown=0, uni_act_size=1.19596, area1=5.4939, area23=2.13458, area4=0.00193498, bi_act_size=1.45937, bi_ever_nnz_msg=1.73462, uni_search=0.0428078, uni_subsolve=0.00302435, bi_search=0.0258059, bi_subsolve=0.017324, maintain=0.012525, construct=0.00925558, overall time=0.812802
largest=-0, smallest=-32, width=32
iter=32, funcval=681.755, (-rel_score_t)=1710.03, decoded_t=1709, best_decoded=1709, dinf=0.00561851, p_inf=0.233283, countdown=0, uni_act_size=1.19715, area1=5.61882, area23=2.173, area4=0.00187635, bi_act_size=1.46627, bi_ever_nnz_msg=1.75045, uni_search=0.0440902, uni_subsolve=0.00310641, bi_search=0.0266384, bi_subsolve=0.0178551, maintain=0.0129225, construct=0.00925558, overall time=0.822994
largest=-0, smallest=-32, width=32
iter=33, funcval=681.742, (-rel_score_t)=1709.98, decoded_t=1709, best_decoded=1709, dinf=0.00551941, p_inf=0.200443, countdown=0, uni_act_size=1.19827, area1=5.74158, area23=2.21034, area4=0.00182116, bi_act_size=1.47332, bi_ever_nnz_msg=1.76598, uni_search=0.0454755, uni_subsolve=0.00319133, bi_search=0.0274765, bi_subsolve=0.0184075, maintain=0.0133259, construct=0.00925558, overall time=0.833419
largest=-0, smallest=-32, width=32
iter=34, funcval=681.726, (-rel_score_t)=1709.94, decoded_t=1709, best_decoded=1709, dinf=0.0053033, p_inf=0.198915, countdown=0, uni_act_size=1.19933, area1=5.86183, area23=2.25254, area4=0.00176913, bi_act_size=1.4805, bi_ever_nnz_msg=1.78142, uni_search=0.0468887, uni_subsolve=0.00327438, bi_search=0.0283194, bi_subsolve=0.0189487, maintain=0.0137179, construct=0.00925558, overall time=0.843855
largest=-0, smallest=-32, width=32
iter=35, funcval=681.706, (-rel_score_t)=1709.9, decoded_t=1709, best_decoded=1709, dinf=0.00498278, p_inf=0.201901, countdown=0, uni_act_size=1.2, area1=5.98048, area23=2.29481, area4=0.00171999, bi_act_size=1.48787, bi_ever_nnz_msg=1.7967, uni_search=0.0482962, uni_subsolve=0.00335741, bi_search=0.029189, bi_subsolve=0.0195054, maintain=0.0141117, construct=0.00925558, overall time=0.854304
largest=-0, smallest=-32, width=32
iter=36, funcval=681.684, (-rel_score_t)=1709.87, decoded_t=1709, best_decoded=1709, dinf=0.00459477, p_inf=0.214314, countdown=0, uni_act_size=1.20095, area1=6.0979, area23=2.33805, area4=0.0016735, bi_act_size=1.49519, bi_ever_nnz_msg=1.81198, uni_search=0.0497613, uni_subsolve=0.0034626, bi_search=0.0300593, bi_subsolve=0.0200479, maintain=0.0145283, construct=0.00925558, overall time=0.864752
largest=-0, smallest=-32, width=32
iter=37, funcval=681.661, (-rel_score_t)=1709.85, decoded_t=1709, best_decoded=1709, dinf=0.00414979, p_inf=0.232086, countdown=0, uni_act_size=1.20217, area1=6.21436, area23=2.38105, area4=0.00162946, bi_act_size=1.50253, bi_ever_nnz_msg=1.82711, uni_search=0.0510438, uni_subsolve=0.00354411, bi_search=0.0309771, bi_subsolve=0.0205949, maintain=0.0149208, construct=0.00925558, overall time=0.874652
largest=-0, smallest=-32, width=32
iter=38, funcval=681.637, (-rel_score_t)=1709.84, decoded_t=1709, best_decoded=1709, dinf=0.00367308, p_inf=0.244922, countdown=0, uni_act_size=1.20362, area1=6.32976, area23=2.42534, area4=0.00158768, bi_act_size=1.51004, bi_ever_nnz_msg=1.84218, uni_search=0.0523143, uni_subsolve=0.00362442, bi_search=0.0318388, bi_subsolve=0.021123, maintain=0.0153133, construct=0.00925558, overall time=0.88455
largest=-0, smallest=-32, width=32
iter=39, funcval=681.613, (-rel_score_t)=1709.84, decoded_t=1709, best_decoded=1709, dinf=0.00318443, p_inf=0.253715, countdown=0, uni_act_size=1.205, area1=6.4442, area23=2.46772, area4=0.00154799, bi_act_size=1.5178, bi_ever_nnz_msg=1.8572, uni_search=0.0537075, uni_subsolve=0.00371927, bi_search=0.0327319, bi_subsolve=0.0216781, maintain=0.0157102, construct=0.00925558, overall time=0.895081
largest=-0, smallest=-32, width=32
iter=40, funcval=681.59, (-rel_score_t)=1709.85, decoded_t=1709, best_decoded=1709, dinf=0.00268709, p_inf=0.258268, countdown=0, uni_act_size=1.20631, area1=6.55765, area23=2.50676, area4=0.00151023, bi_act_size=1.52564, bi_ever_nnz_msg=1.87223, uni_search=0.0551539, uni_subsolve=0.0038139, bi_search=0.0336126, bi_subsolve=0.0222232, maintain=0.0161178, construct=0.00925558, overall time=0.905738
largest=-0, smallest=-32, width=32
iter=41, funcval=681.568, (-rel_score_t)=1709.86, decoded_t=1709, best_decoded=1709, dinf=0.00283789, p_inf=0.261438, countdown=0, uni_act_size=1.20784, area1=6.66998, area23=2.54467, area4=0.00147427, bi_act_size=1.53376, bi_ever_nnz_msg=1.88692, uni_search=0.0566107, uni_subsolve=0.00389966, bi_search=0.0344874, bi_subsolve=0.0227721, maintain=0.0165125, construct=0.00925558, overall time=0.916373
largest=-0, smallest=-32, width=32
iter=42, funcval=681.547, (-rel_score_t)=1709.89, decoded_t=1709, best_decoded=1709, dinf=0.00325153, p_inf=0.260472, countdown=0, uni_act_size=1.20958, area1=6.78134, area23=2.58672, area4=0.00143999, bi_act_size=1.54208, bi_ever_nnz_msg=1.90172, uni_search=0.0579903, uni_subsolve=0.00398745, bi_search=0.0354017, bi_subsolve=0.0233244, maintain=0.0169066, construct=0.00925558, overall time=0.926897
largest=-0, smallest=-32, width=32
iter=43, funcval=681.528, (-rel_score_t)=1709.92, decoded_t=1709, best_decoded=1709, dinf=0.00359439, p_inf=0.25541, countdown=0, uni_act_size=1.2115, area1=6.89178, area23=2.62539, area4=0.00140726, bi_act_size=1.55052, bi_ever_nnz_msg=1.91641, uni_search=0.0593566, uni_subsolve=0.00406959, bi_search=0.0362918, bi_subsolve=0.0238812, maintain=0.0173004, construct=0.00925558, overall time=0.93695
largest=-0, smallest=-32, width=32
iter=44, funcval=681.511, (-rel_score_t)=1709.96, decoded_t=1709, best_decoded=1709, dinf=0.00385775, p_inf=0.246592, countdown=0, uni_act_size=1.21359, area1=7.00151, area23=2.66963, area4=0.00137599, bi_act_size=1.559, bi_ever_nnz_msg=1.93113, uni_search=0.0606322, uni_subsolve=0.00415158, bi_search=0.0371595, bi_subsolve=0.0244437, maintain=0.0176945, construct=0.00925558, overall time=0.946894
largest=-0, smallest=-32, width=32
iter=45, funcval=681.496, (-rel_score_t)=1710, decoded_t=1709, best_decoded=1709, dinf=0.00403455, p_inf=0.234114, countdown=0, uni_act_size=1.21586, area1=7.11045, area23=2.70521, area4=0.00134608, bi_act_size=1.56771, bi_ever_nnz_msg=1.94555, uni_search=0.0619196, uni_subsolve=0.0042472, bi_search=0.0380425, bi_subsolve=0.0249861, maintain=0.0180918, construct=0.00925558, overall time=0.956911
largest=-0, smallest=-32, width=32
iter=46, funcval=681.484, (-rel_score_t)=1710.06, decoded_t=1709, best_decoded=1709, dinf=0.00412559, p_inf=0.224646, countdown=0, uni_act_size=1.21802, area1=7.21843, area23=2.74929, area4=0.00131744, bi_act_size=1.57631, bi_ever_nnz_msg=1.95995, uni_search=0.0631906, uni_subsolve=0.00432858, bi_search=0.0389279, bi_subsolve=0.0255401, maintain=0.0184851, construct=0.00925558, overall time=0.96684
largest=-0, smallest=-32, width=32
best primal obj updated to 1711
iter=47, funcval=681.474, (-rel_score_t)=1710.11, decoded_t=1711, best_decoded=1711, dinf=0.00412859, p_inf=0.241013, countdown=0, uni_act_size=1.22034, area1=7.32579, area23=2.78638, area4=0.00128999, bi_act_size=1.58482, bi_ever_nnz_msg=1.97426, uni_search=0.064467, uni_subsolve=0.00441099, bi_search=0.039799, bi_subsolve=0.0260792, maintain=0.0188998, construct=0.00925558, overall time=0.976701
largest=-0, smallest=-32, width=32
iter=48, funcval=681.468, (-rel_score_t)=1710.18, decoded_t=1711, best_decoded=1711, dinf=0.00410304, p_inf=0.24602, countdown=0, uni_act_size=1.22281, area1=7.43186, area23=2.82227, area4=0.00126366, bi_act_size=1.59323, bi_ever_nnz_msg=1.98837, uni_search=0.0657056, uni_subsolve=0.00449208, bi_search=0.0406771, bi_subsolve=0.0266198, maintain=0.0192929, construct=0.00925558, overall time=0.986546
largest=-0, smallest=-32, width=32
iter=49, funcval=681.464, (-rel_score_t)=1710.25, decoded_t=1711, best_decoded=1711, dinf=0.00405131, p_inf=0.238235, countdown=0, uni_act_size=1.22541, area1=7.53697, area23=2.84805, area4=0.00123839, bi_act_size=1.60155, bi_ever_nnz_msg=2.00229, uni_search=0.0670156, uni_subsolve=0.00457365, bi_search=0.0415658, bi_subsolve=0.0271884, maintain=0.0197112, construct=0.00925558, overall time=0.996814
largest=-0, smallest=-32, width=32
iter=50, funcval=681.463, (-rel_score_t)=1710.32, decoded_t=1711, best_decoded=1711, dinf=0.00392128, p_inf=0.231426, countdown=0, uni_act_size=1.22814, area1=7.64075, area23=2.88587, area4=0.00121411, bi_act_size=1.60991, bi_ever_nnz_msg=2.01615, uni_search=0.068402, uni_subsolve=0.00465705, bi_search=0.0424971, bi_subsolve=0.0277863, maintain=0.0201135, construct=0.00925558, overall time=1.00745
largest=-0, smallest=-32, width=32
iter=51, funcval=681.465, (-rel_score_t)=1710.39, decoded_t=1711, best_decoded=1711, dinf=0.003726, p_inf=0.223567, countdown=0, uni_act_size=1.231, area1=7.74381, area23=2.91671, area4=0.00119076, bi_act_size=1.61824, bi_ever_nnz_msg=2.02989, uni_search=0.0697034, uni_subsolve=0.00474001, bi_search=0.0434059, bi_subsolve=0.0283479, maintain=0.0205072, construct=0.00925558, overall time=1.01759
largest=-0, smallest=-32, width=32
iter=52, funcval=681.469, (-rel_score_t)=1710.47, decoded_t=1711, best_decoded=1711, dinf=0.0034813, p_inf=0.215333, countdown=0, uni_act_size=1.23374, area1=7.84666, area23=2.95309, area4=0.00116829, bi_act_size=1.62661, bi_ever_nnz_msg=2.04358, uni_search=0.0710838, uni_subsolve=0.00482424, bi_search=0.0443207, bi_subsolve=0.0289041, maintain=0.0209048, construct=0.00925558, overall time=1.02785
largest=-0, smallest=-32, width=32
iter=53, funcval=681.476, (-rel_score_t)=1710.54, decoded_t=1711, best_decoded=1711, dinf=0.00319963, p_inf=0.206963, countdown=0, uni_act_size=1.2366, area1=7.94955, area23=2.9922, area4=0.00114666, bi_act_size=1.6349, bi_ever_nnz_msg=2.05728, uni_search=0.0723791, uni_subsolve=0.00491413, bi_search=0.045229, bi_subsolve=0.0294585, maintain=0.0213004, construct=0.00925558, overall time=1.03799
largest=-0, smallest=-32, width=32
iter=54, funcval=681.485, (-rel_score_t)=1710.62, decoded_t=1711, best_decoded=1711, dinf=0.00289192, p_inf=0.198546, countdown=0, uni_act_size=1.23957, area1=8.05241, area23=3.02038, area4=0.00112581, bi_act_size=1.64329, bi_ever_nnz_msg=2.07087, uni_search=0.0738367, uni_subsolve=0.00500122, bi_search=0.0461629, bi_subsolve=0.0300233, maintain=0.0217091, construct=0.00925558, overall time=1.04859
largest=-0, smallest=-32, width=32
iter=55, funcval=681.498, (-rel_score_t)=1710.69, decoded_t=1711, best_decoded=1711, dinf=0.0025669, p_inf=0.190008, countdown=0, uni_act_size=1.24265, area1=8.1543, area23=3.0633, area4=0.00110571, bi_act_size=1.65154, bi_ever_nnz_msg=2.08453, uni_search=0.0751569, uni_subsolve=0.00508412, bi_search=0.0470755, bi_subsolve=0.0305762, maintain=0.0221056, construct=0.00925558, overall time=1.05868
largest=-0, smallest=-32, width=32
iter=56, funcval=681.512, (-rel_score_t)=1710.76, decoded_t=1711, best_decoded=1711, dinf=0.00223782, p_inf=0.181205, countdown=0, uni_act_size=1.24582, area1=8.25702, area23=3.09652, area4=0.00108631, bi_act_size=1.65961, bi_ever_nnz_msg=2.09798, uni_search=0.0764558, uni_subsolve=0.00516751, bi_search=0.0479857, bi_subsolve=0.0311302, maintain=0.0225265, construct=0.00925558, overall time=1.06885
largest=-0, smallest=-32, width=32
iter=57, funcval=681.53, (-rel_score_t)=1710.82, decoded_t=1711, best_decoded=1711, dinf=0.00191144, p_inf=0.17265, countdown=0, uni_act_size=1.24909, area1=8.35892, area23=3.13596, area4=0.00106758, bi_act_size=1.66756, bi_ever_nnz_msg=2.11146, uni_search=0.0777429, uni_subsolve=0.00525215, bi_search=0.048907, bi_subsolve=0.0316958, maintain=0.0229205, construct=0.00925558, overall time=1.07908
largest=-0, smallest=-32, width=32
iter=58, funcval=681.551, (-rel_score_t)=1710.89, decoded_t=1711, best_decoded=1711, dinf=0.0015963, p_inf=0.165173, countdown=0, uni_act_size=1.25204, area1=8.46036, area23=3.17547, area4=0.00104948, bi_act_size=1.67555, bi_ever_nnz_msg=2.12494, uni_search=0.079229, uni_subsolve=0.00534049, bi_search=0.0498632, bi_subsolve=0.0322768, maintain=0.0233204, construct=0.00925558, overall time=1.08982
largest=-0, smallest=-32, width=32
iter=59, funcval=681.575, (-rel_score_t)=1710.95, decoded_t=1711, best_decoded=1711, dinf=0.00158496, p_inf=0.174861, countdown=0, uni_act_size=1.2549, area1=8.56218, area23=3.21238, area4=0.00103199, bi_act_size=1.68349, bi_ever_nnz_msg=2.13844, uni_search=0.0806014, uni_subsolve=0.00542479, bi_search=0.0508766, bi_subsolve=0.0328405, maintain=0.0237157, construct=0.00925558, overall time=1.10007
largest=-0, smallest=-32, width=32
iter=60, funcval=681.601, (-rel_score_t)=1710.99, decoded_t=1711, best_decoded=1711, dinf=0.00188073, p_inf=0.181525, countdown=0, uni_act_size=1.25786, area1=8.66487, area23=3.24539, area4=0.00101507, bi_act_size=1.69111, bi_ever_nnz_msg=2.15191, uni_search=0.081899, uni_subsolve=0.00551013, bi_search=0.0518114, bi_subsolve=0.0334041, maintain=0.0241107, construct=0.00925558, overall time=1.1101
largest=-0, smallest=-32, width=32
iter=61, funcval=681.628, (-rel_score_t)=1711, decoded_t=1711, best_decoded=1711, dinf=0.00213557, p_inf=0.183469, countdown=0, uni_act_size=1.26072, area1=8.76745, area23=3.28643, area4=0.000998702, bi_act_size=1.69854, bi_ever_nnz_msg=2.16543, uni_search=0.0832306, uni_subsolve=0.00559478, bi_search=0.0527595, bi_subsolve=0.0339591, maintain=0.0245076, construct=0.00925558, overall time=1.12027
largest=-0, smallest=-32, width=32
iter=62, funcval=681.655, (-rel_score_t)=1711, decoded_t=1711, best_decoded=1711, dinf=0.00235302, p_inf=0.180942, countdown=0, uni_act_size=1.26349, area1=8.86963, area23=3.321, area4=0.000982849, bi_act_size=1.70598, bi_ever_nnz_msg=2.17883, uni_search=0.0845108, uni_subsolve=0.00567769, bi_search=0.0536816, bi_subsolve=0.0345361, maintain=0.024905, construct=0.00925558, overall time=1.13034
largest=-0, smallest=-32, width=32
iter=63, funcval=681.682, (-rel_score_t)=1711, decoded_t=1711, best_decoded=1711, dinf=0.0025205, p_inf=0.177172, countdown=0, uni_act_size=1.26618, area1=8.97117, area23=3.36218, area4=0.000967492, bi_act_size=1.71328, bi_ever_nnz_msg=2.19229, uni_search=0.0858287, uni_subsolve=0.0057601, bi_search=0.0546162, bi_subsolve=0.0351015, maintain=0.0253129, construct=0.00925558, overall time=1.14044
largest=-0, smallest=-32, width=32
iter=64, funcval=681.709, (-rel_score_t)=1711, decoded_t=1711, best_decoded=1711, dinf=0.00265059, p_inf=0.172706, countdown=0, uni_act_size=1.26878, area1=9.07226, area23=3.39571, area4=0.000952608, bi_act_size=1.72027, bi_ever_nnz_msg=2.20557, uni_search=0.0870846, uni_subsolve=0.00584418, bi_search=0.0555647, bi_subsolve=0.0356569, maintain=0.0257084, construct=0.00925558, overall time=1.15047
largest=-0, smallest=-32, width=32
iter=65, funcval=681.736, (-rel_score_t)=1711, decoded_t=1711, best_decoded=1711, dinf=0.00272124, p_inf=0.166718, countdown=0, uni_act_size=1.27148, area1=9.17267, area23=3.43189, area4=0.000938174, bi_act_size=1.72718, bi_ever_nnz_msg=2.21892, uni_search=0.0883763, uni_subsolve=0.00592758, bi_search=0.056488, bi_subsolve=0.0362084, maintain=0.0261431, construct=0.00925558, overall time=1.16086
largest=-0, smallest=-32, width=32
iter=66, funcval=681.763, (-rel_score_t)=1711, decoded_t=1711, best_decoded=1711, dinf=0.00275076, p_inf=0.159303, countdown=0, uni_act_size=1.27392, area1=9.27309, area23=3.46472, area4=0.000924172, bi_act_size=1.73421, bi_ever_nnz_msg=2.23215, uni_search=0.0898243, uni_subsolve=0.00602927, bi_search=0.0574795, bi_subsolve=0.0367825, maintain=0.0265423, construct=0.00925558, overall time=1.17149
largest=-0, smallest=-32, width=32
iter=67, funcval=681.789, (-rel_score_t)=1711, decoded_t=1711, best_decoded=1711, dinf=0.00272854, p_inf=0.150556, countdown=0, uni_act_size=1.27647, area1=9.37297, area23=3.501, area4=0.000910581, bi_act_size=1.7413, bi_ever_nnz_msg=2.2454, uni_search=0.0912456, uni_subsolve=0.00611427, bi_search=0.0584463, bi_subsolve=0.0373548, maintain=0.0269407, construct=0.00925558, overall time=1.18182
largest=-0, smallest=-32, width=32
iter=68, funcval=681.814, (-rel_score_t)=1711, decoded_t=1711, best_decoded=1711, dinf=0.00265996, p_inf=0.140528, countdown=0, uni_act_size=1.27894, area1=9.47189, area23=3.54005, area4=0.000897384, bi_act_size=1.74837, bi_ever_nnz_msg=2.25854, uni_search=0.0925774, uni_subsolve=0.00621065, bi_search=0.0593969, bi_subsolve=0.0379086, maintain=0.0273384, construct=0.00925558, overall time=1.19198
largest=-0, smallest=-32, width=32
iter=69, funcval=681.839, (-rel_score_t)=1711, decoded_t=1711, best_decoded=1711, dinf=0.00254636, p_inf=0.129461, countdown=0, uni_act_size=1.28151, area1=9.57054, area23=3.56979, area4=0.000884564, bi_act_size=1.75537, bi_ever_nnz_msg=2.27174, uni_search=0.0938463, uni_subsolve=0.00631785, bi_search=0.0603802, bi_subsolve=0.0384635, maintain=0.0277358, construct=0.00925558, overall time=1.20216
largest=-0, smallest=-32, width=32
iter=70, funcval=681.863, (-rel_score_t)=1711, decoded_t=1711, best_decoded=1711, dinf=0.00239273, p_inf=0.117455, countdown=0, uni_act_size=1.28418, area1=9.66834, area23=3.60341, area4=0.000872106, bi_act_size=1.76248, bi_ever_nnz_msg=2.28479, uni_search=0.0952925, uni_subsolve=0.00640432, bi_search=0.0613709, bi_subsolve=0.0390259, maintain=0.028142, construct=0.00925558, overall time=1.21276
largest=-0, smallest=-32, width=32
iter=71, funcval=681.885, (-rel_score_t)=1711, decoded_t=1711, best_decoded=1711, dinf=0.00307832, p_inf=0.104659, countdown=0, uni_act_size=1.28676, area1=9.76518, area23=3.63837, area4=0.000859993, bi_act_size=1.76965, bi_ever_nnz_msg=2.29786, uni_search=0.0966846, uni_subsolve=0.00649804, bi_search=0.0624156, bi_subsolve=0.0396104, maintain=0.0285413, construct=0.00925558, overall time=1.22338
largest=-0, smallest=-32, width=32
iter=72, funcval=681.907, (-rel_score_t)=1711, decoded_t=1711, best_decoded=1711, dinf=0.00309186, p_inf=0.0923313, countdown=0, uni_act_size=1.28944, area1=9.86509, area23=3.6787, area4=0.000848212, bi_act_size=1.77688, bi_ever_nnz_msg=2.31104, uni_search=0.0981659, uni_subsolve=0.00658793, bi_search=0.0634543, bi_subsolve=0.0402042, maintain=0.0289454, construct=0.00925558, overall time=1.23428
largest=-0, smallest=-32, width=32
iter=73, funcval=681.927, (-rel_score_t)=1711, decoded_t=1711, best_decoded=1711, dinf=0.00306773, p_inf=0.092011, countdown=0, uni_act_size=1.29205, area1=9.96858, area23=3.71174, area4=0.00083675, bi_act_size=1.7842, bi_ever_nnz_msg=2.32412, uni_search=0.0994806, uni_subsolve=0.00667195, bi_search=0.0644302, bi_subsolve=0.0407692, maintain=0.0293691, construct=0.00925558, overall time=1.24445
largest=-0, smallest=-32, width=32
iter=74, funcval=681.947, (-rel_score_t)=1711, decoded_t=1711, best_decoded=1711, dinf=0.00299946, p_inf=0.0920312, countdown=0, uni_act_size=1.29475, area1=10.0748, area23=3.75059, area4=0.000825593, bi_act_size=1.79146, bi_ever_nnz_msg=2.3373, uni_search=0.100783, uni_subsolve=0.00677999, bi_search=0.06541, bi_subsolve=0.0413475, maintain=0.0297661, construct=0.00925558, overall time=1.25465
largest=-0, smallest=-32, width=32
iter=75, funcval=681.965, (-rel_score_t)=1711, decoded_t=1711, best_decoded=1711, dinf=0.00288459, p_inf=0.10271, countdown=0, uni_act_size=1.29752, area1=10.1836, area23=3.78703, area4=0.00081473, bi_act_size=1.7986, bi_ever_nnz_msg=2.35046, uni_search=0.1021, uni_subsolve=0.00686569, bi_search=0.0664164, bi_subsolve=0.0419112, maintain=0.0301863, construct=0.00925558, overall time=1.26488
largest=-0, smallest=-32, width=32
iter=76, funcval=681.982, (-rel_score_t)=1711, decoded_t=1711, best_decoded=1711, dinf=0.00272686, p_inf=0.115874, countdown=0, uni_act_size=1.30038, area1=10.2948, area23=3.81131, area4=0.000804149, bi_act_size=1.80584, bi_ever_nnz_msg=2.36352, uni_search=0.103411, uni_subsolve=0.00695104, bi_search=0.0674019, bi_subsolve=0.0424972, maintain=0.0305857, construct=0.00925558, overall time=1.2751
largest=-0, smallest=-32, width=32
iter=77, funcval=681.997, (-rel_score_t)=1711, decoded_t=1711, best_decoded=1711, dinf=0.00253719, p_inf=0.127942, countdown=0, uni_act_size=1.30332, area1=10.4079, area23=3.84417, area4=0.00079384, bi_act_size=1.81301, bi_ever_nnz_msg=2.37652, uni_search=0.104686, uni_subsolve=0.00703638, bi_search=0.0684173, bi_subsolve=0.0430626, maintain=0.030995, construct=0.00925558, overall time=1.28521
largest=-0, smallest=-32, width=32
iter=78, funcval=682.012, (-rel_score_t)=1711, decoded_t=1711, best_decoded=1711, dinf=0.00232721, p_inf=0.138485, countdown=0, uni_act_size=1.30618, area1=10.523, area23=3.87792, area4=0.000783791, bi_act_size=1.8202, bi_ever_nnz_msg=2.38954, uni_search=0.106018, uni_subsolve=0.00712137, bi_search=0.0694318, bi_subsolve=0.0436522, maintain=0.0313952, construct=0.00925558, overall time=1.29551
largest=-0, smallest=-32, width=32
iter=79, funcval=682.026, (-rel_score_t)=1711, decoded_t=1711, best_decoded=1711, dinf=0.00211567, p_inf=0.147725, countdown=0, uni_act_size=1.30897, area1=10.6392, area23=3.91792, area4=0.000773994, bi_act_size=1.82721, bi_ever_nnz_msg=2.40259, uni_search=0.107299, uni_subsolve=0.00720574, bi_search=0.0704727, bi_subsolve=0.0442306, maintain=0.0318047, construct=0.00925558, overall time=1.3058
largest=-0, smallest=-32, width=32
iter=80, funcval=682.04, (-rel_score_t)=1711, decoded_t=1711, best_decoded=1711, dinf=0.00192342, p_inf=0.155341, countdown=0, uni_act_size=1.31169, area1=10.7535, area23=3.95322, area4=0.000764438, bi_act_size=1.83393, bi_ever_nnz_msg=2.41563, uni_search=0.10878, uni_subsolve=0.00729493, bi_search=0.0715019, bi_subsolve=0.0448059, maintain=0.0322083, construct=0.00925558, overall time=1.31664
largest=-0, smallest=-32, width=32
iter=81, funcval=682.053, (-rel_score_t)=1711, decoded_t=1711, best_decoded=1711, dinf=0.00176884, p_inf=0.161279, countdown=0, uni_act_size=1.31435, area1=10.8661, area23=3.98645, area4=0.000755116, bi_act_size=1.84056, bi_ever_nnz_msg=2.42857, uni_search=0.110131, uni_subsolve=0.00738279, bi_search=0.0725502, bi_subsolve=0.0453868, maintain=0.032617, construct=0.00925558, overall time=1.327
largest=-0, smallest=-32, width=32
iter=82, funcval=682.066, (-rel_score_t)=1711, decoded_t=1711, best_decoded=1711, dinf=0.00175906, p_inf=0.164394, countdown=0, uni_act_size=1.31708, area1=10.9801, area23=4.0169, area4=0.000746018, bi_act_size=1.84673, bi_ever_nnz_msg=2.44157, uni_search=0.111577, uni_subsolve=0.0074717, bi_search=0.0736147, bi_subsolve=0.0459727, maintain=0.0330209, construct=0.00925558, overall time=1.33799
largest=-0, smallest=-32, width=32
iter=83, funcval=682.079, (-rel_score_t)=1711, decoded_t=1711, best_decoded=1711, dinf=0.00182089, p_inf=0.163747, countdown=0, uni_act_size=1.31975, area1=11.0913, area23=4.03656, area4=0.000737137, bi_act_size=1.85283, bi_ever_nnz_msg=2.4543, uni_search=0.112948, uni_subsolve=0.00756278, bi_search=0.0746488, bi_subsolve=0.0465415, maintain=0.0334374, construct=0.00925558, overall time=1.34835
largest=-0, smallest=-32, width=32
iter=84, funcval=682.093, (-rel_score_t)=1711, decoded_t=1711, best_decoded=1711, dinf=0.00193451, p_inf=0.162263, countdown=0, uni_act_size=1.32249, area1=11.2004, area23=4.07223, area4=0.000728465, bi_act_size=1.85875, bi_ever_nnz_msg=2.46706, uni_search=0.114274, uni_subsolve=0.00765155, bi_search=0.075696, bi_subsolve=0.0471192, maintain=0.0338359, construct=0.00925558, overall time=1.35859
largest=-0, smallest=-32, width=32
iter=85, funcval=682.106, (-rel_score_t)=1711, decoded_t=1711, best_decoded=1711, dinf=0.0020133, p_inf=0.159887, countdown=0, uni_act_size=1.32517, area1=11.308, area23=4.09806, area4=0.000719994, bi_act_size=1.86443, bi_ever_nnz_msg=2.47973, uni_search=0.115591, uni_subsolve=0.00774786, bi_search=0.0767554, bi_subsolve=0.0476972, maintain=0.0342596, construct=0.00925558, overall time=1.36891
largest=-0, smallest=-32, width=32
iter=86, funcval=682.12, (-rel_score_t)=1711, decoded_t=1711, best_decoded=1711, dinf=0.00106085, p_inf=0.155497, countdown=0, uni_act_size=1.32779, area1=11.4139, area23=4.12185, area4=0.000711718, bi_act_size=1.86993, bi_ever_nnz_msg=2.4924, uni_search=0.116872, uni_subsolve=0.00783348, bi_search=0.0778244, bi_subsolve=0.0482597, maintain=0.0346789, construct=0.00925558, overall time=1.37916
largest=-0, smallest=-32, width=32
iter=87, funcval=682.133, (-rel_score_t)=1711, decoded_t=1711, best_decoded=1711, dinf=0.00125293, p_inf=0.148908, countdown=0, uni_act_size=1.33048, area1=11.5181, area23=4.15149, area4=0.000703631, bi_act_size=1.875, bi_ever_nnz_msg=2.50496, uni_search=0.118168, uni_subsolve=0.00791939, bi_search=0.0788786, bi_subsolve=0.0488453, maintain=0.0350803, construct=0.00925558, overall time=1.38935
largest=-0, smallest=-32, width=32
iter=88, funcval=682.147, (-rel_score_t)=1711, decoded_t=1711, best_decoded=1711, dinf=0.00122752, p_inf=0.138999, countdown=0, uni_act_size=1.33325, area1=11.6207, area23=4.17772, area4=0.000695725, bi_act_size=1.87988, bi_ever_nnz_msg=2.51751, uni_search=0.119491, uni_subsolve=0.00800774, bi_search=0.0799105, bi_subsolve=0.0494056, maintain=0.0354822, construct=0.00925558, overall time=1.39964
largest=-0, smallest=-32, width=32
iter=89, funcval=682.16, (-rel_score_t)=1711, decoded_t=1711, best_decoded=1711, dinf=0.00118705, p_inf=0.128132, countdown=0, uni_act_size=1.33582, area1=11.7218, area23=4.20822, area4=0.000687994, bi_act_size=1.88445, bi_ever_nnz_msg=2.53, uni_search=0.120779, uni_subsolve=0.0080935, bi_search=0.0809772, bi_subsolve=0.0499819, maintain=0.0358831, construct=0.00925558, overall time=1.40987
largest=-0, smallest=-32, width=32
iter=90, funcval=682.173, (-rel_score_t)=1711, decoded_t=1711, best_decoded=1711, dinf=0.00114952, p_inf=0.116498, countdown=0, uni_act_size=1.33833, area1=11.8214, area23=4.23676, area4=0.000680434, bi_act_size=1.88878, bi_ever_nnz_msg=2.54241, uni_search=0.12214, uni_subsolve=0.0081896, bi_search=0.0820441, bi_subsolve=0.0505555, maintain=0.0362919, construct=0.00925558, overall time=1.42073
largest=-0, smallest=-32, width=32
iter=91, funcval=682.187, (-rel_score_t)=1711, decoded_t=1711, best_decoded=1711, dinf=0.00109979, p_inf=0.104369, countdown=0, uni_act_size=1.34092, area1=11.9195, area23=4.26528, area4=0.000673038, bi_act_size=1.89312, bi_ever_nnz_msg=2.55479, uni_search=0.123588, uni_subsolve=0.0082806, bi_search=0.0831355, bi_subsolve=0.0511288, maintain=0.0367008, construct=0.00925558, overall time=1.43169
largest=-0, smallest=-32, width=32
iter=92, funcval=682.2, (-rel_score_t)=1711, decoded_t=1711, best_decoded=1711, dinf=0.00104231, p_inf=0.0915615, countdown=0, uni_act_size=1.34345, area1=12.0163, area23=4.29472, area4=0.000665801, bi_act_size=1.89723, bi_ever_nnz_msg=2.5672, uni_search=0.125058, uni_subsolve=0.00837852, bi_search=0.0842069, bi_subsolve=0.0516983, maintain=0.0371036, construct=0.00925558, overall time=1.44246
largest=-0, smallest=-32, width=32
iter=93, funcval=682.213, (-rel_score_t)=1711, decoded_t=1711, best_decoded=1711, dinf=0.000954056, p_inf=0.0831308, countdown=0, uni_act_size=1.34606, area1=12.1119, area23=4.32959, area4=0.000658718, bi_act_size=1.90123, bi_ever_nnz_msg=2.57947, uni_search=0.126408, uni_subsolve=0.008464, bi_search=0.0853137, bi_subsolve=0.0522745, maintain=0.0375162, construct=0.00925558, overall time=1.45289
largest=-0, smallest=-32, width=32
iter=94, funcval=682.225, (-rel_score_t)=1711, decoded_t=1711, best_decoded=1711, dinf=0.000917421, p_inf=0.0821528, countdown=0, uni_act_size=1.34836, area1=12.2061, area23=4.35708, area4=0.000651784, bi_act_size=1.90507, bi_ever_nnz_msg=2.59179, uni_search=0.127852, uni_subsolve=0.00855396, bi_search=0.0864384, bi_subsolve=0.0528628, maintain=0.0379258, construct=0.00925558, overall time=1.46378
largest=-0, smallest=-32, width=32
iter=95, funcval=682.238, (-rel_score_t)=1711, decoded_t=1711, best_decoded=1711, dinf=0.000851492, p_inf=0.0813137, countdown=0, uni_act_size=1.35049, area1=12.2991, area23=4.388, area4=0.000644995, bi_act_size=1.90883, bi_ever_nnz_msg=2.60397, uni_search=0.129132, uni_subsolve=0.00865502, bi_search=0.087515, bi_subsolve=0.0534447, maintain=0.0383261, construct=0.00925558, overall time=1.474
largest=-0, smallest=-32, width=32
iter=96, funcval=682.25, (-rel_score_t)=1711, decoded_t=1711, best_decoded=1711, dinf=0.00305659, p_inf=0.0801238, countdown=0, uni_act_size=1.35246, area1=12.391, area23=4.41939, area4=0.000638345, bi_act_size=1.91251, bi_ever_nnz_msg=2.61626, uni_search=0.130441, uni_subsolve=0.00874036, bi_search=0.0885659, bi_subsolve=0.0540067, maintain=0.0387539, construct=0.00925558, overall time=1.48421
largest=-0, smallest=-32, width=32
iter=97, funcval=682.262, (-rel_score_t)=1711, decoded_t=1711, best_decoded=1711, dinf=0.00310724, p_inf=0.0784134, countdown=0, uni_act_size=1.3545, area1=12.4818, area23=4.45046, area4=0.000631832, bi_act_size=1.91593, bi_ever_nnz_msg=2.62848, uni_search=0.131713, uni_subsolve=0.00882703, bi_search=0.089632, bi_subsolve=0.054572, maintain=0.0391556, construct=0.00925558, overall time=1.49445
largest=-0, smallest=-32, width=32
iter=98, funcval=682.273, (-rel_score_t)=1711, decoded_t=1711, best_decoded=1711, dinf=0.0031446, p_inf=0.0771529, countdown=0, uni_act_size=1.35639, area1=12.5714, area23=4.47869, area4=0.00062545, bi_act_size=1.91932, bi_ever_nnz_msg=2.64071, uni_search=0.133057, uni_subsolve=0.00892285, bi_search=0.0906966, bi_subsolve=0.0551329, maintain=0.0395706, construct=0.00925558, overall time=1.50478
largest=-0, smallest=-32, width=32
iter=99, funcval=682.285, (-rel_score_t)=1711, decoded_t=1711, best_decoded=1711, dinf=0.00316478, p_inf=0.0758361, countdown=0, uni_act_size=1.35812, area1=12.66, area23=4.50709, area4=0.000619195, bi_act_size=1.92254, bi_ever_nnz_msg=2.65291, uni_search=0.134311, uni_subsolve=0.00900855, bi_search=0.0917786, bi_subsolve=0.0557164, maintain=0.039971, construct=0.00925558, overall time=1.51498
largest=-0, smallest=-32, width=32
iter=100, funcval=682.297, (-rel_score_t)=1711, decoded_t=1711, best_decoded=1711, dinf=0.00316477, p_inf=0.0747383, countdown=0, uni_act_size=1.3597, area1=12.7475, area23=4.53183, area4=0.000613064, bi_act_size=1.92576, bi_ever_nnz_msg=2.66505, uni_search=0.135602, uni_subsolve=0.00910793, bi_search=0.0928519, bi_subsolve=0.0562838, maintain=0.0403817, construct=0.00925558, overall time=1.52536
largest=-0, smallest=-32, width=32
iter=101, funcval=682.308, (-rel_score_t)=1711, decoded_t=1711, best_decoded=1711, dinf=0.0031427, p_inf=0.072935, countdown=0, uni_act_size=1.36101, area1=12.834, area23=4.5608, area4=0.000607054, bi_act_size=1.92894, bi_ever_nnz_msg=2.67717, uni_search=0.136991, uni_subsolve=0.00920857, bi_search=0.0939777, bi_subsolve=0.0568577, maintain=0.0407876, construct=0.00925558, overall time=1.53628
largest=-0, smallest=-32, width=32
iter=102, funcval=682.32, (-rel_score_t)=1711, decoded_t=1711, best_decoded=1711, dinf=0.00309865, p_inf=0.0721105, countdown=0, uni_act_size=1.36208, area1=12.9194, area23=4.58553, area4=0.00060116, bi_act_size=1.93201, bi_ever_nnz_msg=2.68929, uni_search=0.138456, uni_subsolve=0.00929943, bi_search=0.0951145, bi_subsolve=0.0574424, maintain=0.041196, construct=0.00925558, overall time=1.5474
largest=-0, smallest=-32, width=32
iter=103, funcval=682.332, (-rel_score_t)=1711, decoded_t=1711, best_decoded=1711, dinf=0.00303469, p_inf=0.0717824, countdown=0, uni_act_size=1.36301, area1=13.0036, area23=4.61018, area4=0.00059538, bi_act_size=1.93498, bi_ever_nnz_msg=2.7013, uni_search=0.139833, uni_subsolve=0.00938513, bi_search=0.0962613, bi_subsolve=0.0580094, maintain=0.0416001, construct=0.00925558, overall time=1.55778
largest=-0, smallest=-32, width=32
iter=104, funcval=682.344, (-rel_score_t)=1711, decoded_t=1711, best_decoded=1711, dinf=0.00295474, p_inf=0.0705524, countdown=0, uni_act_size=1.36392, area1=13.0868, area23=4.63868, area4=0.00058971, bi_act_size=1.93784, bi_ever_nnz_msg=2.71331, uni_search=0.141133, uni_subsolve=0.00948095, bi_search=0.0973302, bi_subsolve=0.0585686, maintain=0.0420158, construct=0.00925558, overall time=1.56813
largest=-0, smallest=-32, width=32
iter=105, funcval=682.355, (-rel_score_t)=1711, decoded_t=1711, best_decoded=1711, dinf=0.00293397, p_inf=0.0706295, countdown=0, uni_act_size=1.36482, area1=13.169, area23=4.66768, area4=0.000584146, bi_act_size=1.94065, bi_ever_nnz_msg=2.72525, uni_search=0.142419, uni_subsolve=0.00956728, bi_search=0.0984469, bi_subsolve=0.0591302, maintain=0.0424192, construct=0.00925558, overall time=1.57838
largest=-0, smallest=-32, width=32
iter=106, funcval=682.367, (-rel_score_t)=1711, decoded_t=1711, best_decoded=1711, dinf=0.00288118, p_inf=0.0707319, countdown=0, uni_act_size=1.3657, area1=13.2503, area23=4.69561, area4=0.000578687, bi_act_size=1.94335, bi_ever_nnz_msg=2.73719, uni_search=0.143741, uni_subsolve=0.00965465, bi_search=0.0995225, bi_subsolve=0.0596889, maintain=0.0428465, construct=0.00925558, overall time=1.58866
largest=-0, smallest=-32, width=32
iter=107, funcval=682.378, (-rel_score_t)=1711, decoded_t=1711, best_decoded=1711, dinf=0.00281321, p_inf=0.0708162, countdown=0, uni_act_size=1.36645, area1=13.3306, area23=4.71807, area4=0.000573329, bi_act_size=1.94588, bi_ever_nnz_msg=2.74905, uni_search=0.145034, uni_subsolve=0.0097404, bi_search=0.100629, bi_subsolve=0.0602526, maintain=0.0432503, construct=0.00925558, overall time=1.59893
largest=-0, smallest=-32, width=32
iter=108, funcval=682.39, (-rel_score_t)=1711, decoded_t=1711, best_decoded=1711, dinf=0.00272462, p_inf=0.0708669, countdown=0, uni_act_size=1.36719, area1=13.4099, area23=4.74897, area4=0.000568069, bi_act_size=1.94833, bi_ever_nnz_msg=2.7609, uni_search=0.146335, uni_subsolve=0.00983608, bi_search=0.101716, bi_subsolve=0.0608294, maintain=0.0436523, construct=0.00925558, overall time=1.60914
largest=-0, smallest=-32, width=32
iter=109, funcval=682.401, (-rel_score_t)=1711, decoded_t=1711, best_decoded=1711, dinf=0.00268892, p_inf=0.0708862, countdown=0, uni_act_size=1.36791, area1=13.4885, area23=4.77574, area4=0.000562905, bi_act_size=1.9508, bi_ever_nnz_msg=2.77273, uni_search=0.147592, uni_subsolve=0.00992241, bi_search=0.102836, bi_subsolve=0.0614004, maintain=0.0440583, construct=0.00925558, overall time=1.6194
largest=-0, smallest=-32, width=32
iter=110, funcval=682.412, (-rel_score_t)=1711, decoded_t=1711, best_decoded=1711, dinf=0.00265015, p_inf=0.0706897, countdown=0, uni_act_size=1.36873, area1=13.5662, area23=4.80197, area4=0.000557833, bi_act_size=1.95306, bi_ever_nnz_msg=2.78451, uni_search=0.148864, uni_subsolve=0.010009, bi_search=0.103919, bi_subsolve=0.0619776, maintain=0.0444632, construct=0.00925558, overall time=1.62964
largest=-0, smallest=-32, width=32
iter=111, funcval=682.424, (-rel_score_t)=1711, decoded_t=1711, best_decoded=1711, dinf=0.0027202, p_inf=0.0694411, countdown=0, uni_act_size=1.36964, area1=13.6474, area23=4.83105, area4=0.000552853, bi_act_size=1.95525, bi_ever_nnz_msg=2.79625, uni_search=0.150228, uni_subsolve=0.0100971, bi_search=0.105019, bi_subsolve=0.062588, maintain=0.0448718, construct=0.00925558, overall time=1.64051
largest=-0, smallest=-32, width=32
iter=112, funcval=682.435, (-rel_score_t)=1711, decoded_t=1711, best_decoded=1711, dinf=0.00287254, p_inf=0.0666529, countdown=0, uni_act_size=1.37054, area1=13.7323, area23=4.86, area4=0.00054796, bi_act_size=1.95734, bi_ever_nnz_msg=2.80799, uni_search=0.151613, uni_subsolve=0.0101883, bi_search=0.106151, bi_subsolve=0.0631785, maintain=0.0452843, construct=0.00925558, overall time=1.65143
largest=-0, smallest=-32, width=32
iter=113, funcval=682.445, (-rel_score_t)=1711, decoded_t=1711, best_decoded=1711, dinf=0.0029776, p_inf=0.062081, countdown=0, uni_act_size=1.37131, area1=13.8207, area23=4.8855, area4=0.000543154, bi_act_size=1.95937, bi_ever_nnz_msg=2.8197, uni_search=0.153021, uni_subsolve=0.0102785, bi_search=0.107292, bi_subsolve=0.0637674, maintain=0.0456922, construct=0.00925558, overall time=1.66235
largest=-0, smallest=-32, width=32
iter=114, funcval=682.456, (-rel_score_t)=1711, decoded_t=1711, best_decoded=1711, dinf=0.00302549, p_inf=0.0621719, countdown=0, uni_act_size=1.37207, area1=13.9134, area23=4.911, area4=0.00053843, bi_act_size=1.96142, bi_ever_nnz_msg=2.83136, uni_search=0.154451, uni_subsolve=0.0103764, bi_search=0.108416, bi_subsolve=0.0643586, maintain=0.0461238, construct=0.00925558, overall time=1.67294
largest=-0, smallest=-32, width=32
iter=115, funcval=682.466, (-rel_score_t)=1711, decoded_t=1711, best_decoded=1711, dinf=0.00300716, p_inf=0.0652259, countdown=0, uni_act_size=1.37282, area1=14.0065, area23=4.9411, area4=0.000533789, bi_act_size=1.96328, bi_ever_nnz_msg=2.84304, uni_search=0.155745, uni_subsolve=0.0104615, bi_search=0.109561, bi_subsolve=0.0649507, maintain=0.0465298, construct=0.00925558, overall time=1.68359
largest=-0, smallest=-32, width=32
iter=116, funcval=682.476, (-rel_score_t)=1711, decoded_t=1711, best_decoded=1711, dinf=0.00291987, p_inf=0.0695627, countdown=0, uni_act_size=1.37325, area1=14.0985, area23=4.96997, area4=0.000529227, bi_act_size=1.96494, bi_ever_nnz_msg=2.85475, uni_search=0.157229, uni_subsolve=0.0105524, bi_search=0.110778, bi_subsolve=0.0655322, maintain=0.0469467, construct=0.00925558, overall time=1.69475
largest=-0, smallest=-32, width=32
iter=117, funcval=682.486, (-rel_score_t)=1711, decoded_t=1711, best_decoded=1711, dinf=0.00276835, p_inf=0.0734823, countdown=0, uni_act_size=1.37368, area1=14.1898, area23=5.00068, area4=0.000524742, bi_act_size=1.96663, bi_ever_nnz_msg=2.86645, uni_search=0.158723, uni_subsolve=0.010643, bi_search=0.111963, bi_subsolve=0.0661052, maintain=0.0473754, construct=0.00925558, overall time=1.70542
largest=-0, smallest=-32, width=32
iter=118, funcval=682.495, (-rel_score_t)=1711, decoded_t=1711, best_decoded=1711, dinf=0.00256186, p_inf=0.0769593, countdown=0, uni_act_size=1.3741, area1=14.2802, area23=5.0256, area4=0.000520332, bi_act_size=1.96831, bi_ever_nnz_msg=2.87816, uni_search=0.16005, uni_subsolve=0.0107307, bi_search=0.113112, bi_subsolve=0.0666696, maintain=0.0477801, construct=0.00925558, overall time=1.71581
largest=-0, smallest=-32, width=32
iter=119, funcval=682.505, (-rel_score_t)=1711, decoded_t=1711, best_decoded=1711, dinf=0.00239027, p_inf=0.079978, countdown=0, uni_act_size=1.37461, area1=14.3697, area23=5.0516, area4=0.000515996, bi_act_size=1.96994, bi_ever_nnz_msg=2.88981, uni_search=0.161348, uni_subsolve=0.0108274, bi_search=0.11426, bi_subsolve=0.067256, maintain=0.0481875, construct=0.00925558, overall time=1.72617
largest=-0, smallest=-32, width=32
iter=120, funcval=682.514, (-rel_score_t)=1711, decoded_t=1711, best_decoded=1711, dinf=0.00230647, p_inf=0.0833088, countdown=0, uni_act_size=1.37511, area1=14.4582, area23=5.07952, area4=0.000511731, bi_act_size=1.9716, bi_ever_nnz_msg=2.90147, uni_search=0.162683, uni_subsolve=0.0109144, bi_search=0.115444, bi_subsolve=0.0678223, maintain=0.0486272, construct=0.00925558, overall time=1.73658
largest=-0, smallest=-32, width=32
iter=121, funcval=682.523, (-rel_score_t)=1711, decoded_t=1711, best_decoded=1711, dinf=0.0022105, p_inf=0.0879406, countdown=0, uni_act_size=1.3756, area1=14.5457, area23=5.10227, area4=0.000507537, bi_act_size=1.97315, bi_ever_nnz_msg=2.91311, uni_search=0.163947, uni_subsolve=0.0110015, bi_search=0.116615, bi_subsolve=0.0683957, maintain=0.0490336, construct=0.00925558, overall time=1.74689
largest=-0, smallest=-32, width=32
iter=122, funcval=682.532, (-rel_score_t)=1711, decoded_t=1711, best_decoded=1711, dinf=0.00214453, p_inf=0.088058, countdown=0, uni_act_size=1.37618, area1=14.6322, area23=5.12829, area4=0.000503411, bi_act_size=1.97478, bi_ever_nnz_msg=2.92479, uni_search=0.16522, uni_subsolve=0.0110893, bi_search=0.117785, bi_subsolve=0.0689692, maintain=0.0494394, construct=0.00925558, overall time=1.7572
largest=-0, smallest=-32, width=32
iter=123, funcval=682.542, (-rel_score_t)=1711, decoded_t=1711, best_decoded=1711, dinf=0.00206709, p_inf=0.087427, countdown=0, uni_act_size=1.37685, area1=14.721, area23=5.14891, area4=0.000499351, bi_act_size=1.97641, bi_ever_nnz_msg=2.93638, uni_search=0.166493, uni_subsolve=0.0111761, bi_search=0.118922, bi_subsolve=0.069535, maintain=0.0498461, construct=0.00925558, overall time=1.76757
largest=-0, smallest=-32, width=32
iter=124, funcval=682.551, (-rel_score_t)=1711, decoded_t=1711, best_decoded=1711, dinf=0.00198917, p_inf=0.0879014, countdown=0, uni_act_size=1.3776, area1=14.8087, area23=5.17481, area4=0.000495356, bi_act_size=1.97788, bi_ever_nnz_msg=2.94799, uni_search=0.167784, uni_subsolve=0.0112643, bi_search=0.120115, bi_subsolve=0.0700936, maintain=0.0502523, construct=0.00925558, overall time=1.77794
largest=-0, smallest=-32, width=32
iter=125, funcval=682.56, (-rel_score_t)=1711, decoded_t=1711, best_decoded=1711, dinf=0.00191554, p_inf=0.0879689, countdown=0, uni_act_size=1.37834, area1=14.8952, area23=5.20119, area4=0.000491425, bi_act_size=1.97916, bi_ever_nnz_msg=2.95953, uni_search=0.169074, uni_subsolve=0.0113501, bi_search=0.121261, bi_subsolve=0.0706504, maintain=0.0506734, construct=0.00925558, overall time=1.78825
largest=-0, smallest=-32, width=32
iter=126, funcval=682.569, (-rel_score_t)=1711, decoded_t=1711, best_decoded=1711, dinf=0.00184379, p_inf=0.0876279, countdown=0, uni_act_size=1.37906, area1=14.9843, area23=5.22752, area4=0.000487555, bi_act_size=1.9803, bi_ever_nnz_msg=2.97109, uni_search=0.170429, uni_subsolve=0.0114394, bi_search=0.122475, bi_subsolve=0.0712168, maintain=0.0510865, construct=0.00925558, overall time=1.79919
largest=-0, smallest=-32, width=32
iter=127, funcval=682.579, (-rel_score_t)=1711, decoded_t=1711, best_decoded=1711, dinf=0.00177451, p_inf=0.0868817, countdown=0, uni_act_size=1.37978, area1=15.0689, area23=5.24995, area4=0.000483746, bi_act_size=1.9814, bi_ever_nnz_msg=2.98256, uni_search=0.171882, uni_subsolve=0.0115306, bi_search=0.123741, bi_subsolve=0.0718044, maintain=0.0515013, construct=0.00925558, overall time=1.8104
largest=-0, smallest=-32, width=32
iter=128, funcval=682.588, (-rel_score_t)=1711, decoded_t=1711, best_decoded=1711, dinf=0.00170688, p_inf=0.0857358, countdown=0, uni_act_size=1.38048, area1=15.1526, area23=5.27482, area4=0.000479996, bi_act_size=1.98224, bi_ever_nnz_msg=2.99405, uni_search=0.173416, uni_subsolve=0.0116216, bi_search=0.124934, bi_subsolve=0.0724153, maintain=0.0519219, construct=0.00925558, overall time=1.82144
largest=-0, smallest=-32, width=32
iter=129, funcval=682.597, (-rel_score_t)=1711, decoded_t=1711, best_decoded=1711, dinf=0.00163934, p_inf=0.0841915, countdown=0, uni_act_size=1.38118, area1=15.2353, area23=5.29967, area4=0.000476304, bi_act_size=1.983, bi_ever_nnz_msg=3.00548, uni_search=0.174792, uni_subsolve=0.0117096, bi_search=0.126088, bi_subsolve=0.0729757, maintain=0.0523311, construct=0.00925558, overall time=1.8319
largest=-0, smallest=-32, width=32
iter=130, funcval=682.607, (-rel_score_t)=1711, decoded_t=1711, best_decoded=1711, dinf=0.00158409, p_inf=0.0822631, countdown=0, uni_act_size=1.38177, area1=15.3173, area23=5.32579, area4=0.000472668, bi_act_size=1.98357, bi_ever_nnz_msg=3.0169, uni_search=0.176135, uni_subsolve=0.0117981, bi_search=0.127284, bi_subsolve=0.073546, maintain=0.0527427, construct=0.00925558, overall time=1.84254
largest=-0, smallest=-32, width=32
iter=131, funcval=682.616, (-rel_score_t)=1711, decoded_t=1711, best_decoded=1711, dinf=0.00150025, p_inf=0.0799635, countdown=0, uni_act_size=1.38217, area1=15.3984, area23=5.34938, area4=0.000469087, bi_act_size=1.98382, bi_ever_nnz_msg=3.02829, uni_search=0.177582, uni_subsolve=0.011889, bi_search=0.128499, bi_subsolve=0.0741094, maintain=0.0531554, construct=0.00925558, overall time=1.85333
largest=-0, smallest=-32, width=32
iter=132, funcval=682.625, (-rel_score_t)=1711, decoded_t=1711, best_decoded=1711, dinf=0.00142706, p_inf=0.0773082, countdown=0, uni_act_size=1.38257, area1=15.4787, area23=5.37261, area4=0.00046556, bi_act_size=1.98391, bi_ever_nnz_msg=3.03964, uni_search=0.179055, uni_subsolve=0.0119793, bi_search=0.129699, bi_subsolve=0.0746787, maintain=0.0535736, construct=0.00925558, overall time=1.86455
largest=-0, smallest=-32, width=32
iter=133, funcval=682.634, (-rel_score_t)=1711, decoded_t=1711, best_decoded=1711, dinf=0.00235072, p_inf=0.0742638, countdown=0, uni_act_size=1.38279, area1=15.5581, area23=5.39388, area4=0.000462086, bi_act_size=1.9839, bi_ever_nnz_msg=3.05094, uni_search=0.180569, uni_subsolve=0.0120727, bi_search=0.130908, bi_subsolve=0.0752609, maintain=0.0539844, construct=0.00925558, overall time=1.87547
largest=-0, smallest=-32, width=32
iter=134, funcval=682.643, (-rel_score_t)=1711, decoded_t=1711, best_decoded=1711, dinf=0.00249401, p_inf=0.0709126, countdown=0, uni_act_size=1.38292, area1=15.6376, area23=5.41516, area4=0.000458663, bi_act_size=1.98379, bi_ever_nnz_msg=3.06224, uni_search=0.181865, uni_subsolve=0.0121592, bi_search=0.132088, bi_subsolve=0.0758186, maintain=0.0543912, construct=0.00925558, overall time=1.88578
largest=-0, smallest=-32, width=32
iter=135, funcval=682.652, (-rel_score_t)=1711, decoded_t=1711, best_decoded=1711, dinf=0.00261453, p_inf=0.0672713, countdown=0, uni_act_size=1.38304, area1=15.7164, area23=5.43735, area4=0.00045529, bi_act_size=1.98356, bi_ever_nnz_msg=3.07351, uni_search=0.183177, uni_subsolve=0.0122458, bi_search=0.133244, bi_subsolve=0.0763711, maintain=0.054799, construct=0.00925558, overall time=1.89612
largest=-0, smallest=-32, width=32
iter=136, funcval=682.66, (-rel_score_t)=1711, decoded_t=1711, best_decoded=1711, dinf=0.00270133, p_inf=0.0633793, countdown=0, uni_act_size=1.38291, area1=15.7945, area23=5.46051, area4=0.000451967, bi_act_size=1.98319, bi_ever_nnz_msg=3.08477, uni_search=0.184454, uni_subsolve=0.0123338, bi_search=0.134453, bi_subsolve=0.0769401, maintain=0.0552059, construct=0.00925558, overall time=1.90648
largest=-0, smallest=-32, width=32
iter=137, funcval=682.669, (-rel_score_t)=1711, decoded_t=1711, best_decoded=1711, dinf=0.00274282, p_inf=0.0659961, countdown=0, uni_act_size=1.38278, area1=15.8718, area23=5.48513, area4=0.000448692, bi_act_size=1.9827, bi_ever_nnz_msg=3.09602, uni_search=0.18579, uni_subsolve=0.0124205, bi_search=0.135626, bi_subsolve=0.0774923, maintain=0.0556262, construct=0.00925558, overall time=1.91689
largest=-0, smallest=-32, width=32
iter=138, funcval=682.677, (-rel_score_t)=1711, decoded_t=1711, best_decoded=1711, dinf=0.0027296, p_inf=0.0688457, countdown=0, uni_act_size=1.38248, area1=15.9484, area23=5.50977, area4=0.000445464, bi_act_size=1.98214, bi_ever_nnz_msg=3.10727, uni_search=0.187053, uni_subsolve=0.0125083, bi_search=0.136808, bi_subsolve=0.0780461, maintain=0.0560324, construct=0.00925558, overall time=1.9272
largest=-0, smallest=-32, width=32
iter=139, funcval=682.685, (-rel_score_t)=1711, decoded_t=1711, best_decoded=1711, dinf=0.00265643, p_inf=0.071387, countdown=0, uni_act_size=1.3821, area1=16.0244, area23=5.53173, area4=0.000442282, bi_act_size=1.98145, bi_ever_nnz_msg=3.11849, uni_search=0.188329, uni_subsolve=0.0125943, bi_search=0.138048, bi_subsolve=0.0786197, maintain=0.0564411, construct=0.00925558, overall time=1.93755
largest=-0, smallest=-32, width=32
iter=140, funcval=682.693, (-rel_score_t)=1711, decoded_t=1711, best_decoded=1711, dinf=0.00252228, p_inf=0.0736248, countdown=0, uni_act_size=1.38173, area1=16.0994, area23=5.55436, area4=0.000439145, bi_act_size=1.9807, bi_ever_nnz_msg=3.12957, uni_search=0.189643, uni_subsolve=0.0126717, bi_search=0.139198, bi_subsolve=0.0791692, maintain=0.0568489, construct=0.00925558, overall time=1.94788
largest=-0, smallest=-32, width=32
iter=141, funcval=682.7, (-rel_score_t)=1711, decoded_t=1711, best_decoded=1711, dinf=0.00233455, p_inf=0.0755323, countdown=0, uni_act_size=1.38136, area1=16.1736, area23=5.57664, area4=0.000436053, bi_act_size=1.97972, bi_ever_nnz_msg=3.14065, uni_search=0.190935, uni_subsolve=0.0127584, bi_search=0.140424, bi_subsolve=0.0797202, maintain=0.0572571, construct=0.00925558, overall time=1.95824
largest=-0, smallest=-32, width=32
iter=142, funcval=682.707, (-rel_score_t)=1711, decoded_t=1711, best_decoded=1711, dinf=0.00210472, p_inf=0.0770693, countdown=0, uni_act_size=1.38083, area1=16.2477, area23=5.59906, area4=0.000433004, bi_act_size=1.97865, bi_ever_nnz_msg=3.1517, uni_search=0.192253, uni_subsolve=0.0128449, bi_search=0.141595, bi_subsolve=0.0802762, maintain=0.0577088, construct=0.00925558, overall time=1.96887
largest=-0, smallest=-32, width=32
iter=143, funcval=682.714, (-rel_score_t)=1711, decoded_t=1711, best_decoded=1711, dinf=0.00185025, p_inf=0.0782718, countdown=0, uni_act_size=1.38007, area1=16.3212, area23=5.62145, area4=0.000429997, bi_act_size=1.9774, bi_ever_nnz_msg=3.16278, uni_search=0.193643, uni_subsolve=0.0129346, bi_search=0.142794, bi_subsolve=0.0808441, maintain=0.0581217, construct=0.00925558, overall time=1.97968
largest=-0, smallest=-32, width=32
iter=144, funcval=682.721, (-rel_score_t)=1711, decoded_t=1711, best_decoded=1711, dinf=0.00158444, p_inf=0.0791327, countdown=0, uni_act_size=1.37915, area1=16.3941, area23=5.64386, area4=0.000427031, bi_act_size=1.97602, bi_ever_nnz_msg=3.1738, uni_search=0.195049, uni_subsolve=0.0130243, bi_search=0.144019, bi_subsolve=0.0814134, maintain=0.0585371, construct=0.00925558, overall time=1.99052
largest=-0, smallest=-32, width=32
iter=145, funcval=682.728, (-rel_score_t)=1711, decoded_t=1711, best_decoded=1711, dinf=0.00134991, p_inf=0.0796523, countdown=0, uni_act_size=1.37824, area1=16.4665, area23=5.66627, area4=0.000424106, bi_act_size=1.97441, bi_ever_nnz_msg=3.18483, uni_search=0.196497, uni_subsolve=0.0131357, bi_search=0.145218, bi_subsolve=0.0819916, maintain=0.0589721, construct=0.00925558, overall time=2.0015
largest=-0, smallest=-32, width=32
iter=146, funcval=682.735, (-rel_score_t)=1711, decoded_t=1711, best_decoded=1711, dinf=0.00140213, p_inf=0.07983, countdown=0, uni_act_size=1.37727, area1=16.5382, area23=5.68872, area4=0.000421221, bi_act_size=1.97266, bi_ever_nnz_msg=3.19583, uni_search=0.199185, uni_subsolve=0.0132576, bi_search=0.147639, bi_subsolve=0.0834787, maintain=0.0594632, construct=0.00925558, overall time=2.01664
largest=-0, smallest=-32, width=32
iter=147, funcval=682.741, (-rel_score_t)=1711, decoded_t=1711, best_decoded=1711, dinf=0.00144478, p_inf=0.0796693, countdown=0, uni_act_size=1.37607, area1=16.6094, area23=5.71126, area4=0.000418375, bi_act_size=1.97071, bi_ever_nnz_msg=3.2068, uni_search=0.200622, uni_subsolve=0.0133462, bi_search=0.148869, bi_subsolve=0.0840348, maintain=0.0598813, construct=0.00925558, overall time=2.02732
largest=-0, smallest=-32, width=32
iter=148, funcval=682.748, (-rel_score_t)=1711, decoded_t=1711, best_decoded=1711, dinf=0.00147764, p_inf=0.079169, countdown=0, uni_act_size=1.37473, area1=16.68, area23=5.7315, area4=0.000415567, bi_act_size=1.96877, bi_ever_nnz_msg=3.21776, uni_search=0.202116, uni_subsolve=0.0134388, bi_search=0.150114, bi_subsolve=0.0845948, maintain=0.0602949, construct=0.00925558, overall time=2.03817
largest=-0, smallest=-32, width=32
iter=149, funcval=682.754, (-rel_score_t)=1711, decoded_t=1711, best_decoded=1711, dinf=0.00150057, p_inf=0.078329, countdown=0, uni_act_size=1.37341, area1=16.7501, area23=5.75321, area4=0.00107327, bi_act_size=1.96673, bi_ever_nnz_msg=3.22871, uni_search=0.203447, uni_subsolve=0.0135243, bi_search=0.151298, bi_subsolve=0.0851349, maintain=0.0607363, construct=0.00925558, overall time=2.0486
largest=-0, smallest=-32, width=32
iter=150, funcval=682.76, (-rel_score_t)=1711, decoded_t=1711, best_decoded=1711, dinf=0.00151341, p_inf=0.0768525, countdown=0, uni_act_size=1.37203, area1=16.8197, area23=5.77492, area4=0.00369057, bi_act_size=1.9643, bi_ever_nnz_msg=3.23964, uni_search=0.20475, uni_subsolve=0.0136123, bi_search=0.152509, bi_subsolve=0.0856737, maintain=0.0611452, construct=0.00925558, overall time=2.05892
largest=-0, smallest=-32, width=32
iter=151, funcval=682.767, (-rel_score_t)=1711, decoded_t=1711, best_decoded=1711, dinf=0.00151643, p_inf=0.0748619, countdown=0, uni_act_size=1.37067, area1=16.8887, area23=5.79617, area4=0.00712889, bi_act_size=1.96157, bi_ever_nnz_msg=3.25055, uni_search=0.206026, uni_subsolve=0.0136995, bi_search=0.153729, bi_subsolve=0.0862145, maintain=0.0615631, construct=0.00925558, overall time=2.06926
largest=-0, smallest=-32, width=32
iter=152, funcval=682.773, (-rel_score_t)=1711, decoded_t=1711, best_decoded=1711, dinf=0.00151223, p_inf=0.0723781, countdown=0, uni_act_size=1.36932, area1=16.9573, area23=5.81794, area4=0.0070823, bi_act_size=1.95854, bi_ever_nnz_msg=3.26144, uni_search=0.207308, uni_subsolve=0.0137854, bi_search=0.154918, bi_subsolve=0.0867632, maintain=0.0619759, construct=0.00925558, overall time=2.07965
largest=-0, smallest=-32, width=32
iter=153, funcval=682.779, (-rel_score_t)=1711, decoded_t=1711, best_decoded=1711, dinf=0.00150374, p_inf=0.0695859, countdown=0, uni_act_size=1.36791, area1=17.0253, area23=5.83748, area4=0.00703631, bi_act_size=1.95525, bi_ever_nnz_msg=3.27233, uni_search=0.208602, uni_subsolve=0.0138716, bi_search=0.156165, bi_subsolve=0.0872984, maintain=0.0623848, construct=0.00925558, overall time=2.09022
largest=-0, smallest=-32, width=32
iter=154, funcval=682.785, (-rel_score_t)=1711, decoded_t=1711, best_decoded=1711, dinf=0.00162926, p_inf=0.0663494, countdown=0, uni_act_size=1.36653, area1=17.0929, area23=5.85487, area4=0.00699091, bi_act_size=1.95188, bi_ever_nnz_msg=3.28319, uni_search=0.210044, uni_subsolve=0.0139603, bi_search=0.157386, bi_subsolve=0.0878352, maintain=0.0628149, construct=0.00925558, overall time=2.10111
largest=-0, smallest=-32, width=32
iter=155, funcval=682.791, (-rel_score_t)=1711, decoded_t=1711, best_decoded=1711, dinf=0.00175135, p_inf=0.0627006, countdown=0, uni_act_size=1.36501, area1=17.16, area23=5.87241, area4=0.0069461, bi_act_size=1.94842, bi_ever_nnz_msg=3.29406, uni_search=0.211478, uni_subsolve=0.0140556, bi_search=0.158598, bi_subsolve=0.0883673, maintain=0.0632271, construct=0.00925558, overall time=2.11162
largest=-0, smallest=-32, width=32
iter=156, funcval=682.797, (-rel_score_t)=1711, decoded_t=1711, best_decoded=1711, dinf=0.00187483, p_inf=0.0585815, countdown=0, uni_act_size=1.36343, area1=17.2267, area23=5.89032, area4=0.00690186, bi_act_size=1.94471, bi_ever_nnz_msg=3.3049, uni_search=0.212786, uni_subsolve=0.0141402, bi_search=0.159805, bi_subsolve=0.0889147, maintain=0.0636403, construct=0.00925558, overall time=2.12193
largest=-0, smallest=-32, width=32
iter=157, funcval=682.802, (-rel_score_t)=1711, decoded_t=1711, best_decoded=1711, dinf=0.00199582, p_inf=0.054703, countdown=0, uni_act_size=1.36188, area1=17.2929, area23=5.9083, area4=0.00685817, bi_act_size=1.94092, bi_ever_nnz_msg=3.31575, uni_search=0.214105, uni_subsolve=0.0142258, bi_search=0.160991, bi_subsolve=0.08944, maintain=0.0640649, construct=0.00925558, overall time=2.1323
largest=-0, smallest=-32, width=32
iter=158, funcval=682.807, (-rel_score_t)=1711, decoded_t=1711, best_decoded=1711, dinf=0.00210699, p_inf=0.0536902, countdown=0, uni_act_size=1.36027, area1=17.3587, area23=5.92638, area4=0.00681504, bi_act_size=1.93705, bi_ever_nnz_msg=3.32658, uni_search=0.215545, uni_subsolve=0.0143143, bi_search=0.162208, bi_subsolve=0.0900054, maintain=0.0644818, construct=0.00925558, overall time=2.14305
largest=-0, smallest=-32, width=32
iter=159, funcval=682.812, (-rel_score_t)=1711, decoded_t=1711, best_decoded=1711, dinf=0.00220611, p_inf=0.0525377, countdown=0, uni_act_size=1.3586, area1=17.424, area23=5.94381, area4=0.00677245, bi_act_size=1.93303, bi_ever_nnz_msg=3.3374, uni_search=0.216873, uni_subsolve=0.0144002, bi_search=0.163445, bi_subsolve=0.0905431, maintain=0.0648936, construct=0.00925558, overall time=2.15345
largest=-0, smallest=-32, width=32
iter=160, funcval=682.817, (-rel_score_t)=1711, decoded_t=1711, best_decoded=1711, dinf=0.00229054, p_inf=0.0513249, countdown=0, uni_act_size=1.35689, area1=17.4889, area23=5.96131, area4=0.00673038, bi_act_size=1.92895, bi_ever_nnz_msg=3.34821, uni_search=0.218182, uni_subsolve=0.014485, bi_search=0.164646, bi_subsolve=0.0910642, maintain=0.0653058, construct=0.00925558, overall time=2.16364
largest=-0, smallest=-32, width=32
iter=161, funcval=682.821, (-rel_score_t)=1711, decoded_t=1711, best_decoded=1711, dinf=0.00235821, p_inf=0.0500129, countdown=0, uni_act_size=1.35519, area1=17.5534, area23=5.97886, area4=0.00668884, bi_act_size=1.92486, bi_ever_nnz_msg=3.35904, uni_search=0.219508, uni_subsolve=0.0145716, bi_search=0.165918, bi_subsolve=0.0916297, maintain=0.0657273, construct=0.00925558, overall time=2.17458
largest=-0, smallest=-32, width=32
iter=162, funcval=682.825, (-rel_score_t)=1711, decoded_t=1711, best_decoded=1711, dinf=0.0024076, p_inf=0.0482561, countdown=0, uni_act_size=1.35352, area1=17.6175, area23=5.99651, area4=0.0066478, bi_act_size=1.9208, bi_ever_nnz_msg=3.36985, uni_search=0.220907, uni_subsolve=0.0146578, bi_search=0.167146, bi_subsolve=0.0921609, maintain=0.0661531, construct=0.00925558, overall time=2.18513
largest=-0, smallest=-32, width=32
iter=163, funcval=682.829, (-rel_score_t)=1711, decoded_t=1711, best_decoded=1711, dinf=0.00243774, p_inf=0.0459565, countdown=0, uni_act_size=1.35187, area1=17.6812, area23=6.01425, area4=0.00660726, bi_act_size=1.91667, bi_ever_nnz_msg=3.38067, uni_search=0.222181, uni_subsolve=0.0147427, bi_search=0.168372, bi_subsolve=0.0926983, maintain=0.0665633, construct=0.00925558, overall time=2.19549
largest=-0, smallest=-32, width=32
iter=164, funcval=682.832, (-rel_score_t)=1711, decoded_t=1711, best_decoded=1711, dinf=0.00244828, p_inf=0.0436678, countdown=0, uni_act_size=1.35016, area1=17.7451, area23=6.03209, area4=0.00656722, bi_act_size=1.91254, bi_ever_nnz_msg=3.39148, uni_search=0.223467, uni_subsolve=0.0148275, bi_search=0.169596, bi_subsolve=0.0932444, maintain=0.0669761, construct=0.00925558, overall time=2.20578
largest=-0, smallest=-32, width=32
iter=165, funcval=682.836, (-rel_score_t)=1711, decoded_t=1711, best_decoded=1711, dinf=0.00243948, p_inf=0.040908, countdown=0, uni_act_size=1.34848, area1=17.8086, area23=6.05, area4=0.00652766, bi_act_size=1.90848, bi_ever_nnz_msg=3.40231, uni_search=0.224743, uni_subsolve=0.0149352, bi_search=0.170801, bi_subsolve=0.0937659, maintain=0.0673872, construct=0.00925558, overall time=2.21613
largest=-0, smallest=-32, width=32
iter=166, funcval=682.839, (-rel_score_t)=1711, decoded_t=1711, best_decoded=1711, dinf=0.00241214, p_inf=0.0405649, countdown=0, uni_act_size=1.34674, area1=17.8718, area23=6.068, area4=0.00648857, bi_act_size=1.90441, bi_ever_nnz_msg=3.41312, uni_search=0.22605, uni_subsolve=0.0150214, bi_search=0.172019, bi_subsolve=0.0942891, maintain=0.0677993, construct=0.00925558, overall time=2.22644
largest=-0, smallest=-32, width=32
iter=167, funcval=682.841, (-rel_score_t)=1711, decoded_t=1711, best_decoded=1711, dinf=0.00237525, p_inf=0.0418522, countdown=0, uni_act_size=1.34503, area1=17.9346, area23=6.08608, area4=0.00644995, bi_act_size=1.90041, bi_ever_nnz_msg=3.42395, uni_search=0.227378, uni_subsolve=0.0151049, bi_search=0.173262, bi_subsolve=0.0948153, maintain=0.0682458, construct=0.00925558, overall time=2.23685
largest=-0, smallest=-32, width=32
iter=168, funcval=682.844, (-rel_score_t)=1711, decoded_t=1711, best_decoded=1711, dinf=0.0023967, p_inf=0.0429345, countdown=0, uni_act_size=1.34326, area1=17.9971, area23=6.10424, area4=0.00641178, bi_act_size=1.89639, bi_ever_nnz_msg=3.43474, uni_search=0.228647, uni_subsolve=0.0151901, bi_search=0.174488, bi_subsolve=0.0953581, maintain=0.068661, construct=0.00925558, overall time=2.2475
largest=-0, smallest=-32, width=32
iter=169, funcval=682.846, (-rel_score_t)=1711, decoded_t=1711, best_decoded=1711, dinf=0.00241865, p_inf=0.0437916, countdown=0, uni_act_size=1.34152, area1=18.0592, area23=6.12244, area4=0.00637407, bi_act_size=1.89239, bi_ever_nnz_msg=3.44555, uni_search=0.230057, uni_subsolve=0.015278, bi_search=0.175762, bi_subsolve=0.09589, maintain=0.0690809, construct=0.00925558, overall time=2.25842
largest=-0, smallest=-32, width=32
iter=170, funcval=682.849, (-rel_score_t)=1711, decoded_t=1711, best_decoded=1711, dinf=0.00244942, p_inf=0.0443531, countdown=0, uni_act_size=1.3398, area1=18.1211, area23=6.14068, area4=0.00633679, bi_act_size=1.88838, bi_ever_nnz_msg=3.4563, uni_search=0.231563, uni_subsolve=0.0153697, bi_search=0.17707, bi_subsolve=0.0964421, maintain=0.0695151, construct=0.00925558, overall time=2.26954
largest=-0, smallest=-32, width=32
iter=171, funcval=682.851, (-rel_score_t)=1711, decoded_t=1711, best_decoded=1711, dinf=0.00248575, p_inf=0.044727, countdown=0, uni_act_size=1.3381, area1=18.1825, area23=6.15892, area4=0.00629995, bi_act_size=1.88437, bi_ever_nnz_msg=3.46708, uni_search=0.232921, uni_subsolve=0.0154687, bi_search=0.1783, bi_subsolve=0.0969608, maintain=0.0699316, construct=0.00925558, overall time=2.27996
largest=-0, smallest=-32, width=32
iter=172, funcval=682.853, (-rel_score_t)=1711, decoded_t=1711, best_decoded=1711, dinf=0.00252209, p_inf=0.0448297, countdown=0, uni_act_size=1.33642, area1=18.2436, area23=6.17717, area4=0.00626353, bi_act_size=1.88033, bi_ever_nnz_msg=3.4778, uni_search=0.234183, uni_subsolve=0.0155541, bi_search=0.179555, bi_subsolve=0.0974872, maintain=0.0703437, construct=0.00925558, overall time=2.29022
largest=-0, smallest=-32, width=32
iter=173, funcval=682.856, (-rel_score_t)=1711, decoded_t=1711, best_decoded=1711, dinf=0.00256771, p_inf=0.0446344, countdown=0, uni_act_size=1.33475, area1=18.3043, area23=6.19542, area4=0.00622754, bi_act_size=1.87629, bi_ever_nnz_msg=3.48854, uni_search=0.235497, uni_subsolve=0.0156392, bi_search=0.180772, bi_subsolve=0.0979989, maintain=0.0707921, construct=0.00925558, overall time=2.30056
largest=-0, smallest=-32, width=32
iter=174, funcval=682.858, (-rel_score_t)=1711, decoded_t=1711, best_decoded=1711, dinf=0.0026109, p_inf=0.0442056, countdown=0, uni_act_size=1.33311, area1=18.3647, area23=6.21368, area4=0.00619195, bi_act_size=1.87223, bi_ever_nnz_msg=3.49925, uni_search=0.236767, uni_subsolve=0.0157252, bi_search=0.181988, bi_subsolve=0.0985341, maintain=0.0712083, construct=0.00925558, overall time=2.31087
largest=-0, smallest=-32, width=32
iter=175, funcval=682.859, (-rel_score_t)=1711, decoded_t=1711, best_decoded=1711, dinf=0.0026565, p_inf=0.0434825, countdown=0, uni_act_size=1.33148, area1=18.4248, area23=6.23197, area4=0.00615677, bi_act_size=1.86821, bi_ever_nnz_msg=3.50997, uni_search=0.238065, uni_subsolve=0.0158221, bi_search=0.183227, bi_subsolve=0.0990615, maintain=0.0716286, construct=0.00925558, overall time=2.32126
largest=-0, smallest=-32, width=32
iter=176, funcval=682.861, (-rel_score_t)=1711, decoded_t=1711, best_decoded=1711, dinf=0.00271171, p_inf=0.0425295, countdown=0, uni_act_size=1.32988, area1=18.4846, area23=6.2503, area4=0.00612198, bi_act_size=1.86421, bi_ever_nnz_msg=3.52067, uni_search=0.239354, uni_subsolve=0.0159074, bi_search=0.184482, bi_subsolve=0.099586, maintain=0.0720416, construct=0.00925558, overall time=2.33155
largest=-0, smallest=-32, width=32
iter=177, funcval=682.863, (-rel_score_t)=1711, decoded_t=1711, best_decoded=1711, dinf=0.00276113, p_inf=0.0413753, countdown=0, uni_act_size=1.32829, area1=18.5441, area23=6.26867, area4=0.00608759, bi_act_size=1.86026, bi_ever_nnz_msg=3.53138, uni_search=0.240619, uni_subsolve=0.015993, bi_search=0.185709, bi_subsolve=0.100099, maintain=0.0724533, construct=0.00925558, overall time=2.34174
largest=-0, smallest=-32, width=32
iter=178, funcval=682.864, (-rel_score_t)=1711, decoded_t=1711, best_decoded=1711, dinf=0.00281165, p_inf=0.0400051, countdown=0, uni_act_size=1.32672, area1=18.6033, area23=6.28708, area4=0.00605358, bi_act_size=1.85636, bi_ever_nnz_msg=3.54206, uni_search=0.242046, uni_subsolve=0.0160861, bi_search=0.186986, bi_subsolve=0.100628, maintain=0.0728871, construct=0.00925558, overall time=2.35281
largest=-0, smallest=-32, width=32
iter=179, funcval=682.865, (-rel_score_t)=1711, decoded_t=1711, best_decoded=1711, dinf=0.00285753, p_inf=0.0384297, countdown=0, uni_act_size=1.32516, area1=18.6623, area23=6.30552, area4=0.00601995, bi_act_size=1.85246, bi_ever_nnz_msg=3.55275, uni_search=0.243436, uni_subsolve=0.0161742, bi_search=0.188229, bi_subsolve=0.101147, maintain=0.0733017, construct=0.00925558, overall time=2.36319
largest=-0, smallest=-32, width=32
iter=180, funcval=682.866, (-rel_score_t)=1711, decoded_t=1711, best_decoded=1711, dinf=0.00248774, p_inf=0.0367381, countdown=0, uni_act_size=1.32363, area1=18.721, area23=6.324, area4=0.00598669, bi_act_size=1.8484, bi_ever_nnz_msg=3.56342, uni_search=0.244842, uni_subsolve=0.0162643, bi_search=0.189546, bi_subsolve=0.101693, maintain=0.0737273, construct=0.00925558, overall time=2.37427
largest=-0, smallest=-32, width=32
iter=181, funcval=682.867, (-rel_score_t)=1711, decoded_t=1711, best_decoded=1711, dinf=0.00245439, p_inf=0.0349505, countdown=0, uni_act_size=1.32211, area1=18.7794, area23=6.34251, area4=0.0059538, bi_act_size=1.84435, bi_ever_nnz_msg=3.5741, uni_search=0.246335, uni_subsolve=0.0163539, bi_search=0.190826, bi_subsolve=0.102218, maintain=0.0741595, construct=0.00925558, overall time=2.38513
largest=-0, smallest=-32, width=32
iter=182, funcval=682.868, (-rel_score_t)=1711, decoded_t=1711, best_decoded=1711, dinf=0.00241327, p_inf=0.0331556, countdown=0, uni_act_size=1.3206, area1=18.8375, area23=6.36106, area4=0.00592126, bi_act_size=1.84036, bi_ever_nnz_msg=3.58475, uni_search=0.247628, uni_subsolve=0.0164404, bi_search=0.192078, bi_subsolve=0.102744, maintain=0.074575, construct=0.00925558, overall time=2.39555
largest=-0, smallest=-32, width=32
iter=183, funcval=682.869, (-rel_score_t)=1711, decoded_t=1711, best_decoded=1711, dinf=0.00238262, p_inf=0.0338476, countdown=0, uni_act_size=1.31912, area1=18.8955, area23=6.37964, area4=0.00588908, bi_act_size=1.8364, bi_ever_nnz_msg=3.5954, uni_search=0.248927, uni_subsolve=0.0165273, bi_search=0.193356, bi_subsolve=0.10328, maintain=0.0749899, construct=0.00925558, overall time=2.40615
largest=-0, smallest=-32, width=32
iter=184, funcval=682.869, (-rel_score_t)=1711, decoded_t=1711, best_decoded=1711, dinf=0.00235977, p_inf=0.0345811, countdown=0, uni_act_size=1.31765, area1=18.9533, area23=6.39823, area4=0.00585725, bi_act_size=1.83245, bi_ever_nnz_msg=3.60602, uni_search=0.250292, uni_subsolve=0.0166127, bi_search=0.19459, bi_subsolve=0.103793, maintain=0.0754395, construct=0.00925558, overall time=2.41664
largest=-0, smallest=-32, width=32
iter=185, funcval=682.87, (-rel_score_t)=1711, decoded_t=1711, best_decoded=1711, dinf=0.00234043, p_inf=0.0349502, countdown=0, uni_act_size=1.31619, area1=19.0107, area23=6.41681, area4=0.00582576, bi_act_size=1.82851, bi_ever_nnz_msg=3.61665, uni_search=0.251571, uni_subsolve=0.0166982, bi_search=0.195841, bi_subsolve=0.104303, maintain=0.0758515, construct=0.00925558, overall time=2.42694
largest=-0, smallest=-32, width=32
iter=186, funcval=682.87, (-rel_score_t)=1711, decoded_t=1711, best_decoded=1711, dinf=0.00232525, p_inf=0.034647, countdown=0, uni_act_size=1.31475, area1=19.0679, area23=6.43539, area4=0.00579461, bi_act_size=1.82446, bi_ever_nnz_msg=3.62724, uni_search=0.252851, uni_subsolve=0.0167842, bi_search=0.197066, bi_subsolve=0.104834, maintain=0.0762655, construct=0.00925558, overall time=2.43726
largest=-0, smallest=-32, width=32
iter=187, funcval=682.87, (-rel_score_t)=1711, decoded_t=1711, best_decoded=1711, dinf=0.00232372, p_inf=0.0333529, countdown=0, uni_act_size=1.31333, area1=19.1248, area23=6.45397, area4=0.00576378, bi_act_size=1.82038, bi_ever_nnz_msg=3.63784, uni_search=0.254167, uni_subsolve=0.0168708, bi_search=0.198316, bi_subsolve=0.105339, maintain=0.0766783, construct=0.00925558, overall time=2.44764
largest=-0, smallest=-32, width=32
iter=188, funcval=682.87, (-rel_score_t)=1711, decoded_t=1711, best_decoded=1711, dinf=0.00233957, p_inf=0.0305099, countdown=0, uni_act_size=1.31192, area1=19.1814, area23=6.47255, area4=0.00573329, bi_act_size=1.81632, bi_ever_nnz_msg=3.6484, uni_search=0.255456, uni_subsolve=0.0169561, bi_search=0.199579, bi_subsolve=0.105846, maintain=0.0770945, construct=0.00925558, overall time=2.45795
largest=-0, smallest=-32, width=32
iter=189, funcval=682.871, (-rel_score_t)=1711, decoded_t=1711, best_decoded=1711, dinf=0.000297655, p_inf=0.0283233, countdown=0, uni_act_size=1.31053, area1=19.2378, area23=6.49114, area4=0.00570311, bi_act_size=1.81212, bi_ever_nnz_msg=3.65897, uni_search=0.256758, uni_subsolve=0.017042, bi_search=0.200826, bi_subsolve=0.10635, maintain=0.0775328, construct=0.00925558, overall time=2.46826
largest=-0, smallest=-32, width=32
iter=190, funcval=682.871, (-rel_score_t)=1711, decoded_t=1711, best_decoded=1711, dinf=0.000236605, p_inf=0.0256926, countdown=0, uni_act_size=1.30909, area1=19.2939, area23=6.50972, area4=0.00567325, bi_act_size=1.80794, bi_ever_nnz_msg=3.66951, uni_search=0.258017, uni_subsolve=0.0171294, bi_search=0.20209, bi_subsolve=0.106855, maintain=0.0779476, construct=0.00925558, overall time=2.47852
largest=-0, smallest=-32, width=32
iter=191, funcval=682.871, (-rel_score_t)=1711, decoded_t=1711, best_decoded=1711, dinf=0.000185798, p_inf=0.0221046, countdown=0, uni_act_size=1.30772, area1=19.3497, area23=6.5283, area4=0.0056437, bi_act_size=1.80379, bi_ever_nnz_msg=3.68005, uni_search=0.259357, uni_subsolve=0.017216, bi_search=0.203351, bi_subsolve=0.107364, maintain=0.0783944, construct=0.00925558, overall time=2.48931
largest=-0, smallest=-32, width=32
iter=192, funcval=682.871, (-rel_score_t)=1711, decoded_t=1711, best_decoded=1711, dinf=0.000142148, p_inf=0.0186961, countdown=0, uni_act_size=1.30643, area1=19.4053, area23=6.54688, area4=0.00561446, bi_act_size=1.79968, bi_ever_nnz_msg=3.69056, uni_search=0.260722, uni_subsolve=0.0173047, bi_search=0.204602, bi_subsolve=0.107878, maintain=0.0788143, construct=0.00925558, overall time=2.50046
largest=-0, smallest=-32, width=32
iter=193, funcval=682.871, (-rel_score_t)=1711, decoded_t=1711, best_decoded=1711, dinf=0.00010811, p_inf=0.0149041, countdown=0, uni_act_size=1.30522, area1=19.4606, area23=6.56546, area4=0.00558552, bi_act_size=1.7956, bi_ever_nnz_msg=3.70108, uni_search=0.262117, uni_subsolve=0.0173932, bi_search=0.205876, bi_subsolve=0.108412, maintain=0.0792335, construct=0.00925558, overall time=2.51136
largest=-0, smallest=-32, width=32
iter=194, funcval=682.871, (-rel_score_t)=1711, decoded_t=1711, best_decoded=1711, dinf=8.42054e-05, p_inf=0.01111, countdown=0, uni_act_size=1.30377, area1=19.5153, area23=6.58385, area4=0.00555688, bi_act_size=1.79155, bi_ever_nnz_msg=3.71149, uni_search=0.263556, uni_subsolve=0.0174712, bi_search=0.20713, bi_subsolve=0.108923, maintain=0.0796667, construct=0.00925558, overall time=2.52215
largest=-0, smallest=-32, width=32
iter=195, funcval=682.871, (-rel_score_t)=1711, decoded_t=1711, best_decoded=1711, dinf=8.1835e-06, p_inf=0.00814431, countdown=0, uni_act_size=1.30228, area1=19.5695, area23=6.60206, area4=0.00552853, bi_act_size=1.78753, bi_ever_nnz_msg=3.72179, uni_search=0.265061, uni_subsolve=0.0175567, bi_search=0.208385, bi_subsolve=0.109436, maintain=0.0801167, construct=0.00925558, overall time=2.5333
largest=-0, smallest=-32, width=32
iter=196, funcval=682.871, (-rel_score_t)=1711, decoded_t=1711, best_decoded=1711, dinf=5.59933e-06, p_inf=0.00548778, countdown=0, uni_act_size=1.30081, area1=19.6232, area23=6.62008, area4=0.00550046, bi_act_size=1.78355, bi_ever_nnz_msg=3.73199, uni_search=0.266533, uni_subsolve=0.0176313, bi_search=0.209608, bi_subsolve=0.109946, maintain=0.080534, construct=0.00925558, overall time=2.54389
largest=-0, smallest=-32, width=32
iter=197, funcval=682.871, (-rel_score_t)=1711, decoded_t=1711, best_decoded=1711, dinf=2.86831e-06, p_inf=0.00280871, countdown=0, uni_act_size=1.29935, area1=19.6763, area23=6.63791, area4=0.00547268, bi_act_size=1.77961, bi_ever_nnz_msg=3.74208, uni_search=0.267828, uni_subsolve=0.017704, bi_search=0.21085, bi_subsolve=0.11046, maintain=0.0809468, construct=0.00925558, overall time=2.55418
largest=-0, smallest=-32, width=32
iter=198, funcval=682.871, (-rel_score_t)=1711, decoded_t=1711, best_decoded=1711, dinf=1.19486e-07, p_inf=0.000117629, countdown=0, uni_act_size=1.2979, area1=19.7288, area23=6.65557, area4=0.00544518, bi_act_size=1.77571, bi_ever_nnz_msg=3.75207, uni_search=0.269116, uni_subsolve=0.0177759, bi_search=0.212056, bi_subsolve=0.110961, maintain=0.0813618, construct=0.00925558, overall time=2.56443
largest=-0, smallest=-32, width=32
iter=199, funcval=682.871, (-rel_score_t)=1711, decoded_t=1711, best_decoded=1711, dinf=1.86517e-14, p_inf=2.84217e-14, countdown=1, uni_act_size=1.29641, area1=19.7809, area23=6.67305, area4=0.00541796, bi_act_size=1.77183, bi_ever_nnz_msg=3.76197, uni_search=0.270396, uni_subsolve=0.0178494, bi_search=0.21334, bi_subsolve=0.111467, maintain=0.0817768, construct=0.00925558, overall time=2.5748
largest=-0, smallest=-32, width=32
iter=200, funcval=682.871, (-rel_score_t)=1711, decoded_t=1711, best_decoded=1711, dinf=1.86517e-14, p_inf=2.84217e-14, countdown=2, uni_act_size=1.29494, area1=19.8324, area23=6.69036, area4=0.005391, bi_act_size=1.76799, bi_ever_nnz_msg=3.77176, uni_search=0.271681, uni_subsolve=0.0179219, bi_search=0.214569, bi_subsolve=0.111967, maintain=0.0821915, construct=0.00925558, overall time=2.58507
largest=-0, smallest=-32, width=32
iter=201, funcval=682.871, (-rel_score_t)=1711, decoded_t=1711, best_decoded=1711, dinf=1.86517e-14, p_inf=2.84217e-14, countdown=3, uni_act_size=1.29348, area1=19.8834, area23=6.70749, area4=0.00536431, bi_act_size=1.76418, bi_ever_nnz_msg=3.78146, uni_search=0.272984, uni_subsolve=0.0179939, bi_search=0.215811, bi_subsolve=0.112468, maintain=0.0826064, construct=0.00925558, overall time=2.59539
largest=-0, smallest=-32, width=32
iter=202, funcval=682.871, (-rel_score_t)=1711, decoded_t=1711, best_decoded=1711, dinf=1.77636e-14, p_inf=4.26326e-14, countdown=4, uni_act_size=1.29203, area1=19.9339, area23=6.72446, area4=0.00533789, bi_act_size=1.76042, bi_ever_nnz_msg=3.79106, uni_search=0.274247, uni_subsolve=0.018066, bi_search=0.217047, bi_subsolve=0.11297, maintain=0.0830317, construct=0.00925558, overall time=2.6056
largest=-0, smallest=-32, width=32
iter=203, funcval=682.871, (-rel_score_t)=1711, decoded_t=1711, best_decoded=1711, dinf=1.86517e-14, p_inf=2.84217e-14, countdown=5, uni_act_size=1.2906, area1=19.9839, area23=6.74126, area4=0.00531172, bi_act_size=1.75669, bi_ever_nnz_msg=3.80057, uni_search=0.275543, uni_subsolve=0.0181387, bi_search=0.218256, bi_subsolve=0.11347, maintain=0.0834458, construct=0.00925558, overall time=2.61585
largest=-0, smallest=-32, width=32
iter=204, funcval=682.871, (-rel_score_t)=1711, decoded_t=1711, best_decoded=1711, dinf=1.86517e-14, p_inf=2.84217e-14, countdown=6, uni_act_size=1.28918, area1=20.0334, area23=6.75789, area4=0.00528581, bi_act_size=1.753, bi_ever_nnz_msg=3.80998, uni_search=0.276843, uni_subsolve=0.0182107, bi_search=0.219489, bi_subsolve=0.113972, maintain=0.0838593, construct=0.00925558, overall time=2.62639
largest=-0, smallest=-32, width=32
iter=205, funcval=682.871, (-rel_score_t)=1711, decoded_t=1711, best_decoded=1711, dinf=1.37668e-14, p_inf=2.84217e-14, countdown=7, uni_act_size=1.28778, area1=20.0825, area23=6.77437, area4=0.00526015, bi_act_size=1.74935, bi_ever_nnz_msg=3.81931, uni_search=0.278292, uni_subsolve=0.0182835, bi_search=0.220731, bi_subsolve=0.114486, maintain=0.0842816, construct=0.00925558, overall time=2.63728
largest=-0, smallest=-32, width=32
iter=206, funcval=682.871, (-rel_score_t)=1711, decoded_t=1711, best_decoded=1711, dinf=1.77636e-14, p_inf=2.84217e-14, countdown=8, uni_act_size=1.28639, area1=20.131, area23=6.79069, area4=0.00523474, bi_act_size=1.74573, bi_ever_nnz_msg=3.82854, uni_search=0.279782, uni_subsolve=0.0183594, bi_search=0.221969, bi_subsolve=0.114995, maintain=0.0847012, construct=0.00925558, overall time=2.64806
largest=-0, smallest=-32, width=32
iter=207, funcval=682.871, (-rel_score_t)=1711, decoded_t=1711, best_decoded=1711, dinf=1.86517e-14, p_inf=2.84217e-14, countdown=9, uni_act_size=1.28501, area1=20.1791, area23=6.80684, area4=0.00520957, bi_act_size=1.74214, bi_ever_nnz_msg=3.83768, uni_search=0.281076, uni_subsolve=0.0184321, bi_search=0.223192, bi_subsolve=0.115497, maintain=0.0851156, construct=0.00925558, overall time=2.65831
largest=-0, smallest=-32, width=32
iter=208, funcval=682.871, (-rel_score_t)=1711, decoded_t=1711, best_decoded=1711, dinf=1.77636e-14, p_inf=2.84217e-14, countdown=10, uni_act_size=1.28365, area1=20.2268, area23=6.82285, area4=0.00518465, bi_act_size=1.73859, bi_ever_nnz_msg=3.84674, uni_search=0.282394, uni_subsolve=0.0185043, bi_search=0.224417, bi_subsolve=0.116034, maintain=0.0855422, construct=0.00925558, overall time=2.66868
@0: iter=209, T=85, acc=0, score=-1711, infea=2.84217e-14, dinf=1.77636e-14, avg_nnz_msg=2.88794, ever_nnz_msg=11.5201, uni_search=0.282394, uni_subsolve=0.0185043, bi_search=0.224417, bi_subsolve=0.116034, maintain=0.0855422, construct=0.00925558
, avg_act_size=1, uni_act_size=1.28365, area1=20.2268, area23=6.82285, area4=0.00518465, bi_act_size=1.73859, bi_ever_nnz_msg=3.84674, Acc=0

uni_search=0.282394, uni_subsolve=0.0185043, bi_search=0.224417, bi_subsolve=0.116034, maintain=0.0855422, construct=0.00925558
Acc=0
prediction time=2.66878
