TRWS  Tests ...
loading .h5 file ../../../data//EurLex.loguai.h5................done
algorithm constructing...
algorithm starting...
best_value=891.026, lower_bound=-943.859, time=5.14941
best_value=891.026, lower_bound=-934.347, time=8.52238
best_value=891.026, lower_bound=-927.513, time=11.906
best_value=891.026, lower_bound=-922.497, time=15.1989
best_value=891.026, lower_bound=-918.757, time=18.5235
best_value=899.06, lower_bound=-915.9, time=21.8856
best_value=899.06, lower_bound=-913.719, time=25.4171
best_value=899.06, lower_bound=-912.088, time=29.5176
best_value=899.06, lower_bound=-910.825, time=33.0952
best_value=899.06, lower_bound=-909.801, time=36.5694
best_value=899.06, lower_bound=-908.962, time=40.2252
best_value=899.06, lower_bound=-908.253, time=43.7029
best_value=899.06, lower_bound=-907.67, time=47.0932
best_value=899.06, lower_bound=-907.143, time=50.4655
best_value=899.06, lower_bound=-906.702, time=53.8109
best_value=899.06, lower_bound=-906.327, time=57.2034
best_value=899.06, lower_bound=-905.986, time=60.5828
best_value=899.06, lower_bound=-905.677, time=63.937
best_value=899.06, lower_bound=-905.384, time=67.2519
best_value=899.06, lower_bound=-905.102, time=70.5721
best_value=899.06, lower_bound=-904.857, time=73.9264
best_value=899.06, lower_bound=-904.644, time=77.285
best_value=899.06, lower_bound=-904.438, time=80.6328
best_value=899.06, lower_bound=-904.244, time=83.9455
best_value=899.06, lower_bound=-904.065, time=87.2548
best_value=899.06, lower_bound=-903.895, time=90.581
best_value=899.06, lower_bound=-903.73, time=93.8842
best_value=899.06, lower_bound=-903.569, time=97.2365
best_value=899.06, lower_bound=-903.419, time=100.571
best_value=899.06, lower_bound=-903.272, time=103.914
best_value=899.06, lower_bound=-903.127, time=107.225
best_value=899.06, lower_bound=-902.988, time=110.581
best_value=899.06, lower_bound=-902.863, time=113.883
best_value=899.06, lower_bound=-902.747, time=117.182
best_value=899.06, lower_bound=-902.637, time=120.489
best_value=899.06, lower_bound=-902.528, time=123.794
best_value=899.06, lower_bound=-902.419, time=127.117
best_value=899.06, lower_bound=-902.315, time=130.42
best_value=899.06, lower_bound=-902.216, time=133.733
best_value=899.06, lower_bound=-902.119, time=137.077
best_value=899.06, lower_bound=-902.022, time=140.379
best_value=899.06, lower_bound=-901.938, time=143.667
best_value=899.06, lower_bound=-901.868, time=146.987
best_value=899.06, lower_bound=-901.799, time=150.274
best_value=899.06, lower_bound=-901.731, time=153.575
best_value=899.06, lower_bound=-901.664, time=156.905
best_value=899.06, lower_bound=-901.599, time=160.202
best_value=899.06, lower_bound=-901.538, time=163.506
best_value=899.06, lower_bound=-901.476, time=166.806
best_value=899.06, lower_bound=-901.42, time=170.102
best_value=899.06, lower_bound=-901.365, time=173.471
best_value=899.06, lower_bound=-901.31, time=176.858
best_value=899.06, lower_bound=-901.256, time=180.169
best_value=899.06, lower_bound=-901.203, time=183.467
best_value=899.06, lower_bound=-901.153, time=186.774
best_value=899.06, lower_bound=-901.106, time=190.07
best_value=899.06, lower_bound=-901.059, time=193.36
best_value=899.06, lower_bound=-901.012, time=197.178
best_value=899.06, lower_bound=-900.965, time=200.537
best_value=899.06, lower_bound=-900.919, time=203.93
best_value=899.06, lower_bound=-900.872, time=207.504
best_value=899.06, lower_bound=-900.826, time=211.034
best_value=899.06, lower_bound=-900.78, time=214.471
best_value=899.06, lower_bound=-900.734, time=217.835
best_value=899.06, lower_bound=-900.688, time=221.225
best_value=899.06, lower_bound=-900.642, time=224.572
best_value=899.06, lower_bound=-900.596, time=227.944
best_value=899.06, lower_bound=-900.551, time=231.295
best_value=899.06, lower_bound=-900.505, time=234.604
best_value=899.06, lower_bound=-900.462, time=237.954
best_value=899.06, lower_bound=-900.421, time=241.293
best_value=899.06, lower_bound=-900.397, time=244.644
best_value=899.06, lower_bound=-900.373, time=247.956
best_value=899.06, lower_bound=-900.35, time=251.769
best_value=899.06, lower_bound=-900.327, time=255.52
best_value=899.06, lower_bound=-900.304, time=258.974
best_value=899.06, lower_bound=-900.281, time=262.341
best_value=899.06, lower_bound=-900.258, time=265.708
best_value=899.06, lower_bound=-900.237, time=269.035
best_value=899.06, lower_bound=-900.218, time=272.333
best_value=899.06, lower_bound=-900.198, time=275.754
best_value=899.06, lower_bound=-900.182, time=279.102
best_value=899.06, lower_bound=-900.165, time=282.385
best_value=899.06, lower_bound=-900.149, time=285.695
best_value=899.06, lower_bound=-900.134, time=289.014
best_value=899.06, lower_bound=-900.118, time=292.341
best_value=899.06, lower_bound=-900.102, time=295.731
best_value=899.06, lower_bound=-900.086, time=299.081
best_value=899.06, lower_bound=-900.07, time=302.394
best_value=899.06, lower_bound=-900.054, time=305.672
best_value=899.06, lower_bound=-900.038, time=308.979
best_value=899.06, lower_bound=-900.022, time=312.276
best_value=899.06, lower_bound=-900.007, time=315.59
best_value=899.06, lower_bound=-899.991, time=318.865
best_value=899.06, lower_bound=-899.976, time=323.029
best_value=899.06, lower_bound=-899.961, time=327.196
best_value=899.06, lower_bound=-899.946, time=330.757
best_value=899.06, lower_bound=-899.931, time=334.175
best_value=899.06, lower_bound=-899.916, time=337.506
best_value=899.06, lower_bound=-899.901, time=341.034
best_value=899.06, lower_bound=-899.886, time=344.601
best_value=899.06, lower_bound=-899.871, time=348.051
best_value=899.06, lower_bound=-899.857, time=351.456
best_value=899.06, lower_bound=-899.842, time=355.682
best_value=899.06, lower_bound=-899.828, time=359.138
best_value=899.06, lower_bound=-899.813, time=362.539
best_value=899.06, lower_bound=-899.799, time=365.88
best_value=899.06, lower_bound=-899.784, time=369.266
best_value=899.06, lower_bound=-899.77, time=372.576
best_value=899.06, lower_bound=-899.755, time=376.141
best_value=899.06, lower_bound=-899.741, time=379.543
best_value=899.06, lower_bound=-899.727, time=382.834
best_value=899.06, lower_bound=-899.712, time=386.167
best_value=899.06, lower_bound=-899.698, time=389.506
best_value=899.06, lower_bound=-899.685, time=392.84
best_value=899.06, lower_bound=-899.671, time=396.144
best_value=899.06, lower_bound=-899.658, time=399.511
best_value=899.06, lower_bound=-899.645, time=402.814
best_value=899.06, lower_bound=-899.632, time=406.117
best_value=899.06, lower_bound=-899.618, time=409.45
best_value=899.06, lower_bound=-899.605, time=412.756
best_value=899.06, lower_bound=-899.593, time=416.107
best_value=899.06, lower_bound=-899.58, time=419.41
best_value=899.06, lower_bound=-899.568, time=422.766
best_value=899.06, lower_bound=-899.556, time=426.077
best_value=899.06, lower_bound=-899.544, time=429.425
best_value=899.06, lower_bound=-899.532, time=432.73
best_value=899.06, lower_bound=-899.521, time=436.044
best_value=899.06, lower_bound=-899.511, time=439.345
best_value=899.06, lower_bound=-899.501, time=442.647
best_value=899.06, lower_bound=-899.49, time=445.962
best_value=899.06, lower_bound=-899.48, time=449.283
best_value=899.06, lower_bound=-899.47, time=452.568
best_value=899.06, lower_bound=-899.46, time=455.858
best_value=899.06, lower_bound=-899.45, time=459.199
best_value=899.06, lower_bound=-899.439, time=462.491
best_value=899.06, lower_bound=-899.429, time=465.787
best_value=899.06, lower_bound=-899.419, time=469.126
best_value=899.06, lower_bound=-899.409, time=472.42
best_value=899.06, lower_bound=-899.4, time=475.931
best_value=899.06, lower_bound=-899.391, time=480.061
best_value=899.06, lower_bound=-899.382, time=484.282
best_value=899.06, lower_bound=-899.374, time=488.289
best_value=899.06, lower_bound=-899.365, time=491.73
best_value=899.06, lower_bound=-899.357, time=495.164
best_value=899.06, lower_bound=-899.348, time=498.517
best_value=899.06, lower_bound=-899.34, time=501.892
best_value=899.06, lower_bound=-899.331, time=505.212
best_value=899.06, lower_bound=-899.323, time=508.552
best_value=899.06, lower_bound=-899.315, time=511.914
best_value=899.06, lower_bound=-899.306, time=515.204
best_value=899.06, lower_bound=-899.298, time=518.521
best_value=899.06, lower_bound=-899.289, time=521.816
best_value=899.06, lower_bound=-899.281, time=525.137
best_value=899.06, lower_bound=-899.273, time=528.463
best_value=899.06, lower_bound=-899.264, time=531.805
best_value=899.06, lower_bound=-899.256, time=535.101
best_value=899.06, lower_bound=-899.248, time=538.395
best_value=899.06, lower_bound=-899.24, time=541.725
best_value=899.06, lower_bound=-899.232, time=545.026
best_value=899.06, lower_bound=-899.228, time=548.36
best_value=899.06, lower_bound=-899.223, time=551.659
best_value=899.06, lower_bound=-899.219, time=555.002
best_value=899.06, lower_bound=-899.214, time=558.332
best_value=899.06, lower_bound=-899.21, time=561.748
best_value=899.06, lower_bound=-899.206, time=565.046
best_value=899.06, lower_bound=-899.203, time=568.363
best_value=899.06, lower_bound=-899.2, time=571.647
best_value=899.06, lower_bound=-899.197, time=574.903
best_value=899.06, lower_bound=-899.194, time=578.166
best_value=899.06, lower_bound=-899.191, time=581.459
best_value=899.06, lower_bound=-899.188, time=584.745
best_value=899.06, lower_bound=-899.186, time=588.045
best_value=899.06, lower_bound=-899.183, time=591.394
best_value=899.06, lower_bound=-899.18, time=594.685
best_value=899.06, lower_bound=-899.177, time=597.973
best_value=899.06, lower_bound=-899.174, time=601.338
best_value=899.06, lower_bound=-899.171, time=604.618
best_value=899.06, lower_bound=-899.168, time=608.578
best_value=899.06, lower_bound=-899.165, time=612.329
best_value=899.06, lower_bound=-899.162, time=615.772
best_value=899.06, lower_bound=-899.159, time=619.152
best_value=899.06, lower_bound=-899.156, time=622.497
best_value=899.06, lower_bound=-899.154, time=625.827
best_value=899.06, lower_bound=-899.151, time=629.131
best_value=899.06, lower_bound=-899.148, time=632.493
best_value=899.06, lower_bound=-899.145, time=635.83
best_value=899.06, lower_bound=-899.142, time=639.123
best_value=899.06, lower_bound=-899.139, time=642.432
best_value=899.06, lower_bound=-899.136, time=645.755
best_value=899.06, lower_bound=-899.133, time=649.076
best_value=899.06, lower_bound=-899.13, time=652.354
best_value=899.06, lower_bound=-899.128, time=655.668
best_value=899.06, lower_bound=-899.126, time=658.92
best_value=899.06, lower_bound=-899.125, time=662.174
best_value=899.06, lower_bound=-899.124, time=665.482
best_value=899.06, lower_bound=-899.123, time=668.778
best_value=899.06, lower_bound=-899.122, time=672.095
best_value=899.06, lower_bound=-899.121, time=675.377
best_value=899.06, lower_bound=-899.12, time=678.702
best_value=899.06, lower_bound=-899.119, time=681.98
best_value=899.06, lower_bound=-899.118, time=685.333
best_value=899.06, lower_bound=-899.117, time=688.656
best_value=899.06, lower_bound=-899.116, time=691.981
best_value=899.06, lower_bound=-899.115, time=695.328
best_value=899.06, lower_bound=-899.113, time=698.682
best_value=899.06, lower_bound=-899.112, time=702.02
best_value=899.06, lower_bound=-899.111, time=705.364
best_value=899.06, lower_bound=-899.11, time=708.689
best_value=899.06, lower_bound=-899.109, time=712.032
best_value=899.06, lower_bound=-899.108, time=715.427
best_value=899.06, lower_bound=-899.107, time=718.761
best_value=899.06, lower_bound=-899.106, time=722.092
best_value=899.06, lower_bound=-899.105, time=725.458
best_value=899.06, lower_bound=-899.105, time=728.785
best_value=899.06, lower_bound=-899.105, time=732.11
best_value=899.06, lower_bound=-899.104, time=735.492
best_value=899.06, lower_bound=-899.104, time=738.82
best_value=899.06, lower_bound=-899.104, time=742.124
best_value=899.06, lower_bound=-899.104, time=745.443
best_value=899.06, lower_bound=-899.103, time=748.794
best_value=899.06, lower_bound=-899.103, time=752.151
best_value=899.06, lower_bound=-899.103, time=755.478
best_value=899.06, lower_bound=-899.103, time=758.805
best_value=899.06, lower_bound=-899.102, time=762.143
best_value=899.06, lower_bound=-899.102, time=765.489
best_value=899.06, lower_bound=-899.102, time=768.814
best_value=899.06, lower_bound=-899.102, time=772.142
best_value=899.06, lower_bound=-899.101, time=775.462
best_value=899.06, lower_bound=-899.101, time=778.725
best_value=899.06, lower_bound=-899.101, time=781.99
best_value=899.06, lower_bound=-899.101, time=785.318
best_value=899.06, lower_bound=-899.1, time=788.615
best_value=899.06, lower_bound=-899.1, time=791.884
best_value=899.06, lower_bound=-899.1, time=795.247
best_value=899.06, lower_bound=-899.1, time=798.553
best_value=899.06, lower_bound=-899.1, time=801.882
best_value=899.06, lower_bound=-899.099, time=805.883
best_value=899.06, lower_bound=-899.099, time=809.19
best_value=899.06, lower_bound=-899.099, time=812.493
best_value=899.06, lower_bound=-899.099, time=815.993
best_value=899.06, lower_bound=-899.098, time=819.442
best_value=899.06, lower_bound=-899.098, time=822.991
best_value=899.06, lower_bound=-899.098, time=826.604
best_value=899.06, lower_bound=-899.098, time=830.106
best_value=899.06, lower_bound=-899.097, time=833.549
best_value=899.06, lower_bound=-899.097, time=836.926
best_value=899.06, lower_bound=-899.097, time=840.345
best_value=899.06, lower_bound=-899.097, time=843.687
best_value=899.06, lower_bound=-899.096, time=847.054
best_value=899.06, lower_bound=-899.096, time=850.458
best_value=899.06, lower_bound=-899.096, time=853.786
best_value=899.06, lower_bound=-899.096, time=857.138
best_value=899.06, lower_bound=-899.095, time=860.499
best_value=899.06, lower_bound=-899.095, time=863.905
best_value=899.06, lower_bound=-899.095, time=867.296
best_value=899.06, lower_bound=-899.095, time=870.69
best_value=899.06, lower_bound=-899.094, time=874.042
best_value=899.06, lower_bound=-899.094, time=877.37
best_value=899.06, lower_bound=-899.094, time=880.689
best_value=899.06, lower_bound=-899.094, time=883.99
best_value=899.06, lower_bound=-899.094, time=887.323
best_value=899.06, lower_bound=-899.093, time=890.625
best_value=899.06, lower_bound=-899.093, time=893.956
best_value=899.06, lower_bound=-899.093, time=897.252
best_value=899.06, lower_bound=-899.093, time=900.674
best_value=899.06, lower_bound=-899.092, time=904.007
best_value=899.06, lower_bound=-899.092, time=907.397
best_value=899.06, lower_bound=-899.092, time=910.822
best_value=899.06, lower_bound=-899.092, time=914.223
best_value=899.06, lower_bound=-899.091, time=917.59
best_value=899.06, lower_bound=-899.091, time=920.901
best_value=899.06, lower_bound=-899.091, time=924.198
best_value=899.06, lower_bound=-899.091, time=927.671
best_value=899.06, lower_bound=-899.091, time=931.236
best_value=899.06, lower_bound=-899.09, time=934.662
best_value=899.06, lower_bound=-899.09, time=938.017
best_value=899.06, lower_bound=-899.09, time=941.425
best_value=899.06, lower_bound=-899.09, time=944.716
best_value=899.06, lower_bound=-899.089, time=948.065
best_value=899.06, lower_bound=-899.089, time=951.41
best_value=899.06, lower_bound=-899.089, time=954.695
best_value=899.06, lower_bound=-899.089, time=957.962
best_value=899.06, lower_bound=-899.088, time=961.256
best_value=899.06, lower_bound=-899.088, time=964.605
best_value=899.06, lower_bound=-899.088, time=967.943
best_value=899.06, lower_bound=-899.088, time=971.281
best_value=899.06, lower_bound=-899.087, time=974.555
best_value=899.06, lower_bound=-899.087, time=977.838
best_value=899.06, lower_bound=-899.087, time=981.11
best_value=899.06, lower_bound=-899.087, time=984.393
best_value=899.06, lower_bound=-899.087, time=987.678
best_value=899.06, lower_bound=-899.086, time=990.977
best_value=899.06, lower_bound=-899.086, time=994.255
best_value=899.06, lower_bound=-899.086, time=997.549
best_value=899.06, lower_bound=-899.086, time=1000.86
best_value=899.06, lower_bound=-899.085, time=1004.12
best_value=899.06, lower_bound=-899.085, time=1007.39
best_value=899.06, lower_bound=-899.085, time=1010.66
best_value=899.06, lower_bound=-899.085, time=1013.92
best_value=899.06, lower_bound=-899.084, time=1017.21
best_value=899.06, lower_bound=-899.084, time=1020.51
best_value=899.06, lower_bound=-899.084, time=1023.79
best_value=899.06, lower_bound=-899.084, time=1027.05
best_value=899.06, lower_bound=-899.084, time=1030.32
best_value=899.06, lower_bound=-899.083, time=1033.63
best_value=899.06, lower_bound=-899.083, time=1036.89
best_value=899.06, lower_bound=-899.083, time=1040.15
best_value=899.06, lower_bound=-899.083, time=1043.46
best_value=899.06, lower_bound=-899.082, time=1046.73
best_value=899.06, lower_bound=-899.082, time=1049.99
best_value=899.06, lower_bound=-899.082, time=1053.3
best_value=899.06, lower_bound=-899.082, time=1056.56
best_value=899.06, lower_bound=-899.081, time=1059.83
best_value=899.06, lower_bound=-899.081, time=1063.08
best_value=899.06, lower_bound=-899.081, time=1066.34
best_value=899.06, lower_bound=-899.081, time=1069.61
best_value=899.06, lower_bound=-899.081, time=1072.87
best_value=899.06, lower_bound=-899.08, time=1076.13
best_value=899.06, lower_bound=-899.08, time=1079.4
best_value=899.06, lower_bound=-899.08, time=1082.69
best_value=899.06, lower_bound=-899.08, time=1085.95
best_value=899.06, lower_bound=-899.079, time=1089.21
best_value=899.06, lower_bound=-899.079, time=1092.52
best_value=899.06, lower_bound=-899.079, time=1095.78
best_value=899.06, lower_bound=-899.079, time=1099.04
best_value=899.06, lower_bound=-899.078, time=1102.34
best_value=899.06, lower_bound=-899.078, time=1105.6
best_value=899.06, lower_bound=-899.078, time=1108.86
best_value=899.06, lower_bound=-899.078, time=1112.16
best_value=899.06, lower_bound=-899.078, time=1115.43
best_value=899.06, lower_bound=-899.077, time=1118.68
best_value=899.06, lower_bound=-899.077, time=1121.93
best_value=899.06, lower_bound=-899.077, time=1125.19
best_value=899.06, lower_bound=-899.077, time=1128.48
best_value=899.06, lower_bound=-899.076, time=1131.74
best_value=899.06, lower_bound=-899.076, time=1135
best_value=899.06, lower_bound=-899.076, time=1138.27
best_value=899.06, lower_bound=-899.076, time=1141.55
best_value=899.06, lower_bound=-899.076, time=1144.8
best_value=899.06, lower_bound=-899.075, time=1148.06
best_value=899.06, lower_bound=-899.075, time=1151.35
best_value=899.06, lower_bound=-899.075, time=1154.6
best_value=899.06, lower_bound=-899.075, time=1157.85
best_value=899.06, lower_bound=-899.074, time=1161.15
best_value=899.06, lower_bound=-899.074, time=1164.42
best_value=899.06, lower_bound=-899.074, time=1167.73
best_value=899.06, lower_bound=-899.074, time=1171.03
best_value=899.06, lower_bound=-899.074, time=1174.28
best_value=899.06, lower_bound=-899.073, time=1177.53
best_value=899.06, lower_bound=-899.073, time=1180.79
best_value=899.06, lower_bound=-899.073, time=1184.07
best_value=899.06, lower_bound=-899.073, time=1187.33
best_value=899.06, lower_bound=-899.072, time=1190.58
best_value=899.06, lower_bound=-899.072, time=1193.84
best_value=899.06, lower_bound=-899.072, time=1197.09
best_value=899.06, lower_bound=-899.072, time=1200.36
best_value=899.06, lower_bound=-899.072, time=1203.63
best_value=899.06, lower_bound=-899.071, time=1206.89
best_value=899.06, lower_bound=-899.071, time=1210.15
best_value=899.06, lower_bound=-899.071, time=1213.44
best_value=899.06, lower_bound=-899.071, time=1216.7
best_value=899.06, lower_bound=-899.07, time=1219.96
best_value=899.06, lower_bound=-899.07, time=1223.25
best_value=899.06, lower_bound=-899.07, time=1226.51
best_value=899.06, lower_bound=-899.07, time=1229.77
best_value=899.06, lower_bound=-899.07, time=1233.07
best_value=899.06, lower_bound=-899.069, time=1236.32
best_value=899.06, lower_bound=-899.069, time=1239.58
best_value=899.06, lower_bound=-899.069, time=1242.83
best_value=899.06, lower_bound=-899.069, time=1246.08
best_value=899.06, lower_bound=-899.068, time=1249.33
best_value=899.06, lower_bound=-899.068, time=1252.59
best_value=899.06, lower_bound=-899.068, time=1255.84
best_value=899.06, lower_bound=-899.068, time=1259.09
best_value=899.06, lower_bound=-899.068, time=1262.37
best_value=899.06, lower_bound=-899.067, time=1265.62
best_value=899.06, lower_bound=-899.067, time=1268.87
best_value=899.06, lower_bound=-899.067, time=1272.16
best_value=899.06, lower_bound=-899.067, time=1275.42
best_value=899.06, lower_bound=-899.067, time=1278.67
best_value=899.06, lower_bound=-899.066, time=1281.96
best_value=899.06, lower_bound=-899.066, time=1285.22
best_value=899.06, lower_bound=-899.066, time=1288.47
best_value=899.06, lower_bound=-899.066, time=1291.76
best_value=899.06, lower_bound=-899.065, time=1295.02
best_value=899.06, lower_bound=-899.065, time=1298.28
best_value=899.06, lower_bound=-899.065, time=1301.53
best_value=899.06, lower_bound=-899.065, time=1304.78
best_value=899.06, lower_bound=-899.065, time=1308.04
best_value=899.06, lower_bound=-899.064, time=1311.3
best_value=899.06, lower_bound=-899.064, time=1314.55
best_value=899.06, lower_bound=-899.064, time=1317.81
best_value=899.06, lower_bound=-899.064, time=1321.1
best_value=899.06, lower_bound=-899.063, time=1324.35
best_value=899.06, lower_bound=-899.063, time=1327.61
best_value=899.06, lower_bound=-899.063, time=1330.91
best_value=899.06, lower_bound=-899.063, time=1334.16
best_value=899.06, lower_bound=-899.063, time=1337.41
best_value=899.06, lower_bound=-899.062, time=1340.7
best_value=899.06, lower_bound=-899.062, time=1343.98
best_value=899.06, lower_bound=-899.062, time=1347.26
best_value=899.06, lower_bound=-899.062, time=1350.59
best_value=899.06, lower_bound=-899.062, time=1353.9
best_value=899.06, lower_bound=-899.061, time=1357.21
best_value=899.06, lower_bound=-899.061, time=1360.51
best_value=899.06, lower_bound=-899.061, time=1363.76
best_value=899.06, lower_bound=-899.061, time=1367.08
best_value=899.06, lower_bound=-899.06, time=1370.38
best_value=899.06, lower_bound=-899.06, time=1373.67
best_value=899.06, lower_bound=-899.06, time=1376.96
best_value=899.06, lower_bound=-899.06, time=1380.29
best_value=899.06, lower_bound=-899.06, time=1383.62
