TRWS  Tests ...
loading .h5 file ../../../data//deer_rescaled_0034.K20.F100.model.uai.h5................done
algorithm constructing...
algorithm starting...
best_value=6787.52, lower_bound=-51486.7, time=0.009923
best_value=6787.52, lower_bound=-47782.3, time=0.011636
best_value=6787.52, lower_bound=-46551.2, time=0.013371
best_value=7417.74, lower_bound=-45949.6, time=0.015387
best_value=7417.74, lower_bound=-45587.2, time=0.017229
best_value=7417.74, lower_bound=-45350.8, time=0.018973
best_value=7417.74, lower_bound=-45175.8, time=0.02064
best_value=7417.74, lower_bound=-45038.3, time=0.022268
best_value=7417.74, lower_bound=-44932.1, time=0.024212
best_value=7417.74, lower_bound=-44847.5, time=0.026115
best_value=7417.74, lower_bound=-44776.9, time=0.027787
best_value=7417.74, lower_bound=-44718.2, time=0.029476
best_value=7417.74, lower_bound=-44669, time=0.031381
best_value=7417.74, lower_bound=-44628.2, time=0.033014
best_value=7417.74, lower_bound=-44593.4, time=0.034729
best_value=7417.74, lower_bound=-44563.2, time=0.0364
best_value=7417.74, lower_bound=-44536.7, time=0.03813
best_value=7417.74, lower_bound=-44513.5, time=0.039794
best_value=7417.74, lower_bound=-44492.7, time=0.041449
best_value=7417.74, lower_bound=-44474, time=0.043118
best_value=7417.74, lower_bound=-44457.1, time=0.045476
best_value=7417.74, lower_bound=-44441.3, time=0.048159
best_value=7417.74, lower_bound=-44426.8, time=0.049951
best_value=7417.74, lower_bound=-44413.3, time=0.051624
best_value=7417.74, lower_bound=-44400.8, time=0.053343
best_value=7417.74, lower_bound=-44389.1, time=0.055553
best_value=7417.74, lower_bound=-44378.2, time=0.057271
best_value=7417.74, lower_bound=-44368.2, time=0.058993
best_value=7417.74, lower_bound=-44358.9, time=0.060659
best_value=7417.74, lower_bound=-44350.3, time=0.062314
best_value=7417.74, lower_bound=-44342.3, time=0.064003
best_value=7417.74, lower_bound=-44334.8, time=0.065709
best_value=7417.74, lower_bound=-44327.8, time=0.067478
best_value=7417.74, lower_bound=-44321.2, time=0.069188
best_value=7417.74, lower_bound=-44314.9, time=0.070876
best_value=7417.74, lower_bound=-44309, time=0.0726
best_value=7417.74, lower_bound=-44303.5, time=0.074254
best_value=7417.74, lower_bound=-44298.3, time=0.075907
best_value=7417.74, lower_bound=-44293.5, time=0.07761
best_value=7417.74, lower_bound=-44289, time=0.079263
best_value=7417.74, lower_bound=-44284.7, time=0.081126
best_value=7417.74, lower_bound=-44280.7, time=0.082828
best_value=7417.74, lower_bound=-44276.8, time=0.084468
best_value=7417.74, lower_bound=-44273.2, time=0.086096
best_value=7417.74, lower_bound=-44269.7, time=0.087731
best_value=7417.74, lower_bound=-44266.3, time=0.089394
best_value=7417.74, lower_bound=-44263.2, time=0.091085
best_value=7417.74, lower_bound=-44260.1, time=0.092747
best_value=7417.74, lower_bound=-44257.2, time=0.094781
best_value=7417.74, lower_bound=-44254.5, time=0.096491
best_value=7417.74, lower_bound=-44251.8, time=0.098175
best_value=7417.74, lower_bound=-44249.3, time=0.099852
best_value=7417.74, lower_bound=-44246.9, time=0.101844
best_value=7417.74, lower_bound=-44244.5, time=0.103777
best_value=7417.74, lower_bound=-44242.3, time=0.105438
best_value=7417.74, lower_bound=-44240.1, time=0.107094
best_value=7417.74, lower_bound=-44238.1, time=0.108722
best_value=7417.74, lower_bound=-44236.1, time=0.110365
best_value=7417.74, lower_bound=-44234.2, time=0.111999
best_value=7417.74, lower_bound=-44232.3, time=0.114263
best_value=7417.74, lower_bound=-44230.6, time=0.116104
best_value=7417.74, lower_bound=-44228.9, time=0.11773
best_value=7417.74, lower_bound=-44227.3, time=0.119379
best_value=7417.74, lower_bound=-44225.7, time=0.121431
best_value=7417.74, lower_bound=-44224.2, time=0.123275
best_value=7417.74, lower_bound=-44222.7, time=0.124973
best_value=7417.74, lower_bound=-44221.3, time=0.126618
best_value=7417.74, lower_bound=-44220, time=0.128245
best_value=7417.74, lower_bound=-44218.8, time=0.12987
best_value=7417.74, lower_bound=-44217.5, time=0.131515
best_value=7417.74, lower_bound=-44216.4, time=0.133142
best_value=7417.74, lower_bound=-44215.2, time=0.135137
best_value=7417.74, lower_bound=-44214.1, time=0.136856
best_value=7417.74, lower_bound=-44213.1, time=0.138495
best_value=7417.74, lower_bound=-44212.1, time=0.140192
best_value=7417.74, lower_bound=-44211.1, time=0.141896
best_value=7417.74, lower_bound=-44210.2, time=0.143541
best_value=7417.74, lower_bound=-44209.4, time=0.14542
best_value=7417.74, lower_bound=-44208.5, time=0.147075
best_value=7417.74, lower_bound=-44207.7, time=0.148796
best_value=7417.74, lower_bound=-44206.9, time=0.150695
best_value=7417.74, lower_bound=-44206.2, time=0.152367
best_value=7417.74, lower_bound=-44205.4, time=0.153995
best_value=7417.74, lower_bound=-44204.7, time=0.155664
best_value=7417.74, lower_bound=-44204, time=0.157404
best_value=7417.74, lower_bound=-44203.4, time=0.159219
best_value=7417.74, lower_bound=-44202.8, time=0.160867
best_value=7417.74, lower_bound=-44202.1, time=0.162664
best_value=7417.74, lower_bound=-44201.6, time=0.164416
best_value=7417.74, lower_bound=-44201, time=0.166098
best_value=7417.74, lower_bound=-44200.4, time=0.167992
best_value=7417.74, lower_bound=-44199.9, time=0.169627
best_value=7417.74, lower_bound=-44199.4, time=0.171304
best_value=7417.74, lower_bound=-44198.9, time=0.173228
best_value=7417.74, lower_bound=-44198.4, time=0.174898
best_value=7417.74, lower_bound=-44197.9, time=0.176659
best_value=7417.74, lower_bound=-44197.5, time=0.178404
best_value=7417.74, lower_bound=-44197, time=0.180053
best_value=7417.74, lower_bound=-44196.6, time=0.181704
best_value=7417.74, lower_bound=-44196.1, time=0.183571
best_value=7417.74, lower_bound=-44195.7, time=0.185272
best_value=7417.74, lower_bound=-44195.3, time=0.186963
best_value=7417.74, lower_bound=-44194.9, time=0.188691
best_value=7417.74, lower_bound=-44194.5, time=0.190982
best_value=7417.74, lower_bound=-44194.1, time=0.19294
best_value=7417.74, lower_bound=-44193.8, time=0.194618
best_value=7417.74, lower_bound=-44193.4, time=0.196249
best_value=7417.74, lower_bound=-44193.1, time=0.197877
best_value=7417.74, lower_bound=-44192.7, time=0.199532
best_value=7417.74, lower_bound=-44192.4, time=0.201644
best_value=7417.74, lower_bound=-44192, time=0.203404
best_value=7417.74, lower_bound=-44191.7, time=0.205032
best_value=7417.74, lower_bound=-44191.4, time=0.206732
best_value=7417.74, lower_bound=-44191.1, time=0.208477
best_value=7417.74, lower_bound=-44190.7, time=0.210175
best_value=7417.74, lower_bound=-44190.4, time=0.212006
best_value=7417.74, lower_bound=-44190.1, time=0.213793
best_value=7417.74, lower_bound=-44189.8, time=0.215504
best_value=7417.74, lower_bound=-44189.5, time=0.2173
best_value=7417.74, lower_bound=-44189.2, time=0.219011
best_value=7417.74, lower_bound=-44189, time=0.220641
best_value=7417.74, lower_bound=-44188.7, time=0.222268
best_value=7417.74, lower_bound=-44188.4, time=0.224327
best_value=7417.74, lower_bound=-44188.1, time=0.22694
best_value=7417.74, lower_bound=-44187.9, time=0.229463
best_value=7417.74, lower_bound=-44187.6, time=0.231598
best_value=7417.74, lower_bound=-44187.4, time=0.233322
best_value=7417.74, lower_bound=-44187.1, time=0.235028
best_value=7417.74, lower_bound=-44186.9, time=0.237442
best_value=7417.74, lower_bound=-44186.6, time=0.240026
best_value=7417.74, lower_bound=-44186.4, time=0.241893
best_value=7417.74, lower_bound=-44186.1, time=0.243576
best_value=7417.74, lower_bound=-44185.9, time=0.245206
best_value=7417.74, lower_bound=-44185.7, time=0.246857
best_value=7417.74, lower_bound=-44185.4, time=0.248826
best_value=7417.74, lower_bound=-44185.2, time=0.25051
best_value=7417.74, lower_bound=-44185, time=0.25215
best_value=7417.74, lower_bound=-44184.8, time=0.253929
best_value=7417.74, lower_bound=-44184.6, time=0.255934
best_value=7417.74, lower_bound=-44184.4, time=0.257732
best_value=7417.74, lower_bound=-44184.2, time=0.259544
best_value=7417.74, lower_bound=-44184, time=0.261215
best_value=7417.74, lower_bound=-44183.8, time=0.263003
best_value=7417.74, lower_bound=-44183.6, time=0.26467
best_value=7417.74, lower_bound=-44183.4, time=0.266309
best_value=7417.74, lower_bound=-44183.2, time=0.267949
best_value=7417.74, lower_bound=-44183, time=0.269576
best_value=7417.74, lower_bound=-44182.8, time=0.271228
best_value=7417.74, lower_bound=-44182.6, time=0.273009
best_value=7417.74, lower_bound=-44182.4, time=0.275111
best_value=7417.74, lower_bound=-44182.3, time=0.276758
best_value=7417.74, lower_bound=-44182.1, time=0.278394
best_value=7417.74, lower_bound=-44181.9, time=0.280023
best_value=7417.74, lower_bound=-44181.8, time=0.28165
best_value=7417.74, lower_bound=-44181.6, time=0.283285
best_value=7417.74, lower_bound=-44181.4, time=0.284913
best_value=7417.74, lower_bound=-44181.3, time=0.28658
best_value=7417.74, lower_bound=-44181.1, time=0.288208
best_value=7417.74, lower_bound=-44181, time=0.289835
best_value=7417.74, lower_bound=-44180.8, time=0.291826
best_value=7417.74, lower_bound=-44180.7, time=0.294327
best_value=7417.74, lower_bound=-44180.5, time=0.296102
best_value=7417.74, lower_bound=-44180.4, time=0.29819
best_value=7417.74, lower_bound=-44180.2, time=0.299961
best_value=7417.74, lower_bound=-44180.1, time=0.301593
best_value=7417.74, lower_bound=-44179.9, time=0.303225
best_value=7417.74, lower_bound=-44179.8, time=0.305213
best_value=7417.74, lower_bound=-44179.7, time=0.307831
best_value=7417.74, lower_bound=-44179.5, time=0.309534
best_value=7417.74, lower_bound=-44179.4, time=0.311172
best_value=7417.74, lower_bound=-44179.3, time=0.3128
best_value=7417.74, lower_bound=-44179.1, time=0.314437
best_value=7417.74, lower_bound=-44179, time=0.316116
best_value=7417.74, lower_bound=-44178.9, time=0.317762
best_value=7417.74, lower_bound=-44178.7, time=0.319399
best_value=7417.74, lower_bound=-44178.6, time=0.321221
best_value=7417.74, lower_bound=-44178.5, time=0.322969
best_value=7417.74, lower_bound=-44178.4, time=0.324752
best_value=7417.74, lower_bound=-44178.3, time=0.326796
best_value=7417.74, lower_bound=-44178.1, time=0.328465
best_value=7417.74, lower_bound=-44178, time=0.330095
best_value=7417.74, lower_bound=-44177.9, time=0.331734
best_value=7417.74, lower_bound=-44177.8, time=0.33336
best_value=7417.74, lower_bound=-44177.7, time=0.335055
best_value=7417.74, lower_bound=-44177.6, time=0.337394
best_value=7417.74, lower_bound=-44177.5, time=0.339251
best_value=7417.74, lower_bound=-44177.4, time=0.3409
best_value=7417.74, lower_bound=-44177.3, time=0.34255
best_value=7417.74, lower_bound=-44177.2, time=0.344179
best_value=7417.74, lower_bound=-44177.1, time=0.345805
best_value=7417.74, lower_bound=-44177, time=0.347441
best_value=7417.74, lower_bound=-44176.9, time=0.349341
best_value=7417.74, lower_bound=-44176.8, time=0.351252
best_value=7417.74, lower_bound=-44176.7, time=0.352916
best_value=7417.74, lower_bound=-44176.6, time=0.354867
best_value=7417.74, lower_bound=-44176.5, time=0.356503
best_value=7417.74, lower_bound=-44176.4, time=0.358211
best_value=7417.74, lower_bound=-44176.3, time=0.359885
best_value=7417.74, lower_bound=-44176.2, time=0.361513
best_value=7417.74, lower_bound=-44176.1, time=0.363259
best_value=7417.74, lower_bound=-44176, time=0.365145
best_value=7417.74, lower_bound=-44175.9, time=0.367168
best_value=7417.74, lower_bound=-44175.8, time=0.368935
best_value=7417.74, lower_bound=-44175.8, time=0.370576
best_value=7417.74, lower_bound=-44175.7, time=0.372563
best_value=7417.74, lower_bound=-44175.6, time=0.375267
best_value=7417.74, lower_bound=-44175.5, time=0.377172
best_value=7417.74, lower_bound=-44175.4, time=0.378871
best_value=7417.74, lower_bound=-44175.3, time=0.380632
best_value=7417.74, lower_bound=-44175.3, time=0.382591
best_value=7417.74, lower_bound=-44175.2, time=0.384278
best_value=7417.74, lower_bound=-44175.1, time=0.385958
best_value=7417.74, lower_bound=-44175, time=0.387672
best_value=7417.74, lower_bound=-44174.9, time=0.389325
best_value=7417.74, lower_bound=-44174.9, time=0.391011
best_value=7417.74, lower_bound=-44174.8, time=0.392647
best_value=7417.74, lower_bound=-44174.7, time=0.394274
best_value=7417.74, lower_bound=-44174.6, time=0.395908
best_value=7417.74, lower_bound=-44174.6, time=0.397544
best_value=7417.74, lower_bound=-44174.5, time=0.399215
best_value=7417.74, lower_bound=-44174.4, time=0.400842
best_value=7417.74, lower_bound=-44174.3, time=0.402713
best_value=7417.74, lower_bound=-44174.3, time=0.404778
best_value=7417.74, lower_bound=-44174.2, time=0.406668
best_value=7417.74, lower_bound=-44174.1, time=0.408421
best_value=7417.74, lower_bound=-44174.1, time=0.410184
best_value=7417.74, lower_bound=-44174, time=0.411881
best_value=7417.74, lower_bound=-44173.9, time=0.413512
best_value=7417.74, lower_bound=-44173.9, time=0.41515
best_value=7417.74, lower_bound=-44173.8, time=0.41711
best_value=7417.74, lower_bound=-44173.7, time=0.41917
best_value=7417.74, lower_bound=-44173.7, time=0.42104
best_value=7417.74, lower_bound=-44173.6, time=0.422866
best_value=7417.74, lower_bound=-44173.5, time=0.424509
best_value=7417.74, lower_bound=-44173.5, time=0.426137
best_value=7417.74, lower_bound=-44173.4, time=0.427772
best_value=7417.74, lower_bound=-44173.4, time=0.429399
best_value=7417.74, lower_bound=-44173.3, time=0.431055
best_value=7417.74, lower_bound=-44173.3, time=0.433182
best_value=7417.74, lower_bound=-44173.2, time=0.434912
best_value=7417.74, lower_bound=-44173.2, time=0.436589
best_value=7417.74, lower_bound=-44173.1, time=0.438243
best_value=7417.74, lower_bound=-44173, time=0.439926
best_value=7417.74, lower_bound=-44173, time=0.441635
best_value=7417.74, lower_bound=-44172.9, time=0.443323
best_value=7417.74, lower_bound=-44172.9, time=0.445232
best_value=7417.74, lower_bound=-44172.8, time=0.447129
best_value=7417.74, lower_bound=-44172.8, time=0.449087
best_value=7417.74, lower_bound=-44172.7, time=0.450821
best_value=7417.74, lower_bound=-44172.7, time=0.452472
best_value=7417.74, lower_bound=-44172.6, time=0.454111
best_value=7417.74, lower_bound=-44172.6, time=0.455749
best_value=7417.74, lower_bound=-44172.5, time=0.457376
best_value=7417.74, lower_bound=-44172.5, time=0.459045
best_value=7417.74, lower_bound=-44172.4, time=0.460714
best_value=7417.74, lower_bound=-44172.4, time=0.462804
best_value=7417.74, lower_bound=-44172.4, time=0.464579
best_value=7417.74, lower_bound=-44172.3, time=0.466208
best_value=7417.74, lower_bound=-44172.3, time=0.467851
best_value=7417.74, lower_bound=-44172.2, time=0.46948
best_value=7417.74, lower_bound=-44172.2, time=0.471187
best_value=7417.74, lower_bound=-44172.1, time=0.472868
best_value=7417.74, lower_bound=-44172.1, time=0.474523
best_value=7417.74, lower_bound=-44172, time=0.476166
best_value=7417.74, lower_bound=-44172, time=0.477794
best_value=7417.74, lower_bound=-44172, time=0.47943
best_value=7417.74, lower_bound=-44171.9, time=0.481057
best_value=7417.74, lower_bound=-44171.9, time=0.482695
best_value=7417.74, lower_bound=-44171.8, time=0.484324
best_value=7417.74, lower_bound=-44171.8, time=0.48595
best_value=7417.74, lower_bound=-44171.8, time=0.487592
best_value=7417.74, lower_bound=-44171.7, time=0.489221
best_value=7417.74, lower_bound=-44171.7, time=0.490857
best_value=7417.74, lower_bound=-44171.6, time=0.492483
best_value=7417.74, lower_bound=-44171.6, time=0.494109
best_value=7417.74, lower_bound=-44171.6, time=0.495778
best_value=7417.74, lower_bound=-44171.5, time=0.497409
best_value=7417.74, lower_bound=-44171.5, time=0.499071
best_value=7417.74, lower_bound=-44171.4, time=0.500837
best_value=7417.74, lower_bound=-44171.4, time=0.502674
best_value=7417.74, lower_bound=-44171.4, time=0.504622
best_value=7417.74, lower_bound=-44171.3, time=0.506307
best_value=7417.74, lower_bound=-44171.3, time=0.507937
best_value=7417.74, lower_bound=-44171.3, time=0.509563
best_value=7417.74, lower_bound=-44171.2, time=0.511225
best_value=7417.74, lower_bound=-44171.2, time=0.512914
best_value=7417.74, lower_bound=-44171.2, time=0.514595
best_value=7417.74, lower_bound=-44171.1, time=0.516251
best_value=7417.74, lower_bound=-44171.1, time=0.517928
best_value=7417.74, lower_bound=-44171.1, time=0.519602
best_value=7417.74, lower_bound=-44171, time=0.52135
best_value=7417.74, lower_bound=-44171, time=0.523164
best_value=7417.74, lower_bound=-44171, time=0.524805
best_value=7417.74, lower_bound=-44170.9, time=0.526441
best_value=7417.74, lower_bound=-44170.9, time=0.528234
best_value=7417.74, lower_bound=-44170.9, time=0.530038
best_value=7417.74, lower_bound=-44170.8, time=0.53213
best_value=7417.74, lower_bound=-44170.8, time=0.534004
best_value=7417.74, lower_bound=-44170.8, time=0.535705
best_value=7417.74, lower_bound=-44170.7, time=0.537335
best_value=7417.74, lower_bound=-44170.7, time=0.539224
best_value=7417.74, lower_bound=-44170.7, time=0.541102
best_value=7417.74, lower_bound=-44170.6, time=0.543002
best_value=7417.74, lower_bound=-44170.6, time=0.544684
best_value=7417.74, lower_bound=-44170.6, time=0.546367
best_value=7417.74, lower_bound=-44170.6, time=0.548026
best_value=7417.74, lower_bound=-44170.5, time=0.549654
best_value=7417.74, lower_bound=-44170.5, time=0.551341
best_value=7417.74, lower_bound=-44170.5, time=0.553327
best_value=7417.74, lower_bound=-44170.4, time=0.555147
best_value=7417.74, lower_bound=-44170.4, time=0.556783
best_value=7417.74, lower_bound=-44170.4, time=0.558495
best_value=7417.74, lower_bound=-44170.4, time=0.560629
best_value=7417.74, lower_bound=-44170.3, time=0.562566
best_value=7417.74, lower_bound=-44170.3, time=0.564355
best_value=7417.74, lower_bound=-44170.3, time=0.566132
best_value=7417.74, lower_bound=-44170.2, time=0.567862
best_value=7417.74, lower_bound=-44170.2, time=0.569631
best_value=7417.74, lower_bound=-44170.2, time=0.571316
best_value=7417.74, lower_bound=-44170.2, time=0.572945
best_value=7417.74, lower_bound=-44170.1, time=0.574586
best_value=7417.74, lower_bound=-44170.1, time=0.576217
best_value=7417.74, lower_bound=-44170.1, time=0.577936
best_value=7417.74, lower_bound=-44170.1, time=0.579756
best_value=7417.74, lower_bound=-44170, time=0.582029
best_value=7417.74, lower_bound=-44170, time=0.584538
best_value=7417.74, lower_bound=-44170, time=0.586336
best_value=7417.74, lower_bound=-44170, time=0.588203
best_value=7417.74, lower_bound=-44169.9, time=0.589897
best_value=7417.74, lower_bound=-44169.9, time=0.59154
best_value=7417.74, lower_bound=-44169.9, time=0.593188
best_value=7417.74, lower_bound=-44169.9, time=0.594964
best_value=7417.74, lower_bound=-44169.8, time=0.596685
best_value=7417.74, lower_bound=-44169.8, time=0.598399
best_value=7417.74, lower_bound=-44169.8, time=0.600287
best_value=7417.74, lower_bound=-44169.8, time=0.602172
best_value=7417.74, lower_bound=-44169.7, time=0.603895
best_value=7417.74, lower_bound=-44169.7, time=0.60556
best_value=7417.74, lower_bound=-44169.7, time=0.607197
best_value=7417.74, lower_bound=-44169.7, time=0.608885
best_value=7417.74, lower_bound=-44169.6, time=0.610697
best_value=7417.74, lower_bound=-44169.6, time=0.612342
best_value=7417.74, lower_bound=-44169.6, time=0.614128
best_value=7417.74, lower_bound=-44169.6, time=0.615927
best_value=7417.74, lower_bound=-44169.5, time=0.617688
best_value=7417.74, lower_bound=-44169.5, time=0.619591
best_value=7417.74, lower_bound=-44169.5, time=0.621593
best_value=7417.74, lower_bound=-44169.5, time=0.623607
best_value=7417.74, lower_bound=-44169.5, time=0.625629
best_value=7417.74, lower_bound=-44169.4, time=0.627321
best_value=7417.74, lower_bound=-44169.4, time=0.628988
best_value=7417.74, lower_bound=-44169.4, time=0.630666
best_value=7417.74, lower_bound=-44169.4, time=0.632299
best_value=7417.74, lower_bound=-44169.3, time=0.633928
best_value=7417.74, lower_bound=-44169.3, time=0.635882
best_value=7417.74, lower_bound=-44169.3, time=0.637562
best_value=7417.74, lower_bound=-44169.3, time=0.639198
best_value=7417.74, lower_bound=-44169.2, time=0.640859
best_value=7417.74, lower_bound=-44169.2, time=0.64261
best_value=7417.74, lower_bound=-44169.2, time=0.644539
best_value=7417.74, lower_bound=-44169.2, time=0.646228
best_value=7417.74, lower_bound=-44169.2, time=0.647939
best_value=7417.74, lower_bound=-44169.1, time=0.649585
best_value=7417.74, lower_bound=-44169.1, time=0.651331
best_value=7417.74, lower_bound=-44169.1, time=0.652963
best_value=7417.74, lower_bound=-44169.1, time=0.654614
best_value=7417.74, lower_bound=-44169.1, time=0.656277
best_value=7417.74, lower_bound=-44169, time=0.658
best_value=7417.74, lower_bound=-44169, time=0.659729
best_value=7417.74, lower_bound=-44169, time=0.661416
best_value=7417.74, lower_bound=-44169, time=0.66312
best_value=7417.74, lower_bound=-44168.9, time=0.66521
best_value=7417.74, lower_bound=-44168.9, time=0.667182
best_value=7417.74, lower_bound=-44168.9, time=0.668921
best_value=7417.74, lower_bound=-44168.9, time=0.670706
best_value=7417.74, lower_bound=-44168.9, time=0.67248
best_value=7417.74, lower_bound=-44168.8, time=0.674109
best_value=7417.74, lower_bound=-44168.8, time=0.675826
best_value=7417.74, lower_bound=-44168.8, time=0.677555
best_value=7417.74, lower_bound=-44168.8, time=0.679213
best_value=7417.74, lower_bound=-44168.8, time=0.680856
best_value=7417.74, lower_bound=-44168.7, time=0.682585
best_value=7417.74, lower_bound=-44168.7, time=0.684488
best_value=7417.74, lower_bound=-44168.7, time=0.686154
best_value=7417.74, lower_bound=-44168.7, time=0.687794
best_value=7417.74, lower_bound=-44168.7, time=0.689456
best_value=7417.74, lower_bound=-44168.6, time=0.691205
best_value=7417.74, lower_bound=-44168.6, time=0.69296
best_value=7417.74, lower_bound=-44168.6, time=0.694617
best_value=7417.74, lower_bound=-44168.6, time=0.696266
best_value=7417.74, lower_bound=-44168.6, time=0.698507
best_value=7417.74, lower_bound=-44168.5, time=0.700759
best_value=7417.74, lower_bound=-44168.5, time=0.70248
best_value=7417.74, lower_bound=-44168.5, time=0.704156
best_value=7417.74, lower_bound=-44168.5, time=0.705814
best_value=7417.74, lower_bound=-44168.5, time=0.707458
best_value=7417.74, lower_bound=-44168.4, time=0.709085
best_value=7417.74, lower_bound=-44168.4, time=0.710725
best_value=7417.74, lower_bound=-44168.4, time=0.712355
best_value=7417.74, lower_bound=-44168.4, time=0.713984
best_value=7417.74, lower_bound=-44168.4, time=0.715659
best_value=7417.74, lower_bound=-44168.3, time=0.717511
best_value=7417.74, lower_bound=-44168.3, time=0.719263
best_value=7417.74, lower_bound=-44168.3, time=0.721029
best_value=7417.74, lower_bound=-44168.3, time=0.722699
best_value=7417.74, lower_bound=-44168.3, time=0.724326
best_value=7417.74, lower_bound=-44168.2, time=0.725979
best_value=7417.74, lower_bound=-44168.2, time=0.728013
best_value=7417.74, lower_bound=-44168.2, time=0.729733
best_value=7417.74, lower_bound=-44168.2, time=0.731389
best_value=7417.74, lower_bound=-44168.2, time=0.733018
best_value=7417.74, lower_bound=-44168.2, time=0.734702
best_value=7417.74, lower_bound=-44168.1, time=0.736568
best_value=7417.74, lower_bound=-44168.1, time=0.738429
best_value=7417.74, lower_bound=-44168.1, time=0.740172
best_value=7417.74, lower_bound=-44168.1, time=0.74191
best_value=7417.74, lower_bound=-44168.1, time=0.743782
best_value=7417.74, lower_bound=-44168, time=0.745453
best_value=7417.74, lower_bound=-44168, time=0.747093
best_value=7417.74, lower_bound=-44168, time=0.74872
best_value=7417.74, lower_bound=-44168, time=0.75036
best_value=7417.74, lower_bound=-44168, time=0.752029
best_value=7417.74, lower_bound=-44168, time=0.754049
best_value=7417.74, lower_bound=-44167.9, time=0.755788
best_value=7417.74, lower_bound=-44167.9, time=0.757656
best_value=7417.74, lower_bound=-44167.9, time=0.759359
best_value=7417.74, lower_bound=-44167.9, time=0.761027
best_value=7417.74, lower_bound=-44167.9, time=0.76279
best_value=7417.74, lower_bound=-44167.8, time=0.7647
best_value=7417.74, lower_bound=-44167.8, time=0.766378
best_value=7417.74, lower_bound=-44167.8, time=0.768006
best_value=7417.74, lower_bound=-44167.8, time=0.769632
best_value=7417.74, lower_bound=-44167.8, time=0.771502
best_value=7417.74, lower_bound=-44167.8, time=0.773244
best_value=7417.74, lower_bound=-44167.7, time=0.774945
best_value=7417.74, lower_bound=-44167.7, time=0.776573
best_value=7417.74, lower_bound=-44167.7, time=0.778246
best_value=7417.74, lower_bound=-44167.7, time=0.779963
best_value=7417.74, lower_bound=-44167.7, time=0.781617
best_value=7417.74, lower_bound=-44167.7, time=0.783417
best_value=7417.74, lower_bound=-44167.6, time=0.785161
best_value=7417.74, lower_bound=-44167.6, time=0.786838
best_value=7417.74, lower_bound=-44167.6, time=0.788469
best_value=7417.74, lower_bound=-44167.6, time=0.790176
best_value=7417.74, lower_bound=-44167.6, time=0.791902
best_value=7417.74, lower_bound=-44167.6, time=0.793596
best_value=7417.74, lower_bound=-44167.5, time=0.795264
best_value=7417.74, lower_bound=-44167.5, time=0.796892
best_value=7417.74, lower_bound=-44167.5, time=0.798576
best_value=7417.74, lower_bound=-44167.5, time=0.800206
best_value=7417.74, lower_bound=-44167.5, time=0.801833
best_value=7417.74, lower_bound=-44167.5, time=0.804304
best_value=7417.74, lower_bound=-44167.4, time=0.807042
best_value=7417.74, lower_bound=-44167.4, time=0.808822
best_value=7417.74, lower_bound=-44167.4, time=0.810504
best_value=7417.74, lower_bound=-44167.4, time=0.812288
best_value=7417.74, lower_bound=-44167.4, time=0.813967
best_value=7417.74, lower_bound=-44167.4, time=0.815649
best_value=7417.74, lower_bound=-44167.3, time=0.817288
best_value=7417.74, lower_bound=-44167.3, time=0.81896
best_value=7417.74, lower_bound=-44167.3, time=0.82059
best_value=7417.74, lower_bound=-44167.3, time=0.822239
best_value=7417.74, lower_bound=-44167.3, time=0.823866
best_value=7417.74, lower_bound=-44167.3, time=0.825501
best_value=7417.74, lower_bound=-44167.2, time=0.827175
best_value=7417.74, lower_bound=-44167.2, time=0.828804
best_value=7417.74, lower_bound=-44167.2, time=0.830444
best_value=7417.74, lower_bound=-44167.2, time=0.832074
best_value=7417.74, lower_bound=-44167.2, time=0.8337
best_value=7417.74, lower_bound=-44167.2, time=0.835486
best_value=7417.74, lower_bound=-44167.2, time=0.837162
best_value=7417.74, lower_bound=-44167.1, time=0.838851
best_value=7417.74, lower_bound=-44167.1, time=0.840524
best_value=7417.74, lower_bound=-44167.1, time=0.84217
best_value=7417.74, lower_bound=-44167.1, time=0.843842
best_value=7417.74, lower_bound=-44167.1, time=0.845473
best_value=7417.74, lower_bound=-44167.1, time=0.847113
best_value=7417.74, lower_bound=-44167, time=0.848743
best_value=7417.74, lower_bound=-44167, time=0.850428
best_value=7417.74, lower_bound=-44167, time=0.852112
best_value=7417.74, lower_bound=-44167, time=0.853784
best_value=7417.74, lower_bound=-44167, time=0.855423
best_value=7417.74, lower_bound=-44167, time=0.857057
best_value=7417.74, lower_bound=-44167, time=0.858706
best_value=7417.74, lower_bound=-44166.9, time=0.860338
best_value=7417.74, lower_bound=-44166.9, time=0.861977
best_value=7417.74, lower_bound=-44166.9, time=0.863603
best_value=7417.74, lower_bound=-44166.9, time=0.865228
best_value=7417.74, lower_bound=-44166.9, time=0.866914
best_value=7417.74, lower_bound=-44166.9, time=0.868567
best_value=7417.74, lower_bound=-44166.9, time=0.870232
best_value=7417.74, lower_bound=-44166.8, time=0.871865
best_value=7417.74, lower_bound=-44166.8, time=0.873524
best_value=7417.74, lower_bound=-44166.8, time=0.875203
best_value=7417.74, lower_bound=-44166.8, time=0.876853
best_value=7417.74, lower_bound=-44166.8, time=0.878503
best_value=7417.74, lower_bound=-44166.8, time=0.880134
best_value=7417.74, lower_bound=-44166.8, time=0.881795
best_value=7417.74, lower_bound=-44166.7, time=0.883458
best_value=7417.74, lower_bound=-44166.7, time=0.885087
best_value=7417.74, lower_bound=-44166.7, time=0.886727
best_value=7417.74, lower_bound=-44166.7, time=0.888355
best_value=7417.74, lower_bound=-44166.7, time=0.890021
best_value=7417.74, lower_bound=-44166.7, time=0.891664
best_value=7417.74, lower_bound=-44166.6, time=0.89339
best_value=7417.74, lower_bound=-44166.6, time=0.895074
best_value=7417.74, lower_bound=-44166.6, time=0.896703
best_value=7417.74, lower_bound=-44166.6, time=0.898365
best_value=7417.74, lower_bound=-44166.6, time=0.900063
best_value=7417.74, lower_bound=-44166.6, time=0.901778
best_value=7417.74, lower_bound=-44166.6, time=0.903459
best_value=7417.74, lower_bound=-44166.6, time=0.905086
best_value=7417.74, lower_bound=-44166.5, time=0.906737
best_value=7417.74, lower_bound=-44166.5, time=0.908386
best_value=7417.74, lower_bound=-44166.5, time=0.910042
best_value=7417.74, lower_bound=-44166.5, time=0.911686
best_value=7417.74, lower_bound=-44166.5, time=0.913312
best_value=7417.74, lower_bound=-44166.5, time=0.914953
best_value=7417.74, lower_bound=-44166.5, time=0.91661
best_value=7417.74, lower_bound=-44166.4, time=0.918262
best_value=7417.74, lower_bound=-44166.4, time=0.919892
best_value=7417.74, lower_bound=-44166.4, time=0.921518
best_value=7417.74, lower_bound=-44166.4, time=0.923159
best_value=7417.74, lower_bound=-44166.4, time=0.924789
best_value=7417.74, lower_bound=-44166.4, time=0.926464
best_value=7417.74, lower_bound=-44166.4, time=0.928189
best_value=7417.74, lower_bound=-44166.4, time=0.9299
best_value=7417.74, lower_bound=-44166.3, time=0.931548
best_value=7417.74, lower_bound=-44166.3, time=0.933186
best_value=7417.74, lower_bound=-44166.3, time=0.934859
best_value=7417.74, lower_bound=-44166.3, time=0.936491
best_value=7417.74, lower_bound=-44166.3, time=0.938129
best_value=7417.74, lower_bound=-44166.3, time=0.939758
best_value=7417.74, lower_bound=-44166.3, time=0.941386
best_value=7417.74, lower_bound=-44166.2, time=0.943061
best_value=7417.74, lower_bound=-44166.2, time=0.944693
best_value=7417.74, lower_bound=-44166.2, time=0.946335
best_value=7417.74, lower_bound=-44166.2, time=0.947964
best_value=7417.74, lower_bound=-44166.2, time=0.950322
best_value=7417.74, lower_bound=-44166.2, time=0.952582
best_value=7417.74, lower_bound=-44166.2, time=0.954397
best_value=7417.74, lower_bound=-44166.2, time=0.956208
best_value=7417.74, lower_bound=-44166.1, time=0.958155
best_value=7417.74, lower_bound=-44166.1, time=0.959883
best_value=7417.74, lower_bound=-44166.1, time=0.961513
best_value=7417.74, lower_bound=-44166.1, time=0.963198
best_value=7417.74, lower_bound=-44166.1, time=0.964849
best_value=7417.74, lower_bound=-44166.1, time=0.966533
best_value=7417.74, lower_bound=-44166.1, time=0.968219
best_value=7417.74, lower_bound=-44166.1, time=0.969901
best_value=7417.74, lower_bound=-44166.1, time=0.971541
best_value=7417.74, lower_bound=-44166, time=0.973247
best_value=7417.74, lower_bound=-44166, time=0.974985
best_value=7417.74, lower_bound=-44166, time=0.976632
best_value=7417.74, lower_bound=-44166, time=0.978267
best_value=7417.74, lower_bound=-44166, time=0.979955
best_value=7417.74, lower_bound=-44166, time=0.981868
best_value=7417.74, lower_bound=-44166, time=0.983546
best_value=7417.74, lower_bound=-44166, time=0.98521
best_value=7417.74, lower_bound=-44165.9, time=0.986875
best_value=7417.74, lower_bound=-44165.9, time=0.988504
best_value=7417.74, lower_bound=-44165.9, time=0.990178
best_value=7417.74, lower_bound=-44165.9, time=0.991809
best_value=7417.74, lower_bound=-44165.9, time=0.993577
best_value=7417.74, lower_bound=-44165.9, time=0.995257
best_value=7417.74, lower_bound=-44165.9, time=0.996885
best_value=7417.74, lower_bound=-44165.9, time=0.998532
best_value=7417.74, lower_bound=-44165.9, time=1.00016
best_value=7417.74, lower_bound=-44165.8, time=1.0018
best_value=7417.74, lower_bound=-44165.8, time=1.00343
best_value=7417.74, lower_bound=-44165.8, time=1.00506
best_value=7417.74, lower_bound=-44165.8, time=1.0067
best_value=7417.74, lower_bound=-44165.8, time=1.00832
best_value=7417.74, lower_bound=-44165.8, time=1.00999
best_value=7417.74, lower_bound=-44165.8, time=1.01163
best_value=7417.74, lower_bound=-44165.8, time=1.01325
best_value=7417.74, lower_bound=-44165.7, time=1.01489
best_value=7417.74, lower_bound=-44165.7, time=1.01652
best_value=7417.74, lower_bound=-44165.7, time=1.01816
best_value=7417.74, lower_bound=-44165.7, time=1.01978
best_value=7417.74, lower_bound=-44165.7, time=1.02141
best_value=7417.74, lower_bound=-44165.7, time=1.02305
best_value=7417.74, lower_bound=-44165.7, time=1.02468
best_value=7417.74, lower_bound=-44165.7, time=1.02632
best_value=7417.74, lower_bound=-44165.7, time=1.02796
best_value=7417.74, lower_bound=-44165.6, time=1.0296
best_value=7417.74, lower_bound=-44165.6, time=1.0313
best_value=7417.74, lower_bound=-44165.6, time=1.03293
best_value=7417.74, lower_bound=-44165.6, time=1.03459
best_value=7417.74, lower_bound=-44165.6, time=1.03628
best_value=7417.74, lower_bound=-44165.6, time=1.03794
best_value=7417.74, lower_bound=-44165.6, time=1.0396
best_value=7417.74, lower_bound=-44165.6, time=1.04126
best_value=7417.74, lower_bound=-44165.6, time=1.04297
best_value=7417.74, lower_bound=-44165.6, time=1.04465
best_value=7417.74, lower_bound=-44165.5, time=1.0463
best_value=7417.74, lower_bound=-44165.5, time=1.04793
best_value=7417.74, lower_bound=-44165.5, time=1.04956
best_value=7417.74, lower_bound=-44165.5, time=1.0512
best_value=7417.74, lower_bound=-44165.5, time=1.05283
best_value=7417.74, lower_bound=-44165.5, time=1.05446
best_value=7417.74, lower_bound=-44165.5, time=1.05609
best_value=7417.74, lower_bound=-44165.5, time=1.05773
best_value=7417.74, lower_bound=-44165.5, time=1.05936
best_value=7417.74, lower_bound=-44165.4, time=1.06101
best_value=7417.74, lower_bound=-44165.4, time=1.06267
best_value=7417.74, lower_bound=-44165.4, time=1.06431
best_value=7417.74, lower_bound=-44165.4, time=1.06594
best_value=7417.74, lower_bound=-44165.4, time=1.06757
best_value=7417.74, lower_bound=-44165.4, time=1.0692
best_value=7417.74, lower_bound=-44165.4, time=1.07089
best_value=7417.74, lower_bound=-44165.4, time=1.07279
best_value=7417.74, lower_bound=-44165.4, time=1.07473
best_value=7417.74, lower_bound=-44165.4, time=1.07656
best_value=7417.74, lower_bound=-44165.3, time=1.07832
best_value=7417.74, lower_bound=-44165.3, time=1.07999
best_value=7417.74, lower_bound=-44165.3, time=1.08164
best_value=7417.74, lower_bound=-44165.3, time=1.0834
best_value=7417.74, lower_bound=-44165.3, time=1.0854
best_value=7417.74, lower_bound=-44165.3, time=1.08708
best_value=7417.74, lower_bound=-44165.3, time=1.08871
best_value=7417.74, lower_bound=-44165.3, time=1.09085
best_value=7417.74, lower_bound=-44165.3, time=1.09265
best_value=7417.74, lower_bound=-44165.3, time=1.09436
best_value=7417.74, lower_bound=-44165.2, time=1.09604
best_value=7417.74, lower_bound=-44165.2, time=1.0977
best_value=7417.74, lower_bound=-44165.2, time=1.09935
best_value=7417.74, lower_bound=-44165.2, time=1.10135
best_value=7417.74, lower_bound=-44165.2, time=1.10316
best_value=7417.74, lower_bound=-44165.2, time=1.10479
best_value=7417.74, lower_bound=-44165.2, time=1.10659
best_value=7417.74, lower_bound=-44165.2, time=1.10826
best_value=7417.74, lower_bound=-44165.2, time=1.1099
best_value=7417.74, lower_bound=-44165.2, time=1.11157
best_value=7417.74, lower_bound=-44165.1, time=1.11326
best_value=7417.74, lower_bound=-44165.1, time=1.11559
best_value=7417.74, lower_bound=-44165.1, time=1.12008
best_value=7417.74, lower_bound=-44165.1, time=1.12214
best_value=7417.74, lower_bound=-44165.1, time=1.12404
best_value=7417.74, lower_bound=-44165.1, time=1.12688
best_value=7417.74, lower_bound=-44165.1, time=1.12913
best_value=7417.74, lower_bound=-44165.1, time=1.13082
best_value=7417.74, lower_bound=-44165.1, time=1.13258
best_value=7417.74, lower_bound=-44165.1, time=1.13438
best_value=7417.74, lower_bound=-44165.1, time=1.13632
best_value=7417.74, lower_bound=-44165, time=1.13833
best_value=7417.74, lower_bound=-44165, time=1.14001
best_value=7417.74, lower_bound=-44165, time=1.14236
best_value=7417.74, lower_bound=-44165, time=1.14508
best_value=7417.74, lower_bound=-44165, time=1.14677
best_value=7417.74, lower_bound=-44165, time=1.14847
best_value=7417.74, lower_bound=-44165, time=1.15054
best_value=7417.74, lower_bound=-44165, time=1.15224
best_value=7417.74, lower_bound=-44165, time=1.1543
best_value=7417.74, lower_bound=-44165, time=1.1561
best_value=7417.74, lower_bound=-44165, time=1.15809
best_value=7417.74, lower_bound=-44164.9, time=1.16133
best_value=7417.74, lower_bound=-44164.9, time=1.16312
best_value=7417.74, lower_bound=-44164.9, time=1.16494
best_value=7417.74, lower_bound=-44164.9, time=1.16658
best_value=7417.74, lower_bound=-44164.9, time=1.16836
best_value=7417.74, lower_bound=-44164.9, time=1.17024
best_value=7417.74, lower_bound=-44164.9, time=1.17186
best_value=7417.74, lower_bound=-44164.9, time=1.17363
best_value=7417.74, lower_bound=-44164.9, time=1.17543
best_value=7417.74, lower_bound=-44164.9, time=1.17719
best_value=7417.74, lower_bound=-44164.9, time=1.17983
best_value=7417.74, lower_bound=-44164.8, time=1.1823
best_value=7417.74, lower_bound=-44164.8, time=1.18423
best_value=7417.74, lower_bound=-44164.8, time=1.18592
best_value=7417.74, lower_bound=-44164.8, time=1.18761
best_value=7417.74, lower_bound=-44164.8, time=1.18945
best_value=7417.74, lower_bound=-44164.8, time=1.19183
best_value=7417.74, lower_bound=-44164.8, time=1.1935
best_value=7417.74, lower_bound=-44164.8, time=1.19515
best_value=7417.74, lower_bound=-44164.8, time=1.19782
best_value=7417.74, lower_bound=-44164.8, time=1.20012
best_value=7417.74, lower_bound=-44164.8, time=1.20182
best_value=7417.74, lower_bound=-44164.8, time=1.20349
best_value=7417.74, lower_bound=-44164.7, time=1.20542
best_value=7417.74, lower_bound=-44164.7, time=1.20725
best_value=7417.74, lower_bound=-44164.7, time=1.20917
best_value=7417.74, lower_bound=-44164.7, time=1.2117
best_value=7417.74, lower_bound=-44164.7, time=1.21382
best_value=7417.74, lower_bound=-44164.7, time=1.2155
best_value=7417.74, lower_bound=-44164.7, time=1.21712
best_value=7417.74, lower_bound=-44164.7, time=1.21886
best_value=7417.74, lower_bound=-44164.7, time=1.2207
best_value=7417.74, lower_bound=-44164.7, time=1.22268
best_value=7417.74, lower_bound=-44164.7, time=1.22446
best_value=7417.74, lower_bound=-44164.6, time=1.22642
best_value=7417.74, lower_bound=-44164.6, time=1.22809
best_value=7417.74, lower_bound=-44164.6, time=1.23004
best_value=7417.74, lower_bound=-44164.6, time=1.23253
best_value=7417.74, lower_bound=-44164.6, time=1.23434
best_value=7417.74, lower_bound=-44164.6, time=1.23599
best_value=7417.74, lower_bound=-44164.6, time=1.23806
best_value=7417.74, lower_bound=-44164.6, time=1.23982
best_value=7417.74, lower_bound=-44164.6, time=1.24165
best_value=7417.74, lower_bound=-44164.6, time=1.24332
best_value=7417.74, lower_bound=-44164.6, time=1.24508
best_value=7417.74, lower_bound=-44164.6, time=1.2468
best_value=7417.74, lower_bound=-44164.6, time=1.24843
best_value=7417.74, lower_bound=-44164.5, time=1.25009
best_value=7417.74, lower_bound=-44164.5, time=1.25222
best_value=7417.74, lower_bound=-44164.5, time=1.25423
best_value=7417.74, lower_bound=-44164.5, time=1.25594
best_value=7417.74, lower_bound=-44164.5, time=1.25767
best_value=7417.74, lower_bound=-44164.5, time=1.25934
best_value=7417.74, lower_bound=-44164.5, time=1.26102
best_value=7417.74, lower_bound=-44164.5, time=1.2627
best_value=7417.74, lower_bound=-44164.5, time=1.26432
best_value=7417.74, lower_bound=-44164.5, time=1.26596
best_value=7417.74, lower_bound=-44164.5, time=1.26759
best_value=7417.74, lower_bound=-44164.5, time=1.26927
best_value=7417.74, lower_bound=-44164.5, time=1.27098
best_value=7417.74, lower_bound=-44164.5, time=1.27264
best_value=7417.74, lower_bound=-44164.4, time=1.27427
best_value=7417.74, lower_bound=-44164.4, time=1.276
best_value=7417.74, lower_bound=-44164.4, time=1.27796
best_value=7417.74, lower_bound=-44164.4, time=1.27965
best_value=7417.74, lower_bound=-44164.4, time=1.2814
best_value=7417.74, lower_bound=-44164.4, time=1.28309
best_value=7417.74, lower_bound=-44164.4, time=1.28483
best_value=7417.74, lower_bound=-44164.4, time=1.28662
best_value=7417.74, lower_bound=-44164.4, time=1.28829
best_value=7417.74, lower_bound=-44164.4, time=1.29045
best_value=7417.74, lower_bound=-44164.4, time=1.29237
best_value=7417.74, lower_bound=-44164.4, time=1.29413
best_value=7417.74, lower_bound=-44164.4, time=1.29576
best_value=7417.74, lower_bound=-44164.4, time=1.29739
best_value=7417.74, lower_bound=-44164.3, time=1.29905
best_value=7417.74, lower_bound=-44164.3, time=1.30088
best_value=7417.74, lower_bound=-44164.3, time=1.30264
best_value=7417.74, lower_bound=-44164.3, time=1.30475
best_value=7417.74, lower_bound=-44164.3, time=1.307
best_value=7417.74, lower_bound=-44164.3, time=1.30985
best_value=7417.74, lower_bound=-44164.3, time=1.31182
best_value=7417.74, lower_bound=-44164.3, time=1.31353
best_value=7417.74, lower_bound=-44164.3, time=1.31566
best_value=7417.74, lower_bound=-44164.3, time=1.31762
best_value=7417.74, lower_bound=-44164.3, time=1.3193
best_value=7417.74, lower_bound=-44164.3, time=1.32099
best_value=7417.74, lower_bound=-44164.3, time=1.32285
best_value=7417.74, lower_bound=-44164.3, time=1.32577
best_value=7417.74, lower_bound=-44164.2, time=1.32841
best_value=7417.74, lower_bound=-44164.2, time=1.33047
best_value=7417.74, lower_bound=-44164.2, time=1.3321
best_value=7417.74, lower_bound=-44164.2, time=1.33381
best_value=7417.74, lower_bound=-44164.2, time=1.33544
best_value=7417.74, lower_bound=-44164.2, time=1.3371
best_value=7417.74, lower_bound=-44164.2, time=1.33874
best_value=7417.74, lower_bound=-44164.2, time=1.34042
best_value=7417.74, lower_bound=-44164.2, time=1.34208
best_value=7417.74, lower_bound=-44164.2, time=1.34437
best_value=7417.74, lower_bound=-44164.2, time=1.34634
best_value=7417.74, lower_bound=-44164.2, time=1.34797
best_value=7417.74, lower_bound=-44164.2, time=1.34966
best_value=7417.74, lower_bound=-44164.2, time=1.35156
best_value=7417.74, lower_bound=-44164.2, time=1.35331
best_value=7417.74, lower_bound=-44164.1, time=1.35499
best_value=7417.74, lower_bound=-44164.1, time=1.35674
best_value=7417.74, lower_bound=-44164.1, time=1.35886
best_value=7417.74, lower_bound=-44164.1, time=1.36073
best_value=7417.74, lower_bound=-44164.1, time=1.36243
best_value=7417.74, lower_bound=-44164.1, time=1.36406
best_value=7417.74, lower_bound=-44164.1, time=1.36576
best_value=7417.74, lower_bound=-44164.1, time=1.36738
best_value=7417.74, lower_bound=-44164.1, time=1.369
best_value=7417.74, lower_bound=-44164.1, time=1.37068
best_value=7417.74, lower_bound=-44164.1, time=1.37231
best_value=7417.74, lower_bound=-44164.1, time=1.37435
best_value=7417.74, lower_bound=-44164.1, time=1.37607
best_value=7417.74, lower_bound=-44164.1, time=1.37771
best_value=7417.74, lower_bound=-44164.1, time=1.37933
best_value=7417.74, lower_bound=-44164.1, time=1.38101
best_value=7417.74, lower_bound=-44164, time=1.38268
best_value=7417.74, lower_bound=-44164, time=1.38444
best_value=7417.74, lower_bound=-44164, time=1.38637
best_value=7417.74, lower_bound=-44164, time=1.38941
best_value=7417.74, lower_bound=-44164, time=1.39331
best_value=7417.74, lower_bound=-44164, time=1.39627
best_value=7417.74, lower_bound=-44164, time=1.39999
best_value=7417.74, lower_bound=-44164, time=1.40259
best_value=7417.74, lower_bound=-44164, time=1.40622
best_value=7417.74, lower_bound=-44164, time=1.40875
best_value=7417.74, lower_bound=-44164, time=1.41044
best_value=7417.74, lower_bound=-44164, time=1.41213
best_value=7417.74, lower_bound=-44164, time=1.41483
best_value=7417.74, lower_bound=-44164, time=1.41777
best_value=7417.74, lower_bound=-44164, time=1.4195
best_value=7417.74, lower_bound=-44163.9, time=1.42123
best_value=7417.74, lower_bound=-44163.9, time=1.42304
best_value=7417.74, lower_bound=-44163.9, time=1.42647
best_value=7417.74, lower_bound=-44163.9, time=1.42924
best_value=7417.74, lower_bound=-44163.9, time=1.4323
best_value=7417.74, lower_bound=-44163.9, time=1.43483
best_value=7417.74, lower_bound=-44163.9, time=1.43676
best_value=7417.74, lower_bound=-44163.9, time=1.43848
best_value=7417.74, lower_bound=-44163.9, time=1.44052
best_value=7417.74, lower_bound=-44163.9, time=1.44309
best_value=7417.74, lower_bound=-44163.9, time=1.44481
best_value=7417.74, lower_bound=-44163.9, time=1.44648
best_value=7417.74, lower_bound=-44163.9, time=1.44811
best_value=7417.74, lower_bound=-44163.9, time=1.44974
best_value=7417.74, lower_bound=-44163.9, time=1.45136
best_value=7417.74, lower_bound=-44163.9, time=1.45299
best_value=7417.74, lower_bound=-44163.9, time=1.45469
best_value=7417.74, lower_bound=-44163.9, time=1.45639
best_value=7417.74, lower_bound=-44163.8, time=1.45812
best_value=7417.74, lower_bound=-44163.8, time=1.45976
best_value=7417.74, lower_bound=-44163.8, time=1.4614
best_value=7417.74, lower_bound=-44163.8, time=1.46313
best_value=7417.74, lower_bound=-44163.8, time=1.46549
best_value=7417.74, lower_bound=-44163.8, time=1.46742
best_value=7417.74, lower_bound=-44163.8, time=1.46915
best_value=7417.74, lower_bound=-44163.8, time=1.47092
best_value=7417.74, lower_bound=-44163.8, time=1.47258
best_value=7417.74, lower_bound=-44163.8, time=1.47422
best_value=7417.74, lower_bound=-44163.8, time=1.47591
best_value=7417.74, lower_bound=-44163.8, time=1.47816
best_value=7417.74, lower_bound=-44163.8, time=1.47983
best_value=7417.74, lower_bound=-44163.8, time=1.48171
best_value=7417.74, lower_bound=-44163.8, time=1.4834
best_value=7417.74, lower_bound=-44163.8, time=1.48502
best_value=7417.74, lower_bound=-44163.8, time=1.48674
best_value=7417.74, lower_bound=-44163.8, time=1.48893
best_value=7417.74, lower_bound=-44163.7, time=1.4924
best_value=7417.74, lower_bound=-44163.7, time=1.49427
best_value=7417.74, lower_bound=-44163.7, time=1.49607
best_value=7417.74, lower_bound=-44163.7, time=1.49776
best_value=7417.74, lower_bound=-44163.7, time=1.49943
best_value=7417.74, lower_bound=-44163.7, time=1.50115
best_value=7417.74, lower_bound=-44163.7, time=1.50321
best_value=7417.74, lower_bound=-44163.7, time=1.50492
best_value=7417.74, lower_bound=-44163.7, time=1.50665
best_value=7417.74, lower_bound=-44163.7, time=1.50828
best_value=7417.74, lower_bound=-44163.7, time=1.50992
best_value=7417.74, lower_bound=-44163.7, time=1.51187
best_value=7417.74, lower_bound=-44163.7, time=1.51361
best_value=7417.74, lower_bound=-44163.7, time=1.51563
best_value=7417.74, lower_bound=-44163.7, time=1.51728
best_value=7417.74, lower_bound=-44163.7, time=1.51898
best_value=7417.74, lower_bound=-44163.7, time=1.52068
best_value=7417.74, lower_bound=-44163.7, time=1.52234
best_value=7417.74, lower_bound=-44163.7, time=1.52423
best_value=7417.74, lower_bound=-44163.6, time=1.52668
best_value=7417.74, lower_bound=-44163.6, time=1.52867
best_value=7417.74, lower_bound=-44163.6, time=1.53042
best_value=7417.74, lower_bound=-44163.6, time=1.53212
best_value=7417.74, lower_bound=-44163.6, time=1.53381
best_value=7417.74, lower_bound=-44163.6, time=1.53544
best_value=7417.74, lower_bound=-44163.6, time=1.5371
best_value=7417.74, lower_bound=-44163.6, time=1.53873
best_value=7417.74, lower_bound=-44163.6, time=1.54064
best_value=7417.74, lower_bound=-44163.6, time=1.54288
best_value=7417.74, lower_bound=-44163.6, time=1.54496
best_value=7417.74, lower_bound=-44163.6, time=1.54668
best_value=7417.74, lower_bound=-44163.6, time=1.54855
best_value=7417.74, lower_bound=-44163.6, time=1.55074
best_value=7417.74, lower_bound=-44163.6, time=1.55311
best_value=7417.74, lower_bound=-44163.6, time=1.55493
best_value=7417.74, lower_bound=-44163.6, time=1.5567
best_value=7417.74, lower_bound=-44163.6, time=1.55854
best_value=7417.74, lower_bound=-44163.6, time=1.56027
best_value=7417.74, lower_bound=-44163.6, time=1.56215
best_value=7417.74, lower_bound=-44163.5, time=1.56389
best_value=7417.74, lower_bound=-44163.5, time=1.56569
best_value=7417.74, lower_bound=-44163.5, time=1.56767
best_value=7417.74, lower_bound=-44163.5, time=1.56942
best_value=7417.74, lower_bound=-44163.5, time=1.57113
best_value=7417.74, lower_bound=-44163.5, time=1.57287
best_value=7417.74, lower_bound=-44163.5, time=1.57465
best_value=7417.74, lower_bound=-44163.5, time=1.57631
best_value=7417.74, lower_bound=-44163.5, time=1.57797
best_value=7417.74, lower_bound=-44163.5, time=1.57963
best_value=7417.74, lower_bound=-44163.5, time=1.58168
best_value=7417.74, lower_bound=-44163.5, time=1.5838
best_value=7417.74, lower_bound=-44163.5, time=1.58629
best_value=7417.74, lower_bound=-44163.5, time=1.58888
best_value=7417.74, lower_bound=-44163.5, time=1.59095
best_value=7417.74, lower_bound=-44163.5, time=1.59272
best_value=7417.74, lower_bound=-44163.5, time=1.59438
best_value=7417.74, lower_bound=-44163.5, time=1.596
best_value=7417.74, lower_bound=-44163.5, time=1.59775
best_value=7417.74, lower_bound=-44163.5, time=1.5995
best_value=7417.74, lower_bound=-44163.5, time=1.60114
best_value=7417.74, lower_bound=-44163.4, time=1.603
best_value=7417.74, lower_bound=-44163.4, time=1.60478
best_value=7417.74, lower_bound=-44163.4, time=1.60674
best_value=7417.74, lower_bound=-44163.4, time=1.60854
best_value=7417.74, lower_bound=-44163.4, time=1.61023
best_value=7417.74, lower_bound=-44163.4, time=1.61188
best_value=7417.74, lower_bound=-44163.4, time=1.61364
best_value=7417.74, lower_bound=-44163.4, time=1.61528
best_value=7417.74, lower_bound=-44163.4, time=1.6169
best_value=7417.74, lower_bound=-44163.4, time=1.61857
best_value=7417.74, lower_bound=-44163.4, time=1.62044
best_value=7417.74, lower_bound=-44163.4, time=1.62215
best_value=7417.74, lower_bound=-44163.4, time=1.62391
best_value=7417.74, lower_bound=-44163.4, time=1.62579
best_value=7417.74, lower_bound=-44163.4, time=1.6279
best_value=7417.74, lower_bound=-44163.4, time=1.63004
best_value=7417.74, lower_bound=-44163.4, time=1.63179
best_value=7417.74, lower_bound=-44163.4, time=1.63349
best_value=7417.74, lower_bound=-44163.4, time=1.63535
best_value=7417.74, lower_bound=-44163.4, time=1.63703
best_value=7417.74, lower_bound=-44163.4, time=1.63895
best_value=7417.74, lower_bound=-44163.4, time=1.64098
best_value=7417.74, lower_bound=-44163.4, time=1.64287
best_value=7417.74, lower_bound=-44163.4, time=1.64455
best_value=7417.74, lower_bound=-44163.3, time=1.64623
best_value=7417.74, lower_bound=-44163.3, time=1.64789
best_value=7417.74, lower_bound=-44163.3, time=1.64955
best_value=7417.74, lower_bound=-44163.3, time=1.65119
best_value=7417.74, lower_bound=-44163.3, time=1.65285
best_value=7417.74, lower_bound=-44163.3, time=1.65467
best_value=7417.74, lower_bound=-44163.3, time=1.65638
best_value=7417.74, lower_bound=-44163.3, time=1.65924
best_value=7417.74, lower_bound=-44163.3, time=1.66151
best_value=7417.74, lower_bound=-44163.3, time=1.6633
best_value=7417.74, lower_bound=-44163.3, time=1.66507
best_value=7417.74, lower_bound=-44163.3, time=1.66671
best_value=7417.74, lower_bound=-44163.3, time=1.66834
best_value=7417.74, lower_bound=-44163.3, time=1.67008
best_value=7417.74, lower_bound=-44163.3, time=1.6719
best_value=7417.74, lower_bound=-44163.3, time=1.67433
best_value=7417.74, lower_bound=-44163.3, time=1.67614
best_value=7417.74, lower_bound=-44163.3, time=1.67829
best_value=7417.74, lower_bound=-44163.3, time=1.68022
best_value=7417.74, lower_bound=-44163.3, time=1.68191
best_value=7417.74, lower_bound=-44163.3, time=1.68354
best_value=7417.74, lower_bound=-44163.3, time=1.68518
best_value=7417.74, lower_bound=-44163.3, time=1.6869
best_value=7417.74, lower_bound=-44163.3, time=1.68852
best_value=7417.74, lower_bound=-44163.2, time=1.69026
best_value=7417.74, lower_bound=-44163.2, time=1.69196
best_value=7417.74, lower_bound=-44163.2, time=1.69361
best_value=7417.74, lower_bound=-44163.2, time=1.69545
best_value=7417.74, lower_bound=-44163.2, time=1.69749
best_value=7417.74, lower_bound=-44163.2, time=1.69923
best_value=7417.74, lower_bound=-44163.2, time=1.70091
best_value=7417.74, lower_bound=-44163.2, time=1.70276
best_value=7417.74, lower_bound=-44163.2, time=1.70447
best_value=7417.74, lower_bound=-44163.2, time=1.70614
best_value=7417.74, lower_bound=-44163.2, time=1.70776
best_value=7417.74, lower_bound=-44163.2, time=1.70953
best_value=7417.74, lower_bound=-44163.2, time=1.71149
best_value=7417.74, lower_bound=-44163.2, time=1.71354
best_value=7417.74, lower_bound=-44163.2, time=1.71583
best_value=7417.74, lower_bound=-44163.2, time=1.71771
best_value=7417.74, lower_bound=-44163.2, time=1.71938
best_value=7417.74, lower_bound=-44163.2, time=1.72111
best_value=7417.74, lower_bound=-44163.2, time=1.72283
best_value=7417.74, lower_bound=-44163.2, time=1.72456
best_value=7417.74, lower_bound=-44163.2, time=1.72622
best_value=7417.74, lower_bound=-44163.2, time=1.72834
best_value=7417.74, lower_bound=-44163.2, time=1.73065
best_value=7417.74, lower_bound=-44163.2, time=1.73233
best_value=7417.74, lower_bound=-44163.2, time=1.73399
best_value=7417.74, lower_bound=-44163.2, time=1.73562
best_value=7417.74, lower_bound=-44163.2, time=1.73742
best_value=7417.74, lower_bound=-44163.2, time=1.73934
best_value=7417.74, lower_bound=-44163.1, time=1.74155
best_value=7417.74, lower_bound=-44163.1, time=1.74327
best_value=7417.74, lower_bound=-44163.1, time=1.74493
best_value=7417.74, lower_bound=-44163.1, time=1.74657
best_value=7417.74, lower_bound=-44163.1, time=1.74836
best_value=7417.74, lower_bound=-44163.1, time=1.75006
best_value=7417.74, lower_bound=-44163.1, time=1.75168
best_value=7417.74, lower_bound=-44163.1, time=1.75336
best_value=7417.74, lower_bound=-44163.1, time=1.75503
best_value=7417.74, lower_bound=-44163.1, time=1.75674
best_value=7417.74, lower_bound=-44163.1, time=1.75846
best_value=7417.74, lower_bound=-44163.1, time=1.76011
best_value=7417.74, lower_bound=-44163.1, time=1.7622
best_value=7417.74, lower_bound=-44163.1, time=1.76389
best_value=7417.74, lower_bound=-44163.1, time=1.76554
best_value=7417.74, lower_bound=-44163.1, time=1.76718
best_value=7417.74, lower_bound=-44163.1, time=1.7689
best_value=7417.74, lower_bound=-44163.1, time=1.77069
best_value=7417.74, lower_bound=-44163.1, time=1.77231
best_value=7417.74, lower_bound=-44163.1, time=1.77414
best_value=7417.74, lower_bound=-44163.1, time=1.77596
best_value=7417.74, lower_bound=-44163.1, time=1.77759
best_value=7417.74, lower_bound=-44163.1, time=1.77923
best_value=7417.74, lower_bound=-44163.1, time=1.78116
best_value=7417.74, lower_bound=-44163.1, time=1.78286
best_value=7417.74, lower_bound=-44163.1, time=1.78449
best_value=7417.74, lower_bound=-44163.1, time=1.78644
best_value=7417.74, lower_bound=-44163.1, time=1.78817
best_value=7417.74, lower_bound=-44163.1, time=1.78998
best_value=7417.74, lower_bound=-44163.1, time=1.79187
best_value=7417.74, lower_bound=-44163, time=1.79378
best_value=7417.74, lower_bound=-44163, time=1.79543
best_value=7417.74, lower_bound=-44163, time=1.79709
best_value=7417.74, lower_bound=-44163, time=1.79882
best_value=7417.74, lower_bound=-44163, time=1.80047
best_value=7417.74, lower_bound=-44163, time=1.8022
best_value=7417.74, lower_bound=-44163, time=1.80386
