TRWS  Tests ...
loading .h5 file ../../../data//2BBN.uai.h5................done
algorithm constructing...
algorithm starting...
best_value=10100.8, lower_bound=-17262.1, time=0.276187
best_value=10103.6, lower_bound=-16578.1, time=0.33643
best_value=10103.6, lower_bound=-16104.7, time=0.395909
best_value=10103.6, lower_bound=-15718.8, time=0.456574
best_value=10426.5, lower_bound=-15404.8, time=0.516521
best_value=10426.5, lower_bound=-15137.6, time=0.576452
best_value=10641.8, lower_bound=-14898.5, time=0.636576
best_value=10641.8, lower_bound=-14685.2, time=0.696652
best_value=10641.8, lower_bound=-14494, time=0.756924
best_value=10641.8, lower_bound=-14323, time=0.816464
best_value=10641.8, lower_bound=-14175.7, time=0.876601
best_value=10641.8, lower_bound=-14051.3, time=0.936704
best_value=11322.8, lower_bound=-13942.3, time=0.996469
best_value=11322.8, lower_bound=-13844.3, time=1.0568
best_value=11322.8, lower_bound=-13763.4, time=1.11712
best_value=11322.8, lower_bound=-13689.5, time=1.17692
best_value=11455.9, lower_bound=-13626.3, time=1.23707
best_value=11455.9, lower_bound=-13573.2, time=1.29655
best_value=11455.9, lower_bound=-13525.4, time=1.35708
best_value=11455.9, lower_bound=-13484, time=1.41677
best_value=11455.9, lower_bound=-13446.7, time=1.47745
best_value=11455.9, lower_bound=-13413.1, time=1.53705
best_value=11455.9, lower_bound=-13381, time=1.59674
best_value=11455.9, lower_bound=-13351.5, time=1.65712
best_value=11455.9, lower_bound=-13323.4, time=1.71724
best_value=11455.9, lower_bound=-13296.4, time=1.77721
best_value=11455.9, lower_bound=-13270.7, time=1.83708
best_value=11513.7, lower_bound=-13247.2, time=1.9153
best_value=11513.7, lower_bound=-13225.6, time=1.97495
best_value=11513.7, lower_bound=-13205.4, time=2.03513
best_value=11513.7, lower_bound=-13186.2, time=2.09483
best_value=11513.7, lower_bound=-13167.8, time=2.15462
best_value=11513.7, lower_bound=-13149.7, time=2.21449
best_value=11513.7, lower_bound=-13132.1, time=2.27461
best_value=11513.7, lower_bound=-13115, time=2.33416
best_value=11513.7, lower_bound=-13098.4, time=2.39382
best_value=11513.7, lower_bound=-13082.5, time=2.45457
best_value=11513.7, lower_bound=-13067.2, time=2.51429
best_value=11513.7, lower_bound=-13052.6, time=2.57442
best_value=11513.7, lower_bound=-13038.5, time=2.63444
best_value=11513.7, lower_bound=-13025, time=2.69407
best_value=11513.7, lower_bound=-13011.9, time=2.7538
best_value=11513.7, lower_bound=-12999.3, time=2.81389
best_value=11513.7, lower_bound=-12987.1, time=2.87401
best_value=11513.7, lower_bound=-12975.2, time=2.93392
best_value=11516, lower_bound=-12963.7, time=2.9938
best_value=11516, lower_bound=-12952.7, time=3.05397
best_value=11516, lower_bound=-12942.3, time=3.11392
best_value=11516, lower_bound=-12932.2, time=3.17362
best_value=11516, lower_bound=-12922.4, time=3.23379
best_value=11516, lower_bound=-12912.9, time=3.2935
best_value=11516, lower_bound=-12904.4, time=3.35368
best_value=11516, lower_bound=-12896.3, time=3.41387
best_value=11516, lower_bound=-12888.3, time=3.4743
best_value=11516, lower_bound=-12880.4, time=3.53457
best_value=11516, lower_bound=-12872.7, time=3.59458
best_value=11516, lower_bound=-12865.1, time=3.65443
best_value=11516, lower_bound=-12857.7, time=3.71493
best_value=11516, lower_bound=-12850.3, time=3.77504
best_value=11516, lower_bound=-12843, time=3.83495
best_value=11516, lower_bound=-12836.1, time=3.91346
best_value=11516, lower_bound=-12829.2, time=3.97332
best_value=11516, lower_bound=-12822.5, time=4.03367
best_value=11516, lower_bound=-12815.8, time=4.09329
best_value=11516, lower_bound=-12809.8, time=4.1534
best_value=11516, lower_bound=-12804, time=4.21328
best_value=11516, lower_bound=-12798.3, time=4.27327
best_value=11516, lower_bound=-12792.6, time=4.3329
best_value=11516, lower_bound=-12787, time=4.3931
best_value=11516, lower_bound=-12781.5, time=4.45302
best_value=11516, lower_bound=-12776.1, time=4.51305
best_value=11516, lower_bound=-12770.8, time=4.57263
best_value=11590.1, lower_bound=-12765.7, time=4.63284
best_value=11590.1, lower_bound=-12760.5, time=4.69278
best_value=11590.1, lower_bound=-12755.5, time=4.75275
best_value=11590.1, lower_bound=-12750.5, time=4.81288
best_value=11590.1, lower_bound=-12745.6, time=4.87305
best_value=11590.5, lower_bound=-12741.1, time=4.93266
best_value=11590.5, lower_bound=-12737, time=4.99304
best_value=11590.5, lower_bound=-12732.9, time=5.05262
best_value=11590.5, lower_bound=-12728.8, time=5.11303
best_value=11590.5, lower_bound=-12724.8, time=5.17277
best_value=11590.5, lower_bound=-12720.7, time=5.23268
best_value=11590.5, lower_bound=-12716.8, time=5.29276
best_value=11590.5, lower_bound=-12712.9, time=5.35267
best_value=11590.5, lower_bound=-12709, time=5.41239
best_value=11590.5, lower_bound=-12705.2, time=5.47242
best_value=11590.5, lower_bound=-12701.4, time=5.5325
best_value=11590.5, lower_bound=-12697.7, time=5.59279
best_value=11590.5, lower_bound=-12694, time=5.65279
best_value=11590.5, lower_bound=-12690.3, time=5.71284
best_value=11590.5, lower_bound=-12686.6, time=5.77267
best_value=11590.5, lower_bound=-12683, time=5.83243
best_value=11590.5, lower_bound=-12679.5, time=5.91125
best_value=11590.5, lower_bound=-12676, time=5.97097
best_value=11590.5, lower_bound=-12672.6, time=6.03092
best_value=11590.5, lower_bound=-12669.3, time=6.09089
best_value=11590.5, lower_bound=-12666.2, time=6.15125
best_value=11590.5, lower_bound=-12663.1, time=6.21129
best_value=11590.5, lower_bound=-12660, time=6.27147
best_value=11590.5, lower_bound=-12657, time=6.33166
best_value=11590.5, lower_bound=-12654, time=6.39171
best_value=11590.5, lower_bound=-12651, time=6.45126
best_value=11590.5, lower_bound=-12648, time=6.51126
best_value=11590.5, lower_bound=-12645, time=6.57085
best_value=11590.5, lower_bound=-12642.1, time=6.63076
best_value=11590.5, lower_bound=-12639.2, time=6.69106
best_value=11590.5, lower_bound=-12636.4, time=6.75057
best_value=11590.5, lower_bound=-12633.5, time=6.81092
best_value=11590.5, lower_bound=-12630.7, time=6.87124
best_value=11590.5, lower_bound=-12627.9, time=6.93147
best_value=11590.5, lower_bound=-12625.2, time=6.99136
best_value=11590.5, lower_bound=-12622.4, time=7.05155
best_value=11590.5, lower_bound=-12619.7, time=7.11118
best_value=11590.5, lower_bound=-12617, time=7.17146
best_value=11590.5, lower_bound=-12614.4, time=7.23145
best_value=11590.5, lower_bound=-12611.8, time=7.29147
best_value=11590.5, lower_bound=-12609.2, time=7.35149
best_value=11590.5, lower_bound=-12606.6, time=7.41141
best_value=11590.5, lower_bound=-12604, time=7.47128
best_value=11590.5, lower_bound=-12601.5, time=7.53162
best_value=11590.5, lower_bound=-12599, time=7.59153
best_value=11590.5, lower_bound=-12596.5, time=7.65169
best_value=11590.5, lower_bound=-12594, time=7.71146
best_value=11590.5, lower_bound=-12591.6, time=7.7723
best_value=11590.5, lower_bound=-12589.1, time=7.83218
best_value=11590.5, lower_bound=-12586.7, time=7.89205
best_value=11590.5, lower_bound=-12584.3, time=7.95221
best_value=11590.5, lower_bound=-12582, time=8.01232
best_value=11590.5, lower_bound=-12579.6, time=8.07297
best_value=11590.5, lower_bound=-12577.6, time=8.13346
best_value=11590.5, lower_bound=-12575.9, time=8.19394
best_value=11590.5, lower_bound=-12574.2, time=8.25404
best_value=11590.5, lower_bound=-12572.6, time=8.31362
best_value=11590.5, lower_bound=-12570.9, time=8.37423
best_value=11590.5, lower_bound=-12569.3, time=8.43442
best_value=11590.5, lower_bound=-12567.7, time=8.49559
best_value=11590.5, lower_bound=-12566.1, time=8.55585
best_value=11590.5, lower_bound=-12564.5, time=8.61593
best_value=11590.5, lower_bound=-12563, time=8.67631
best_value=11590.5, lower_bound=-12561.4, time=8.73618
best_value=11590.5, lower_bound=-12559.9, time=8.79617
best_value=11590.5, lower_bound=-12558.4, time=8.85615
best_value=11590.5, lower_bound=-12556.9, time=8.91613
best_value=11593.5, lower_bound=-12555.4, time=8.97604
best_value=11593.5, lower_bound=-12554, time=9.03662
best_value=11593.5, lower_bound=-12552.5, time=9.09799
best_value=11593.5, lower_bound=-12551.1, time=9.15791
best_value=11593.5, lower_bound=-12549.7, time=9.21823
best_value=11593.5, lower_bound=-12548.4, time=9.29569
best_value=11593.5, lower_bound=-12547.1, time=9.35607
best_value=11593.5, lower_bound=-12545.8, time=9.41606
best_value=11593.5, lower_bound=-12544.5, time=9.47628
best_value=11593.5, lower_bound=-12543.3, time=9.537
best_value=11593.5, lower_bound=-12542.1, time=9.59797
best_value=11593.5, lower_bound=-12540.9, time=9.6579
best_value=11593.5, lower_bound=-12539.8, time=9.71763
best_value=11593.5, lower_bound=-12538.6, time=9.77782
best_value=11593.5, lower_bound=-12537.6, time=9.83817
best_value=11593.5, lower_bound=-12536.5, time=9.89794
best_value=11593.5, lower_bound=-12535.5, time=9.95823
best_value=11593.5, lower_bound=-12534.7, time=10.0178
best_value=11593.5, lower_bound=-12533.9, time=10.0783
best_value=11593.5, lower_bound=-12533, time=10.139
best_value=11593.5, lower_bound=-12532.2, time=10.1989
best_value=11593.5, lower_bound=-12531.4, time=10.2587
best_value=11593.5, lower_bound=-12530.6, time=10.319
best_value=11593.5, lower_bound=-12529.9, time=10.3787
best_value=11593.5, lower_bound=-12529.1, time=10.439
best_value=11593.5, lower_bound=-12528.3, time=10.4991
best_value=11593.5, lower_bound=-12527.5, time=10.5597
best_value=11593.5, lower_bound=-12526.8, time=10.6197
best_value=11626, lower_bound=-12526, time=10.6796
best_value=11626, lower_bound=-12525.3, time=10.7403
best_value=11626, lower_bound=-12524.6, time=10.8004
best_value=11626, lower_bound=-12523.9, time=10.8606
best_value=11626, lower_bound=-12523.3, time=10.9206
best_value=11626, lower_bound=-12522.6, time=10.9804
best_value=11626, lower_bound=-12522, time=11.0407
best_value=11626, lower_bound=-12521.4, time=11.1005
best_value=11626, lower_bound=-12520.7, time=11.1601
best_value=11626, lower_bound=-12520.1, time=11.22
best_value=11626, lower_bound=-12519.5, time=11.2802
best_value=11626, lower_bound=-12518.9, time=11.3401
best_value=11626, lower_bound=-12518.3, time=11.3999
best_value=11626, lower_bound=-12517.7, time=11.4602
best_value=11626, lower_bound=-12517.1, time=11.5199
best_value=11626, lower_bound=-12516.5, time=11.5805
best_value=11626, lower_bound=-12515.9, time=11.6401
best_value=11626, lower_bound=-12515.4, time=11.6999
best_value=11626, lower_bound=-12514.8, time=11.76
best_value=11626, lower_bound=-12514.2, time=11.8201
best_value=11626, lower_bound=-12513.7, time=11.8802
best_value=11626, lower_bound=-12513.2, time=11.9403
best_value=11626, lower_bound=-12512.7, time=11.9997
best_value=11626, lower_bound=-12512.2, time=12.0606
best_value=11626, lower_bound=-12511.7, time=12.1204
best_value=11626, lower_bound=-12511.3, time=12.1806
best_value=11626, lower_bound=-12510.8, time=12.2407
best_value=11626, lower_bound=-12510.3, time=12.3004
best_value=11626, lower_bound=-12509.9, time=12.3607
best_value=11626, lower_bound=-12509.4, time=12.4203
best_value=11626, lower_bound=-12509, time=12.4806
best_value=11626, lower_bound=-12508.5, time=12.5406
best_value=11626, lower_bound=-12508, time=12.601
best_value=11626, lower_bound=-12507.6, time=12.661
best_value=11626, lower_bound=-12507.1, time=12.7212
best_value=11626, lower_bound=-12506.7, time=12.7812
best_value=11626, lower_bound=-12506.2, time=12.8414
best_value=11626, lower_bound=-12505.8, time=12.9013
best_value=11626, lower_bound=-12505.3, time=12.9612
best_value=11626, lower_bound=-12504.9, time=13.0211
best_value=11626, lower_bound=-12504.4, time=13.0813
best_value=11626, lower_bound=-12504, time=13.1411
best_value=11626, lower_bound=-12503.5, time=13.2013
best_value=11626, lower_bound=-12503.1, time=13.2612
best_value=11626, lower_bound=-12502.6, time=13.3214
best_value=11626, lower_bound=-12502.2, time=13.381
best_value=11626, lower_bound=-12501.8, time=13.4412
best_value=11626, lower_bound=-12501.3, time=13.5011
best_value=11626, lower_bound=-12500.9, time=13.5613
best_value=11626, lower_bound=-12500.5, time=13.6215
best_value=11626, lower_bound=-12500.1, time=13.6816
best_value=11626, lower_bound=-12499.7, time=13.7421
best_value=11626, lower_bound=-12499.3, time=13.8021
best_value=11626, lower_bound=-12499, time=13.8618
best_value=11626, lower_bound=-12498.6, time=13.9221
best_value=11626, lower_bound=-12498.2, time=13.982
best_value=11626, lower_bound=-12497.9, time=14.0418
best_value=11626, lower_bound=-12497.6, time=14.1016
best_value=11626, lower_bound=-12497.3, time=14.1616
best_value=11626, lower_bound=-12497, time=14.2213
best_value=11626, lower_bound=-12496.7, time=14.2815
best_value=11626, lower_bound=-12496.4, time=14.3412
best_value=11626, lower_bound=-12496.2, time=14.4016
best_value=11626, lower_bound=-12495.9, time=14.4616
best_value=11626, lower_bound=-12495.6, time=14.5216
best_value=11626, lower_bound=-12495.3, time=14.5821
best_value=11626, lower_bound=-12495, time=14.6419
best_value=11626, lower_bound=-12494.7, time=14.7017
best_value=11626, lower_bound=-12494.5, time=14.7615
best_value=11626, lower_bound=-12494.2, time=14.8219
best_value=11626, lower_bound=-12493.9, time=14.8815
best_value=11626, lower_bound=-12493.6, time=14.9416
best_value=11626, lower_bound=-12493.4, time=15.0018
best_value=11626, lower_bound=-12493.1, time=15.0796
best_value=11626, lower_bound=-12492.8, time=15.1396
best_value=11626, lower_bound=-12492.6, time=15.1994
best_value=11626, lower_bound=-12492.3, time=15.2594
best_value=11626, lower_bound=-12492, time=15.3198
best_value=11626, lower_bound=-12491.8, time=15.3801
best_value=11626, lower_bound=-12491.5, time=15.4402
best_value=11626, lower_bound=-12491.3, time=15.5004
best_value=11626, lower_bound=-12491, time=15.5604
best_value=11626, lower_bound=-12490.8, time=15.6201
best_value=11626, lower_bound=-12490.5, time=15.6802
best_value=11626, lower_bound=-12490.3, time=15.7405
best_value=11626, lower_bound=-12490, time=15.8008
best_value=11626, lower_bound=-12489.8, time=15.8608
best_value=11626, lower_bound=-12489.5, time=15.9205
best_value=11626, lower_bound=-12489.3, time=15.9804
best_value=11626, lower_bound=-12489, time=16.0399
best_value=11626, lower_bound=-12488.8, time=16.1005
best_value=11626, lower_bound=-12488.5, time=16.1605
best_value=11626, lower_bound=-12488.3, time=16.2204
best_value=11626, lower_bound=-12488, time=16.2806
best_value=11626, lower_bound=-12487.8, time=16.3402
best_value=11626, lower_bound=-12487.6, time=16.4001
best_value=11626, lower_bound=-12487.3, time=16.4603
best_value=11626, lower_bound=-12487.1, time=16.5202
best_value=11626, lower_bound=-12486.9, time=16.58
best_value=11626, lower_bound=-12486.6, time=16.6398
best_value=11626, lower_bound=-12486.4, time=16.7
best_value=11626, lower_bound=-12486.1, time=16.7596
best_value=11626, lower_bound=-12485.9, time=16.8197
best_value=11626, lower_bound=-12485.7, time=16.8793
best_value=11626, lower_bound=-12485.4, time=16.9393
best_value=11626, lower_bound=-12485.2, time=16.9994
best_value=11626, lower_bound=-12485, time=17.0591
best_value=11626, lower_bound=-12484.7, time=17.119
best_value=11626, lower_bound=-12484.5, time=17.1789
best_value=11626, lower_bound=-12484.3, time=17.2392
best_value=11626, lower_bound=-12484, time=17.2993
best_value=11626, lower_bound=-12483.8, time=17.359
best_value=11626, lower_bound=-12483.6, time=17.4192
best_value=11626, lower_bound=-12483.4, time=17.4792
best_value=11626, lower_bound=-12483.1, time=17.5395
best_value=11626, lower_bound=-12482.9, time=17.5992
best_value=11626, lower_bound=-12482.7, time=17.6597
best_value=11626, lower_bound=-12482.5, time=17.7197
best_value=11626, lower_bound=-12482.2, time=17.7799
best_value=11626, lower_bound=-12482, time=17.84
best_value=11626, lower_bound=-12481.8, time=17.8997
best_value=11626, lower_bound=-12481.6, time=17.96
best_value=11626, lower_bound=-12481.4, time=18.0199
best_value=11626, lower_bound=-12481.1, time=18.0796
best_value=11626, lower_bound=-12480.9, time=18.1399
best_value=11626, lower_bound=-12480.7, time=18.1996
best_value=11626, lower_bound=-12480.5, time=18.2603
best_value=11626, lower_bound=-12480.3, time=18.3205
best_value=11626, lower_bound=-12480.1, time=18.3802
best_value=11626, lower_bound=-12479.9, time=18.4399
best_value=11626, lower_bound=-12479.7, time=18.5001
best_value=11626, lower_bound=-12479.5, time=18.5599
best_value=11626, lower_bound=-12479.3, time=18.6198
best_value=11626, lower_bound=-12479.1, time=18.6799
best_value=11626, lower_bound=-12478.9, time=18.7399
best_value=11626, lower_bound=-12478.7, time=18.7999
best_value=11626, lower_bound=-12478.5, time=18.8601
best_value=11626, lower_bound=-12478.3, time=18.9201
best_value=11626, lower_bound=-12478.1, time=18.9804
best_value=11626, lower_bound=-12477.9, time=19.0402
best_value=11626, lower_bound=-12477.7, time=19.1001
best_value=11626, lower_bound=-12477.5, time=19.1602
best_value=11626, lower_bound=-12477.3, time=19.2197
best_value=11626, lower_bound=-12477.1, time=19.2801
best_value=11626, lower_bound=-12476.9, time=19.3398
best_value=11626, lower_bound=-12476.7, time=19.4
best_value=11626, lower_bound=-12476.5, time=19.4598
best_value=11626, lower_bound=-12476.3, time=19.5204
best_value=11626, lower_bound=-12476.1, time=19.5802
best_value=11626, lower_bound=-12475.9, time=19.64
best_value=11626, lower_bound=-12475.8, time=19.6999
best_value=11626, lower_bound=-12475.6, time=19.7598
best_value=11626, lower_bound=-12475.4, time=19.8195
best_value=11626, lower_bound=-12475.2, time=19.8796
best_value=11626, lower_bound=-12475, time=19.9401
best_value=11626, lower_bound=-12474.8, time=19.9999
best_value=11626, lower_bound=-12474.6, time=20.0601
best_value=11626, lower_bound=-12474.4, time=20.1204
best_value=11626, lower_bound=-12474.2, time=20.1806
best_value=11626, lower_bound=-12474.1, time=20.2404
best_value=11626, lower_bound=-12473.9, time=20.3004
best_value=11626, lower_bound=-12473.7, time=20.3606
best_value=11626, lower_bound=-12473.5, time=20.4207
best_value=11626, lower_bound=-12473.3, time=20.4803
best_value=11626, lower_bound=-12473.1, time=20.5408
best_value=11626, lower_bound=-12473, time=20.6006
best_value=11626, lower_bound=-12472.8, time=20.6607
best_value=11626, lower_bound=-12472.6, time=20.7205
best_value=11626, lower_bound=-12472.4, time=20.7808
best_value=11626, lower_bound=-12472.3, time=20.8403
best_value=11626, lower_bound=-12472.1, time=20.9006
best_value=11626, lower_bound=-12471.9, time=20.9605
best_value=11626, lower_bound=-12471.7, time=21.0203
best_value=11626, lower_bound=-12471.6, time=21.0805
best_value=11626, lower_bound=-12471.4, time=21.1406
best_value=11626, lower_bound=-12471.2, time=21.2005
best_value=11626, lower_bound=-12471.1, time=21.2605
best_value=11626, lower_bound=-12470.9, time=21.3203
best_value=11626, lower_bound=-12470.7, time=21.3803
best_value=11626, lower_bound=-12470.5, time=21.4403
best_value=11626, lower_bound=-12470.4, time=21.5005
best_value=11626, lower_bound=-12470.2, time=21.5605
best_value=11626, lower_bound=-12470, time=21.6203
best_value=11626, lower_bound=-12469.8, time=21.6802
best_value=11626, lower_bound=-12469.7, time=21.7401
best_value=11626, lower_bound=-12469.5, time=21.8002
best_value=11626, lower_bound=-12469.3, time=21.8597
best_value=11626, lower_bound=-12469.1, time=21.9199
best_value=11626, lower_bound=-12469, time=21.9802
best_value=11626, lower_bound=-12468.8, time=22.04
best_value=11626, lower_bound=-12468.6, time=22.1002
best_value=11626, lower_bound=-12468.4, time=22.1603
best_value=11626, lower_bound=-12468.3, time=22.2205
best_value=11626, lower_bound=-12468.1, time=22.2802
best_value=11626, lower_bound=-12467.9, time=22.3404
best_value=11626, lower_bound=-12467.8, time=22.4003
best_value=11626, lower_bound=-12467.6, time=22.4601
best_value=11626, lower_bound=-12467.4, time=22.5201
best_value=11626, lower_bound=-12467.2, time=22.5806
best_value=11626, lower_bound=-12467.1, time=22.6415
best_value=11626, lower_bound=-12466.9, time=22.7012
best_value=11626, lower_bound=-12466.7, time=22.7616
best_value=11626, lower_bound=-12466.6, time=22.8216
best_value=11626, lower_bound=-12466.4, time=22.8814
best_value=11626, lower_bound=-12466.2, time=22.9413
best_value=11626, lower_bound=-12466, time=23.0012
best_value=11626, lower_bound=-12465.9, time=23.0613
best_value=11626, lower_bound=-12465.7, time=23.1211
best_value=11626, lower_bound=-12465.5, time=23.1812
best_value=11626, lower_bound=-12465.4, time=23.2411
best_value=11626, lower_bound=-12465.2, time=23.301
best_value=11626, lower_bound=-12465, time=23.3612
best_value=11626, lower_bound=-12464.9, time=23.4216
best_value=11626, lower_bound=-12464.7, time=23.4814
best_value=11626, lower_bound=-12464.5, time=23.5414
best_value=11626, lower_bound=-12464.4, time=23.6014
best_value=11626, lower_bound=-12464.2, time=23.6611
best_value=11626, lower_bound=-12464, time=23.7209
best_value=11626, lower_bound=-12463.9, time=23.7808
best_value=11626, lower_bound=-12463.7, time=23.8408
best_value=11626, lower_bound=-12463.5, time=23.9011
best_value=11626, lower_bound=-12463.4, time=23.961
best_value=11626, lower_bound=-12463.2, time=24.0208
best_value=11626, lower_bound=-12463, time=24.0808
best_value=11626, lower_bound=-12462.9, time=24.1408
best_value=11732.4, lower_bound=-12462.7, time=24.2005
best_value=11732.4, lower_bound=-12462.5, time=24.2609
best_value=11732.4, lower_bound=-12462.4, time=24.3209
best_value=11732.4, lower_bound=-12462.2, time=24.3807
best_value=11732.4, lower_bound=-12462.1, time=24.4405
best_value=11732.4, lower_bound=-12461.9, time=24.5006
best_value=11732.4, lower_bound=-12461.8, time=24.5604
best_value=11732.4, lower_bound=-12461.6, time=24.6206
best_value=11732.4, lower_bound=-12461.5, time=24.6808
best_value=11732.4, lower_bound=-12461.3, time=24.7411
best_value=11732.4, lower_bound=-12461.2, time=24.8015
best_value=11732.4, lower_bound=-12461, time=24.8795
best_value=11732.4, lower_bound=-12460.8, time=24.9392
best_value=11732.4, lower_bound=-12460.7, time=24.9993
best_value=11732.4, lower_bound=-12460.5, time=25.0591
best_value=11732.4, lower_bound=-12460.4, time=25.1191
best_value=11732.4, lower_bound=-12460.2, time=25.1789
best_value=11732.4, lower_bound=-12460.1, time=25.2389
best_value=11732.4, lower_bound=-12459.9, time=25.2989
best_value=11732.4, lower_bound=-12459.8, time=25.3589
best_value=11732.4, lower_bound=-12459.6, time=25.4189
best_value=11732.4, lower_bound=-12459.5, time=25.4788
best_value=11732.4, lower_bound=-12459.3, time=25.5389
best_value=11732.4, lower_bound=-12459.2, time=25.599
best_value=11732.4, lower_bound=-12459, time=25.6586
best_value=11732.4, lower_bound=-12458.9, time=25.7184
best_value=11732.4, lower_bound=-12458.7, time=25.7779
best_value=11732.4, lower_bound=-12458.6, time=25.8381
best_value=11732.4, lower_bound=-12458.4, time=25.8985
best_value=11732.4, lower_bound=-12458.3, time=25.9583
best_value=11732.4, lower_bound=-12458.1, time=26.0181
best_value=11732.4, lower_bound=-12458, time=26.0778
best_value=11732.4, lower_bound=-12457.8, time=26.138
best_value=11732.4, lower_bound=-12457.7, time=26.1983
best_value=11732.4, lower_bound=-12457.6, time=26.2586
best_value=11732.4, lower_bound=-12457.4, time=26.3184
best_value=11732.4, lower_bound=-12457.3, time=26.3785
best_value=11732.4, lower_bound=-12457.1, time=26.4385
best_value=11732.4, lower_bound=-12457, time=26.499
best_value=11732.4, lower_bound=-12456.8, time=26.5593
best_value=11732.4, lower_bound=-12456.7, time=26.6199
best_value=11732.4, lower_bound=-12456.6, time=26.6802
best_value=11732.4, lower_bound=-12456.4, time=26.7406
best_value=11732.4, lower_bound=-12456.3, time=26.8012
best_value=11732.4, lower_bound=-12456.1, time=26.8618
best_value=11732.4, lower_bound=-12456, time=26.9223
best_value=11732.4, lower_bound=-12455.9, time=26.9828
best_value=11732.4, lower_bound=-12455.7, time=27.0429
best_value=11732.4, lower_bound=-12455.6, time=27.1034
best_value=11732.4, lower_bound=-12455.4, time=27.1639
best_value=11732.4, lower_bound=-12455.3, time=27.2245
best_value=11732.4, lower_bound=-12455.2, time=27.285
best_value=11732.4, lower_bound=-12455, time=27.3455
best_value=11732.4, lower_bound=-12454.9, time=27.4056
best_value=11732.4, lower_bound=-12454.7, time=27.4661
best_value=11732.4, lower_bound=-12454.6, time=27.526
best_value=11732.4, lower_bound=-12454.5, time=27.5868
best_value=11732.4, lower_bound=-12454.3, time=27.6474
best_value=11732.4, lower_bound=-12454.2, time=27.7083
best_value=11732.4, lower_bound=-12454.1, time=27.7683
best_value=11732.4, lower_bound=-12453.9, time=27.828
best_value=11732.4, lower_bound=-12453.8, time=27.8892
best_value=11732.4, lower_bound=-12453.7, time=27.9492
best_value=11732.4, lower_bound=-12453.5, time=28.0095
best_value=11732.4, lower_bound=-12453.4, time=28.0699
best_value=11732.4, lower_bound=-12453.3, time=28.1302
best_value=11732.4, lower_bound=-12453.1, time=28.1902
best_value=11732.4, lower_bound=-12453, time=28.2509
best_value=11732.4, lower_bound=-12452.9, time=28.3113
best_value=11732.4, lower_bound=-12452.7, time=28.3723
best_value=11732.4, lower_bound=-12452.6, time=28.4325
best_value=11732.4, lower_bound=-12452.5, time=28.4931
best_value=11732.4, lower_bound=-12452.3, time=28.5531
best_value=11732.4, lower_bound=-12452.2, time=28.6134
best_value=11732.4, lower_bound=-12452.1, time=28.674
best_value=11732.4, lower_bound=-12452, time=28.7336
best_value=11732.4, lower_bound=-12451.8, time=28.7934
best_value=11732.4, lower_bound=-12451.7, time=28.853
best_value=11732.4, lower_bound=-12451.6, time=28.9133
best_value=11732.4, lower_bound=-12451.5, time=28.973
best_value=11732.4, lower_bound=-12451.3, time=29.0328
best_value=11732.4, lower_bound=-12451.2, time=29.0926
best_value=11732.4, lower_bound=-12451.1, time=29.1529
best_value=11732.4, lower_bound=-12451, time=29.2127
best_value=11732.4, lower_bound=-12450.8, time=29.273
best_value=11732.4, lower_bound=-12450.7, time=29.3333
best_value=11732.4, lower_bound=-12450.6, time=29.3932
best_value=11732.4, lower_bound=-12450.5, time=29.4531
best_value=11732.4, lower_bound=-12450.4, time=29.513
best_value=11732.4, lower_bound=-12450.3, time=29.5731
best_value=11732.4, lower_bound=-12450.1, time=29.6329
best_value=11732.4, lower_bound=-12450, time=29.6929
best_value=11732.4, lower_bound=-12449.9, time=29.7528
best_value=11732.4, lower_bound=-12449.8, time=29.8127
best_value=11732.4, lower_bound=-12449.7, time=29.8727
best_value=11732.4, lower_bound=-12449.6, time=29.9324
best_value=11732.4, lower_bound=-12449.5, time=29.9931
best_value=11732.4, lower_bound=-12449.4, time=30.0537
best_value=11732.4, lower_bound=-12449.2, time=30.1133
best_value=11732.4, lower_bound=-12449.1, time=30.1733
best_value=11732.4, lower_bound=-12449, time=30.2338
best_value=11732.4, lower_bound=-12448.9, time=30.2937
best_value=11732.4, lower_bound=-12448.8, time=30.3536
best_value=11732.4, lower_bound=-12448.7, time=30.4141
best_value=11732.4, lower_bound=-12448.6, time=30.4739
best_value=11732.4, lower_bound=-12448.5, time=30.5343
best_value=11732.4, lower_bound=-12448.4, time=30.5941
best_value=11732.4, lower_bound=-12448.3, time=30.6539
best_value=11732.4, lower_bound=-12448.2, time=30.7135
best_value=11732.4, lower_bound=-12448.1, time=30.7738
best_value=11732.4, lower_bound=-12448, time=30.8339
best_value=11732.4, lower_bound=-12447.9, time=30.894
best_value=11732.4, lower_bound=-12447.8, time=30.9539
best_value=11732.4, lower_bound=-12447.7, time=31.0138
best_value=11732.4, lower_bound=-12447.6, time=31.0738
best_value=11732.4, lower_bound=-12447.5, time=31.1338
best_value=11732.4, lower_bound=-12447.4, time=31.194
best_value=11732.4, lower_bound=-12447.3, time=31.2541
best_value=11732.4, lower_bound=-12447.2, time=31.314
best_value=11732.4, lower_bound=-12447.1, time=31.3737
best_value=11732.4, lower_bound=-12447, time=31.4339
best_value=11732.4, lower_bound=-12446.9, time=31.4939
best_value=11732.4, lower_bound=-12446.8, time=31.5539
best_value=11732.4, lower_bound=-12446.7, time=31.6138
best_value=11732.4, lower_bound=-12446.6, time=31.674
best_value=11732.4, lower_bound=-12446.5, time=31.7338
best_value=11732.4, lower_bound=-12446.5, time=31.7942
best_value=11732.4, lower_bound=-12446.4, time=31.8551
best_value=11732.4, lower_bound=-12446.3, time=31.9155
best_value=11732.4, lower_bound=-12446.2, time=31.9759
best_value=11732.4, lower_bound=-12446.1, time=32.0362
best_value=11732.4, lower_bound=-12446, time=32.0967
best_value=11732.4, lower_bound=-12445.9, time=32.1569
best_value=11732.4, lower_bound=-12445.9, time=32.2173
best_value=11732.4, lower_bound=-12445.8, time=32.2774
best_value=11732.4, lower_bound=-12445.7, time=32.3371
best_value=11732.4, lower_bound=-12445.6, time=32.397
best_value=11732.4, lower_bound=-12445.5, time=32.4573
best_value=11732.4, lower_bound=-12445.4, time=32.5172
best_value=11732.4, lower_bound=-12445.4, time=32.5775
best_value=11732.4, lower_bound=-12445.3, time=32.6375
best_value=11732.4, lower_bound=-12445.2, time=32.6975
best_value=11732.4, lower_bound=-12445.1, time=32.7572
best_value=11732.4, lower_bound=-12445.1, time=32.8174
best_value=11732.4, lower_bound=-12445, time=32.8775
best_value=11732.4, lower_bound=-12444.9, time=32.9374
best_value=11732.4, lower_bound=-12444.8, time=32.9976
best_value=11732.4, lower_bound=-12444.8, time=33.0572
best_value=11732.4, lower_bound=-12444.7, time=33.1177
best_value=11732.4, lower_bound=-12444.6, time=33.178
best_value=11732.4, lower_bound=-12444.5, time=33.2386
best_value=11732.4, lower_bound=-12444.5, time=33.2985
best_value=11732.4, lower_bound=-12444.4, time=33.3586
best_value=11732.4, lower_bound=-12444.3, time=33.4187
best_value=11732.4, lower_bound=-12444.2, time=33.4789
best_value=11732.4, lower_bound=-12444.2, time=33.5391
best_value=11732.4, lower_bound=-12444.1, time=33.5994
best_value=11732.4, lower_bound=-12444, time=33.6593
best_value=11732.4, lower_bound=-12444, time=33.7193
best_value=11732.4, lower_bound=-12443.9, time=33.7789
best_value=11732.4, lower_bound=-12443.8, time=33.8389
best_value=11732.4, lower_bound=-12443.8, time=33.8988
best_value=11732.4, lower_bound=-12443.7, time=33.9593
best_value=11732.4, lower_bound=-12443.6, time=34.019
best_value=11732.4, lower_bound=-12443.5, time=34.0792
best_value=11732.4, lower_bound=-12443.5, time=34.1394
best_value=11732.4, lower_bound=-12443.4, time=34.1992
best_value=11732.4, lower_bound=-12443.3, time=34.2591
best_value=11732.4, lower_bound=-12443.3, time=34.3196
best_value=11732.4, lower_bound=-12443.2, time=34.3793
best_value=11732.4, lower_bound=-12443.1, time=34.4397
best_value=11732.4, lower_bound=-12443.1, time=34.4996
best_value=11732.4, lower_bound=-12443, time=34.5598
best_value=11732.4, lower_bound=-12442.9, time=34.6197
best_value=11732.4, lower_bound=-12442.9, time=34.6794
best_value=11732.4, lower_bound=-12442.8, time=34.7392
best_value=11732.4, lower_bound=-12442.8, time=34.7988
best_value=11732.4, lower_bound=-12442.7, time=34.8588
best_value=11732.4, lower_bound=-12442.6, time=34.9191
best_value=11732.4, lower_bound=-12442.6, time=34.9789
best_value=11732.4, lower_bound=-12442.5, time=35.0393
best_value=11732.4, lower_bound=-12442.4, time=35.0988
best_value=11732.4, lower_bound=-12442.4, time=35.1594
best_value=11732.4, lower_bound=-12442.3, time=35.2198
best_value=11732.4, lower_bound=-12442.3, time=35.2795
best_value=11732.4, lower_bound=-12442.2, time=35.3398
best_value=11732.4, lower_bound=-12442.1, time=35.4011
best_value=11732.4, lower_bound=-12442.1, time=35.4612
best_value=11732.4, lower_bound=-12442, time=35.5215
best_value=11732.4, lower_bound=-12442, time=35.5819
best_value=11732.4, lower_bound=-12441.9, time=35.6418
best_value=11732.4, lower_bound=-12441.8, time=35.7021
best_value=11732.4, lower_bound=-12441.8, time=35.7618
best_value=11732.4, lower_bound=-12441.7, time=35.8219
best_value=11732.4, lower_bound=-12441.7, time=35.8822
best_value=11732.4, lower_bound=-12441.6, time=35.9426
best_value=11732.4, lower_bound=-12441.5, time=36.0021
best_value=11732.4, lower_bound=-12441.5, time=36.0624
best_value=11732.4, lower_bound=-12441.4, time=36.1225
best_value=11732.4, lower_bound=-12441.4, time=36.1828
best_value=11732.4, lower_bound=-12441.3, time=36.2425
best_value=11732.4, lower_bound=-12441.2, time=36.3026
best_value=11732.4, lower_bound=-12441.2, time=36.3627
best_value=11732.4, lower_bound=-12441.1, time=36.4224
best_value=11732.4, lower_bound=-12441.1, time=36.4825
best_value=11732.4, lower_bound=-12441, time=36.5423
best_value=11732.4, lower_bound=-12441, time=36.6024
best_value=11732.4, lower_bound=-12440.9, time=36.6623
best_value=11732.4, lower_bound=-12440.8, time=36.7228
best_value=11732.4, lower_bound=-12440.8, time=36.7834
best_value=11732.4, lower_bound=-12440.7, time=36.8434
best_value=11732.4, lower_bound=-12440.7, time=36.9034
best_value=11732.4, lower_bound=-12440.6, time=36.9636
best_value=11732.4, lower_bound=-12440.5, time=37.0233
best_value=11732.4, lower_bound=-12440.5, time=37.0837
best_value=11732.4, lower_bound=-12440.4, time=37.1438
best_value=11732.4, lower_bound=-12440.4, time=37.2038
best_value=11732.4, lower_bound=-12440.3, time=37.2638
best_value=11732.4, lower_bound=-12440.3, time=37.3237
best_value=11732.4, lower_bound=-12440.2, time=37.3832
best_value=11732.4, lower_bound=-12440.2, time=37.4438
best_value=11732.4, lower_bound=-12440.1, time=37.5042
best_value=11732.4, lower_bound=-12440.1, time=37.5646
best_value=11732.4, lower_bound=-12440, time=37.6248
best_value=11732.4, lower_bound=-12439.9, time=37.6854
best_value=11732.4, lower_bound=-12439.9, time=37.7456
best_value=11732.4, lower_bound=-12439.8, time=37.8062
best_value=11732.4, lower_bound=-12439.8, time=37.8664
best_value=11732.4, lower_bound=-12439.7, time=37.927
best_value=11732.4, lower_bound=-12439.7, time=37.9875
best_value=11732.4, lower_bound=-12439.6, time=38.0479
best_value=11732.4, lower_bound=-12439.6, time=38.1083
best_value=11732.4, lower_bound=-12439.5, time=38.1688
best_value=11732.4, lower_bound=-12439.5, time=38.2288
best_value=11732.4, lower_bound=-12439.4, time=38.2891
best_value=11732.4, lower_bound=-12439.4, time=38.3498
best_value=11732.4, lower_bound=-12439.3, time=38.4096
best_value=11732.4, lower_bound=-12439.3, time=38.4701
best_value=11732.4, lower_bound=-12439.2, time=38.5305
best_value=11732.4, lower_bound=-12439.2, time=38.5912
best_value=11732.4, lower_bound=-12439.1, time=38.6513
best_value=11732.4, lower_bound=-12439.1, time=38.7112
best_value=11732.4, lower_bound=-12439, time=38.7713
best_value=11732.4, lower_bound=-12439, time=38.8314
best_value=11732.4, lower_bound=-12438.9, time=38.891
best_value=11732.4, lower_bound=-12438.9, time=38.9514
best_value=11732.4, lower_bound=-12438.8, time=39.0113
best_value=11732.4, lower_bound=-12438.8, time=39.0713
best_value=11732.4, lower_bound=-12438.7, time=39.1312
best_value=11732.4, lower_bound=-12438.7, time=39.1914
best_value=11732.4, lower_bound=-12438.6, time=39.2516
best_value=11732.4, lower_bound=-12438.6, time=39.3113
best_value=11732.4, lower_bound=-12438.5, time=39.3716
best_value=11732.4, lower_bound=-12438.5, time=39.4313
best_value=11732.4, lower_bound=-12438.4, time=39.4913
best_value=11732.4, lower_bound=-12438.4, time=39.5516
best_value=11732.4, lower_bound=-12438.3, time=39.6118
best_value=12067, lower_bound=-12438.3, time=39.6724
best_value=12067, lower_bound=-12438.2, time=39.7329
best_value=12067, lower_bound=-12438.2, time=39.7936
best_value=12067, lower_bound=-12438.1, time=39.8537
best_value=12067, lower_bound=-12438.1, time=39.9146
best_value=12067, lower_bound=-12438, time=39.9754
best_value=12067, lower_bound=-12438, time=40.0359
best_value=12067, lower_bound=-12437.9, time=40.0964
best_value=12067, lower_bound=-12437.9, time=40.1569
best_value=12067, lower_bound=-12437.8, time=40.2172
best_value=12067, lower_bound=-12437.8, time=40.2771
best_value=12067, lower_bound=-12437.7, time=40.338
best_value=12067, lower_bound=-12437.7, time=40.3983
best_value=12067, lower_bound=-12437.6, time=40.4586
best_value=12067, lower_bound=-12437.6, time=40.5193
best_value=12067, lower_bound=-12437.5, time=40.5795
best_value=12067, lower_bound=-12437.5, time=40.6396
best_value=12067, lower_bound=-12437.5, time=40.7001
best_value=12067, lower_bound=-12437.4, time=40.7603
best_value=12067, lower_bound=-12437.4, time=40.8207
best_value=12067, lower_bound=-12437.3, time=40.8811
best_value=12067, lower_bound=-12437.3, time=40.9414
best_value=12067, lower_bound=-12437.2, time=41.0017
best_value=12067, lower_bound=-12437.2, time=41.0621
best_value=12067, lower_bound=-12437.1, time=41.1226
best_value=12067, lower_bound=-12437.1, time=41.1827
best_value=12067, lower_bound=-12437, time=41.2428
best_value=12067, lower_bound=-12437, time=41.3024
best_value=12067, lower_bound=-12436.9, time=41.3625
best_value=12067, lower_bound=-12436.9, time=41.4226
best_value=12067, lower_bound=-12436.8, time=41.4824
best_value=12067, lower_bound=-12436.8, time=41.5425
best_value=12067, lower_bound=-12436.7, time=41.6209
best_value=12067, lower_bound=-12436.7, time=41.681
best_value=12067, lower_bound=-12436.7, time=41.7406
best_value=12067, lower_bound=-12436.6, time=41.8012
best_value=12067, lower_bound=-12436.6, time=41.8614
best_value=12067, lower_bound=-12436.5, time=41.921
best_value=12067, lower_bound=-12436.5, time=41.9815
best_value=12067, lower_bound=-12436.4, time=42.0414
best_value=12067, lower_bound=-12436.4, time=42.1011
best_value=12067, lower_bound=-12436.3, time=42.1614
best_value=12067, lower_bound=-12436.3, time=42.2211
best_value=12067, lower_bound=-12436.2, time=42.281
best_value=12067, lower_bound=-12436.2, time=42.3414
best_value=12067, lower_bound=-12436.2, time=42.4016
best_value=12067, lower_bound=-12436.1, time=42.4612
best_value=12067, lower_bound=-12436.1, time=42.5216
best_value=12067, lower_bound=-12436, time=42.5811
best_value=12067, lower_bound=-12436, time=42.6417
best_value=12067, lower_bound=-12435.9, time=42.7016
best_value=12067, lower_bound=-12435.9, time=42.7614
best_value=12067, lower_bound=-12435.8, time=42.8215
best_value=12067, lower_bound=-12435.8, time=42.8813
best_value=12067, lower_bound=-12435.8, time=42.9416
best_value=12067, lower_bound=-12435.7, time=43.001
best_value=12067, lower_bound=-12435.7, time=43.061
best_value=12067, lower_bound=-12435.6, time=43.1212
best_value=12067, lower_bound=-12435.6, time=43.1811
best_value=12067, lower_bound=-12435.5, time=43.2414
best_value=12067, lower_bound=-12435.5, time=43.3014
best_value=12067, lower_bound=-12435.5, time=43.3611
best_value=12067, lower_bound=-12435.4, time=43.4213
best_value=12067, lower_bound=-12435.4, time=43.4811
best_value=12067, lower_bound=-12435.3, time=43.541
best_value=12067, lower_bound=-12435.3, time=43.6008
best_value=12067, lower_bound=-12435.2, time=43.6605
best_value=12067, lower_bound=-12435.2, time=43.7204
best_value=12067, lower_bound=-12435.2, time=43.7802
best_value=12067, lower_bound=-12435.1, time=43.8405
best_value=12067, lower_bound=-12435.1, time=43.9006
best_value=12067, lower_bound=-12435, time=43.9606
best_value=12067, lower_bound=-12435, time=44.021
best_value=12067, lower_bound=-12434.9, time=44.0807
best_value=12067, lower_bound=-12434.9, time=44.1404
best_value=12067, lower_bound=-12434.9, time=44.2007
best_value=12067, lower_bound=-12434.8, time=44.2606
best_value=12067, lower_bound=-12434.8, time=44.3202
best_value=12067, lower_bound=-12434.7, time=44.3802
best_value=12067, lower_bound=-12434.7, time=44.44
best_value=12067, lower_bound=-12434.7, time=44.5002
best_value=12067, lower_bound=-12434.6, time=44.5605
best_value=12067, lower_bound=-12434.6, time=44.6207
best_value=12067, lower_bound=-12434.5, time=44.6805
best_value=12067, lower_bound=-12434.5, time=44.7403
best_value=12067, lower_bound=-12434.5, time=44.8005
best_value=12067, lower_bound=-12434.4, time=44.8601
best_value=12067, lower_bound=-12434.4, time=44.9205
best_value=12067, lower_bound=-12434.3, time=44.9802
best_value=12067, lower_bound=-12434.3, time=45.0407
best_value=12067, lower_bound=-12434.2, time=45.1007
best_value=12067, lower_bound=-12434.2, time=45.1606
best_value=12067, lower_bound=-12434.2, time=45.221
best_value=12067, lower_bound=-12434.1, time=45.2808
best_value=12067, lower_bound=-12434.1, time=45.3408
best_value=12067, lower_bound=-12434.1, time=45.4013
best_value=12067, lower_bound=-12434, time=45.4609
best_value=12067, lower_bound=-12434, time=45.5208
best_value=12067, lower_bound=-12433.9, time=45.5808
best_value=12067, lower_bound=-12433.9, time=45.6407
best_value=12067, lower_bound=-12433.9, time=45.7006
best_value=12067, lower_bound=-12433.8, time=45.7609
best_value=12067, lower_bound=-12433.8, time=45.8205
best_value=12067, lower_bound=-12433.7, time=45.8801
best_value=12067, lower_bound=-12433.7, time=45.9404
best_value=12067, lower_bound=-12433.7, time=46.0002
best_value=12067, lower_bound=-12433.6, time=46.0602
best_value=12067, lower_bound=-12433.6, time=46.1201
best_value=12067, lower_bound=-12433.6, time=46.1802
best_value=12067, lower_bound=-12433.5, time=46.2402
best_value=12067, lower_bound=-12433.5, time=46.2999
best_value=12067, lower_bound=-12433.4, time=46.36
best_value=12067, lower_bound=-12433.4, time=46.4197
best_value=12067, lower_bound=-12433.4, time=46.4803
best_value=12067, lower_bound=-12433.3, time=46.5403
best_value=12067, lower_bound=-12433.3, time=46.6003
best_value=12067, lower_bound=-12433.3, time=46.6599
best_value=12067, lower_bound=-12433.2, time=46.7198
best_value=12067, lower_bound=-12433.2, time=46.7798
best_value=12067, lower_bound=-12433.1, time=46.8401
best_value=12067, lower_bound=-12433.1, time=46.9
best_value=12067, lower_bound=-12433.1, time=46.96
best_value=12067, lower_bound=-12433, time=47.02
best_value=12067, lower_bound=-12433, time=47.0802
best_value=12067, lower_bound=-12433, time=47.1401
best_value=12067, lower_bound=-12432.9, time=47.2003
best_value=12067, lower_bound=-12432.9, time=47.2602
best_value=12067, lower_bound=-12432.9, time=47.3203
best_value=12067, lower_bound=-12432.8, time=47.3799
best_value=12067, lower_bound=-12432.8, time=47.4403
best_value=12067, lower_bound=-12432.7, time=47.5
best_value=12067, lower_bound=-12432.7, time=47.5605
best_value=12067, lower_bound=-12432.7, time=47.6206
best_value=12067, lower_bound=-12432.6, time=47.681
best_value=12067, lower_bound=-12432.6, time=47.7414
best_value=12067, lower_bound=-12432.6, time=47.8016
best_value=12067, lower_bound=-12432.5, time=47.8612
best_value=12067, lower_bound=-12432.5, time=47.9213
best_value=12067, lower_bound=-12432.5, time=47.9812
best_value=12067, lower_bound=-12432.4, time=48.0419
best_value=12067, lower_bound=-12432.4, time=48.1018
best_value=12067, lower_bound=-12432.4, time=48.1624
best_value=12067, lower_bound=-12432.3, time=48.2226
best_value=12067, lower_bound=-12432.3, time=48.2825
best_value=12067, lower_bound=-12432.2, time=48.3423
best_value=12067, lower_bound=-12432.2, time=48.4023
best_value=12067, lower_bound=-12432.2, time=48.462
best_value=12067, lower_bound=-12432.1, time=48.5222
best_value=12067, lower_bound=-12432.1, time=48.5836
best_value=12067, lower_bound=-12432.1, time=48.6441
best_value=12067, lower_bound=-12432, time=48.7039
best_value=12067, lower_bound=-12432, time=48.7636
best_value=12067, lower_bound=-12432, time=48.8234
best_value=12067, lower_bound=-12431.9, time=48.8829
best_value=12067, lower_bound=-12431.9, time=48.9425
best_value=12067, lower_bound=-12431.9, time=49.0022
best_value=12067, lower_bound=-12431.8, time=49.0617
best_value=12067, lower_bound=-12431.8, time=49.1213
best_value=12067, lower_bound=-12431.8, time=49.181
best_value=12067, lower_bound=-12431.7, time=49.2405
best_value=12067, lower_bound=-12431.7, time=49.3001
best_value=12067, lower_bound=-12431.7, time=49.3597
best_value=12067, lower_bound=-12431.6, time=49.4191
best_value=12067, lower_bound=-12431.6, time=49.4788
best_value=12067, lower_bound=-12431.6, time=49.5384
best_value=12067, lower_bound=-12431.5, time=49.6198
best_value=12067, lower_bound=-12431.5, time=49.7029
best_value=12067, lower_bound=-12431.5, time=49.7859
best_value=12067, lower_bound=-12431.4, time=49.8691
best_value=12067, lower_bound=-12431.4, time=49.9516
best_value=12067, lower_bound=-12431.4, time=50.0253
best_value=12067, lower_bound=-12431.3, time=50.0856
best_value=12067, lower_bound=-12431.3, time=50.1632
best_value=12067, lower_bound=-12431.3, time=50.246
best_value=12067, lower_bound=-12431.2, time=50.3287
best_value=12067, lower_bound=-12431.2, time=50.4113
best_value=12067, lower_bound=-12431.2, time=50.4782
best_value=12067, lower_bound=-12431.1, time=50.5408
best_value=12067, lower_bound=-12431.1, time=50.6028
best_value=12067, lower_bound=-12431.1, time=50.6648
best_value=12067, lower_bound=-12431, time=50.7265
best_value=12067, lower_bound=-12431, time=50.7879
best_value=12067, lower_bound=-12431, time=50.8472
best_value=12067, lower_bound=-12430.9, time=50.9065
best_value=12067, lower_bound=-12430.9, time=50.9658
best_value=12067, lower_bound=-12430.9, time=51.0249
best_value=12067, lower_bound=-12430.8, time=51.0839
best_value=12067, lower_bound=-12430.8, time=51.1442
best_value=12067, lower_bound=-12430.8, time=51.2036
best_value=12067, lower_bound=-12430.7, time=51.2627
best_value=12067, lower_bound=-12430.7, time=51.3217
best_value=12067, lower_bound=-12430.7, time=51.3808
best_value=12067, lower_bound=-12430.7, time=51.4396
best_value=12067, lower_bound=-12430.6, time=51.4987
best_value=12067, lower_bound=-12430.6, time=51.5575
best_value=12067, lower_bound=-12430.6, time=51.6166
best_value=12067, lower_bound=-12430.5, time=51.6754
best_value=12067, lower_bound=-12430.5, time=51.7346
best_value=12067, lower_bound=-12430.5, time=51.7935
best_value=12067, lower_bound=-12430.4, time=51.8526
best_value=12067, lower_bound=-12430.4, time=51.9116
best_value=12067, lower_bound=-12430.4, time=51.9704
best_value=12067, lower_bound=-12430.3, time=52.0293
best_value=12067, lower_bound=-12430.3, time=52.0882
best_value=12067, lower_bound=-12430.3, time=52.1474
best_value=12067, lower_bound=-12430.2, time=52.2063
best_value=12067, lower_bound=-12430.2, time=52.2661
best_value=12067, lower_bound=-12430.2, time=52.3257
best_value=12067, lower_bound=-12430.2, time=52.3851
best_value=12067, lower_bound=-12430.1, time=52.4451
best_value=12067, lower_bound=-12430.1, time=52.5046
best_value=12067, lower_bound=-12430.1, time=52.5643
best_value=12067, lower_bound=-12430, time=52.6236
best_value=12067, lower_bound=-12430, time=52.6836
best_value=12067, lower_bound=-12430, time=52.7433
best_value=12067, lower_bound=-12429.9, time=52.8029
best_value=12067, lower_bound=-12429.9, time=52.8624
best_value=12067, lower_bound=-12429.9, time=52.9223
best_value=12067, lower_bound=-12429.8, time=52.9819
best_value=12067, lower_bound=-12429.8, time=53.0417
best_value=12067, lower_bound=-12429.8, time=53.1011
best_value=12067, lower_bound=-12429.7, time=53.1611
best_value=12067, lower_bound=-12429.7, time=53.2207
best_value=12067, lower_bound=-12429.7, time=53.2802
best_value=12067, lower_bound=-12429.7, time=53.3396
best_value=12067, lower_bound=-12429.6, time=53.3996
best_value=12067, lower_bound=-12429.6, time=53.4594
best_value=12067, lower_bound=-12429.6, time=53.5194
best_value=12067, lower_bound=-12429.5, time=53.579
best_value=12067, lower_bound=-12429.5, time=53.6384
best_value=12067, lower_bound=-12429.5, time=53.6983
best_value=12067, lower_bound=-12429.4, time=53.7577
best_value=12067, lower_bound=-12429.4, time=53.8172
best_value=12067, lower_bound=-12429.4, time=53.8769
best_value=12067, lower_bound=-12429.4, time=53.9363
best_value=12067, lower_bound=-12429.3, time=53.9963
best_value=12067, lower_bound=-12429.3, time=54.0555
best_value=12067, lower_bound=-12429.3, time=54.1155
best_value=12067, lower_bound=-12429.2, time=54.1751
best_value=12067, lower_bound=-12429.2, time=54.2349
best_value=12067, lower_bound=-12429.2, time=54.2944
best_value=12067, lower_bound=-12429.1, time=54.3541
best_value=12067, lower_bound=-12429.1, time=54.4138
best_value=12067, lower_bound=-12429.1, time=54.4734
best_value=12067, lower_bound=-12429.1, time=54.5329
best_value=12067, lower_bound=-12429, time=54.5932
best_value=12067, lower_bound=-12429, time=54.6531
best_value=12067, lower_bound=-12429, time=54.713
best_value=12067, lower_bound=-12428.9, time=54.7726
best_value=12067, lower_bound=-12428.9, time=54.8323
best_value=12067, lower_bound=-12428.9, time=54.8917
best_value=12067, lower_bound=-12428.9, time=54.9515
best_value=12067, lower_bound=-12428.8, time=55.0114
best_value=12067, lower_bound=-12428.8, time=55.0707
best_value=12067, lower_bound=-12428.8, time=55.1308
best_value=12067, lower_bound=-12428.7, time=55.1905
best_value=12067, lower_bound=-12428.7, time=55.2501
best_value=12067, lower_bound=-12428.7, time=55.3096
best_value=12067, lower_bound=-12428.7, time=55.3691
best_value=12067, lower_bound=-12428.6, time=55.4288
best_value=12067, lower_bound=-12428.6, time=55.4882
best_value=12067, lower_bound=-12428.6, time=55.548
best_value=12067, lower_bound=-12428.5, time=55.6078
best_value=12067, lower_bound=-12428.5, time=55.6676
best_value=12067, lower_bound=-12428.5, time=55.727
best_value=12067, lower_bound=-12428.5, time=55.7863
best_value=12067, lower_bound=-12428.4, time=55.8463
best_value=12067, lower_bound=-12428.4, time=55.9062
best_value=12067, lower_bound=-12428.4, time=55.9656
best_value=12067, lower_bound=-12428.3, time=56.0254
best_value=12067, lower_bound=-12428.3, time=56.0851
best_value=12067, lower_bound=-12428.3, time=56.1447
best_value=12067, lower_bound=-12428.3, time=56.2043
best_value=12067, lower_bound=-12428.2, time=56.2642
best_value=12067, lower_bound=-12428.2, time=56.3238
best_value=12067, lower_bound=-12428.2, time=56.3836
best_value=12067, lower_bound=-12428.1, time=56.4434
best_value=12067, lower_bound=-12428.1, time=56.5034
best_value=12067, lower_bound=-12428.1, time=56.5634
best_value=12067, lower_bound=-12428.1, time=56.6231
best_value=12067, lower_bound=-12428, time=56.6827
best_value=12067, lower_bound=-12428, time=56.7425
best_value=12067, lower_bound=-12428, time=56.8024
best_value=12067, lower_bound=-12428, time=56.8622
best_value=12067, lower_bound=-12427.9, time=56.9222
best_value=12067, lower_bound=-12427.9, time=56.982
best_value=12067, lower_bound=-12427.9, time=57.0419
best_value=12067, lower_bound=-12427.8, time=57.102
best_value=12067, lower_bound=-12427.8, time=57.1621
best_value=12067, lower_bound=-12427.8, time=57.2222
best_value=12067, lower_bound=-12427.8, time=57.282
best_value=12067, lower_bound=-12427.7, time=57.3422
best_value=12067, lower_bound=-12427.7, time=57.4022
best_value=12067, lower_bound=-12427.7, time=57.462
best_value=12067, lower_bound=-12427.7, time=57.5224
best_value=12067, lower_bound=-12427.6, time=57.5822
best_value=12067, lower_bound=-12427.6, time=57.6421
best_value=12067, lower_bound=-12427.6, time=57.7022
best_value=12067, lower_bound=-12427.5, time=57.7623
best_value=12067, lower_bound=-12427.5, time=57.8224
best_value=12067, lower_bound=-12427.5, time=57.8824
best_value=12067, lower_bound=-12427.5, time=57.9419
best_value=12067, lower_bound=-12427.4, time=58.0022
best_value=12067, lower_bound=-12427.4, time=58.0624
best_value=12067, lower_bound=-12427.4, time=58.1222
best_value=12067, lower_bound=-12427.4, time=58.1823
best_value=12067, lower_bound=-12427.3, time=58.2424
best_value=12067, lower_bound=-12427.3, time=58.3027
best_value=12067, lower_bound=-12427.3, time=58.363
best_value=12067, lower_bound=-12427.3, time=58.4232
best_value=12067, lower_bound=-12427.2, time=58.4839
best_value=12067, lower_bound=-12427.2, time=58.5438
best_value=12067, lower_bound=-12427.2, time=58.6046
best_value=12067, lower_bound=-12427.2, time=58.6646
best_value=12067, lower_bound=-12427.1, time=58.7247
best_value=12067, lower_bound=-12427.1, time=58.7849
best_value=12067, lower_bound=-12427.1, time=58.8447
best_value=12067, lower_bound=-12427, time=58.9047
best_value=12067, lower_bound=-12427, time=58.9649
best_value=12067, lower_bound=-12427, time=59.025
best_value=12067, lower_bound=-12427, time=59.0849
best_value=12067, lower_bound=-12426.9, time=59.1452
best_value=12067, lower_bound=-12426.9, time=59.2057
best_value=12067, lower_bound=-12426.9, time=59.2653
best_value=12067, lower_bound=-12426.9, time=59.3249
best_value=12067, lower_bound=-12426.8, time=59.3848
best_value=12067, lower_bound=-12426.8, time=59.4445
best_value=12067, lower_bound=-12426.8, time=59.5045
best_value=12067, lower_bound=-12426.8, time=59.5639
best_value=12067, lower_bound=-12426.7, time=59.624
best_value=12067, lower_bound=-12426.7, time=59.6835
best_value=12067, lower_bound=-12426.7, time=59.7437
best_value=12067, lower_bound=-12426.7, time=59.8033
best_value=12067, lower_bound=-12426.6, time=59.8627
best_value=12067, lower_bound=-12426.6, time=59.9226
best_value=12067, lower_bound=-12426.6, time=59.9822
best_value=12067, lower_bound=-12426.6, time=60.0418
best_value=12067, lower_bound=-12426.6, time=60.1012
best_value=12067, lower_bound=-12426.5, time=60.161
best_value=12067, lower_bound=-12426.5, time=60.2207
best_value=12067, lower_bound=-12426.5, time=60.2802
best_value=12067, lower_bound=-12426.5, time=60.3406
best_value=12067, lower_bound=-12426.4, time=60.4008
best_value=12067, lower_bound=-12426.4, time=60.4609
best_value=12067, lower_bound=-12426.4, time=60.5208
best_value=12067, lower_bound=-12426.4, time=60.5806
