Read 226 multi-variables and 842 factors.
Creating factor XOR...
Creating factor XOR...
Creating factor XOR...
Creating factor XOR...
Creating factor XOR...
Creating factor XOR...
Creating factor XOR...
Creating factor XOR...
Creating factor XOR...
Creating factor XOR...
Creating factor XOR...
Creating factor XOR...
Creating factor XOR...
Creating factor XOR...
Creating factor XOR...
Creating factor XOR...
Creating factor XOR...
Creating factor XOR...
Creating factor XOR...
Creating factor XOR...
Creating factor XOR...
Creating factor XOR...
Creating factor XOR...
Creating factor XOR...
Creating factor XOR...
Creating factor XOR...
Creating factor XOR...
Creating factor XOR...
Creating factor XOR...
Creating factor XOR...
Creating factor XOR...
Creating factor XOR...
Creating factor XOR...
Creating factor XOR...
Creating factor XOR...
Creating factor XOR...
Creating factor XOR...
Creating factor XOR...
Creating factor XOR...
Creating factor XOR...
Creating factor XOR...
Creating factor XOR...
Creating factor XOR...
Creating factor XOR...
Creating factor XOR...
Creating factor XOR...
Creating factor XOR...
Creating factor XOR...
Creating factor XOR...
Creating factor XOR...
Creating factor XOR...
Creating factor XOR...
Creating factor XOR...
Creating factor XOR...
Creating factor XOR...
Creating factor XOR...
Creating factor XOR...
Creating factor XOR...
Creating factor XOR...
Creating factor XOR...
Creating factor XOR...
Creating factor XOR...
Creating factor XOR...
Creating factor XOR...
Creating factor XOR...
Creating factor XOR...
Creating factor XOR...
Creating factor XOR...
Creating factor XOR...
Creating factor XOR...
Creating factor XOR...
Creating factor XOR...
Creating factor XOR...
Creating factor XOR...
Creating factor XOR...
Creating factor XOR...
Creating factor XOR...
Creating factor XOR...
Creating factor XOR...
Creating factor XOR...
Creating factor XOR...
Creating factor XOR...
Creating factor XOR...
Creating factor XOR...
Creating factor XOR...
Creating factor XOR...
Creating factor XOR...
Creating factor XOR...
Creating factor XOR...
Creating factor XOR...
Creating factor XOR...
Creating factor XOR...
Creating factor XOR...
Creating factor XOR...
Creating factor XOR...
Creating factor XOR...
Creating factor XOR...
Creating factor XOR...
Creating factor XOR...
Creating factor XOR...
Creating factor XOR...
Creating factor XOR...
Creating factor XOR...
Creating factor XOR...
Creating factor XOR...
Creating factor XOR...
Creating factor XOR...
Creating factor XOR...
Creating factor XOR...
Creating factor XOR...
Creating factor XOR...
Creating factor XOR...
Creating factor XOR...
Creating factor XOR...
Creating factor XOR...
Creating factor XOR...
Creating factor XOR...
Creating factor XOR...
Creating factor XOR...
Creating factor XOR...
Creating factor XOR...
Creating factor XOR...
Creating factor XOR...
Creating factor XOR...
Creating factor XOR...
Creating factor XOR...
Creating factor XOR...
Creating factor XOR...
Creating factor XOR...
Creating factor XOR...
Creating factor XOR...
Creating factor XOR...
Creating factor XOR...
Creating factor XOR...
Creating factor XOR...
Creating factor XOR...
Creating factor XOR...
Creating factor XOR...
Creating factor XOR...
Creating factor XOR...
Creating factor XOR...
Creating factor XOR...
Creating factor XOR...
Creating factor XOR...
Creating factor XOR...
Creating factor XOR...
Creating factor XOR...
Creating factor XOR...
Creating factor XOR...
Creating factor XOR...
Creating factor XOR...
Creating factor XOR...
Creating factor XOR...
Creating factor XOR...
Creating factor XOR...
Creating factor XOR...
Creating factor XOR...
Creating factor XOR...
Creating factor XOR...
Creating factor XOR...
Creating factor XOR...
Creating factor XOR...
Creating factor XOR...
Creating factor XOR...
Creating factor XOR...
Creating factor XOR...
Creating factor XOR...
Creating factor XOR...
Creating factor XOR...
Creating factor XOR...
Creating factor XOR...
Creating factor XOR...
Creating factor XOR...
Creating factor XOR...
Creating factor XOR...
Creating factor XOR...
Creating factor XOR...
Creating factor XOR...
Creating factor XOR...
Creating factor XOR...
Creating factor XOR...
Creating factor XOR...
Creating factor XOR...
Creating factor XOR...
Creating factor XOR...
Creating factor XOR...
Creating factor XOR...
Creating factor XOR...
Creating factor XOR...
Creating factor XOR...
Creating factor XOR...
Creating factor XOR...
Creating factor XOR...
Creating factor XOR...
Creating factor XOR...
Creating factor XOR...
Creating factor XOR...
Creating factor XOR...
Creating factor XOR...
Creating factor XOR...
Creating factor XOR...
Creating factor XOR...
Creating factor XOR...
Creating factor XOR...
Creating factor XOR...
Creating factor XOR...
Creating factor XOR...
Creating factor XOR...
Creating factor XOR...
Creating factor XOR...
Creating factor XOR...
Creating factor XOR...
Creating factor XOR...
Creating factor XOR...
Creating factor XOR...
Creating factor XOR...
Creating factor XOR...
Creating factor XOR...
Creating factor XOR...
Creating factor XOR...
Creating factor XOR...
Creating factor XOR...
Creating factor XOR...
Creating factor XOR...
Creating factor XOR...
Creating factor XOR...
Running 100000 iterations of ad3 (eta = 0.1)...
Iteration = 0	Dual obj = -195.73	Primal rel obj = -197.53	Primal obj = -365.221	Dual residual = 0.479873	Primal residual = 0.0572716	Best dual obj = -195.73	Best primal rel obj = -197.53	Best primal obj = -365.221	Cached factors = 0	eta = 0.1	Changed eta = true	Time = 0.023 sec.
Iteration = 1	Dual obj = -207.876	Primal rel obj = -192.991	Primal obj = -338.844	Dual residual = 0.0390817	Primal residual = 0.0445189	Best dual obj = -207.876	Best primal rel obj = -192.991	Best primal obj = -338.844	Cached factors = 0	eta = 0.1	Changed eta = false	Time = 0.032 sec.
Iteration = 2	Dual obj = -215.593	Primal rel obj = -197.273	Primal obj = -326.607	Dual residual = 0.0237313	Primal residual = 0.0374979	Best dual obj = -215.593	Best primal rel obj = -192.991	Best primal obj = -326.607	Cached factors = 0.0629454	eta = 0.1	Changed eta = false	Time = 0.042 sec.
Iteration = 3	Dual obj = -222.006	Primal rel obj = -201.247	Primal obj = -304.792	Dual residual = 0.017069	Primal residual = 0.0343892	Best dual obj = -222.006	Best primal rel obj = -192.991	Best primal obj = -304.792	Cached factors = 0.160333	eta = 0.1	Changed eta = false	Time = 0.05 sec.
Iteration = 4	Dual obj = -226.434	Primal rel obj = -205.61	Primal obj = -301.657	Dual residual = 0.0148634	Primal residual = 0.0309929	Best dual obj = -226.434	Best primal rel obj = -192.991	Best primal obj = -301.657	Cached factors = 0.213777	eta = 0.1	Changed eta = false	Time = 0.059 sec.
Iteration = 5	Dual obj = -229.669	Primal rel obj = -209.931	Primal obj = -296.946	Dual residual = 0.0135472	Primal residual = 0.028174	Best dual obj = -229.669	Best primal rel obj = -192.991	Best primal obj = -296.946	Cached factors = 0.241093	eta = 0.1	Changed eta = false	Time = 0.067 sec.
Iteration = 6	Dual obj = -232.934	Primal rel obj = -213.729	Primal obj = -299.769	Dual residual = 0.0124621	Primal residual = 0.025941	Best dual obj = -232.934	Best primal rel obj = -192.991	Best primal obj = -296.946	Cached factors = 0.226841	eta = 0.1	Changed eta = false	Time = 0.075 sec.
Iteration = 7	Dual obj = -236.219	Primal rel obj = -217.286	Primal obj = -291.82	Dual residual = 0.0115407	Primal residual = 0.0237766	Best dual obj = -236.219	Best primal rel obj = -192.991	Best primal obj = -291.82	Cached factors = 0.22209	eta = 0.1	Changed eta = false	Time = 0.084 sec.
Iteration = 8	Dual obj = -239.392	Primal rel obj = -220.289	Primal obj = -284.488	Dual residual = 0.0105271	Primal residual = 0.0221243	Best dual obj = -239.392	Best primal rel obj = -192.991	Best primal obj = -284.488	Cached factors = 0.21734	eta = 0.1	Changed eta = false	Time = 0.092 sec.
Iteration = 9	Dual obj = -242.063	Primal rel obj = -223.841	Primal obj = -278.562	Dual residual = 0.00971698	Primal residual = 0.0202677	Best dual obj = -242.063	Best primal rel obj = -192.991	Best primal obj = -278.562	Cached factors = 0.212589	eta = 0.1	Changed eta = false	Time = 0.101 sec.
Iteration = 10	Dual obj = -244.609	Primal rel obj = -226.702	Primal obj = -273.994	Dual residual = 0.00870238	Primal residual = 0.0192976	Best dual obj = -244.609	Best primal rel obj = -192.991	Best primal obj = -273.994	Cached factors = 0.212589	eta = 0.1	Changed eta = false	Time = 0.109 sec.
Iteration = 11	Dual obj = -246.87	Primal rel obj = -229.409	Primal obj = -273.227	Dual residual = 0.00779059	Primal residual = 0.0181846	Best dual obj = -246.87	Best primal rel obj = -192.991	Best primal obj = -273.227	Cached factors = 0.213777	eta = 0.1	Changed eta = false	Time = 0.118 sec.
Iteration = 12	Dual obj = -248.441	Primal rel obj = -232.736	Primal obj = -267.188	Dual residual = 0.00762649	Primal residual = 0.016108	Best dual obj = -248.441	Best primal rel obj = -192.991	Best primal obj = -267.188	Cached factors = 0.211401	eta = 0.1	Changed eta = false	Time = 0.126 sec.
Iteration = 13	Dual obj = -249.498	Primal rel obj = -236.569	Primal obj = -257.943	Dual residual = 0.00795261	Primal residual = 0.0137713	Best dual obj = -249.498	Best primal rel obj = -192.991	Best primal obj = -257.943	Cached factors = 0.219715	eta = 0.1	Changed eta = false	Time = 0.135 sec.
Iteration = 14	Dual obj = -250.378	Primal rel obj = -239.305	Primal obj = -256.67	Dual residual = 0.00812056	Primal residual = 0.0123601	Best dual obj = -250.378	Best primal rel obj = -192.991	Best primal obj = -256.67	Cached factors = 0.225653	eta = 0.1	Changed eta = false	Time = 0.143 sec.
Iteration = 15	Dual obj = -251.197	Primal rel obj = -240.958	Primal obj = -252.391	Dual residual = 0.00756766	Primal residual = 0.0116627	Best dual obj = -251.197	Best primal rel obj = -192.991	Best primal obj = -252.391	Cached factors = 0.230404	eta = 0.1	Changed eta = false	Time = 0.151 sec.
Iteration = 16	Dual obj = -251.748	Primal rel obj = -242.629	Primal obj = -252.391	Dual residual = 0.00685401	Primal residual = 0.0105354	Best dual obj = -251.748	Best primal rel obj = -192.991	Best primal obj = -252.391	Cached factors = 0.239905	eta = 0.1	Changed eta = false	Time = 0.159 sec.
Iteration = 17	Dual obj = -252.184	Primal rel obj = -244.578	Primal obj = -252.391	Dual residual = 0.00668943	Primal residual = 0.00898867	Best dual obj = -252.184	Best primal rel obj = -192.991	Best primal obj = -252.391	Cached factors = 0.314727	eta = 0.1	Changed eta = false	Time = 0.167 sec.
Iteration = 18	Dual obj = -252.338	Primal rel obj = -246.889	Primal obj = -252.391	Dual residual = 0.00693635	Primal residual = 0.00728494	Best dual obj = -252.338	Best primal rel obj = -192.991	Best primal obj = -252.391	Cached factors = 0.351544	eta = 0.1	Changed eta = false	Time = 0.175 sec.
Iteration = 19	Dual obj = -252.382	Primal rel obj = -248.584	Primal obj = -252.391	Dual residual = 0.00730791	Primal residual = 0.00559636	Best dual obj = -252.382	Best primal rel obj = -192.991	Best primal obj = -252.391	Cached factors = 0.366983	eta = 0.1	Changed eta = false	Time = 0.183 sec.
Iteration = 20	Dual obj = -252.381	Primal rel obj = -250.321	Primal obj = -252.391	Dual residual = 0.00762473	Primal residual = 0.00391795	Best dual obj = -252.382	Best primal rel obj = -192.991	Best primal obj = -252.391	Cached factors = 0.382423	eta = 0.1	Changed eta = false	Time = 0.19 sec.
Iteration = 21	Dual obj = -252.385	Primal rel obj = -251.465	Primal obj = -252.391	Dual residual = 0.00765322	Primal residual = 0.00255566	Best dual obj = -252.385	Best primal rel obj = -192.991	Best primal obj = -252.391	Cached factors = 0.396675	eta = 0.1	Changed eta = false	Time = 0.197 sec.
Iteration = 22	Dual obj = -252.39	Primal rel obj = -252.093	Primal obj = -252.391	Dual residual = 0.00697665	Primal residual = 0.00147443	Best dual obj = -252.39	Best primal rel obj = -192.991	Best primal obj = -252.391	Cached factors = 0.416865	eta = 0.1	Changed eta = false	Time = 0.205 sec.
Iteration = 23	Dual obj = -252.391	Primal rel obj = -252.465	Primal obj = -252.391	Dual residual = 0.00423359	Primal residual = 0.000686651	Best dual obj = -252.391	Best primal rel obj = -192.991	Best primal obj = -252.391	Cached factors = 0.437055	eta = 0.1	Changed eta = false	Time = 0.212 sec.
Iteration = 24	Dual obj = -252.391	Primal rel obj = -252.433	Primal obj = -252.391	Dual residual = 0.00180362	Primal residual = 0.000204901	Best dual obj = -252.391	Best primal rel obj = -192.991	Best primal obj = -252.391	Cached factors = 0.532067	eta = 0.1	Changed eta = false	Time = 0.218 sec.
Iteration = 25	Dual obj = -252.391	Primal rel obj = -252.402	Primal obj = -252.391	Dual residual = 0.00091838	Primal residual = 3.9679e-05	Best dual obj = -252.391	Best primal rel obj = -192.991	Best primal obj = -252.391	Cached factors = 0.804038	eta = 0.1	Changed eta = false	Time = 0.224 sec.
Iteration = 26	Dual obj = -252.391	Primal rel obj = -252.395	Primal obj = -252.391	Dual residual = 0.000864448	Primal residual = 2.60325e-16	Best dual obj = -252.391	Best primal rel obj = -192.991	Best primal obj = -252.391	Cached factors = 0.877672	eta = 0.1	Changed eta = false	Time = 0.229 sec.
Iteration = 27	Dual obj = -252.391	Primal rel obj = -252.391	Primal obj = -252.391	Dual residual = 0.000677122	Primal residual = 4.18467e-17	Best dual obj = -252.391	Best primal rel obj = -192.991	Best primal obj = -252.391	Cached factors = 0.945368	eta = 0.1	Changed eta = false	Time = 0.233 sec.
Iteration = 28	Dual obj = -252.391	Primal rel obj = -252.391	Primal obj = -252.391	Dual residual = 0	Primal residual = 0	Best dual obj = -252.391	Best primal rel obj = -192.991	Best primal obj = -252.391	Cached factors = 0.991686	eta = 0.1	Changed eta = false	Time = 0.237 sec.
Solution value after 28 iterations (AD3) = -252.391
Took 0.238 sec.
Solution is integer.
Elapsed time: 0.238 sec.
