reading loguai file ../../../data//Segmentation/uai/16_16_s.21.uai.h5.loguai2
#factors=842
reading function tables.done reading loguai file
normalizing #tables=842
done normalizing
prob.N=1
prob.N=1
param.rho=0.006
param.eta=1
#nodes=226, #edges=616
largest=14.165, smallest=-0, width=14.165
best primal obj updated to -366.207
iter=0, funcval=57.408, (-rel_score_t)=-0, decoded_t=-366.207, best_decoded=-366.207, dinf=0, p_inf=2392, countdown=0, delta_Y_l1 per factor=2.19477, weight_b=0.0213777, uni_act_size=1, area1=1, area23=2, area4=0.0568182, bi_act_size=2, bi_ever_nnz_msg=1.94318, uni_search=0.000165875, uni_subsolve=0.000294385, bi_search=0.000521439, bi_subsolve=0.000578081, maintain=0.000351368, construct=0.000525206, overall time=0.102374
largest=14.165, smallest=-0, width=14.165
iter=1, funcval=61.0786, (-rel_score_t)=-108.618, decoded_t=-485.441, best_decoded=-366.207, dinf=0.0460878, p_inf=1064.55, countdown=0, delta_Y_l1 per factor=1.68924, weight_b=0.585434, uni_act_size=1.23009, area1=2.77679, area23=2.68588, area4=0.504058, bi_act_size=2.58766, bi_ever_nnz_msg=1.99432, uni_search=0.000337459, uni_subsolve=0.000514372, bi_search=0.00116056, bi_subsolve=0.00108659, maintain=0.000702804, construct=0.000525206, overall time=0.106436
largest=14.165, smallest=-0, width=14.165
iter=2, funcval=50.3388, (-rel_score_t)=-207.071, decoded_t=-425.303, best_decoded=-366.207, dinf=0.0531052, p_inf=472.937, countdown=0, delta_Y_l1 per factor=0.988654, weight_b=0.652121, uni_act_size=1.35546, area1=3.65097, area23=3.01136, area4=0.345779, bi_act_size=2.93452, bi_ever_nnz_msg=2.05952, uni_search=0.000511782, uni_subsolve=0.000730183, bi_search=0.00183969, bi_subsolve=0.00166011, maintain=0.00105453, construct=0.000525206, overall time=0.110641
largest=14.165, smallest=-0, width=14.165
iter=3, funcval=51.0127, (-rel_score_t)=-197.978, decoded_t=-384.889, best_decoded=-366.207, dinf=0.0586729, p_inf=380.892, countdown=0, delta_Y_l1 per factor=0.698899, weight_b=0.824079, uni_act_size=1.40044, area1=4.27719, area23=3.31575, area4=0.266234, bi_act_size=3.18304, bi_ever_nnz_msg=2.12054, uni_search=0.000714965, uni_subsolve=0.000926239, bi_search=0.00245437, bi_subsolve=0.00222372, maintain=0.00140583, construct=0.000525206, overall time=0.114638
largest=14.165, smallest=-0, width=14.165
best primal obj updated to -354.791
iter=4, funcval=53.6373, (-rel_score_t)=-190.987, decoded_t=-354.791, best_decoded=-354.791, dinf=0.0398164, p_inf=360.393, countdown=0, delta_Y_l1 per factor=0.49661, weight_b=0.873374, uni_act_size=1.4354, area1=4.71721, area23=3.56396, area4=0.217208, bi_act_size=3.36721, bi_ever_nnz_msg=2.16916, uni_search=0.000883499, uni_subsolve=0.00113926, bi_search=0.00315999, bi_subsolve=0.00280005, maintain=0.00175797, construct=0.000525206, overall time=0.118813
largest=14.165, smallest=-0, width=14.165
best primal obj updated to -339.069
iter=5, funcval=57.3981, (-rel_score_t)=-185.352, decoded_t=-339.069, best_decoded=-339.069, dinf=0.0247685, p_inf=335.065, countdown=0, delta_Y_l1 per factor=0.37836, weight_b=0.885276, uni_act_size=1.45133, area1=5.0506, area23=3.76569, area4=0.182359, bi_act_size=3.51786, bi_ever_nnz_msg=2.21104, uni_search=0.00106628, uni_subsolve=0.00133028, bi_search=0.00383335, bi_subsolve=0.00338455, maintain=0.00210955, construct=0.000525206, overall time=0.122917
largest=14.165, smallest=-0, width=14.165
best primal obj updated to -332.604
iter=6, funcval=61.2698, (-rel_score_t)=-184.666, decoded_t=-332.604, best_decoded=-332.604, dinf=0.0253823, p_inf=324.528, countdown=0, delta_Y_l1 per factor=0.298602, weight_b=0.888641, uni_act_size=1.46144, area1=5.3372, area23=3.94968, area4=0.158395, bi_act_size=3.66095, bi_ever_nnz_msg=2.25162, uni_search=0.00123613, uni_subsolve=0.00153135, bi_search=0.00447618, bi_subsolve=0.00399644, maintain=0.00246218, construct=0.000525206, overall time=0.126969
largest=14.165, smallest=-0, width=14.165
best primal obj updated to -328.523
iter=7, funcval=65.4654, (-rel_score_t)=-185.286, decoded_t=-328.523, best_decoded=-328.523, dinf=0.0212956, p_inf=310.39, countdown=0, delta_Y_l1 per factor=0.285271, weight_b=0.887082, uni_act_size=1.46958, area1=5.60694, area23=4.12175, area4=0.141031, bi_act_size=3.79383, bi_ever_nnz_msg=2.29099, uni_search=0.0014032, uni_subsolve=0.0017244, bi_search=0.00509895, bi_subsolve=0.00460663, maintain=0.00281439, construct=0.000525206, overall time=0.131004
largest=14.165, smallest=-0, width=14.165
iter=8, funcval=69.2571, (-rel_score_t)=-189.094, decoded_t=-329.927, best_decoded=-328.523, dinf=0.0243187, p_inf=298.007, countdown=0, delta_Y_l1 per factor=0.255284, weight_b=0.882024, uni_act_size=1.47689, area1=5.85678, area23=4.27814, area4=0.127886, bi_act_size=3.91234, bi_ever_nnz_msg=2.32864, uni_search=0.00157271, uni_subsolve=0.00191925, bi_search=0.0057626, bi_subsolve=0.00521654, maintain=0.00316792, construct=0.000525206, overall time=0.135105
largest=14.165, smallest=-0, width=14.165
best primal obj updated to -323.694
iter=9, funcval=72.3422, (-rel_score_t)=-194.228, decoded_t=-323.694, best_decoded=-323.694, dinf=0.0286608, p_inf=285.076, countdown=0, delta_Y_l1 per factor=0.254846, weight_b=0.87884, uni_act_size=1.48628, area1=6.08718, area23=4.4164, area4=0.116558, bi_act_size=4.02078, bi_ever_nnz_msg=2.36315, uni_search=0.00176484, uni_subsolve=0.00211012, bi_search=0.00640303, bi_subsolve=0.00582906, maintain=0.00352223, construct=0.000525206, overall time=0.139151
largest=14.165, smallest=-0, width=14.165
best primal obj updated to -315.553
iter=10, funcval=74.9762, (-rel_score_t)=-198.998, decoded_t=-315.553, best_decoded=-315.553, dinf=0.039781, p_inf=271.984, countdown=0, delta_Y_l1 per factor=0.276739, weight_b=0.882328, uni_act_size=1.49437, area1=6.29368, area23=4.54767, area4=0.106848, bi_act_size=4.1188, bi_ever_nnz_msg=2.39492, uni_search=0.00193393, uni_subsolve=0.00231462, bi_search=0.00708977, bi_subsolve=0.00644667, maintain=0.00387688, construct=0.000525206, overall time=0.143297
largest=14.165, smallest=-0, width=14.165
best primal obj updated to -300.042
iter=11, funcval=77.6354, (-rel_score_t)=-200.692, decoded_t=-300.042, best_decoded=-300.042, dinf=0.0265251, p_inf=239.502, countdown=0, delta_Y_l1 per factor=0.258996, weight_b=0.891615, uni_act_size=1.50258, area1=6.4793, area23=4.67221, area4=0.0987554, bi_act_size=4.20062, bi_ever_nnz_msg=2.42505, uni_search=0.00210189, uni_subsolve=0.00250542, bi_search=0.00774474, bi_subsolve=0.00706447, maintain=0.00424823, construct=0.000525206, overall time=0.147397
largest=14.165, smallest=-0, width=14.165
best primal obj updated to -289.804
iter=12, funcval=80.6224, (-rel_score_t)=-201.731, decoded_t=-289.804, best_decoded=-289.804, dinf=0.0202758, p_inf=220.672, countdown=0, delta_Y_l1 per factor=0.208261, weight_b=0.90101, uni_act_size=1.50511, area1=6.6501, area23=4.78484, area4=0.0924076, bi_act_size=4.2706, bi_ever_nnz_msg=2.45267, uni_search=0.0022684, uni_subsolve=0.00269163, bi_search=0.00840459, bi_subsolve=0.00767847, maintain=0.00463103, construct=0.000525206, overall time=0.151472
largest=14.165, smallest=-0, width=14.165
best primal obj updated to -286.752
iter=13, funcval=83.7616, (-rel_score_t)=-202.316, decoded_t=-286.752, best_decoded=-286.752, dinf=0.0211924, p_inf=203.674, countdown=0, delta_Y_l1 per factor=0.162937, weight_b=0.901481, uni_act_size=1.50569, area1=6.80172, area23=4.88532, area4=0.0863868, bi_act_size=4.33105, bi_ever_nnz_msg=2.47762, uni_search=0.00243336, uni_subsolve=0.002873, bi_search=0.00905761, bi_subsolve=0.00829811, maintain=0.00500887, construct=0.000525206, overall time=0.155511
largest=14.165, smallest=-0, width=14.165
best primal obj updated to -276.503
iter=14, funcval=86.8319, (-rel_score_t)=-203.8, decoded_t=-276.503, best_decoded=-276.503, dinf=0.0177997, p_inf=194.042, countdown=0, delta_Y_l1 per factor=0.163896, weight_b=0.903356, uni_act_size=1.5056, area1=6.94058, area23=4.98333, area4=0.0806277, bi_act_size=4.38463, bi_ever_nnz_msg=2.50108, uni_search=0.00259748, uni_subsolve=0.00305606, bi_search=0.00968799, bi_subsolve=0.00891467, maintain=0.00537757, construct=0.000525206, overall time=0.15953
largest=14.165, smallest=-0, width=14.165
best primal obj updated to -266.601
iter=15, funcval=89.8962, (-rel_score_t)=-206.843, decoded_t=-266.601, best_decoded=-266.601, dinf=0.0168651, p_inf=190.757, countdown=0, delta_Y_l1 per factor=0.13836, weight_b=0.905953, uni_act_size=1.5036, area1=7.07386, area23=5.07853, area4=0.0759943, bi_act_size=4.42969, bi_ever_nnz_msg=2.52394, uni_search=0.00277378, uni_subsolve=0.00324101, bi_search=0.0103249, bi_subsolve=0.00951888, maintain=0.00574339, construct=0.000525206, overall time=0.16351
largest=14.165, smallest=-0, width=14.165
iter=16, funcval=92.9373, (-rel_score_t)=-210.059, decoded_t=-268.027, best_decoded=-266.601, dinf=0.0201766, p_inf=183.645, countdown=0, delta_Y_l1 per factor=0.111775, weight_b=0.902731, uni_act_size=1.50156, area1=7.19777, area23=5.17103, area4=0.072288, bi_act_size=4.47135, bi_ever_nnz_msg=2.54593, uni_search=0.00296013, uni_subsolve=0.0034284, bi_search=0.0109854, bi_subsolve=0.0101238, maintain=0.00614149, construct=0.000525206, overall time=0.16761
largest=14.165, smallest=-0, width=14.165
iter=17, funcval=96.0523, (-rel_score_t)=-212.2, decoded_t=-271.9, best_decoded=-266.601, dinf=0.019445, p_inf=180.64, countdown=0, delta_Y_l1 per factor=0.113235, weight_b=0.897485, uni_act_size=1.5027, area1=7.31394, area23=5.25875, area4=0.0687229, bi_act_size=4.51272, bi_ever_nnz_msg=2.56764, uni_search=0.00314011, uni_subsolve=0.00363743, bi_search=0.0119834, bi_subsolve=0.0108585, maintain=0.00649538, construct=0.000525206, overall time=0.172542
largest=14.165, smallest=-0, width=14.165
best primal obj updated to -264.468
iter=18, funcval=99.5237, (-rel_score_t)=-212.144, decoded_t=-264.468, best_decoded=-264.468, dinf=0.0185121, p_inf=178.329, countdown=0, delta_Y_l1 per factor=0.119456, weight_b=0.89095, uni_act_size=1.50489, area1=7.41917, area23=5.34185, area4=0.0654477, bi_act_size=4.55332, bi_ever_nnz_msg=2.58817, uni_search=0.00330611, uni_subsolve=0.003829, bi_search=0.0126673, bi_subsolve=0.0114691, maintain=0.00684766, construct=0.000525206, overall time=0.176597
largest=14.165, smallest=-0, width=14.165
iter=19, funcval=103.285, (-rel_score_t)=-212.036, decoded_t=-265.48, best_decoded=-264.468, dinf=0.0174552, p_inf=171.776, countdown=0, delta_Y_l1 per factor=0.120426, weight_b=0.889131, uni_act_size=1.5073, area1=7.51769, area23=5.42159, area4=0.0623377, bi_act_size=4.59156, bi_ever_nnz_msg=2.60885, uni_search=0.00347338, uni_subsolve=0.00401869, bi_search=0.0134341, bi_subsolve=0.0120974, maintain=0.00721327, construct=0.000525206, overall time=0.180959
largest=14.165, smallest=-0, width=14.165
iter=20, funcval=107.176, (-rel_score_t)=-212.792, decoded_t=-268.054, best_decoded=-264.468, dinf=0.0203001, p_inf=161.596, countdown=0, delta_Y_l1 per factor=0.115455, weight_b=0.888885, uni_act_size=1.50906, area1=7.61333, area23=5.499, area4=0.059833, bi_act_size=4.625, bi_ever_nnz_msg=2.62863, uni_search=0.00364267, uni_subsolve=0.00420921, bi_search=0.0142537, bi_subsolve=0.0127309, maintain=0.00756673, construct=0.000525206, overall time=0.185284
largest=14.165, smallest=-0, width=14.165
iter=21, funcval=110.705, (-rel_score_t)=-215.183, decoded_t=-266.41, best_decoded=-264.468, dinf=0.0186402, p_inf=152.403, countdown=0, delta_Y_l1 per factor=0.106823, weight_b=0.887695, uni_act_size=1.51106, area1=7.70359, area23=5.57165, area4=0.0577774, bi_act_size=4.65393, bi_ever_nnz_msg=2.64817, uni_search=0.00381048, uni_subsolve=0.00439771, bi_search=0.0149359, bi_subsolve=0.0133505, maintain=0.00792537, construct=0.000525206, overall time=0.189395
largest=14.165, smallest=-0, width=14.165
best primal obj updated to -256.723
iter=22, funcval=114.07, (-rel_score_t)=-217.37, decoded_t=-256.723, best_decoded=-256.723, dinf=0.0174165, p_inf=151.982, countdown=0, delta_Y_l1 per factor=0.101977, weight_b=0.884725, uni_act_size=1.51327, area1=7.78931, area23=5.64081, area4=0.0559712, bi_act_size=4.68005, bi_ever_nnz_msg=2.66721, uni_search=0.00397642, uni_subsolve=0.00458278, bi_search=0.0156412, bi_subsolve=0.0140124, maintain=0.00828191, construct=0.000525206, overall time=0.19352
largest=14.165, smallest=-0, width=14.165
iter=23, funcval=117.371, (-rel_score_t)=-219.524, decoded_t=-256.806, best_decoded=-256.723, dinf=0.0196622, p_inf=151.567, countdown=0, delta_Y_l1 per factor=0.095528, weight_b=0.882307, uni_act_size=1.51512, area1=7.86824, area23=5.70847, area4=0.0544508, bi_act_size=4.70536, bi_ever_nnz_msg=2.6854, uni_search=0.00414538, uni_subsolve=0.00477981, bi_search=0.0163835, bi_subsolve=0.0146461, maintain=0.00863705, construct=0.000525206, overall time=0.197794
largest=14.165, smallest=-0, width=14.165
iter=24, funcval=120.16, (-rel_score_t)=-223.409, decoded_t=-260.67, best_decoded=-256.723, dinf=0.017809, p_inf=145.026, countdown=0, delta_Y_l1 per factor=0.0982188, weight_b=0.880183, uni_act_size=1.51735, area1=7.94383, area23=5.77487, area4=0.0529221, bi_act_size=4.72987, bi_ever_nnz_msg=2.70312, uni_search=0.00431405, uni_subsolve=0.00496762, bi_search=0.0172099, bi_subsolve=0.0152717, maintain=0.00899274, construct=0.000525206, overall time=0.202212
largest=14.165, smallest=-0, width=14.165
iter=25, funcval=122.917, (-rel_score_t)=-225.42, decoded_t=-261.465, best_decoded=-256.723, dinf=0.0179738, p_inf=137.034, countdown=0, delta_Y_l1 per factor=0.0950877, weight_b=0.879679, uni_act_size=1.52008, area1=8.01436, area23=5.83835, area4=0.0510739, bi_act_size=4.75362, bi_ever_nnz_msg=2.71966, uni_search=0.00448633, uni_subsolve=0.00515792, bi_search=0.0180625, bi_subsolve=0.0159203, maintain=0.00934551, construct=0.000525206, overall time=0.206604
largest=14.165, smallest=-0, width=14.165
iter=26, funcval=125.784, (-rel_score_t)=-226.221, decoded_t=-260.075, best_decoded=-256.723, dinf=0.015992, p_inf=135.985, countdown=0, delta_Y_l1 per factor=0.0942539, weight_b=0.878347, uni_act_size=1.52229, area1=8.08189, area23=5.8964, area4=0.0491823, bi_act_size=4.77543, bi_ever_nnz_msg=2.73563, uni_search=0.00465261, uni_subsolve=0.005346, bi_search=0.0187406, bi_subsolve=0.0165358, maintain=0.00969807, construct=0.000525206, overall time=0.210655
largest=14.165, smallest=-0, width=14.165
iter=27, funcval=128.638, (-rel_score_t)=-227.374, decoded_t=-257.973, best_decoded=-256.723, dinf=0.0184533, p_inf=135.693, countdown=0, delta_Y_l1 per factor=0.0909965, weight_b=0.875323, uni_act_size=1.52513, area1=8.14622, area23=5.95252, area4=0.0476577, bi_act_size=4.79783, bi_ever_nnz_msg=2.75145, uni_search=0.00483245, uni_subsolve=0.0055331, bi_search=0.0194258, bi_subsolve=0.017171, maintain=0.0100587, construct=0.000525206, overall time=0.214776
largest=14.165, smallest=-0, width=14.165
iter=28, funcval=131.552, (-rel_score_t)=-228.036, decoded_t=-259.894, best_decoded=-256.723, dinf=0.0201728, p_inf=133.962, countdown=0, delta_Y_l1 per factor=0.085257, weight_b=0.871689, uni_act_size=1.52807, area1=8.20813, area23=6.008, area4=0.0466861, bi_act_size=4.8207, bi_ever_nnz_msg=2.76685, uni_search=0.0049984, uni_subsolve=0.00574264, bi_search=0.0202019, bi_subsolve=0.0178097, maintain=0.010414, construct=0.000525206, overall time=0.219065
largest=14.165, smallest=-0, width=14.165
best primal obj updated to -255.939
iter=29, funcval=134.27, (-rel_score_t)=-229.463, decoded_t=-255.939, best_decoded=-255.939, dinf=0.015534, p_inf=131.291, countdown=0, delta_Y_l1 per factor=0.0896526, weight_b=0.86885, uni_act_size=1.53245, area1=8.26764, area23=6.06223, area4=0.0454004, bi_act_size=4.84221, bi_ever_nnz_msg=2.78171, uni_search=0.00516812, uni_subsolve=0.00595244, bi_search=0.020929, bi_subsolve=0.0184289, maintain=0.0107912, construct=0.000525206, overall time=0.223294
largest=14.165, smallest=-0, width=14.165
iter=30, funcval=136.526, (-rel_score_t)=-232.143, decoded_t=-255.939, best_decoded=-255.939, dinf=0.0182567, p_inf=117.463, countdown=0, delta_Y_l1 per factor=0.100259, weight_b=0.869616, uni_act_size=1.5364, area1=8.32337, area23=6.11337, area4=0.0441454, bi_act_size=4.86233, bi_ever_nnz_msg=2.79587, uni_search=0.0053328, uni_subsolve=0.00613667, bi_search=0.0216085, bi_subsolve=0.019066, maintain=0.0111442, construct=0.000525206, overall time=0.227364
largest=14.165, smallest=-0, width=14.165
best primal obj updated to -255.03
iter=31, funcval=138.47, (-rel_score_t)=-234.574, decoded_t=-255.03, best_decoded=-255.03, dinf=0.0191348, p_inf=98.6507, countdown=0, delta_Y_l1 per factor=0.102607, weight_b=0.876523, uni_act_size=1.53844, area1=8.37865, area23=6.16239, area4=0.042918, bi_act_size=4.87738, bi_ever_nnz_msg=2.80976, uni_search=0.0054977, uni_subsolve=0.0063256, bi_search=0.0223126, bi_subsolve=0.0196928, maintain=0.0115616, construct=0.000525206, overall time=0.231573
largest=14.165, smallest=-0, width=14.165
best primal obj updated to -254.585
iter=32, funcval=140.189, (-rel_score_t)=-236.629, decoded_t=-254.585, best_decoded=-254.585, dinf=0.0197684, p_inf=80.441, countdown=0, delta_Y_l1 per factor=0.0950753, weight_b=0.886561, uni_act_size=1.53634, area1=8.43113, area23=6.20986, area4=0.0416667, bi_act_size=4.88484, bi_ever_nnz_msg=2.8231, uni_search=0.00566148, uni_subsolve=0.0065088, bi_search=0.0230268, bi_subsolve=0.0203214, maintain=0.0119158, construct=0.000525206, overall time=0.235682
largest=14.165, smallest=-0, width=14.165
iter=33, funcval=141.665, (-rel_score_t)=-238.57, decoded_t=-254.585, best_decoded=-254.585, dinf=0.017897, p_inf=69.9687, countdown=0, delta_Y_l1 per factor=0.0709298, weight_b=0.895495, uni_act_size=1.53214, area1=8.48119, area23=6.25625, area4=0.0406799, bi_act_size=4.8888, bi_ever_nnz_msg=2.83594, uni_search=0.0058284, uni_subsolve=0.00669213, bi_search=0.0238187, bi_subsolve=0.0209331, maintain=0.0123154, construct=0.000525206, overall time=0.239979
largest=14.165, smallest=-0, width=14.165
best primal obj updated to -254.421
iter=34, funcval=142.79, (-rel_score_t)=-241.121, decoded_t=-254.421, best_decoded=-254.421, dinf=0.0162458, p_inf=64.0555, countdown=0, delta_Y_l1 per factor=0.0582784, weight_b=0.900068, uni_act_size=1.52655, area1=8.53052, area23=6.30223, area4=0.0397495, bi_act_size=4.89026, bi_ever_nnz_msg=2.84824, uni_search=0.00599295, uni_subsolve=0.00686904, bi_search=0.0245025, bi_subsolve=0.0215274, maintain=0.0126698, construct=0.000525206, overall time=0.244023
largest=14.165, smallest=-0, width=14.165
best primal obj updated to -253.991
iter=35, funcval=143.814, (-rel_score_t)=-242.849, decoded_t=-253.991, best_decoded=-253.991, dinf=0.0142969, p_inf=56.4719, countdown=0, delta_Y_l1 per factor=0.0511535, weight_b=0.902539, uni_act_size=1.52077, area1=8.5777, area23=6.34614, area4=0.0387356, bi_act_size=4.88975, bi_ever_nnz_msg=2.85985, uni_search=0.00615814, uni_subsolve=0.00704602, bi_search=0.025257, bi_subsolve=0.0221205, maintain=0.0130235, construct=0.000525206, overall time=0.248173
largest=14.165, smallest=-0, width=14.165
iter=36, funcval=144.589, (-rel_score_t)=-244.942, decoded_t=-255.947, best_decoded=-253.991, dinf=0.0210668, p_inf=56.3197, countdown=0, delta_Y_l1 per factor=0.0469552, weight_b=0.903229, uni_act_size=1.51495, area1=8.62232, area23=6.38737, area4=0.0376887, bi_act_size=4.88764, bi_ever_nnz_msg=2.87088, uni_search=0.00632206, uni_subsolve=0.00722259, bi_search=0.0259381, bi_subsolve=0.0227459, maintain=0.0133783, construct=0.000525206, overall time=0.252188
largest=14.165, smallest=-0, width=14.165
iter=37, funcval=145.194, (-rel_score_t)=-246.769, decoded_t=-255.947, best_decoded=-253.991, dinf=0.0150624, p_inf=57.0012, countdown=0, delta_Y_l1 per factor=0.0371066, weight_b=0.903042, uni_act_size=1.50966, area1=8.66494, area23=6.42755, area4=0.0366969, bi_act_size=4.88427, bi_ever_nnz_msg=2.88137, uni_search=0.0064873, uni_subsolve=0.00740063, bi_search=0.0266288, bi_subsolve=0.0233645, maintain=0.0137333, construct=0.000525206, overall time=0.256233
largest=14.165, smallest=-0, width=14.165
iter=38, funcval=145.724, (-rel_score_t)=-247.868, decoded_t=-255.947, best_decoded=-253.991, dinf=0.0162258, p_inf=53.3697, countdown=0, delta_Y_l1 per factor=0.0375862, weight_b=0.90377, uni_act_size=1.50408, area1=8.70521, area23=6.46541, area4=0.0357975, bi_act_size=4.88041, bi_ever_nnz_msg=2.8914, uni_search=0.00665184, uni_subsolve=0.00757878, bi_search=0.0273273, bi_subsolve=0.0240047, maintain=0.0140874, construct=0.000525206, overall time=0.260313
largest=14.165, smallest=-0, width=14.165
iter=39, funcval=146.273, (-rel_score_t)=-248.348, decoded_t=-255.947, best_decoded=-253.991, dinf=0.0138198, p_inf=44.8021, countdown=0, delta_Y_l1 per factor=0.0419835, weight_b=0.907171, uni_act_size=1.49801, area1=8.74359, area23=6.50183, area4=0.0349838, bi_act_size=4.87492, bi_ever_nnz_msg=2.90114, uni_search=0.00681485, uni_subsolve=0.00775345, bi_search=0.0280168, bi_subsolve=0.0245901, maintain=0.0144522, construct=0.000525206, overall time=0.264336
largest=14.165, smallest=-0, width=14.165
best primal obj updated to -252.391
iter=40, funcval=146.783, (-rel_score_t)=-248.779, decoded_t=-252.391, best_decoded=-252.391, dinf=0.0189429, p_inf=34.8513, countdown=0, delta_Y_l1 per factor=0.0354429, weight_b=0.910704, uni_act_size=1.49137, area1=8.78025, area23=6.53714, area4=0.0342889, bi_act_size=4.86791, bi_ever_nnz_msg=2.91048, uni_search=0.00697834, uni_subsolve=0.00792742, bi_search=0.0286951, bi_subsolve=0.0251782, maintain=0.0148076, construct=0.000525206, overall time=0.268339
largest=14.165, smallest=-0, width=14.165
iter=41, funcval=147.312, (-rel_score_t)=-248.774, decoded_t=-252.391, best_decoded=-252.391, dinf=0.0173622, p_inf=27.1966, countdown=0, delta_Y_l1 per factor=0.0293216, weight_b=0.913749, uni_act_size=1.48409, area1=8.81532, area23=6.57112, area4=0.0335884, bi_act_size=4.8602, bi_ever_nnz_msg=2.91945, uni_search=0.0071419, uni_subsolve=0.00810182, bi_search=0.0294104, bi_subsolve=0.0257617, maintain=0.0151608, construct=0.000525206, overall time=0.272336
largest=14.165, smallest=-0, width=14.165
iter=42, funcval=147.558, (-rel_score_t)=-249.834, decoded_t=-252.391, best_decoded=-252.391, dinf=0.0141006, p_inf=20.5567, countdown=0, delta_Y_l1 per factor=0.0246398, weight_b=0.916968, uni_act_size=1.47674, area1=8.84846, area23=6.60382, area4=0.0329206, bi_act_size=4.85174, bi_ever_nnz_msg=2.92801, uni_search=0.00730645, uni_subsolve=0.00827635, bi_search=0.0301025, bi_subsolve=0.0263385, maintain=0.015524, construct=0.000525206, overall time=0.276362
largest=14.165, smallest=-0, width=14.165
iter=43, funcval=147.685, (-rel_score_t)=-250.637, decoded_t=-252.391, best_decoded=-252.391, dinf=0.0142175, p_inf=13.6407, countdown=0, delta_Y_l1 per factor=0.0218527, weight_b=0.920909, uni_act_size=1.46933, area1=8.8802, area23=6.63496, area4=0.0321724, bi_act_size=4.84224, bi_ever_nnz_msg=2.93617, uni_search=0.00746897, uni_subsolve=0.0084483, bi_search=0.0307685, bi_subsolve=0.0269175, maintain=0.0158781, construct=0.000525206, overall time=0.280331
largest=14.165, smallest=-0, width=14.165
iter=44, funcval=147.816, (-rel_score_t)=-251.061, decoded_t=-252.391, best_decoded=-252.391, dinf=0.0142038, p_inf=8.9361, countdown=0, delta_Y_l1 per factor=0.0123178, weight_b=0.924676, uni_act_size=1.46126, area1=8.91086, area23=6.66522, area4=0.0314574, bi_act_size=4.83182, bi_ever_nnz_msg=2.94419, uni_search=0.00763297, uni_subsolve=0.00862535, bi_search=0.031491, bi_subsolve=0.0275039, maintain=0.0162432, construct=0.000525206, overall time=0.284408
largest=14.165, smallest=-0, width=14.165
iter=45, funcval=147.859, (-rel_score_t)=-251.693, decoded_t=-252.391, best_decoded=-252.391, dinf=0.0133678, p_inf=6.61646, countdown=0, delta_Y_l1 per factor=0.00573328, weight_b=0.926584, uni_act_size=1.45335, area1=8.94046, area23=6.69438, area4=0.0308442, bi_act_size=4.82118, bi_ever_nnz_msg=2.95186, uni_search=0.00779584, uni_subsolve=0.00879444, bi_search=0.0321737, bi_subsolve=0.0280626, maintain=0.0165979, construct=0.000525206, overall time=0.288375
largest=14.165, smallest=-0, width=14.165
iter=46, funcval=147.844, (-rel_score_t)=-252.169, decoded_t=-252.391, best_decoded=-252.391, dinf=0.0122656, p_inf=4.09095, countdown=0, delta_Y_l1 per factor=0.00507688, weight_b=0.927612, uni_act_size=1.4453, area1=8.96867, area23=6.72223, area4=0.0301879, bi_act_size=4.81031, bi_ever_nnz_msg=2.95921, uni_search=0.00795982, uni_subsolve=0.0089659, bi_search=0.0328549, bi_subsolve=0.0286187, maintain=0.0169517, construct=0.000525206, overall time=0.292334
largest=14.165, smallest=-0, width=14.165
iter=47, funcval=147.809, (-rel_score_t)=-252.452, decoded_t=-252.391, best_decoded=-252.391, dinf=0.0119774, p_inf=2.236, countdown=0, delta_Y_l1 per factor=0.00434973, weight_b=0.928579, uni_act_size=1.43722, area1=8.9957, area23=6.74902, area4=0.029559, bi_act_size=4.79904, bi_ever_nnz_msg=2.96625, uni_search=0.00812317, uni_subsolve=0.00913673, bi_search=0.0335298, bi_subsolve=0.029182, maintain=0.0173173, construct=0.000525206, overall time=0.296318
largest=14.165, smallest=-0, width=14.165
iter=48, funcval=147.786, (-rel_score_t)=-252.516, decoded_t=-252.391, best_decoded=-252.391, dinf=0.0119625, p_inf=0.846217, countdown=0, delta_Y_l1 per factor=0.00209208, weight_b=0.929409, uni_act_size=1.42884, area1=9.02163, area23=6.77488, area4=0.0289557, bi_act_size=4.78767, bi_ever_nnz_msg=2.973, uni_search=0.00828589, uni_subsolve=0.00930476, bi_search=0.034234, bi_subsolve=0.0297337, maintain=0.0176736, construct=0.000525206, overall time=0.300308
largest=14.165, smallest=-0, width=14.165
iter=49, funcval=147.77, (-rel_score_t)=-252.508, decoded_t=-252.391, best_decoded=-252.391, dinf=0.0119647, p_inf=0.365685, countdown=0, delta_Y_l1 per factor=0.000485097, weight_b=0.929774, uni_act_size=1.42035, area1=9.04653, area23=6.79961, area4=0.0283766, bi_act_size=4.7763, bi_ever_nnz_msg=2.97948, uni_search=0.00845715, uni_subsolve=0.00948028, bi_search=0.0349568, bi_subsolve=0.0302969, maintain=0.0180379, construct=0.000525206, overall time=0.304366
largest=14.165, smallest=-0, width=14.165
iter=50, funcval=147.758, (-rel_score_t)=-252.486, decoded_t=-252.391, best_decoded=-252.391, dinf=0.00273548, p_inf=0.339818, countdown=0, delta_Y_l1 per factor=0.000289838, weight_b=0.929883, uni_act_size=1.4122, area1=9.07044, area23=6.82334, area4=0.0278202, bi_act_size=4.76515, bi_ever_nnz_msg=2.98571, uni_search=0.00861876, uni_subsolve=0.00964714, bi_search=0.0356208, bi_subsolve=0.030838, maintain=0.0183918, construct=0.000525206, overall time=0.308244
largest=14.165, smallest=-0, width=14.165
iter=51, funcval=147.747, (-rel_score_t)=-252.473, decoded_t=-252.391, best_decoded=-252.391, dinf=0.00199233, p_inf=0.322346, countdown=0, delta_Y_l1 per factor=3.55942e-05, weight_b=0.929908, uni_act_size=1.40436, area1=9.09347, area23=6.84615, area4=0.0272852, bi_act_size=4.75443, bi_ever_nnz_msg=2.9917, uni_search=0.00878136, uni_subsolve=0.009814, bi_search=0.0363195, bi_subsolve=0.0314244, maintain=0.0187472, construct=0.000525206, overall time=0.312316
largest=14.165, smallest=-0, width=14.165
iter=52, funcval=147.739, (-rel_score_t)=-252.455, decoded_t=-252.391, best_decoded=-252.391, dinf=0.00149762, p_inf=0.278057, countdown=0, delta_Y_l1 per factor=5.61862e-05, weight_b=0.929915, uni_act_size=1.39681, area1=9.11563, area23=6.86811, area4=0.0267704, bi_act_size=4.74412, bi_ever_nnz_msg=2.99746, uni_search=0.00894946, uni_subsolve=0.0099835, bi_search=0.0371784, bi_subsolve=0.031976, maintain=0.0191014, construct=0.000525206, overall time=0.316602
largest=14.165, smallest=-0, width=14.165
iter=53, funcval=147.734, (-rel_score_t)=-252.435, decoded_t=-252.391, best_decoded=-252.391, dinf=0.00125411, p_inf=0.193424, countdown=0, delta_Y_l1 per factor=0.000117753, weight_b=0.929935, uni_act_size=1.38954, area1=9.13696, area23=6.88925, area4=0.0262747, bi_act_size=4.73419, bi_ever_nnz_msg=3.00301, uni_search=0.009114, uni_subsolve=0.0101647, bi_search=0.0378731, bi_subsolve=0.0325186, maintain=0.0194562, construct=0.000525206, overall time=0.320581
largest=14.165, smallest=-0, width=14.165
iter=54, funcval=147.733, (-rel_score_t)=-252.412, decoded_t=-252.391, best_decoded=-252.391, dinf=0.00132223, p_inf=0.0939673, countdown=0, delta_Y_l1 per factor=0.000138462, weight_b=0.929966, uni_act_size=1.38254, area1=9.15753, area23=6.90962, area4=0.0257969, bi_act_size=4.72462, bi_ever_nnz_msg=3.00835, uni_search=0.00927609, uni_subsolve=0.0103305, bi_search=0.0385765, bi_subsolve=0.033078, maintain=0.0198099, construct=0.000525206, overall time=0.324549
largest=14.165, smallest=-0, width=14.165
iter=55, funcval=147.735, (-rel_score_t)=-252.391, decoded_t=-252.391, best_decoded=-252.391, dinf=5.55112e-17, p_inf=6.30144e-13, countdown=1, delta_Y_l1 per factor=0.000131841, weight_b=0.930004, uni_act_size=1.37571, area1=9.17735, area23=6.92927, area4=0.0253363, bi_act_size=4.71536, bi_ever_nnz_msg=3.01351, uni_search=0.00944021, uni_subsolve=0.0104984, bi_search=0.0392645, bi_subsolve=0.0336238, maintain=0.0201804, construct=0.000525206, overall time=0.328549
largest=14.165, smallest=-0, width=14.165
iter=56, funcval=147.735, (-rel_score_t)=-252.391, decoded_t=-252.391, best_decoded=-252.391, dinf=5.55112e-17, p_inf=6.38137e-13, countdown=2, delta_Y_l1 per factor=1.8235e-16, weight_b=0.930035, uni_act_size=1.36912, area1=9.19649, area23=6.94822, area4=0.0248918, bi_act_size=4.70643, bi_ever_nnz_msg=3.01848, uni_search=0.00960448, uni_subsolve=0.0106664, bi_search=0.040023, bi_subsolve=0.0341752, maintain=0.0205364, construct=0.000525206, overall time=0.332674
largest=14.165, smallest=-0, width=14.165
iter=57, funcval=147.735, (-rel_score_t)=-252.391, decoded_t=-252.391, best_decoded=-252.391, dinf=5.55112e-17, p_inf=6.33807e-13, countdown=3, delta_Y_l1 per factor=1.86279e-16, weight_b=0.930035, uni_act_size=1.36276, area1=9.21496, area23=6.96652, area4=0.0244626, bi_act_size=4.6978, bi_ever_nnz_msg=3.02329, uni_search=0.00976882, uni_subsolve=0.0108349, bi_search=0.0407096, bi_subsolve=0.0347182, maintain=0.0209125, construct=0.000525206, overall time=0.336651
@0: iter=58, T=226, acc=0, score=252.391, infea=6.33807e-13, dinf=5.55112e-17, avg_nnz_msg=2.84622, ever_nnz_msg=6.83929, uni_search=0.00976882, uni_subsolve=0.0108349, bi_search=0.0407096, bi_subsolve=0.0347182, maintain=0.0209125, construct=0.000525206
, avg_act_size=1, uni_act_size=1.36276, area1=9.21496, area23=6.96652, area4=0.0244626, bi_act_size=4.6978, bi_ever_nnz_msg=3.02329, Acc=0

uni_search=0.00976882, uni_subsolve=0.0108349, bi_search=0.0407096, bi_subsolve=0.0347182, maintain=0.0209125, construct=0.000525206
Acc=0
prediction time=0.336736
