reading uai file ../../../data//Segmentation/uai/16_16_s.21.uai
done reading uai file
normalizing #tables=842
prob.avg_domain_size=21
prob.N=1
param.rho=1
param.eta=1
@0: T=226, n=276402, nf=0, m=0, me=26098
iter=0, #inner=1, relaxed-p-obj=-4.794199, decoded_t=-378.1572, best_decoded=-378.1572, eta=1, p_inf=0.89, d_inf=0.33, gap=36, nnz=661(0.0074), time=0.17
iter=5, #inner=78, relaxed-p-obj=-246.7136, decoded_t=-252.3914, best_decoded=-252.3914, eta=1, p_inf=0.11, d_inf=0.013, gap=0.026, nnz=1876(0.012), time=0.36
iter=10, #inner=164, relaxed-p-obj=-252.3914, decoded_t=-252.3914, best_decoded=-252.3914, eta=1, p_inf=4.5e-12, d_inf=1e-12, gap=1.7e-12, nnz=842(0.0061), time=0.57
iter=15, #inner=164, relaxed-p-obj=-252.3914, decoded_t=-252.3914, best_decoded=-252.3914, eta=1, p_inf=8.8e-13, d_inf=9.9e-13, gap=8.8e-14, nnz=842(0.0061), time=0.76
iter=20, #inner=164, relaxed-p-obj=-252.3914, decoded_t=-252.3914, best_decoded=-252.3914, eta=1, p_inf=6.3e-13, d_inf=9.9e-13, gap=1.6e-13, nnz=842(0.0061), time=0.96
iter=25, #inner=164, relaxed-p-obj=-252.3914, decoded_t=-252.3914, best_decoded=-252.3914, eta=1, p_inf=7.3e-13, d_inf=1e-12, gap=1.4e-13, nnz=842(0.0061), time=1.2
iter=30, #inner=164, relaxed-p-obj=-252.3914, decoded_t=-252.3914, best_decoded=-252.3914, eta=1, p_inf=6.6e-13, d_inf=9.9e-13, gap=2e-14, nnz=842(0.0061), time=1.3
iter=35, #inner=164, relaxed-p-obj=-252.3914, decoded_t=-252.3914, best_decoded=-252.3914, eta=1, p_inf=7.7e-13, d_inf=1e-12, gap=1.1e-13, nnz=842(0.0061), time=1.5
iter=40, #inner=164, relaxed-p-obj=-252.3914, decoded_t=-252.3914, best_decoded=-252.3914, eta=1, p_inf=7e-13, d_inf=1e-12, gap=1.1e-13, nnz=842(0.0061), time=1.7
iter=45, #inner=164, relaxed-p-obj=-252.3914, decoded_t=-252.3914, best_decoded=-252.3914, eta=1, p_inf=7e-13, d_inf=1e-12, gap=3.6e-14, nnz=842(0.0061), time=1.9
iter=50, #inner=164, relaxed-p-obj=-252.3914, decoded_t=-252.3914, best_decoded=-252.3914, eta=1, p_inf=7.1e-13, d_inf=9.9e-13, gap=1.4e-13, nnz=842(0.0061), time=2.1
iter=55, #inner=164, relaxed-p-obj=-252.3914, decoded_t=-252.3914, best_decoded=-252.3914, eta=1, p_inf=7.1e-13, d_inf=9.8e-13, gap=1e-13, nnz=842(0.0061), time=2.3
iter=60, #inner=164, relaxed-p-obj=-252.3914, decoded_t=-252.3914, best_decoded=-252.3914, eta=1, p_inf=6.5e-13, d_inf=1e-12, gap=7.7e-14, nnz=842(0.0061), time=2.4
iter=65, #inner=164, relaxed-p-obj=-252.3914, decoded_t=-252.3914, best_decoded=-252.3914, eta=1, p_inf=6.6e-13, d_inf=9.9e-13, gap=1.7e-13, nnz=842(0.0061), time=2.6
iter=70, #inner=164, relaxed-p-obj=-252.3914, decoded_t=-252.3914, best_decoded=-252.3914, eta=1, p_inf=6.6e-13, d_inf=9.9e-13, gap=1.3e-13, nnz=842(0.0061), time=2.8
iter=75, #inner=164, relaxed-p-obj=-252.3914, decoded_t=-252.3914, best_decoded=-252.3914, eta=1, p_inf=7.1e-13, d_inf=9.9e-13, gap=1.5e-14, nnz=842(0.0061), time=2.9
iter=80, #inner=164, relaxed-p-obj=-252.3914, decoded_t=-252.3914, best_decoded=-252.3914, eta=1, p_inf=7e-13, d_inf=1e-12, gap=7.7e-14, nnz=842(0.0061), time=3.1
iter=85, #inner=164, relaxed-p-obj=-252.3914, decoded_t=-252.3914, best_decoded=-252.3914, eta=1, p_inf=7e-13, d_inf=9.9e-13, gap=3e-14, nnz=842(0.0061), time=3.2
iter=90, #inner=164, relaxed-p-obj=-252.3914, decoded_t=-252.3914, best_decoded=-252.3914, eta=1, p_inf=7.2e-13, d_inf=1e-12, gap=2.6e-14, nnz=842(0.0061), time=3.4
iter=95, #inner=164, relaxed-p-obj=-252.3914, decoded_t=-252.3914, best_decoded=-252.3914, eta=1, p_inf=6.9e-13, d_inf=9.9e-13, gap=2.4e-15, nnz=842(0.0061), time=3.5
iter=100, #inner=164, relaxed-p-obj=-252.3914, decoded_t=-252.3914, best_decoded=-252.3914, eta=1, p_inf=6.6e-13, d_inf=1e-12, gap=5.7e-14, nnz=842(0.0061), time=3.7
iter=105, #inner=164, relaxed-p-obj=-252.3914, decoded_t=-252.3914, best_decoded=-252.3914, eta=1, p_inf=7.7e-13, d_inf=1e-12, gap=2.4e-14, nnz=842(0.0061), time=3.9
iter=110, #inner=164, relaxed-p-obj=-252.3914, decoded_t=-252.3914, best_decoded=-252.3914, eta=1, p_inf=6.8e-13, d_inf=9.9e-13, gap=6.6e-14, nnz=842(0.0061), time=4.1
iter=115, #inner=164, relaxed-p-obj=-252.3914, decoded_t=-252.3914, best_decoded=-252.3914, eta=1, p_inf=7.5e-13, d_inf=9.9e-13, gap=9.8e-14, nnz=842(0.0061), time=4.2
iter=120, #inner=164, relaxed-p-obj=-252.3914, decoded_t=-252.3914, best_decoded=-252.3914, eta=1, p_inf=7.8e-13, d_inf=1e-12, gap=2.6e-14, nnz=842(0.0061), time=4.4
iter=125, #inner=164, relaxed-p-obj=-252.3914, decoded_t=-252.3914, best_decoded=-252.3914, eta=1, p_inf=6.8e-13, d_inf=1e-12, gap=7.5e-14, nnz=842(0.0061), time=4.5
iter=130, #inner=164, relaxed-p-obj=-252.3914, decoded_t=-252.3914, best_decoded=-252.3914, eta=1, p_inf=7.5e-13, d_inf=1e-12, gap=2.2e-14, nnz=842(0.0061), time=4.7
iter=135, #inner=164, relaxed-p-obj=-252.3914, decoded_t=-252.3914, best_decoded=-252.3914, eta=1, p_inf=6.8e-13, d_inf=1e-12, gap=2.8e-14, nnz=842(0.0061), time=4.9
iter=140, #inner=164, relaxed-p-obj=-252.3914, decoded_t=-252.3914, best_decoded=-252.3914, eta=1, p_inf=7.4e-13, d_inf=1e-12, gap=2.7e-14, nnz=842(0.0061), time=5
iter=145, #inner=164, relaxed-p-obj=-252.3914, decoded_t=-252.3914, best_decoded=-252.3914, eta=1, p_inf=7.4e-13, d_inf=9.9e-13, gap=7.9e-14, nnz=842(0.0061), time=5.2
iter=150, #inner=164, relaxed-p-obj=-252.3914, decoded_t=-252.3914, best_decoded=-252.3914, eta=1, p_inf=7.3e-13, d_inf=1e-12, gap=3.6e-14, nnz=842(0.0061), time=5.3
iter=155, #inner=164, relaxed-p-obj=-252.3914, decoded_t=-252.3914, best_decoded=-252.3914, eta=1, p_inf=7.4e-13, d_inf=9.9e-13, gap=8.2e-14, nnz=842(0.0061), time=5.5
iter=160, #inner=164, relaxed-p-obj=-252.3914, decoded_t=-252.3914, best_decoded=-252.3914, eta=1, p_inf=8.4e-13, d_inf=1e-12, gap=6e-14, nnz=842(0.0061), time=5.6
iter=165, #inner=164, relaxed-p-obj=-252.3914, decoded_t=-252.3914, best_decoded=-252.3914, eta=1, p_inf=6.6e-13, d_inf=1e-12, gap=1.1e-13, nnz=842(0.0061), time=5.8
iter=170, #inner=164, relaxed-p-obj=-252.3914, decoded_t=-252.3914, best_decoded=-252.3914, eta=1, p_inf=7.5e-13, d_inf=9.9e-13, gap=1.6e-14, nnz=842(0.0061), time=6
iter=175, #inner=164, relaxed-p-obj=-252.3914, decoded_t=-252.3914, best_decoded=-252.3914, eta=1, p_inf=6.3e-13, d_inf=1e-12, gap=6.4e-14, nnz=842(0.0061), time=6.1
iter=180, #inner=164, relaxed-p-obj=-252.3914, decoded_t=-252.3914, best_decoded=-252.3914, eta=1, p_inf=6.9e-13, d_inf=1e-12, gap=1.6e-14, nnz=842(0.0061), time=6.3
iter=185, #inner=164, relaxed-p-obj=-252.3914, decoded_t=-252.3914, best_decoded=-252.3914, eta=1, p_inf=7.3e-13, d_inf=1e-12, gap=3.5e-14, nnz=842(0.0061), time=6.4
iter=190, #inner=164, relaxed-p-obj=-252.3914, decoded_t=-252.3914, best_decoded=-252.3914, eta=1, p_inf=7.6e-13, d_inf=1e-12, gap=5.9e-15, nnz=842(0.0061), time=6.6
iter=195, #inner=164, relaxed-p-obj=-252.3914, decoded_t=-252.3914, best_decoded=-252.3914, eta=1, p_inf=6.9e-13, d_inf=9.9e-13, gap=9e-14, nnz=842(0.0061), time=6.8
iter=200, #inner=164, relaxed-p-obj=-252.3914, decoded_t=-252.3914, best_decoded=-252.3914, eta=1, p_inf=6.8e-13, d_inf=1e-12, gap=8.2e-14, nnz=842(0.0061), time=6.9
iter=205, #inner=164, relaxed-p-obj=-252.3914, decoded_t=-252.3914, best_decoded=-252.3914, eta=1, p_inf=6.9e-13, d_inf=9.9e-13, gap=1.5e-14, nnz=842(0.0061), time=7.1
iter=210, #inner=164, relaxed-p-obj=-252.3914, decoded_t=-252.3914, best_decoded=-252.3914, eta=1, p_inf=7.9e-13, d_inf=9.9e-13, gap=4e-14, nnz=842(0.0061), time=7.2
iter=215, #inner=164, relaxed-p-obj=-252.3914, decoded_t=-252.3914, best_decoded=-252.3914, eta=1, p_inf=7.3e-13, d_inf=9.9e-13, gap=9e-14, nnz=842(0.0061), time=7.4
iter=220, #inner=164, relaxed-p-obj=-252.3914, decoded_t=-252.3914, best_decoded=-252.3914, eta=1, p_inf=7.9e-13, d_inf=9.9e-13, gap=2.2e-14, nnz=842(0.0061), time=7.5
iter=225, #inner=164, relaxed-p-obj=-252.3914, decoded_t=-252.3914, best_decoded=-252.3914, eta=1, p_inf=7.1e-13, d_inf=1e-12, gap=1.5e-14, nnz=842(0.0061), time=7.7
iter=230, #inner=164, relaxed-p-obj=-252.3914, decoded_t=-252.3914, best_decoded=-252.3914, eta=1, p_inf=7.5e-13, d_inf=9.9e-13, gap=1.4e-13, nnz=842(0.0061), time=7.9
iter=235, #inner=164, relaxed-p-obj=-252.3914, decoded_t=-252.3914, best_decoded=-252.3914, eta=1, p_inf=7.5e-13, d_inf=1e-12, gap=1.2e-13, nnz=842(0.0061), time=8
iter=240, #inner=164, relaxed-p-obj=-252.3914, decoded_t=-252.3914, best_decoded=-252.3914, eta=1, p_inf=6.9e-13, d_inf=1e-12, gap=1.4e-13, nnz=842(0.0061), time=8.2
iter=245, #inner=164, relaxed-p-obj=-252.3914, decoded_t=-252.3914, best_decoded=-252.3914, eta=1, p_inf=6.5e-13, d_inf=1e-12, gap=1.3e-13, nnz=842(0.0061), time=8.3
iter=250, #inner=164, relaxed-p-obj=-252.3914, decoded_t=-252.3914, best_decoded=-252.3914, eta=1, p_inf=6.7e-13, d_inf=1e-12, gap=7.3e-14, nnz=842(0.0061), time=8.5
iter=255, #inner=164, relaxed-p-obj=-252.3914, decoded_t=-252.3914, best_decoded=-252.3914, eta=1, p_inf=6.7e-13, d_inf=1e-12, gap=1.8e-13, nnz=842(0.0061), time=8.6
iter=260, #inner=164, relaxed-p-obj=-252.3914, decoded_t=-252.3914, best_decoded=-252.3914, eta=1, p_inf=7e-13, d_inf=9.9e-13, gap=1.7e-13, nnz=842(0.0061), time=8.8
iter=265, #inner=164, relaxed-p-obj=-252.3914, decoded_t=-252.3914, best_decoded=-252.3914, eta=1, p_inf=7.2e-13, d_inf=1e-12, gap=3.5e-14, nnz=842(0.0061), time=9
iter=270, #inner=164, relaxed-p-obj=-252.3914, decoded_t=-252.3914, best_decoded=-252.3914, eta=1, p_inf=8.4e-13, d_inf=1e-12, gap=1.4e-13, nnz=842(0.0061), time=9.1
iter=275, #inner=164, relaxed-p-obj=-252.3914, decoded_t=-252.3914, best_decoded=-252.3914, eta=1, p_inf=7e-13, d_inf=1e-12, gap=7.8e-14, nnz=842(0.0061), time=9.3
iter=280, #inner=164, relaxed-p-obj=-252.3914, decoded_t=-252.3914, best_decoded=-252.3914, eta=1, p_inf=7.7e-13, d_inf=9.9e-13, gap=6e-15, nnz=842(0.0061), time=9.4
iter=285, #inner=164, relaxed-p-obj=-252.3914, decoded_t=-252.3914, best_decoded=-252.3914, eta=1, p_inf=6.6e-13, d_inf=1e-12, gap=4e-14, nnz=842(0.0061), time=9.6
iter=290, #inner=164, relaxed-p-obj=-252.3914, decoded_t=-252.3914, best_decoded=-252.3914, eta=1, p_inf=6.5e-13, d_inf=9.9e-13, gap=5.3e-14, nnz=842(0.0061), time=9.7
iter=295, #inner=164, relaxed-p-obj=-252.3914, decoded_t=-252.3914, best_decoded=-252.3914, eta=1, p_inf=7.6e-13, d_inf=1e-12, gap=6.4e-14, nnz=842(0.0061), time=9.9
iter=300, #inner=164, relaxed-p-obj=-252.3914, decoded_t=-252.3914, best_decoded=-252.3914, eta=1, p_inf=7.5e-13, d_inf=1e-12, gap=2.9e-14, nnz=842(0.0061), time=10
iter=305, #inner=164, relaxed-p-obj=-252.3914, decoded_t=-252.3914, best_decoded=-252.3914, eta=1, p_inf=7.5e-13, d_inf=9.8e-13, gap=1.9e-14, nnz=842(0.0061), time=10
iter=310, #inner=164, relaxed-p-obj=-252.3914, decoded_t=-252.3914, best_decoded=-252.3914, eta=1, p_inf=7.7e-13, d_inf=1e-12, gap=1.6e-14, nnz=842(0.0061), time=10
iter=315, #inner=164, relaxed-p-obj=-252.3914, decoded_t=-252.3914, best_decoded=-252.3914, eta=1, p_inf=7.8e-13, d_inf=9.9e-13, gap=5.2e-14, nnz=842(0.0061), time=11
iter=320, #inner=164, relaxed-p-obj=-252.3914, decoded_t=-252.3914, best_decoded=-252.3914, eta=1, p_inf=7.3e-13, d_inf=9.9e-13, gap=1.9e-14, nnz=842(0.0061), time=11
iter=325, #inner=164, relaxed-p-obj=-252.3914, decoded_t=-252.3914, best_decoded=-252.3914, eta=1, p_inf=7.7e-13, d_inf=9.9e-13, gap=6.6e-14, nnz=842(0.0061), time=11
iter=330, #inner=164, relaxed-p-obj=-252.3914, decoded_t=-252.3914, best_decoded=-252.3914, eta=1, p_inf=6.9e-13, d_inf=1e-12, gap=4.3e-14, nnz=842(0.0061), time=11
iter=335, #inner=164, relaxed-p-obj=-252.3914, decoded_t=-252.3914, best_decoded=-252.3914, eta=1, p_inf=7e-13, d_inf=1e-12, gap=5.4e-14, nnz=842(0.0061), time=11
iter=340, #inner=164, relaxed-p-obj=-252.3914, decoded_t=-252.3914, best_decoded=-252.3914, eta=1, p_inf=7.2e-13, d_inf=1e-12, gap=1.4e-14, nnz=842(0.0061), time=11
iter=345, #inner=164, relaxed-p-obj=-252.3914, decoded_t=-252.3914, best_decoded=-252.3914, eta=1, p_inf=7.4e-13, d_inf=9.9e-13, gap=8.4e-14, nnz=842(0.0061), time=11
iter=350, #inner=164, relaxed-p-obj=-252.3914, decoded_t=-252.3914, best_decoded=-252.3914, eta=1, p_inf=6.9e-13, d_inf=1e-12, gap=6.8e-16, nnz=842(0.0061), time=12
iter=355, #inner=164, relaxed-p-obj=-252.3914, decoded_t=-252.3914, best_decoded=-252.3914, eta=1, p_inf=7.4e-13, d_inf=9.9e-13, gap=4.7e-14, nnz=842(0.0061), time=12
iter=360, #inner=164, relaxed-p-obj=-252.3914, decoded_t=-252.3914, best_decoded=-252.3914, eta=1, p_inf=8.7e-13, d_inf=1e-12, gap=4.3e-15, nnz=842(0.0061), time=12
iter=365, #inner=164, relaxed-p-obj=-252.3914, decoded_t=-252.3914, best_decoded=-252.3914, eta=1, p_inf=7e-13, d_inf=1e-12, gap=3.5e-15, nnz=842(0.0061), time=12
iter=370, #inner=164, relaxed-p-obj=-252.3914, decoded_t=-252.3914, best_decoded=-252.3914, eta=1, p_inf=6.4e-13, d_inf=1e-12, gap=2.7e-14, nnz=842(0.0061), time=12
iter=375, #inner=164, relaxed-p-obj=-252.3914, decoded_t=-252.3914, best_decoded=-252.3914, eta=1, p_inf=7.4e-13, d_inf=1e-12, gap=3.4e-14, nnz=842(0.0061), time=12
iter=380, #inner=164, relaxed-p-obj=-252.3914, decoded_t=-252.3914, best_decoded=-252.3914, eta=1, p_inf=7.5e-13, d_inf=9.9e-13, gap=1.1e-13, nnz=842(0.0061), time=13
iter=385, #inner=164, relaxed-p-obj=-252.3914, decoded_t=-252.3914, best_decoded=-252.3914, eta=1, p_inf=8.1e-13, d_inf=1e-12, gap=1.1e-13, nnz=842(0.0061), time=13
iter=390, #inner=164, relaxed-p-obj=-252.3914, decoded_t=-252.3914, best_decoded=-252.3914, eta=1, p_inf=7.3e-13, d_inf=1e-12, gap=8.1e-14, nnz=842(0.0061), time=13
iter=395, #inner=164, relaxed-p-obj=-252.3914, decoded_t=-252.3914, best_decoded=-252.3914, eta=1, p_inf=6.8e-13, d_inf=9.9e-13, gap=9.9e-14, nnz=842(0.0061), time=13
iter=400, #inner=164, relaxed-p-obj=-252.3914, decoded_t=-252.3914, best_decoded=-252.3914, eta=1, p_inf=7e-13, d_inf=1e-12, gap=1.2e-13, nnz=842(0.0061), time=13
iter=405, #inner=164, relaxed-p-obj=-252.3914, decoded_t=-252.3914, best_decoded=-252.3914, eta=1, p_inf=7.3e-13, d_inf=9.9e-13, gap=1.4e-13, nnz=842(0.0061), time=13
iter=410, #inner=164, relaxed-p-obj=-252.3914, decoded_t=-252.3914, best_decoded=-252.3914, eta=1, p_inf=7.4e-13, d_inf=1e-12, gap=2.8e-14, nnz=842(0.0061), time=14
iter=415, #inner=164, relaxed-p-obj=-252.3914, decoded_t=-252.3914, best_decoded=-252.3914, eta=1, p_inf=6.8e-13, d_inf=9.9e-13, gap=2.1e-13, nnz=842(0.0061), time=14
iter=420, #inner=164, relaxed-p-obj=-252.3914, decoded_t=-252.3914, best_decoded=-252.3914, eta=1, p_inf=6.8e-13, d_inf=1e-12, gap=2e-13, nnz=842(0.0061), time=14
iter=425, #inner=164, relaxed-p-obj=-252.3914, decoded_t=-252.3914, best_decoded=-252.3914, eta=1, p_inf=6.8e-13, d_inf=1e-12, gap=7e-14, nnz=842(0.0061), time=14
iter=430, #inner=164, relaxed-p-obj=-252.3914, decoded_t=-252.3914, best_decoded=-252.3914, eta=1, p_inf=7.5e-13, d_inf=9.9e-13, gap=1.7e-13, nnz=842(0.0061), time=14
iter=435, #inner=164, relaxed-p-obj=-252.3914, decoded_t=-252.3914, best_decoded=-252.3914, eta=1, p_inf=6.6e-13, d_inf=9.8e-13, gap=1.6e-13, nnz=842(0.0061), time=14
iter=440, #inner=164, relaxed-p-obj=-252.3914, decoded_t=-252.3914, best_decoded=-252.3914, eta=1, p_inf=6.6e-13, d_inf=1e-12, gap=7.6e-14, nnz=842(0.0061), time=15
iter=445, #inner=164, relaxed-p-obj=-252.3914, decoded_t=-252.3914, best_decoded=-252.3914, eta=1, p_inf=7.1e-13, d_inf=9.9e-13, gap=1.8e-13, nnz=842(0.0061), time=15
iter=450, #inner=164, relaxed-p-obj=-252.3914, decoded_t=-252.3914, best_decoded=-252.3914, eta=1, p_inf=6.9e-13, d_inf=1e-12, gap=9.9e-14, nnz=842(0.0061), time=15
iter=455, #inner=164, relaxed-p-obj=-252.3914, decoded_t=-252.3914, best_decoded=-252.3914, eta=1, p_inf=6.4e-13, d_inf=9.9e-13, gap=8.7e-14, nnz=842(0.0061), time=15
iter=460, #inner=164, relaxed-p-obj=-252.3914, decoded_t=-252.3914, best_decoded=-252.3914, eta=1, p_inf=6.9e-13, d_inf=9.9e-13, gap=1.3e-13, nnz=842(0.0061), time=15
iter=465, #inner=164, relaxed-p-obj=-252.3914, decoded_t=-252.3914, best_decoded=-252.3914, eta=1, p_inf=7.2e-13, d_inf=1e-12, gap=8.4e-14, nnz=842(0.0061), time=15
iter=470, #inner=164, relaxed-p-obj=-252.3914, decoded_t=-252.3914, best_decoded=-252.3914, eta=1, p_inf=8.2e-13, d_inf=1e-12, gap=6.1e-14, nnz=842(0.0061), time=15
iter=475, #inner=164, relaxed-p-obj=-252.3914, decoded_t=-252.3914, best_decoded=-252.3914, eta=1, p_inf=7.9e-13, d_inf=1e-12, gap=7.2e-14, nnz=842(0.0061), time=16
iter=480, #inner=164, relaxed-p-obj=-252.3914, decoded_t=-252.3914, best_decoded=-252.3914, eta=1, p_inf=7e-13, d_inf=9.9e-13, gap=5.6e-14, nnz=842(0.0061), time=16
iter=485, #inner=164, relaxed-p-obj=-252.3914, decoded_t=-252.3914, best_decoded=-252.3914, eta=1, p_inf=7e-13, d_inf=9.9e-13, gap=8.7e-14, nnz=842(0.0061), time=16
iter=490, #inner=164, relaxed-p-obj=-252.3914, decoded_t=-252.3914, best_decoded=-252.3914, eta=1, p_inf=8.2e-13, d_inf=1e-12, gap=1.3e-13, nnz=842(0.0061), time=16
iter=495, #inner=164, relaxed-p-obj=-252.3914, decoded_t=-252.3914, best_decoded=-252.3914, eta=1, p_inf=6.3e-13, d_inf=1e-12, gap=1.4e-14, nnz=842(0.0061), time=16
iter=500, #inner=164, relaxed-p-obj=-252.3914, decoded_t=-252.3914, best_decoded=-252.3914, eta=1, p_inf=7.3e-13, d_inf=1e-12, gap=9.8e-14, nnz=842(0.0061), time=16
iter=505, #inner=164, relaxed-p-obj=-252.3914, decoded_t=-252.3914, best_decoded=-252.3914, eta=1, p_inf=7.6e-13, d_inf=1e-12, gap=3.5e-14, nnz=842(0.0061), time=17
iter=510, #inner=164, relaxed-p-obj=-252.3914, decoded_t=-252.3914, best_decoded=-252.3914, eta=1, p_inf=7.5e-13, d_inf=1e-12, gap=1e-13, nnz=842(0.0061), time=17
iter=515, #inner=164, relaxed-p-obj=-252.3914, decoded_t=-252.3914, best_decoded=-252.3914, eta=1, p_inf=7.1e-13, d_inf=9.9e-13, gap=2.7e-14, nnz=842(0.0061), time=17
iter=520, #inner=164, relaxed-p-obj=-252.3914, decoded_t=-252.3914, best_decoded=-252.3914, eta=1, p_inf=7.4e-13, d_inf=9.9e-13, gap=6e-14, nnz=842(0.0061), time=17
iter=525, #inner=164, relaxed-p-obj=-252.3914, decoded_t=-252.3914, best_decoded=-252.3914, eta=1, p_inf=7.3e-13, d_inf=9.9e-13, gap=5.3e-14, nnz=842(0.0061), time=17
iter=530, #inner=164, relaxed-p-obj=-252.3914, decoded_t=-252.3914, best_decoded=-252.3914, eta=1, p_inf=6.7e-13, d_inf=1e-12, gap=7e-14, nnz=842(0.0061), time=17
iter=535, #inner=164, relaxed-p-obj=-252.3914, decoded_t=-252.3914, best_decoded=-252.3914, eta=1, p_inf=7.1e-13, d_inf=9.9e-13, gap=1.5e-13, nnz=842(0.0061), time=18
iter=540, #inner=164, relaxed-p-obj=-252.3914, decoded_t=-252.3914, best_decoded=-252.3914, eta=1, p_inf=6.9e-13, d_inf=1e-12, gap=8.6e-14, nnz=842(0.0061), time=18
iter=545, #inner=164, relaxed-p-obj=-252.3914, decoded_t=-252.3914, best_decoded=-252.3914, eta=1, p_inf=7e-13, d_inf=1e-12, gap=8e-14, nnz=842(0.0061), time=18
iter=550, #inner=164, relaxed-p-obj=-252.3914, decoded_t=-252.3914, best_decoded=-252.3914, eta=1, p_inf=7.2e-13, d_inf=1e-12, gap=1.5e-14, nnz=842(0.0061), time=18
iter=555, #inner=164, relaxed-p-obj=-252.3914, decoded_t=-252.3914, best_decoded=-252.3914, eta=1, p_inf=6.5e-13, d_inf=9.9e-13, gap=8.9e-14, nnz=842(0.0061), time=18
iter=560, #inner=164, relaxed-p-obj=-252.3914, decoded_t=-252.3914, best_decoded=-252.3914, eta=1, p_inf=8.3e-13, d_inf=1e-12, gap=1.1e-13, nnz=842(0.0061), time=18
iter=565, #inner=164, relaxed-p-obj=-252.3914, decoded_t=-252.3914, best_decoded=-252.3914, eta=1, p_inf=7.2e-13, d_inf=1e-12, gap=3.4e-14, nnz=842(0.0061), time=18
iter=570, #inner=164, relaxed-p-obj=-252.3914, decoded_t=-252.3914, best_decoded=-252.3914, eta=1, p_inf=6.9e-13, d_inf=1e-12, gap=3.2e-14, nnz=842(0.0061), time=19
iter=575, #inner=164, relaxed-p-obj=-252.3914, decoded_t=-252.3914, best_decoded=-252.3914, eta=1, p_inf=7.3e-13, d_inf=9.9e-13, gap=8.6e-15, nnz=842(0.0061), time=19
iter=580, #inner=164, relaxed-p-obj=-252.3914, decoded_t=-252.3914, best_decoded=-252.3914, eta=1, p_inf=6.5e-13, d_inf=1e-12, gap=7e-15, nnz=842(0.0061), time=19
iter=585, #inner=164, relaxed-p-obj=-252.3914, decoded_t=-252.3914, best_decoded=-252.3914, eta=1, p_inf=7e-13, d_inf=1e-12, gap=1.1e-14, nnz=842(0.0061), time=19
iter=590, #inner=164, relaxed-p-obj=-252.3914, decoded_t=-252.3914, best_decoded=-252.3914, eta=1, p_inf=7e-13, d_inf=1e-12, gap=3.2e-14, nnz=842(0.0061), time=19
iter=595, #inner=164, relaxed-p-obj=-252.3914, decoded_t=-252.3914, best_decoded=-252.3914, eta=1, p_inf=6.7e-13, d_inf=9.9e-13, gap=5.8e-14, nnz=842(0.0061), time=19
iter=600, #inner=164, relaxed-p-obj=-252.3914, decoded_t=-252.3914, best_decoded=-252.3914, eta=1, p_inf=7.1e-13, d_inf=9.9e-13, gap=1.5e-14, nnz=842(0.0061), time=20
iter=605, #inner=164, relaxed-p-obj=-252.3914, decoded_t=-252.3914, best_decoded=-252.3914, eta=1, p_inf=7.3e-13, d_inf=1e-12, gap=8.3e-14, nnz=842(0.0061), time=20
iter=610, #inner=164, relaxed-p-obj=-252.3914, decoded_t=-252.3914, best_decoded=-252.3914, eta=1, p_inf=6.9e-13, d_inf=1e-12, gap=5.7e-14, nnz=842(0.0061), time=20
iter=615, #inner=164, relaxed-p-obj=-252.3914, decoded_t=-252.3914, best_decoded=-252.3914, eta=1, p_inf=6.4e-13, d_inf=9.9e-13, gap=2e-14, nnz=842(0.0061), time=20
iter=620, #inner=164, relaxed-p-obj=-252.3914, decoded_t=-252.3914, best_decoded=-252.3914, eta=1, p_inf=7.5e-13, d_inf=1e-12, gap=1.4e-13, nnz=842(0.0061), time=20
iter=625, #inner=164, relaxed-p-obj=-252.3914, decoded_t=-252.3914, best_decoded=-252.3914, eta=1, p_inf=6.9e-13, d_inf=1e-12, gap=7.8e-14, nnz=842(0.0061), time=20
iter=630, #inner=164, relaxed-p-obj=-252.3914, decoded_t=-252.3914, best_decoded=-252.3914, eta=1, p_inf=7e-13, d_inf=1e-12, gap=9.8e-14, nnz=842(0.0061), time=21
iter=635, #inner=164, relaxed-p-obj=-252.3914, decoded_t=-252.3914, best_decoded=-252.3914, eta=1, p_inf=7e-13, d_inf=9.9e-13, gap=2.1e-14, nnz=842(0.0061), time=21
iter=640, #inner=164, relaxed-p-obj=-252.3914, decoded_t=-252.3914, best_decoded=-252.3914, eta=1, p_inf=6.3e-13, d_inf=9.9e-13, gap=6.3e-14, nnz=842(0.0061), time=21
iter=645, #inner=164, relaxed-p-obj=-252.3914, decoded_t=-252.3914, best_decoded=-252.3914, eta=1, p_inf=7.4e-13, d_inf=9.9e-13, gap=2.6e-14, nnz=842(0.0061), time=21
iter=650, #inner=164, relaxed-p-obj=-252.3914, decoded_t=-252.3914, best_decoded=-252.3914, eta=1, p_inf=7.1e-13, d_inf=1e-12, gap=7.6e-14, nnz=842(0.0061), time=21
iter=655, #inner=164, relaxed-p-obj=-252.3914, decoded_t=-252.3914, best_decoded=-252.3914, eta=1, p_inf=7e-13, d_inf=9.9e-13, gap=6.2e-14, nnz=842(0.0061), time=21
iter=660, #inner=164, relaxed-p-obj=-252.3914, decoded_t=-252.3914, best_decoded=-252.3914, eta=1, p_inf=6.7e-13, d_inf=9.8e-13, gap=1e-14, nnz=842(0.0061), time=21
iter=665, #inner=164, relaxed-p-obj=-252.3914, decoded_t=-252.3914, best_decoded=-252.3914, eta=1, p_inf=6.7e-13, d_inf=9.9e-13, gap=6e-14, nnz=842(0.0061), time=22
iter=670, #inner=164, relaxed-p-obj=-252.3914, decoded_t=-252.3914, best_decoded=-252.3914, eta=1, p_inf=7e-13, d_inf=9.9e-13, gap=2.3e-14, nnz=842(0.0061), time=22
iter=675, #inner=164, relaxed-p-obj=-252.3914, decoded_t=-252.3914, best_decoded=-252.3914, eta=1, p_inf=6.6e-13, d_inf=1e-12, gap=8.2e-15, nnz=842(0.0061), time=22
iter=680, #inner=164, relaxed-p-obj=-252.3914, decoded_t=-252.3914, best_decoded=-252.3914, eta=1, p_inf=6.5e-13, d_inf=9.9e-13, gap=5.6e-14, nnz=842(0.0061), time=22
iter=685, #inner=164, relaxed-p-obj=-252.3914, decoded_t=-252.3914, best_decoded=-252.3914, eta=1, p_inf=7e-13, d_inf=1e-12, gap=1e-13, nnz=842(0.0061), time=22
iter=690, #inner=164, relaxed-p-obj=-252.3914, decoded_t=-252.3914, best_decoded=-252.3914, eta=1, p_inf=6.1e-13, d_inf=1e-12, gap=1.2e-14, nnz=842(0.0061), time=22
iter=695, #inner=164, relaxed-p-obj=-252.3914, decoded_t=-252.3914, best_decoded=-252.3914, eta=1, p_inf=7.3e-13, d_inf=1e-12, gap=2.7e-14, nnz=842(0.0061), time=23
iter=700, #inner=164, relaxed-p-obj=-252.3914, decoded_t=-252.3914, best_decoded=-252.3914, eta=1, p_inf=6.7e-13, d_inf=1e-12, gap=1.1e-13, nnz=842(0.0061), time=23
iter=705, #inner=164, relaxed-p-obj=-252.3914, decoded_t=-252.3914, best_decoded=-252.3914, eta=1, p_inf=7.2e-13, d_inf=9.9e-13, gap=6.4e-14, nnz=842(0.0061), time=23
iter=710, #inner=164, relaxed-p-obj=-252.3914, decoded_t=-252.3914, best_decoded=-252.3914, eta=1, p_inf=7.2e-13, d_inf=9.9e-13, gap=7.1e-14, nnz=842(0.0061), time=23
iter=715, #inner=164, relaxed-p-obj=-252.3914, decoded_t=-252.3914, best_decoded=-252.3914, eta=1, p_inf=6.5e-13, d_inf=1e-12, gap=2.7e-14, nnz=842(0.0061), time=23
iter=720, #inner=164, relaxed-p-obj=-252.3914, decoded_t=-252.3914, best_decoded=-252.3914, eta=1, p_inf=7.2e-13, d_inf=1e-12, gap=8.3e-14, nnz=842(0.0061), time=23
iter=725, #inner=164, relaxed-p-obj=-252.3914, decoded_t=-252.3914, best_decoded=-252.3914, eta=1, p_inf=7.4e-13, d_inf=9.9e-13, gap=3e-14, nnz=842(0.0061), time=24
iter=730, #inner=164, relaxed-p-obj=-252.3914, decoded_t=-252.3914, best_decoded=-252.3914, eta=1, p_inf=7.2e-13, d_inf=9.9e-13, gap=8.6e-15, nnz=842(0.0061), time=24
iter=735, #inner=164, relaxed-p-obj=-252.3914, decoded_t=-252.3914, best_decoded=-252.3914, eta=1, p_inf=6.5e-13, d_inf=1e-12, gap=3.8e-15, nnz=842(0.0061), time=24
iter=740, #inner=164, relaxed-p-obj=-252.3914, decoded_t=-252.3914, best_decoded=-252.3914, eta=1, p_inf=6.7e-13, d_inf=1e-12, gap=1.8e-15, nnz=842(0.0061), time=24
iter=745, #inner=164, relaxed-p-obj=-252.3914, decoded_t=-252.3914, best_decoded=-252.3914, eta=1, p_inf=6.4e-13, d_inf=1e-12, gap=8.6e-14, nnz=842(0.0061), time=24
iter=750, #inner=164, relaxed-p-obj=-252.3914, decoded_t=-252.3914, best_decoded=-252.3914, eta=1, p_inf=7.5e-13, d_inf=9.9e-13, gap=4e-14, nnz=842(0.0061), time=24
iter=755, #inner=164, relaxed-p-obj=-252.3914, decoded_t=-252.3914, best_decoded=-252.3914, eta=1, p_inf=6.9e-13, d_inf=1e-12, gap=6.6e-14, nnz=842(0.0061), time=25
iter=760, #inner=164, relaxed-p-obj=-252.3914, decoded_t=-252.3914, best_decoded=-252.3914, eta=1, p_inf=7.2e-13, d_inf=9.9e-13, gap=1.5e-14, nnz=842(0.0061), time=25
iter=765, #inner=164, relaxed-p-obj=-252.3914, decoded_t=-252.3914, best_decoded=-252.3914, eta=1, p_inf=6.7e-13, d_inf=9.8e-13, gap=9e-14, nnz=842(0.0061), time=25
iter=770, #inner=164, relaxed-p-obj=-252.3914, decoded_t=-252.3914, best_decoded=-252.3914, eta=1, p_inf=6.9e-13, d_inf=1e-12, gap=1.1e-13, nnz=842(0.0061), time=25
iter=775, #inner=164, relaxed-p-obj=-252.3914, decoded_t=-252.3914, best_decoded=-252.3914, eta=1, p_inf=7.6e-13, d_inf=9.8e-13, gap=3.4e-14, nnz=842(0.0061), time=25
iter=780, #inner=164, relaxed-p-obj=-252.3914, decoded_t=-252.3914, best_decoded=-252.3914, eta=1, p_inf=6.6e-13, d_inf=1e-12, gap=2.2e-14, nnz=842(0.0061), time=25
iter=785, #inner=164, relaxed-p-obj=-252.3914, decoded_t=-252.3914, best_decoded=-252.3914, eta=1, p_inf=7.7e-13, d_inf=1e-12, gap=3.8e-14, nnz=842(0.0061), time=25
iter=790, #inner=164, relaxed-p-obj=-252.3914, decoded_t=-252.3914, best_decoded=-252.3914, eta=1, p_inf=6.9e-13, d_inf=9.9e-13, gap=3e-14, nnz=842(0.0061), time=26
iter=795, #inner=164, relaxed-p-obj=-252.3914, decoded_t=-252.3914, best_decoded=-252.3914, eta=1, p_inf=8.1e-13, d_inf=9.9e-13, gap=6.8e-15, nnz=842(0.0061), time=26
iter=800, #inner=164, relaxed-p-obj=-252.3914, decoded_t=-252.3914, best_decoded=-252.3914, eta=1, p_inf=7.3e-13, d_inf=9.9e-13, gap=4e-14, nnz=842(0.0061), time=26
iter=805, #inner=164, relaxed-p-obj=-252.3914, decoded_t=-252.3914, best_decoded=-252.3914, eta=1, p_inf=7.2e-13, d_inf=1e-12, gap=7.5e-15, nnz=842(0.0061), time=26
iter=810, #inner=164, relaxed-p-obj=-252.3914, decoded_t=-252.3914, best_decoded=-252.3914, eta=1, p_inf=7.3e-13, d_inf=1e-12, gap=7.7e-14, nnz=842(0.0061), time=26
iter=815, #inner=164, relaxed-p-obj=-252.3914, decoded_t=-252.3914, best_decoded=-252.3914, eta=1, p_inf=6.6e-13, d_inf=9.9e-13, gap=1.6e-14, nnz=842(0.0061), time=26
iter=820, #inner=164, relaxed-p-obj=-252.3914, decoded_t=-252.3914, best_decoded=-252.3914, eta=1, p_inf=7.3e-13, d_inf=9.9e-13, gap=2.8e-14, nnz=842(0.0061), time=27
iter=825, #inner=164, relaxed-p-obj=-252.3914, decoded_t=-252.3914, best_decoded=-252.3914, eta=1, p_inf=7e-13, d_inf=9.9e-13, gap=1.2e-14, nnz=842(0.0061), time=27
iter=830, #inner=164, relaxed-p-obj=-252.3914, decoded_t=-252.3914, best_decoded=-252.3914, eta=1, p_inf=7.5e-13, d_inf=1e-12, gap=1.1e-15, nnz=842(0.0061), time=27
iter=835, #inner=164, relaxed-p-obj=-252.3914, decoded_t=-252.3914, best_decoded=-252.3914, eta=1, p_inf=7.1e-13, d_inf=1e-12, gap=1.1e-13, nnz=842(0.0061), time=27
iter=840, #inner=164, relaxed-p-obj=-252.3914, decoded_t=-252.3914, best_decoded=-252.3914, eta=1, p_inf=7.6e-13, d_inf=1e-12, gap=2.6e-14, nnz=842(0.0061), time=27
iter=845, #inner=164, relaxed-p-obj=-252.3914, decoded_t=-252.3914, best_decoded=-252.3914, eta=1, p_inf=6.8e-13, d_inf=9.6e-13, gap=8.5e-14, nnz=842(0.0061), time=27
iter=850, #inner=164, relaxed-p-obj=-252.3914, decoded_t=-252.3914, best_decoded=-252.3914, eta=1, p_inf=6.7e-13, d_inf=9.9e-13, gap=2.4e-14, nnz=842(0.0061), time=28
iter=855, #inner=164, relaxed-p-obj=-252.3914, decoded_t=-252.3914, best_decoded=-252.3914, eta=1, p_inf=7.1e-13, d_inf=9.9e-13, gap=1.6e-14, nnz=842(0.0061), time=28
iter=860, #inner=164, relaxed-p-obj=-252.3914, decoded_t=-252.3914, best_decoded=-252.3914, eta=1, p_inf=6.6e-13, d_inf=9.8e-13, gap=1.1e-14, nnz=842(0.0061), time=28
iter=865, #inner=164, relaxed-p-obj=-252.3914, decoded_t=-252.3914, best_decoded=-252.3914, eta=1, p_inf=6.8e-13, d_inf=1e-12, gap=2e-14, nnz=842(0.0061), time=28
iter=870, #inner=164, relaxed-p-obj=-252.3914, decoded_t=-252.3914, best_decoded=-252.3914, eta=1, p_inf=7.7e-13, d_inf=1e-12, gap=1.2e-13, nnz=842(0.0061), time=28
iter=875, #inner=164, relaxed-p-obj=-252.3914, decoded_t=-252.3914, best_decoded=-252.3914, eta=1, p_inf=6.8e-13, d_inf=1e-12, gap=2.3e-14, nnz=842(0.0061), time=28
iter=880, #inner=164, relaxed-p-obj=-252.3914, decoded_t=-252.3914, best_decoded=-252.3914, eta=1, p_inf=7.7e-13, d_inf=1e-12, gap=1.3e-13, nnz=842(0.0061), time=29
iter=885, #inner=164, relaxed-p-obj=-252.3914, decoded_t=-252.3914, best_decoded=-252.3914, eta=1, p_inf=6.5e-13, d_inf=1e-12, gap=8.4e-14, nnz=842(0.0061), time=29
iter=890, #inner=164, relaxed-p-obj=-252.3914, decoded_t=-252.3914, best_decoded=-252.3914, eta=1, p_inf=6.6e-13, d_inf=1e-12, gap=9e-14, nnz=842(0.0061), time=29
iter=895, #inner=164, relaxed-p-obj=-252.3914, decoded_t=-252.3914, best_decoded=-252.3914, eta=1, p_inf=6.6e-13, d_inf=1e-12, gap=9.7e-14, nnz=842(0.0061), time=29
iter=900, #inner=164, relaxed-p-obj=-252.3914, decoded_t=-252.3914, best_decoded=-252.3914, eta=1, p_inf=7.1e-13, d_inf=9.9e-13, gap=2.8e-15, nnz=842(0.0061), time=29
iter=905, #inner=164, relaxed-p-obj=-252.3914, decoded_t=-252.3914, best_decoded=-252.3914, eta=1, p_inf=7e-13, d_inf=9.8e-13, gap=2.3e-16, nnz=842(0.0061), time=29
iter=910, #inner=164, relaxed-p-obj=-252.3914, decoded_t=-252.3914, best_decoded=-252.3914, eta=1, p_inf=7.1e-13, d_inf=9.9e-13, gap=2.3e-14, nnz=842(0.0061), time=29
iter=915, #inner=164, relaxed-p-obj=-252.3914, decoded_t=-252.3914, best_decoded=-252.3914, eta=1, p_inf=7.8e-13, d_inf=9.9e-13, gap=2.7e-14, nnz=842(0.0061), time=30
iter=920, #inner=164, relaxed-p-obj=-252.3914, decoded_t=-252.3914, best_decoded=-252.3914, eta=1, p_inf=6.8e-13, d_inf=1e-12, gap=3.5e-14, nnz=842(0.0061), time=30
iter=925, #inner=164, relaxed-p-obj=-252.3914, decoded_t=-252.3914, best_decoded=-252.3914, eta=1, p_inf=6.6e-13, d_inf=1e-12, gap=8.2e-14, nnz=842(0.0061), time=30
iter=930, #inner=164, relaxed-p-obj=-252.3914, decoded_t=-252.3914, best_decoded=-252.3914, eta=1, p_inf=7.4e-13, d_inf=9.8e-13, gap=3e-15, nnz=842(0.0061), time=30
iter=935, #inner=164, relaxed-p-obj=-252.3914, decoded_t=-252.3914, best_decoded=-252.3914, eta=1, p_inf=7.4e-13, d_inf=1e-12, gap=5.7e-14, nnz=842(0.0061), time=30
iter=940, #inner=164, relaxed-p-obj=-252.3914, decoded_t=-252.3914, best_decoded=-252.3914, eta=1, p_inf=6.7e-13, d_inf=9.9e-13, gap=1.2e-14, nnz=842(0.0061), time=30
iter=945, #inner=164, relaxed-p-obj=-252.3914, decoded_t=-252.3914, best_decoded=-252.3914, eta=1, p_inf=7e-13, d_inf=1e-12, gap=1.8e-13, nnz=842(0.0061), time=31
iter=950, #inner=164, relaxed-p-obj=-252.3914, decoded_t=-252.3914, best_decoded=-252.3914, eta=1, p_inf=7e-13, d_inf=1e-12, gap=1.3e-13, nnz=842(0.0061), time=31
iter=955, #inner=164, relaxed-p-obj=-252.3914, decoded_t=-252.3914, best_decoded=-252.3914, eta=1, p_inf=6.8e-13, d_inf=9.9e-13, gap=1.1e-13, nnz=842(0.0061), time=31
iter=960, #inner=164, relaxed-p-obj=-252.3914, decoded_t=-252.3914, best_decoded=-252.3914, eta=1, p_inf=7.7e-13, d_inf=1e-12, gap=2.3e-13, nnz=842(0.0061), time=31
iter=965, #inner=164, relaxed-p-obj=-252.3914, decoded_t=-252.3914, best_decoded=-252.3914, eta=1, p_inf=7.2e-13, d_inf=9.9e-13, gap=4.5e-14, nnz=842(0.0061), time=31
iter=970, #inner=164, relaxed-p-obj=-252.3914, decoded_t=-252.3914, best_decoded=-252.3914, eta=1, p_inf=6.7e-13, d_inf=9.9e-13, gap=1.6e-13, nnz=842(0.0061), time=31
iter=975, #inner=164, relaxed-p-obj=-252.3914, decoded_t=-252.3914, best_decoded=-252.3914, eta=1, p_inf=7e-13, d_inf=1e-12, gap=7.4e-14, nnz=842(0.0061), time=32
iter=980, #inner=164, relaxed-p-obj=-252.3914, decoded_t=-252.3914, best_decoded=-252.3914, eta=1, p_inf=7.3e-13, d_inf=1e-12, gap=1.9e-14, nnz=842(0.0061), time=32
iter=985, #inner=164, relaxed-p-obj=-252.3914, decoded_t=-252.3914, best_decoded=-252.3914, eta=1, p_inf=7.6e-13, d_inf=1e-12, gap=5.7e-15, nnz=842(0.0061), time=32
iter=990, #inner=164, relaxed-p-obj=-252.3914, decoded_t=-252.3914, best_decoded=-252.3914, eta=1, p_inf=6.5e-13, d_inf=1e-12, gap=4.2e-14, nnz=842(0.0061), time=32
iter=995, #inner=164, relaxed-p-obj=-252.3914, decoded_t=-252.3914, best_decoded=-252.3914, eta=1, p_inf=6.8e-13, d_inf=1e-12, gap=7.9e-15, nnz=842(0.0061), time=32
iter=1000, #inner=164, relaxed-p-obj=-252.3914, decoded_t=-252.3914, best_decoded=-252.3914, eta=1, p_inf=6.9e-13, d_inf=9.9e-13, gap=4.7e-14, nnz=842(0.0061), time=32
iter=1005, #inner=164, relaxed-p-obj=-252.3914, decoded_t=-252.3914, best_decoded=-252.3914, eta=1, p_inf=7.9e-13, d_inf=9.9e-13, gap=9.3e-14, nnz=842(0.0061), time=32
iter=1010, #inner=164, relaxed-p-obj=-252.3914, decoded_t=-252.3914, best_decoded=-252.3914, eta=1, p_inf=6.6e-13, d_inf=1e-12, gap=1.8e-14, nnz=842(0.0061), time=33
iter=1015, #inner=164, relaxed-p-obj=-252.3914, decoded_t=-252.3914, best_decoded=-252.3914, eta=1, p_inf=6.9e-13, d_inf=9.9e-13, gap=1.1e-13, nnz=842(0.0061), time=33
iter=1020, #inner=164, relaxed-p-obj=-252.3914, decoded_t=-252.3914, best_decoded=-252.3914, eta=1, p_inf=6.6e-13, d_inf=1e-12, gap=6.1e-14, nnz=842(0.0061), time=33
iter=1025, #inner=164, relaxed-p-obj=-252.3914, decoded_t=-252.3914, best_decoded=-252.3914, eta=1, p_inf=8.9e-13, d_inf=9.9e-13, gap=4.1e-14, nnz=842(0.0061), time=33
iter=1030, #inner=164, relaxed-p-obj=-252.3914, decoded_t=-252.3914, best_decoded=-252.3914, eta=1, p_inf=6.9e-13, d_inf=9.9e-13, gap=6.1e-14, nnz=842(0.0061), time=33
iter=1035, #inner=164, relaxed-p-obj=-252.3914, decoded_t=-252.3914, best_decoded=-252.3914, eta=1, p_inf=6.5e-13, d_inf=9.7e-13, gap=1.4e-13, nnz=842(0.0061), time=33
iter=1040, #inner=164, relaxed-p-obj=-252.3914, decoded_t=-252.3914, best_decoded=-252.3914, eta=1, p_inf=6.5e-13, d_inf=9.9e-13, gap=2.6e-14, nnz=842(0.0061), time=34
iter=1045, #inner=164, relaxed-p-obj=-252.3914, decoded_t=-252.3914, best_decoded=-252.3914, eta=1, p_inf=7.1e-13, d_inf=1e-12, gap=6.3e-15, nnz=842(0.0061), time=34
iter=1050, #inner=164, relaxed-p-obj=-252.3914, decoded_t=-252.3914, best_decoded=-252.3914, eta=1, p_inf=6.7e-13, d_inf=1e-12, gap=1.3e-14, nnz=842(0.0061), time=34
iter=1055, #inner=164, relaxed-p-obj=-252.3914, decoded_t=-252.3914, best_decoded=-252.3914, eta=1, p_inf=7.4e-13, d_inf=9.8e-13, gap=2.8e-15, nnz=842(0.0061), time=34
iter=1060, #inner=164, relaxed-p-obj=-252.3914, decoded_t=-252.3914, best_decoded=-252.3914, eta=1, p_inf=7.9e-13, d_inf=1e-12, gap=4.4e-14, nnz=842(0.0061), time=34
iter=1065, #inner=164, relaxed-p-obj=-252.3914, decoded_t=-252.3914, best_decoded=-252.3914, eta=1, p_inf=7e-13, d_inf=1e-12, gap=5.5e-14, nnz=842(0.0061), time=34
iter=1070, #inner=164, relaxed-p-obj=-252.3914, decoded_t=-252.3914, best_decoded=-252.3914, eta=1, p_inf=7.4e-13, d_inf=9.9e-13, gap=5.3e-14, nnz=842(0.0061), time=35
iter=1075, #inner=164, relaxed-p-obj=-252.3914, decoded_t=-252.3914, best_decoded=-252.3914, eta=1, p_inf=6.8e-13, d_inf=9.9e-13, gap=8.5e-14, nnz=842(0.0061), time=35
iter=1080, #inner=164, relaxed-p-obj=-252.3914, decoded_t=-252.3914, best_decoded=-252.3914, eta=1, p_inf=7.2e-13, d_inf=1e-12, gap=2e-14, nnz=842(0.0061), time=35
iter=1085, #inner=164, relaxed-p-obj=-252.3914, decoded_t=-252.3914, best_decoded=-252.3914, eta=1, p_inf=6.5e-13, d_inf=9.9e-13, gap=6.2e-14, nnz=842(0.0061), time=35
iter=1090, #inner=164, relaxed-p-obj=-252.3914, decoded_t=-252.3914, best_decoded=-252.3914, eta=1, p_inf=8e-13, d_inf=9.9e-13, gap=2.4e-15, nnz=842(0.0061), time=35
iter=1095, #inner=164, relaxed-p-obj=-252.3914, decoded_t=-252.3914, best_decoded=-252.3914, eta=1, p_inf=6.3e-13, d_inf=9.9e-13, gap=1.1e-13, nnz=842(0.0061), time=35
iter=1100, #inner=164, relaxed-p-obj=-252.3914, decoded_t=-252.3914, best_decoded=-252.3914, eta=1, p_inf=7.2e-13, d_inf=9.9e-13, gap=3.1e-14, nnz=842(0.0061), time=35
iter=1105, #inner=164, relaxed-p-obj=-252.3914, decoded_t=-252.3914, best_decoded=-252.3914, eta=1, p_inf=6.9e-13, d_inf=1e-12, gap=7.8e-15, nnz=842(0.0061), time=36
iter=1110, #inner=164, relaxed-p-obj=-252.3914, decoded_t=-252.3914, best_decoded=-252.3914, eta=1, p_inf=7e-13, d_inf=1e-12, gap=1.7e-13, nnz=842(0.0061), time=36
iter=1115, #inner=164, relaxed-p-obj=-252.3914, decoded_t=-252.3914, best_decoded=-252.3914, eta=1, p_inf=6.9e-13, d_inf=1e-12, gap=8.4e-14, nnz=842(0.0061), time=36
iter=1120, #inner=164, relaxed-p-obj=-252.3914, decoded_t=-252.3914, best_decoded=-252.3914, eta=1, p_inf=7.8e-13, d_inf=9.9e-13, gap=3.4e-15, nnz=842(0.0061), time=36
iter=1125, #inner=164, relaxed-p-obj=-252.3914, decoded_t=-252.3914, best_decoded=-252.3914, eta=1, p_inf=7.1e-13, d_inf=1e-12, gap=2.5e-14, nnz=842(0.0061), time=36
iter=1130, #inner=164, relaxed-p-obj=-252.3914, decoded_t=-252.3914, best_decoded=-252.3914, eta=1, p_inf=7.1e-13, d_inf=9.8e-13, gap=1.3e-13, nnz=842(0.0061), time=36
iter=1135, #inner=164, relaxed-p-obj=-252.3914, decoded_t=-252.3914, best_decoded=-252.3914, eta=1, p_inf=6.9e-13, d_inf=1e-12, gap=1.1e-14, nnz=842(0.0061), time=37
iter=1140, #inner=164, relaxed-p-obj=-252.3914, decoded_t=-252.3914, best_decoded=-252.3914, eta=1, p_inf=6.4e-13, d_inf=9.9e-13, gap=1.9e-13, nnz=842(0.0061), time=37
iter=1145, #inner=164, relaxed-p-obj=-252.3914, decoded_t=-252.3914, best_decoded=-252.3914, eta=1, p_inf=7.6e-13, d_inf=9.8e-13, gap=1.7e-13, nnz=842(0.0061), time=37
iter=1150, #inner=164, relaxed-p-obj=-252.3914, decoded_t=-252.3914, best_decoded=-252.3914, eta=1, p_inf=6.6e-13, d_inf=1e-12, gap=6.4e-15, nnz=842(0.0061), time=37
iter=1155, #inner=164, relaxed-p-obj=-252.3914, decoded_t=-252.3914, best_decoded=-252.3914, eta=1, p_inf=8.2e-13, d_inf=1e-12, gap=1.8e-13, nnz=842(0.0061), time=37
iter=1160, #inner=164, relaxed-p-obj=-252.3914, decoded_t=-252.3914, best_decoded=-252.3914, eta=1, p_inf=6.5e-13, d_inf=9.9e-13, gap=1.6e-13, nnz=842(0.0061), time=37
iter=1165, #inner=164, relaxed-p-obj=-252.3914, decoded_t=-252.3914, best_decoded=-252.3914, eta=1, p_inf=7.3e-13, d_inf=9.9e-13, gap=1.1e-14, nnz=842(0.0061), time=38
iter=1170, #inner=164, relaxed-p-obj=-252.3914, decoded_t=-252.3914, best_decoded=-252.3914, eta=1, p_inf=7.1e-13, d_inf=1e-12, gap=1.3e-13, nnz=842(0.0061), time=38
iter=1175, #inner=164, relaxed-p-obj=-252.3914, decoded_t=-252.3914, best_decoded=-252.3914, eta=1, p_inf=7.3e-13, d_inf=1e-12, gap=1.2e-13, nnz=842(0.0061), time=38
iter=1180, #inner=164, relaxed-p-obj=-252.3914, decoded_t=-252.3914, best_decoded=-252.3914, eta=1, p_inf=6.6e-13, d_inf=1e-12, gap=5.2e-14, nnz=842(0.0061), time=38
iter=1185, #inner=164, relaxed-p-obj=-252.3914, decoded_t=-252.3914, best_decoded=-252.3914, eta=1, p_inf=8e-13, d_inf=1e-12, gap=2.5e-14, nnz=842(0.0061), time=38
iter=1190, #inner=164, relaxed-p-obj=-252.3914, decoded_t=-252.3914, best_decoded=-252.3914, eta=1, p_inf=6.7e-13, d_inf=1e-12, gap=6e-14, nnz=842(0.0061), time=38
iter=1195, #inner=164, relaxed-p-obj=-252.3914, decoded_t=-252.3914, best_decoded=-252.3914, eta=1, p_inf=7.3e-13, d_inf=1e-12, gap=3.6e-14, nnz=842(0.0061), time=39
iter=1200, #inner=164, relaxed-p-obj=-252.3914, decoded_t=-252.3914, best_decoded=-252.3914, eta=1, p_inf=7.9e-13, d_inf=1e-12, gap=7.5e-14, nnz=842(0.0061), time=39
iter=1205, #inner=164, relaxed-p-obj=-252.3914, decoded_t=-252.3914, best_decoded=-252.3914, eta=1, p_inf=6.4e-13, d_inf=9.9e-13, gap=8e-14, nnz=842(0.0061), time=39
iter=1210, #inner=164, relaxed-p-obj=-252.3914, decoded_t=-252.3914, best_decoded=-252.3914, eta=1, p_inf=7.3e-13, d_inf=9.9e-13, gap=3.9e-14, nnz=842(0.0061), time=39
iter=1215, #inner=164, relaxed-p-obj=-252.3914, decoded_t=-252.3914, best_decoded=-252.3914, eta=1, p_inf=7.7e-13, d_inf=9.8e-13, gap=5.6e-14, nnz=842(0.0061), time=39
iter=1220, #inner=164, relaxed-p-obj=-252.3914, decoded_t=-252.3914, best_decoded=-252.3914, eta=1, p_inf=6.5e-13, d_inf=1e-12, gap=5e-14, nnz=842(0.0061), time=39
iter=1225, #inner=164, relaxed-p-obj=-252.3914, decoded_t=-252.3914, best_decoded=-252.3914, eta=1, p_inf=7.1e-13, d_inf=9.9e-13, gap=4.5e-14, nnz=842(0.0061), time=39
iter=1230, #inner=164, relaxed-p-obj=-252.3914, decoded_t=-252.3914, best_decoded=-252.3914, eta=1, p_inf=7.4e-13, d_inf=9.9e-13, gap=2.8e-14, nnz=842(0.0061), time=40
iter=1235, #inner=164, relaxed-p-obj=-252.3914, decoded_t=-252.3914, best_decoded=-252.3914, eta=1, p_inf=6.4e-13, d_inf=1e-12, gap=6.9e-14, nnz=842(0.0061), time=40
iter=1240, #inner=164, relaxed-p-obj=-252.3914, decoded_t=-252.3914, best_decoded=-252.3914, eta=1, p_inf=7.1e-13, d_inf=1e-12, gap=6.9e-14, nnz=842(0.0061), time=40
iter=1245, #inner=164, relaxed-p-obj=-252.3914, decoded_t=-252.3914, best_decoded=-252.3914, eta=1, p_inf=6.9e-13, d_inf=1e-12, gap=9.1e-15, nnz=842(0.0061), time=40
iter=1250, #inner=164, relaxed-p-obj=-252.3914, decoded_t=-252.3914, best_decoded=-252.3914, eta=1, p_inf=6.6e-13, d_inf=1e-12, gap=1.2e-13, nnz=842(0.0061), time=40
iter=1255, #inner=164, relaxed-p-obj=-252.3914, decoded_t=-252.3914, best_decoded=-252.3914, eta=1, p_inf=6.6e-13, d_inf=1e-12, gap=5.2e-14, nnz=842(0.0061), time=40
iter=1260, #inner=164, relaxed-p-obj=-252.3914, decoded_t=-252.3914, best_decoded=-252.3914, eta=1, p_inf=6.8e-13, d_inf=9.9e-13, gap=1.1e-13, nnz=842(0.0061), time=41
iter=1265, #inner=164, relaxed-p-obj=-252.3914, decoded_t=-252.3914, best_decoded=-252.3914, eta=1, p_inf=6.9e-13, d_inf=1e-12, gap=6.5e-14, nnz=842(0.0061), time=41
iter=1270, #inner=164, relaxed-p-obj=-252.3914, decoded_t=-252.3914, best_decoded=-252.3914, eta=1, p_inf=7.4e-13, d_inf=1e-12, gap=9.7e-14, nnz=842(0.0061), time=41
iter=1275, #inner=164, relaxed-p-obj=-252.3914, decoded_t=-252.3914, best_decoded=-252.3914, eta=1, p_inf=6.4e-13, d_inf=9.9e-13, gap=1.3e-13, nnz=842(0.0061), time=41
iter=1280, #inner=164, relaxed-p-obj=-252.3914, decoded_t=-252.3914, best_decoded=-252.3914, eta=1, p_inf=8e-13, d_inf=9.8e-13, gap=1.9e-14, nnz=842(0.0061), time=41
iter=1285, #inner=164, relaxed-p-obj=-252.3914, decoded_t=-252.3914, best_decoded=-252.3914, eta=1, p_inf=7.1e-13, d_inf=1e-12, gap=1.5e-13, nnz=842(0.0061), time=41
iter=1290, #inner=164, relaxed-p-obj=-252.3914, decoded_t=-252.3914, best_decoded=-252.3914, eta=1, p_inf=7.3e-13, d_inf=1e-12, gap=6.4e-14, nnz=842(0.0061), time=42
iter=1295, #inner=164, relaxed-p-obj=-252.3914, decoded_t=-252.3914, best_decoded=-252.3914, eta=1, p_inf=7.2e-13, d_inf=1e-12, gap=1.1e-13, nnz=842(0.0061), time=42
iter=1300, #inner=164, relaxed-p-obj=-252.3914, decoded_t=-252.3914, best_decoded=-252.3914, eta=1, p_inf=7.8e-13, d_inf=1e-12, gap=3.3e-14, nnz=842(0.0061), time=42
iter=1305, #inner=164, relaxed-p-obj=-252.3914, decoded_t=-252.3914, best_decoded=-252.3914, eta=1, p_inf=6.9e-13, d_inf=1e-12, gap=1.5e-13, nnz=842(0.0061), time=42
iter=1310, #inner=164, relaxed-p-obj=-252.3914, decoded_t=-252.3914, best_decoded=-252.3914, eta=1, p_inf=6.7e-13, d_inf=9.9e-13, gap=3.2e-14, nnz=842(0.0061), time=42
iter=1315, #inner=164, relaxed-p-obj=-252.3914, decoded_t=-252.3914, best_decoded=-252.3914, eta=1, p_inf=6.7e-13, d_inf=9.9e-13, gap=1.7e-13, nnz=842(0.0061), time=42
iter=1320, #inner=164, relaxed-p-obj=-252.3914, decoded_t=-252.3914, best_decoded=-252.3914, eta=1, p_inf=6.9e-13, d_inf=1e-12, gap=1.3e-13, nnz=842(0.0061), time=42
iter=1325, #inner=164, relaxed-p-obj=-252.3914, decoded_t=-252.3914, best_decoded=-252.3914, eta=1, p_inf=6.6e-13, d_inf=1e-12, gap=9.8e-14, nnz=842(0.0061), time=43
iter=1330, #inner=164, relaxed-p-obj=-252.3914, decoded_t=-252.3914, best_decoded=-252.3914, eta=1, p_inf=6.9e-13, d_inf=9.9e-13, gap=2.2e-14, nnz=842(0.0061), time=43
iter=1335, #inner=164, relaxed-p-obj=-252.3914, decoded_t=-252.3914, best_decoded=-252.3914, eta=1, p_inf=7.9e-13, d_inf=1e-12, gap=5.7e-14, nnz=842(0.0061), time=43
iter=1340, #inner=164, relaxed-p-obj=-252.3914, decoded_t=-252.3914, best_decoded=-252.3914, eta=1, p_inf=6.5e-13, d_inf=1e-12, gap=6.3e-15, nnz=842(0.0061), time=43
iter=1345, #inner=164, relaxed-p-obj=-252.3914, decoded_t=-252.3914, best_decoded=-252.3914, eta=1, p_inf=7.3e-13, d_inf=1e-12, gap=9.5e-14, nnz=842(0.0061), time=43
iter=1350, #inner=164, relaxed-p-obj=-252.3914, decoded_t=-252.3914, best_decoded=-252.3914, eta=1, p_inf=6.9e-13, d_inf=1e-12, gap=4.2e-15, nnz=842(0.0061), time=43
iter=1355, #inner=164, relaxed-p-obj=-252.3914, decoded_t=-252.3914, best_decoded=-252.3914, eta=1, p_inf=7e-13, d_inf=9.9e-13, gap=8.1e-15, nnz=842(0.0061), time=44
iter=1360, #inner=164, relaxed-p-obj=-252.3914, decoded_t=-252.3914, best_decoded=-252.3914, eta=1, p_inf=6.6e-13, d_inf=1e-12, gap=1.4e-14, nnz=842(0.0061), time=44
iter=1365, #inner=164, relaxed-p-obj=-252.3914, decoded_t=-252.3914, best_decoded=-252.3914, eta=1, p_inf=7.4e-13, d_inf=1e-12, gap=9.4e-14, nnz=842(0.0061), time=44
iter=1370, #inner=164, relaxed-p-obj=-252.3914, decoded_t=-252.3914, best_decoded=-252.3914, eta=1, p_inf=7.9e-13, d_inf=1e-12, gap=3.3e-14, nnz=842(0.0061), time=44
iter=1375, #inner=164, relaxed-p-obj=-252.3914, decoded_t=-252.3914, best_decoded=-252.3914, eta=1, p_inf=6.8e-13, d_inf=1e-12, gap=8.3e-14, nnz=842(0.0061), time=44
iter=1380, #inner=164, relaxed-p-obj=-252.3914, decoded_t=-252.3914, best_decoded=-252.3914, eta=1, p_inf=6.4e-13, d_inf=1e-12, gap=5.6e-14, nnz=842(0.0061), time=44
iter=1385, #inner=164, relaxed-p-obj=-252.3914, decoded_t=-252.3914, best_decoded=-252.3914, eta=1, p_inf=6.9e-13, d_inf=1e-12, gap=4.7e-14, nnz=842(0.0061), time=45
iter=1390, #inner=164, relaxed-p-obj=-252.3914, decoded_t=-252.3914, best_decoded=-252.3914, eta=1, p_inf=6.9e-13, d_inf=9.9e-13, gap=4.7e-14, nnz=842(0.0061), time=45
iter=1395, #inner=164, relaxed-p-obj=-252.3914, decoded_t=-252.3914, best_decoded=-252.3914, eta=1, p_inf=7.6e-13, d_inf=9.9e-13, gap=4.5e-14, nnz=842(0.0061), time=45
iter=1400, #inner=164, relaxed-p-obj=-252.3914, decoded_t=-252.3914, best_decoded=-252.3914, eta=1, p_inf=8.1e-13, d_inf=1e-12, gap=3.8e-14, nnz=842(0.0061), time=45
iter=1405, #inner=164, relaxed-p-obj=-252.3914, decoded_t=-252.3914, best_decoded=-252.3914, eta=1, p_inf=7e-13, d_inf=1e-12, gap=5.1e-14, nnz=842(0.0061), time=45
iter=1410, #inner=164, relaxed-p-obj=-252.3914, decoded_t=-252.3914, best_decoded=-252.3914, eta=1, p_inf=7.1e-13, d_inf=1e-12, gap=4.7e-14, nnz=842(0.0061), time=45
iter=1415, #inner=164, relaxed-p-obj=-252.3914, decoded_t=-252.3914, best_decoded=-252.3914, eta=1, p_inf=6.8e-13, d_inf=1e-12, gap=2.5e-14, nnz=842(0.0061), time=45
iter=1420, #inner=164, relaxed-p-obj=-252.3914, decoded_t=-252.3914, best_decoded=-252.3914, eta=1, p_inf=7.4e-13, d_inf=1e-12, gap=6e-14, nnz=842(0.0061), time=46
iter=1425, #inner=164, relaxed-p-obj=-252.3914, decoded_t=-252.3914, best_decoded=-252.3914, eta=1, p_inf=6.6e-13, d_inf=1e-12, gap=3.7e-15, nnz=842(0.0061), time=46
iter=1430, #inner=164, relaxed-p-obj=-252.3914, decoded_t=-252.3914, best_decoded=-252.3914, eta=1, p_inf=7.7e-13, d_inf=1e-12, gap=5.2e-14, nnz=842(0.0061), time=46
iter=1435, #inner=164, relaxed-p-obj=-252.3914, decoded_t=-252.3914, best_decoded=-252.3914, eta=1, p_inf=7e-13, d_inf=9.9e-13, gap=5.1e-14, nnz=842(0.0061), time=46
iter=1440, #inner=164, relaxed-p-obj=-252.3914, decoded_t=-252.3914, best_decoded=-252.3914, eta=1, p_inf=6.8e-13, d_inf=1e-12, gap=1.1e-13, nnz=842(0.0061), time=46
iter=1445, #inner=164, relaxed-p-obj=-252.3914, decoded_t=-252.3914, best_decoded=-252.3914, eta=1, p_inf=6.8e-13, d_inf=9.8e-13, gap=4.5e-14, nnz=842(0.0061), time=47
iter=1450, #inner=164, relaxed-p-obj=-252.3914, decoded_t=-252.3914, best_decoded=-252.3914, eta=1, p_inf=7.3e-13, d_inf=9.9e-13, gap=5.7e-15, nnz=842(0.0061), time=47
iter=1455, #inner=164, relaxed-p-obj=-252.3914, decoded_t=-252.3914, best_decoded=-252.3914, eta=1, p_inf=7.6e-13, d_inf=9.9e-13, gap=9.4e-14, nnz=842(0.0061), time=47
iter=1460, #inner=164, relaxed-p-obj=-252.3914, decoded_t=-252.3914, best_decoded=-252.3914, eta=1, p_inf=6.9e-13, d_inf=1e-12, gap=1.3e-13, nnz=842(0.0061), time=47
iter=1465, #inner=164, relaxed-p-obj=-252.3914, decoded_t=-252.3914, best_decoded=-252.3914, eta=1, p_inf=8.4e-13, d_inf=1e-12, gap=3.8e-14, nnz=842(0.0061), time=47
iter=1470, #inner=164, relaxed-p-obj=-252.3914, decoded_t=-252.3914, best_decoded=-252.3914, eta=1, p_inf=7.5e-13, d_inf=1e-12, gap=2.5e-14, nnz=842(0.0061), time=48
iter=1475, #inner=164, relaxed-p-obj=-252.3914, decoded_t=-252.3914, best_decoded=-252.3914, eta=1, p_inf=6.7e-13, d_inf=1e-12, gap=2.1e-14, nnz=842(0.0061), time=48
iter=1480, #inner=164, relaxed-p-obj=-252.3914, decoded_t=-252.3914, best_decoded=-252.3914, eta=1, p_inf=7e-13, d_inf=1e-12, gap=1.3e-13, nnz=842(0.0061), time=48
iter=1485, #inner=164, relaxed-p-obj=-252.3914, decoded_t=-252.3914, best_decoded=-252.3914, eta=1, p_inf=6.9e-13, d_inf=9.9e-13, gap=2.1e-13, nnz=842(0.0061), time=48
iter=1490, #inner=164, relaxed-p-obj=-252.3914, decoded_t=-252.3914, best_decoded=-252.3914, eta=1, p_inf=7.4e-13, d_inf=1e-12, gap=1e-13, nnz=842(0.0061), time=48
iter=1495, #inner=164, relaxed-p-obj=-252.3914, decoded_t=-252.3914, best_decoded=-252.3914, eta=1, p_inf=6.8e-13, d_inf=9.9e-13, gap=1.8e-13, nnz=842(0.0061), time=48
iter=1500, #inner=164, relaxed-p-obj=-252.3914, decoded_t=-252.3914, best_decoded=-252.3914, eta=1, p_inf=6.9e-13, d_inf=9.9e-13, gap=2e-13, nnz=842(0.0061), time=48
iter=1505, #inner=164, relaxed-p-obj=-252.3914, decoded_t=-252.3914, best_decoded=-252.3914, eta=1, p_inf=6.8e-13, d_inf=1e-12, gap=4.5e-14, nnz=842(0.0061), time=49
iter=1510, #inner=164, relaxed-p-obj=-252.3914, decoded_t=-252.3914, best_decoded=-252.3914, eta=1, p_inf=8.5e-13, d_inf=1e-12, gap=2.7e-13, nnz=842(0.0061), time=49
iter=1515, #inner=164, relaxed-p-obj=-252.3914, decoded_t=-252.3914, best_decoded=-252.3914, eta=1, p_inf=6.9e-13, d_inf=1e-12, gap=2e-13, nnz=842(0.0061), time=49
iter=1520, #inner=164, relaxed-p-obj=-252.3914, decoded_t=-252.3914, best_decoded=-252.3914, eta=1, p_inf=7.3e-13, d_inf=9.9e-13, gap=2.2e-13, nnz=842(0.0061), time=49
iter=1525, #inner=164, relaxed-p-obj=-252.3914, decoded_t=-252.3914, best_decoded=-252.3914, eta=1, p_inf=6.6e-13, d_inf=1e-12, gap=2.6e-13, nnz=842(0.0061), time=49
iter=1530, #inner=164, relaxed-p-obj=-252.3914, decoded_t=-252.3914, best_decoded=-252.3914, eta=1, p_inf=7e-13, d_inf=1e-12, gap=9e-14, nnz=842(0.0061), time=49
iter=1535, #inner=164, relaxed-p-obj=-252.3914, decoded_t=-252.3914, best_decoded=-252.3914, eta=1, p_inf=6.9e-13, d_inf=9.9e-13, gap=1.2e-13, nnz=842(0.0061), time=50
iter=1540, #inner=164, relaxed-p-obj=-252.3914, decoded_t=-252.3914, best_decoded=-252.3914, eta=1, p_inf=6.5e-13, d_inf=9.9e-13, gap=1.2e-13, nnz=842(0.0061), time=50
iter=1545, #inner=164, relaxed-p-obj=-252.3914, decoded_t=-252.3914, best_decoded=-252.3914, eta=1, p_inf=7.5e-13, d_inf=1e-12, gap=1.1e-13, nnz=842(0.0061), time=50
iter=1550, #inner=164, relaxed-p-obj=-252.3914, decoded_t=-252.3914, best_decoded=-252.3914, eta=1, p_inf=7.3e-13, d_inf=1e-12, gap=6.5e-14, nnz=842(0.0061), time=50
iter=1555, #inner=164, relaxed-p-obj=-252.3914, decoded_t=-252.3914, best_decoded=-252.3914, eta=1, p_inf=6.9e-13, d_inf=1e-12, gap=2.2e-14, nnz=842(0.0061), time=50
iter=1560, #inner=164, relaxed-p-obj=-252.3914, decoded_t=-252.3914, best_decoded=-252.3914, eta=1, p_inf=8.3e-13, d_inf=1e-12, gap=5.6e-14, nnz=842(0.0061), time=50
iter=1565, #inner=164, relaxed-p-obj=-252.3914, decoded_t=-252.3914, best_decoded=-252.3914, eta=1, p_inf=7.3e-13, d_inf=1e-12, gap=4.6e-14, nnz=842(0.0061), time=51
iter=1570, #inner=164, relaxed-p-obj=-252.3914, decoded_t=-252.3914, best_decoded=-252.3914, eta=1, p_inf=6.8e-13, d_inf=1e-12, gap=4.7e-14, nnz=842(0.0061), time=51
iter=1575, #inner=164, relaxed-p-obj=-252.3914, decoded_t=-252.3914, best_decoded=-252.3914, eta=1, p_inf=7.1e-13, d_inf=9.9e-13, gap=1.9e-13, nnz=842(0.0061), time=51
iter=1580, #inner=164, relaxed-p-obj=-252.3914, decoded_t=-252.3914, best_decoded=-252.3914, eta=1, p_inf=6.5e-13, d_inf=1e-12, gap=4.6e-14, nnz=842(0.0061), time=51
iter=1585, #inner=164, relaxed-p-obj=-252.3914, decoded_t=-252.3914, best_decoded=-252.3914, eta=1, p_inf=7.1e-13, d_inf=9.9e-13, gap=8.9e-14, nnz=842(0.0061), time=51
iter=1590, #inner=164, relaxed-p-obj=-252.3914, decoded_t=-252.3914, best_decoded=-252.3914, eta=1, p_inf=7.9e-13, d_inf=9.9e-13, gap=1.9e-13, nnz=842(0.0061), time=51
iter=1595, #inner=164, relaxed-p-obj=-252.3914, decoded_t=-252.3914, best_decoded=-252.3914, eta=1, p_inf=6.9e-13, d_inf=1e-12, gap=4.9e-14, nnz=842(0.0061), time=52
iter=1600, #inner=164, relaxed-p-obj=-252.3914, decoded_t=-252.3914, best_decoded=-252.3914, eta=1, p_inf=7.2e-13, d_inf=9.9e-13, gap=1.2e-13, nnz=842(0.0061), time=52
iter=1605, #inner=164, relaxed-p-obj=-252.3914, decoded_t=-252.3914, best_decoded=-252.3914, eta=1, p_inf=8.7e-13, d_inf=1e-12, gap=1.5e-13, nnz=842(0.0061), time=52
iter=1610, #inner=164, relaxed-p-obj=-252.3914, decoded_t=-252.3914, best_decoded=-252.3914, eta=1, p_inf=6.4e-13, d_inf=1e-12, gap=6.8e-14, nnz=842(0.0061), time=52
iter=1615, #inner=164, relaxed-p-obj=-252.3914, decoded_t=-252.3914, best_decoded=-252.3914, eta=1, p_inf=7e-13, d_inf=9.7e-13, gap=1.8e-13, nnz=842(0.0061), time=52
iter=1620, #inner=164, relaxed-p-obj=-252.3914, decoded_t=-252.3914, best_decoded=-252.3914, eta=1, p_inf=6.9e-13, d_inf=1e-12, gap=1.4e-13, nnz=842(0.0061), time=52
iter=1625, #inner=164, relaxed-p-obj=-252.3914, decoded_t=-252.3914, best_decoded=-252.3914, eta=1, p_inf=6.8e-13, d_inf=9.9e-13, gap=4.8e-14, nnz=842(0.0061), time=53
iter=1630, #inner=164, relaxed-p-obj=-252.3914, decoded_t=-252.3914, best_decoded=-252.3914, eta=1, p_inf=7.3e-13, d_inf=1e-12, gap=8.1e-15, nnz=842(0.0061), time=53
iter=1635, #inner=164, relaxed-p-obj=-252.3914, decoded_t=-252.3914, best_decoded=-252.3914, eta=1, p_inf=6.7e-13, d_inf=9.9e-13, gap=1.4e-13, nnz=842(0.0061), time=53
iter=1640, #inner=164, relaxed-p-obj=-252.3914, decoded_t=-252.3914, best_decoded=-252.3914, eta=1, p_inf=7.6e-13, d_inf=1e-12, gap=6e-14, nnz=842(0.0061), time=53
iter=1645, #inner=164, relaxed-p-obj=-252.3914, decoded_t=-252.3914, best_decoded=-252.3914, eta=1, p_inf=6.8e-13, d_inf=9.9e-13, gap=2.1e-13, nnz=842(0.0061), time=53
iter=1650, #inner=164, relaxed-p-obj=-252.3914, decoded_t=-252.3914, best_decoded=-252.3914, eta=1, p_inf=6.5e-13, d_inf=1e-12, gap=1.5e-13, nnz=842(0.0061), time=53
iter=1655, #inner=164, relaxed-p-obj=-252.3914, decoded_t=-252.3914, best_decoded=-252.3914, eta=1, p_inf=7e-13, d_inf=1e-12, gap=1.8e-14, nnz=842(0.0061), time=53
iter=1660, #inner=164, relaxed-p-obj=-252.3914, decoded_t=-252.3914, best_decoded=-252.3914, eta=1, p_inf=7.3e-13, d_inf=1e-12, gap=2.2e-13, nnz=842(0.0061), time=54
iter=1665, #inner=164, relaxed-p-obj=-252.3914, decoded_t=-252.3914, best_decoded=-252.3914, eta=1, p_inf=8.4e-13, d_inf=9.9e-13, gap=2.2e-13, nnz=842(0.0061), time=54
iter=1670, #inner=164, relaxed-p-obj=-252.3914, decoded_t=-252.3914, best_decoded=-252.3914, eta=1, p_inf=7.9e-13, d_inf=9.9e-13, gap=1.5e-13, nnz=842(0.0061), time=54
iter=1675, #inner=164, relaxed-p-obj=-252.3914, decoded_t=-252.3914, best_decoded=-252.3914, eta=1, p_inf=7.4e-13, d_inf=9.8e-13, gap=1.1e-13, nnz=842(0.0061), time=54
iter=1680, #inner=164, relaxed-p-obj=-252.3914, decoded_t=-252.3914, best_decoded=-252.3914, eta=1, p_inf=6.5e-13, d_inf=9.9e-13, gap=7.5e-14, nnz=842(0.0061), time=54
iter=1685, #inner=164, relaxed-p-obj=-252.3914, decoded_t=-252.3914, best_decoded=-252.3914, eta=1, p_inf=8.2e-13, d_inf=1e-12, gap=1.1e-13, nnz=842(0.0061), time=54
iter=1690, #inner=164, relaxed-p-obj=-252.3914, decoded_t=-252.3914, best_decoded=-252.3914, eta=1, p_inf=7e-13, d_inf=9.8e-13, gap=6.3e-15, nnz=842(0.0061), time=55
iter=1695, #inner=164, relaxed-p-obj=-252.3914, decoded_t=-252.3914, best_decoded=-252.3914, eta=1, p_inf=7e-13, d_inf=1e-12, gap=2.1e-13, nnz=842(0.0061), time=55
iter=1700, #inner=164, relaxed-p-obj=-252.3914, decoded_t=-252.3914, best_decoded=-252.3914, eta=1, p_inf=8.6e-13, d_inf=9.9e-13, gap=1.6e-13, nnz=842(0.0061), time=55
iter=1705, #inner=164, relaxed-p-obj=-252.3914, decoded_t=-252.3914, best_decoded=-252.3914, eta=1, p_inf=7.7e-13, d_inf=9.9e-13, gap=8.3e-14, nnz=842(0.0061), time=55
iter=1710, #inner=164, relaxed-p-obj=-252.3914, decoded_t=-252.3914, best_decoded=-252.3914, eta=1, p_inf=6.8e-13, d_inf=9.8e-13, gap=1.9e-13, nnz=842(0.0061), time=55
iter=1715, #inner=164, relaxed-p-obj=-252.3914, decoded_t=-252.3914, best_decoded=-252.3914, eta=1, p_inf=8.2e-13, d_inf=1e-12, gap=6e-14, nnz=842(0.0061), time=55
iter=1720, #inner=164, relaxed-p-obj=-252.3914, decoded_t=-252.3914, best_decoded=-252.3914, eta=1, p_inf=7.3e-13, d_inf=1e-12, gap=2.6e-13, nnz=842(0.0061), time=56
iter=1725, #inner=164, relaxed-p-obj=-252.3914, decoded_t=-252.3914, best_decoded=-252.3914, eta=1, p_inf=6.1e-13, d_inf=1e-12, gap=1.9e-13, nnz=842(0.0061), time=56
iter=1730, #inner=164, relaxed-p-obj=-252.3914, decoded_t=-252.3914, best_decoded=-252.3914, eta=1, p_inf=7.2e-13, d_inf=1e-12, gap=1.8e-14, nnz=842(0.0061), time=56
iter=1735, #inner=164, relaxed-p-obj=-252.3914, decoded_t=-252.3914, best_decoded=-252.3914, eta=1, p_inf=7.4e-13, d_inf=1e-12, gap=2.2e-13, nnz=842(0.0061), time=56
iter=1740, #inner=164, relaxed-p-obj=-252.3914, decoded_t=-252.3914, best_decoded=-252.3914, eta=1, p_inf=6.9e-13, d_inf=9.8e-13, gap=1.2e-13, nnz=842(0.0061), time=56
iter=1745, #inner=164, relaxed-p-obj=-252.3914, decoded_t=-252.3914, best_decoded=-252.3914, eta=1, p_inf=7.7e-13, d_inf=9.9e-13, gap=1.2e-13, nnz=842(0.0061), time=56
iter=1750, #inner=164, relaxed-p-obj=-252.3914, decoded_t=-252.3914, best_decoded=-252.3914, eta=1, p_inf=6.8e-13, d_inf=1e-12, gap=1.5e-13, nnz=842(0.0061), time=57
iter=1755, #inner=164, relaxed-p-obj=-252.3914, decoded_t=-252.3914, best_decoded=-252.3914, eta=1, p_inf=6.9e-13, d_inf=1e-12, gap=3.3e-14, nnz=842(0.0061), time=57
iter=1760, #inner=164, relaxed-p-obj=-252.3914, decoded_t=-252.3914, best_decoded=-252.3914, eta=1, p_inf=6.5e-13, d_inf=9.9e-13, gap=1.4e-13, nnz=842(0.0061), time=57
iter=1765, #inner=164, relaxed-p-obj=-252.3914, decoded_t=-252.3914, best_decoded=-252.3914, eta=1, p_inf=7.1e-13, d_inf=1e-12, gap=1.1e-13, nnz=842(0.0061), time=57
iter=1770, #inner=164, relaxed-p-obj=-252.3914, decoded_t=-252.3914, best_decoded=-252.3914, eta=1, p_inf=7.3e-13, d_inf=9.9e-13, gap=1.1e-14, nnz=842(0.0061), time=57
iter=1775, #inner=164, relaxed-p-obj=-252.3914, decoded_t=-252.3914, best_decoded=-252.3914, eta=1, p_inf=7.6e-13, d_inf=9.8e-13, gap=1.2e-13, nnz=842(0.0061), time=57
iter=1780, #inner=164, relaxed-p-obj=-252.3914, decoded_t=-252.3914, best_decoded=-252.3914, eta=1, p_inf=6.7e-13, d_inf=9.8e-13, gap=8.5e-14, nnz=842(0.0061), time=58
iter=1785, #inner=164, relaxed-p-obj=-252.3914, decoded_t=-252.3914, best_decoded=-252.3914, eta=1, p_inf=6.8e-13, d_inf=1e-12, gap=3.4e-14, nnz=842(0.0061), time=58
iter=1790, #inner=164, relaxed-p-obj=-252.3914, decoded_t=-252.3914, best_decoded=-252.3914, eta=1, p_inf=7.1e-13, d_inf=9.9e-13, gap=5.6e-14, nnz=842(0.0061), time=58
iter=1795, #inner=164, relaxed-p-obj=-252.3914, decoded_t=-252.3914, best_decoded=-252.3914, eta=1, p_inf=7.3e-13, d_inf=9.9e-13, gap=6.1e-14, nnz=842(0.0061), time=58
iter=1800, #inner=164, relaxed-p-obj=-252.3914, decoded_t=-252.3914, best_decoded=-252.3914, eta=1, p_inf=6.7e-13, d_inf=1e-12, gap=4e-14, nnz=842(0.0061), time=58
iter=1805, #inner=164, relaxed-p-obj=-252.3914, decoded_t=-252.3914, best_decoded=-252.3914, eta=1, p_inf=7e-13, d_inf=9.9e-13, gap=1.6e-14, nnz=842(0.0061), time=58
iter=1810, #inner=164, relaxed-p-obj=-252.3914, decoded_t=-252.3914, best_decoded=-252.3914, eta=1, p_inf=6.7e-13, d_inf=9.9e-13, gap=5.5e-15, nnz=842(0.0061), time=59
iter=1815, #inner=164, relaxed-p-obj=-252.3914, decoded_t=-252.3914, best_decoded=-252.3914, eta=1, p_inf=7.2e-13, d_inf=1e-12, gap=2.6e-14, nnz=842(0.0061), time=59
iter=1820, #inner=164, relaxed-p-obj=-252.3914, decoded_t=-252.3914, best_decoded=-252.3914, eta=1, p_inf=6.8e-13, d_inf=1e-12, gap=5.2e-14, nnz=842(0.0061), time=59
iter=1825, #inner=164, relaxed-p-obj=-252.3914, decoded_t=-252.3914, best_decoded=-252.3914, eta=1, p_inf=7.2e-13, d_inf=9.9e-13, gap=1.4e-14, nnz=842(0.0061), time=59
iter=1830, #inner=164, relaxed-p-obj=-252.3914, decoded_t=-252.3914, best_decoded=-252.3914, eta=1, p_inf=7.2e-13, d_inf=1e-12, gap=1.5e-13, nnz=842(0.0061), time=59
iter=1835, #inner=164, relaxed-p-obj=-252.3914, decoded_t=-252.3914, best_decoded=-252.3914, eta=1, p_inf=7.4e-13, d_inf=9.9e-13, gap=1e-13, nnz=842(0.0061), time=59
iter=1840, #inner=164, relaxed-p-obj=-252.3914, decoded_t=-252.3914, best_decoded=-252.3914, eta=1, p_inf=7e-13, d_inf=1e-12, gap=8.9e-15, nnz=842(0.0061), time=59
iter=1845, #inner=164, relaxed-p-obj=-252.3914, decoded_t=-252.3914, best_decoded=-252.3914, eta=1, p_inf=7.5e-13, d_inf=9.8e-13, gap=7.9e-14, nnz=842(0.0061), time=60
iter=1850, #inner=164, relaxed-p-obj=-252.3914, decoded_t=-252.3914, best_decoded=-252.3914, eta=1, p_inf=6.5e-13, d_inf=1e-12, gap=2.9e-14, nnz=842(0.0061), time=60
iter=1855, #inner=164, relaxed-p-obj=-252.3914, decoded_t=-252.3914, best_decoded=-252.3914, eta=1, p_inf=7.3e-13, d_inf=9.9e-13, gap=1.2e-14, nnz=842(0.0061), time=60
iter=1860, #inner=164, relaxed-p-obj=-252.3914, decoded_t=-252.3914, best_decoded=-252.3914, eta=1, p_inf=8.2e-13, d_inf=1e-12, gap=1.6e-14, nnz=842(0.0061), time=60
iter=1865, #inner=164, relaxed-p-obj=-252.3914, decoded_t=-252.3914, best_decoded=-252.3914, eta=1, p_inf=6.6e-13, d_inf=9.9e-13, gap=1.4e-14, nnz=842(0.0061), time=60
iter=1870, #inner=164, relaxed-p-obj=-252.3914, decoded_t=-252.3914, best_decoded=-252.3914, eta=1, p_inf=7.1e-13, d_inf=1e-12, gap=5e-14, nnz=842(0.0061), time=60
iter=1875, #inner=164, relaxed-p-obj=-252.3914, decoded_t=-252.3914, best_decoded=-252.3914, eta=1, p_inf=6.8e-13, d_inf=1e-12, gap=7.3e-14, nnz=842(0.0061), time=61
iter=1880, #inner=164, relaxed-p-obj=-252.3914, decoded_t=-252.3914, best_decoded=-252.3914, eta=1, p_inf=7.2e-13, d_inf=1e-12, gap=1e-13, nnz=842(0.0061), time=61
iter=1885, #inner=164, relaxed-p-obj=-252.3914, decoded_t=-252.3914, best_decoded=-252.3914, eta=1, p_inf=7.8e-13, d_inf=1e-12, gap=8.3e-14, nnz=842(0.0061), time=61
iter=1890, #inner=164, relaxed-p-obj=-252.3914, decoded_t=-252.3914, best_decoded=-252.3914, eta=1, p_inf=7.4e-13, d_inf=1e-12, gap=3.5e-14, nnz=842(0.0061), time=61
iter=1895, #inner=164, relaxed-p-obj=-252.3914, decoded_t=-252.3914, best_decoded=-252.3914, eta=1, p_inf=6.6e-13, d_inf=1e-12, gap=1.2e-13, nnz=842(0.0061), time=61
iter=1900, #inner=164, relaxed-p-obj=-252.3914, decoded_t=-252.3914, best_decoded=-252.3914, eta=1, p_inf=7.3e-13, d_inf=1e-12, gap=1.7e-13, nnz=842(0.0061), time=61
iter=1905, #inner=164, relaxed-p-obj=-252.3914, decoded_t=-252.3914, best_decoded=-252.3914, eta=1, p_inf=6.8e-13, d_inf=9.9e-13, gap=3.4e-14, nnz=842(0.0061), time=62
iter=1910, #inner=164, relaxed-p-obj=-252.3914, decoded_t=-252.3914, best_decoded=-252.3914, eta=1, p_inf=7.1e-13, d_inf=1e-12, gap=2.4e-13, nnz=842(0.0061), time=62
iter=1915, #inner=164, relaxed-p-obj=-252.3914, decoded_t=-252.3914, best_decoded=-252.3914, eta=1, p_inf=6.5e-13, d_inf=9.9e-13, gap=1.2e-13, nnz=842(0.0061), time=62
iter=1920, #inner=164, relaxed-p-obj=-252.3914, decoded_t=-252.3914, best_decoded=-252.3914, eta=1, p_inf=6.7e-13, d_inf=1e-12, gap=1.1e-13, nnz=842(0.0061), time=62
iter=1925, #inner=164, relaxed-p-obj=-252.3914, decoded_t=-252.3914, best_decoded=-252.3914, eta=1, p_inf=7.5e-13, d_inf=1e-12, gap=1.5e-13, nnz=842(0.0061), time=62
iter=1930, #inner=164, relaxed-p-obj=-252.3914, decoded_t=-252.3914, best_decoded=-252.3914, eta=1, p_inf=7e-13, d_inf=9.9e-13, gap=8.1e-15, nnz=842(0.0061), time=62
iter=1935, #inner=164, relaxed-p-obj=-252.3914, decoded_t=-252.3914, best_decoded=-252.3914, eta=1, p_inf=7.4e-13, d_inf=1e-12, gap=1.9e-13, nnz=842(0.0061), time=63
iter=1940, #inner=164, relaxed-p-obj=-252.3914, decoded_t=-252.3914, best_decoded=-252.3914, eta=1, p_inf=7e-13, d_inf=1e-12, gap=3.6e-14, nnz=842(0.0061), time=63
iter=1945, #inner=164, relaxed-p-obj=-252.3914, decoded_t=-252.3914, best_decoded=-252.3914, eta=1, p_inf=7.2e-13, d_inf=1e-12, gap=7.1e-14, nnz=842(0.0061), time=63
iter=1950, #inner=164, relaxed-p-obj=-252.3914, decoded_t=-252.3914, best_decoded=-252.3914, eta=1, p_inf=7.2e-13, d_inf=1e-12, gap=1.5e-13, nnz=842(0.0061), time=63
iter=1955, #inner=164, relaxed-p-obj=-252.3914, decoded_t=-252.3914, best_decoded=-252.3914, eta=1, p_inf=7e-13, d_inf=1e-12, gap=1.1e-13, nnz=842(0.0061), time=63
iter=1960, #inner=164, relaxed-p-obj=-252.3914, decoded_t=-252.3914, best_decoded=-252.3914, eta=1, p_inf=6.9e-13, d_inf=1e-12, gap=1e-14, nnz=842(0.0061), time=63
iter=1965, #inner=164, relaxed-p-obj=-252.3914, decoded_t=-252.3914, best_decoded=-252.3914, eta=1, p_inf=7.5e-13, d_inf=1e-12, gap=7e-14, nnz=842(0.0061), time=63
iter=1970, #inner=164, relaxed-p-obj=-252.3914, decoded_t=-252.3914, best_decoded=-252.3914, eta=1, p_inf=6.6e-13, d_inf=1e-12, gap=6.6e-14, nnz=842(0.0061), time=64
iter=1975, #inner=164, relaxed-p-obj=-252.3914, decoded_t=-252.3914, best_decoded=-252.3914, eta=1, p_inf=7.1e-13, d_inf=1e-12, gap=3e-14, nnz=842(0.0061), time=64
iter=1980, #inner=164, relaxed-p-obj=-252.3914, decoded_t=-252.3914, best_decoded=-252.3914, eta=1, p_inf=8.8e-13, d_inf=1e-12, gap=4.4e-14, nnz=842(0.0061), time=64
iter=1985, #inner=164, relaxed-p-obj=-252.3914, decoded_t=-252.3914, best_decoded=-252.3914, eta=1, p_inf=6.8e-13, d_inf=1e-12, gap=2.8e-15, nnz=842(0.0061), time=64
iter=1990, #inner=164, relaxed-p-obj=-252.3914, decoded_t=-252.3914, best_decoded=-252.3914, eta=1, p_inf=6.8e-13, d_inf=1e-12, gap=5e-14, nnz=842(0.0061), time=64
iter=1995, #inner=164, relaxed-p-obj=-252.3914, decoded_t=-252.3914, best_decoded=-252.3914, eta=1, p_inf=7e-13, d_inf=9.9e-13, gap=9.6e-15, nnz=842(0.0061), time=64
iter=2000, #inner=164, relaxed-p-obj=-252.3914, decoded_t=-252.3914, best_decoded=-252.3914, eta=1, p_inf=7.1e-13, d_inf=9.9e-13, gap=1.3e-14, nnz=842(0.0061), time=65
iter=2005, #inner=164, relaxed-p-obj=-252.3914, decoded_t=-252.3914, best_decoded=-252.3914, eta=1, p_inf=6.5e-13, d_inf=1e-12, gap=2.8e-14, nnz=842(0.0061), time=65
iter=2010, #inner=164, relaxed-p-obj=-252.3914, decoded_t=-252.3914, best_decoded=-252.3914, eta=1, p_inf=6.6e-13, d_inf=9.8e-13, gap=6.5e-14, nnz=842(0.0061), time=65
iter=2015, #inner=164, relaxed-p-obj=-252.3914, decoded_t=-252.3914, best_decoded=-252.3914, eta=1, p_inf=7.2e-13, d_inf=9.9e-13, gap=1.8e-14, nnz=842(0.0061), time=65
iter=2020, #inner=164, relaxed-p-obj=-252.3914, decoded_t=-252.3914, best_decoded=-252.3914, eta=1, p_inf=7.7e-13, d_inf=9.9e-13, gap=2.5e-14, nnz=842(0.0061), time=65
iter=2025, #inner=164, relaxed-p-obj=-252.3914, decoded_t=-252.3914, best_decoded=-252.3914, eta=1, p_inf=7.6e-13, d_inf=9.9e-13, gap=1.4e-14, nnz=842(0.0061), time=65
iter=2030, #inner=164, relaxed-p-obj=-252.3914, decoded_t=-252.3914, best_decoded=-252.3914, eta=1, p_inf=7e-13, d_inf=9.9e-13, gap=7.2e-14, nnz=842(0.0061), time=66
iter=2035, #inner=164, relaxed-p-obj=-252.3914, decoded_t=-252.3914, best_decoded=-252.3914, eta=1, p_inf=7.5e-13, d_inf=1e-12, gap=3.3e-14, nnz=842(0.0061), time=66
iter=2040, #inner=164, relaxed-p-obj=-252.3914, decoded_t=-252.3914, best_decoded=-252.3914, eta=1, p_inf=7.4e-13, d_inf=9.9e-13, gap=1.2e-14, nnz=842(0.0061), time=66
iter=2045, #inner=164, relaxed-p-obj=-252.3914, decoded_t=-252.3914, best_decoded=-252.3914, eta=1, p_inf=7e-13, d_inf=1e-12, gap=7.3e-14, nnz=842(0.0061), time=66
iter=2050, #inner=164, relaxed-p-obj=-252.3914, decoded_t=-252.3914, best_decoded=-252.3914, eta=1, p_inf=8e-13, d_inf=1e-12, gap=6.6e-14, nnz=842(0.0061), time=66
iter=2055, #inner=164, relaxed-p-obj=-252.3914, decoded_t=-252.3914, best_decoded=-252.3914, eta=1, p_inf=6.8e-13, d_inf=9.9e-13, gap=4.1e-14, nnz=842(0.0061), time=66
iter=2060, #inner=164, relaxed-p-obj=-252.3914, decoded_t=-252.3914, best_decoded=-252.3914, eta=1, p_inf=7.2e-13, d_inf=9.9e-13, gap=4e-14, nnz=842(0.0061), time=66
iter=2065, #inner=164, relaxed-p-obj=-252.3914, decoded_t=-252.3914, best_decoded=-252.3914, eta=1, p_inf=7e-13, d_inf=1e-12, gap=1.5e-15, nnz=842(0.0061), time=67
iter=2070, #inner=164, relaxed-p-obj=-252.3914, decoded_t=-252.3914, best_decoded=-252.3914, eta=1, p_inf=7.5e-13, d_inf=9.9e-13, gap=2e-14, nnz=842(0.0061), time=67
iter=2075, #inner=164, relaxed-p-obj=-252.3914, decoded_t=-252.3914, best_decoded=-252.3914, eta=1, p_inf=6.9e-13, d_inf=1e-12, gap=5.8e-14, nnz=842(0.0061), time=67
iter=2080, #inner=164, relaxed-p-obj=-252.3914, decoded_t=-252.3914, best_decoded=-252.3914, eta=1, p_inf=7.2e-13, d_inf=1e-12, gap=4.6e-14, nnz=842(0.0061), time=67
iter=2085, #inner=164, relaxed-p-obj=-252.3914, decoded_t=-252.3914, best_decoded=-252.3914, eta=1, p_inf=6.6e-13, d_inf=1e-12, gap=6.8e-14, nnz=842(0.0061), time=67
iter=2090, #inner=164, relaxed-p-obj=-252.3914, decoded_t=-252.3914, best_decoded=-252.3914, eta=1, p_inf=6.8e-13, d_inf=1e-12, gap=1.5e-13, nnz=842(0.0061), time=67
iter=2095, #inner=164, relaxed-p-obj=-252.3914, decoded_t=-252.3914, best_decoded=-252.3914, eta=1, p_inf=7.6e-13, d_inf=1e-12, gap=7e-15, nnz=842(0.0061), time=68
iter=2100, #inner=164, relaxed-p-obj=-252.3914, decoded_t=-252.3914, best_decoded=-252.3914, eta=1, p_inf=6.5e-13, d_inf=9.9e-13, gap=9.1e-14, nnz=842(0.0061), time=68
iter=2105, #inner=164, relaxed-p-obj=-252.3914, decoded_t=-252.3914, best_decoded=-252.3914, eta=1, p_inf=6.9e-13, d_inf=9.9e-13, gap=1.1e-13, nnz=842(0.0061), time=68
iter=2110, #inner=164, relaxed-p-obj=-252.3914, decoded_t=-252.3914, best_decoded=-252.3914, eta=1, p_inf=8.5e-13, d_inf=1e-12, gap=3.9e-14, nnz=842(0.0061), time=68
iter=2115, #inner=164, relaxed-p-obj=-252.3914, decoded_t=-252.3914, best_decoded=-252.3914, eta=1, p_inf=7e-13, d_inf=1e-12, gap=1e-13, nnz=842(0.0061), time=68
iter=2120, #inner=164, relaxed-p-obj=-252.3914, decoded_t=-252.3914, best_decoded=-252.3914, eta=1, p_inf=6.7e-13, d_inf=1e-12, gap=2.8e-13, nnz=842(0.0061), time=68
iter=2125, #inner=164, relaxed-p-obj=-252.3914, decoded_t=-252.3914, best_decoded=-252.3914, eta=1, p_inf=7.1e-13, d_inf=1e-12, gap=2.1e-15, nnz=842(0.0061), time=69
iter=2130, #inner=164, relaxed-p-obj=-252.3914, decoded_t=-252.3914, best_decoded=-252.3914, eta=1, p_inf=8e-13, d_inf=1e-12, gap=8.5e-14, nnz=842(0.0061), time=69
iter=2135, #inner=164, relaxed-p-obj=-252.3914, decoded_t=-252.3914, best_decoded=-252.3914, eta=1, p_inf=6.9e-13, d_inf=9.9e-13, gap=1.9e-13, nnz=842(0.0061), time=69
iter=2140, #inner=164, relaxed-p-obj=-252.3914, decoded_t=-252.3914, best_decoded=-252.3914, eta=1, p_inf=7.1e-13, d_inf=1e-12, gap=5.1e-14, nnz=842(0.0061), time=69
iter=2145, #inner=164, relaxed-p-obj=-252.3914, decoded_t=-252.3914, best_decoded=-252.3914, eta=1, p_inf=6.8e-13, d_inf=1e-12, gap=6.5e-14, nnz=842(0.0061), time=69
iter=2150, #inner=164, relaxed-p-obj=-252.3914, decoded_t=-252.3914, best_decoded=-252.3914, eta=1, p_inf=6.7e-13, d_inf=9.9e-13, gap=1.5e-13, nnz=842(0.0061), time=70
iter=2155, #inner=164, relaxed-p-obj=-252.3914, decoded_t=-252.3914, best_decoded=-252.3914, eta=1, p_inf=7.5e-13, d_inf=1e-12, gap=5.9e-14, nnz=842(0.0061), time=70
iter=2160, #inner=164, relaxed-p-obj=-252.3914, decoded_t=-252.3914, best_decoded=-252.3914, eta=1, p_inf=8.1e-13, d_inf=1e-12, gap=2.3e-14, nnz=842(0.0061), time=70
iter=2165, #inner=164, relaxed-p-obj=-252.3914, decoded_t=-252.3914, best_decoded=-252.3914, eta=1, p_inf=7.4e-13, d_inf=1e-12, gap=7.6e-14, nnz=842(0.0061), time=70
iter=2170, #inner=164, relaxed-p-obj=-252.3914, decoded_t=-252.3914, best_decoded=-252.3914, eta=1, p_inf=7.7e-13, d_inf=1e-12, gap=9.1e-14, nnz=842(0.0061), time=70
iter=2175, #inner=164, relaxed-p-obj=-252.3914, decoded_t=-252.3914, best_decoded=-252.3914, eta=1, p_inf=7.3e-13, d_inf=9.9e-13, gap=5.8e-14, nnz=842(0.0061), time=70
iter=2180, #inner=164, relaxed-p-obj=-252.3914, decoded_t=-252.3914, best_decoded=-252.3914, eta=1, p_inf=7.7e-13, d_inf=1e-12, gap=9.5e-14, nnz=842(0.0061), time=70
iter=2185, #inner=164, relaxed-p-obj=-252.3914, decoded_t=-252.3914, best_decoded=-252.3914, eta=1, p_inf=6.5e-13, d_inf=1e-12, gap=3.3e-14, nnz=842(0.0061), time=71
iter=2190, #inner=164, relaxed-p-obj=-252.3914, decoded_t=-252.3914, best_decoded=-252.3914, eta=1, p_inf=7.5e-13, d_inf=1e-12, gap=6.2e-14, nnz=842(0.0061), time=71
iter=2195, #inner=164, relaxed-p-obj=-252.3914, decoded_t=-252.3914, best_decoded=-252.3914, eta=1, p_inf=6.8e-13, d_inf=1e-12, gap=3.3e-14, nnz=842(0.0061), time=71
iter=2200, #inner=164, relaxed-p-obj=-252.3914, decoded_t=-252.3914, best_decoded=-252.3914, eta=1, p_inf=6.9e-13, d_inf=1e-12, gap=1e-13, nnz=842(0.0061), time=71
iter=2205, #inner=164, relaxed-p-obj=-252.3914, decoded_t=-252.3914, best_decoded=-252.3914, eta=1, p_inf=7.8e-13, d_inf=1e-12, gap=1.1e-13, nnz=842(0.0061), time=71
iter=2210, #inner=164, relaxed-p-obj=-252.3914, decoded_t=-252.3914, best_decoded=-252.3914, eta=1, p_inf=7.1e-13, d_inf=9.8e-13, gap=2.8e-14, nnz=842(0.0061), time=71
iter=2215, #inner=164, relaxed-p-obj=-252.3914, decoded_t=-252.3914, best_decoded=-252.3914, eta=1, p_inf=7.4e-13, d_inf=9.9e-13, gap=2.1e-14, nnz=842(0.0061), time=72
iter=2220, #inner=164, relaxed-p-obj=-252.3914, decoded_t=-252.3914, best_decoded=-252.3914, eta=1, p_inf=6.8e-13, d_inf=1e-12, gap=7.3e-14, nnz=842(0.0061), time=72
iter=2225, #inner=164, relaxed-p-obj=-252.3914, decoded_t=-252.3914, best_decoded=-252.3914, eta=1, p_inf=7.5e-13, d_inf=9.8e-13, gap=1.1e-14, nnz=842(0.0061), time=72
iter=2230, #inner=164, relaxed-p-obj=-252.3914, decoded_t=-252.3914, best_decoded=-252.3914, eta=1, p_inf=6.8e-13, d_inf=9.9e-13, gap=1.5e-14, nnz=842(0.0061), time=72
iter=2235, #inner=164, relaxed-p-obj=-252.3914, decoded_t=-252.3914, best_decoded=-252.3914, eta=1, p_inf=6.7e-13, d_inf=9.9e-13, gap=2.9e-14, nnz=842(0.0061), time=72
iter=2240, #inner=164, relaxed-p-obj=-252.3914, decoded_t=-252.3914, best_decoded=-252.3914, eta=1, p_inf=7.6e-13, d_inf=9.9e-13, gap=2.3e-14, nnz=842(0.0061), time=72
iter=2245, #inner=164, relaxed-p-obj=-252.3914, decoded_t=-252.3914, best_decoded=-252.3914, eta=1, p_inf=6.8e-13, d_inf=1e-12, gap=1.6e-13, nnz=842(0.0061), time=73
iter=2250, #inner=164, relaxed-p-obj=-252.3914, decoded_t=-252.3914, best_decoded=-252.3914, eta=1, p_inf=7.9e-13, d_inf=9.9e-13, gap=1.7e-13, nnz=842(0.0061), time=73
iter=2255, #inner=164, relaxed-p-obj=-252.3914, decoded_t=-252.3914, best_decoded=-252.3914, eta=1, p_inf=7.6e-13, d_inf=1e-12, gap=1.1e-16, nnz=842(0.0061), time=73
iter=2260, #inner=164, relaxed-p-obj=-252.3914, decoded_t=-252.3914, best_decoded=-252.3914, eta=1, p_inf=7.5e-13, d_inf=9.9e-13, gap=2.1e-13, nnz=842(0.0061), time=73
iter=2265, #inner=164, relaxed-p-obj=-252.3914, decoded_t=-252.3914, best_decoded=-252.3914, eta=1, p_inf=7.1e-13, d_inf=1e-12, gap=1.3e-13, nnz=842(0.0061), time=73
iter=2270, #inner=164, relaxed-p-obj=-252.3914, decoded_t=-252.3914, best_decoded=-252.3914, eta=1, p_inf=9e-13, d_inf=9.9e-13, gap=3.1e-14, nnz=842(0.0061), time=73
iter=2275, #inner=164, relaxed-p-obj=-252.3914, decoded_t=-252.3914, best_decoded=-252.3914, eta=1, p_inf=8e-13, d_inf=9.9e-13, gap=1.6e-13, nnz=842(0.0061), time=74
iter=2280, #inner=164, relaxed-p-obj=-252.3914, decoded_t=-252.3914, best_decoded=-252.3914, eta=1, p_inf=6.5e-13, d_inf=1e-12, gap=1.1e-13, nnz=842(0.0061), time=74
iter=2285, #inner=164, relaxed-p-obj=-252.3914, decoded_t=-252.3914, best_decoded=-252.3914, eta=1, p_inf=6.6e-13, d_inf=9.8e-13, gap=2e-14, nnz=842(0.0061), time=74
iter=2290, #inner=164, relaxed-p-obj=-252.3914, decoded_t=-252.3914, best_decoded=-252.3914, eta=1, p_inf=7.9e-13, d_inf=1e-12, gap=2.4e-14, nnz=842(0.0061), time=74
iter=2295, #inner=164, relaxed-p-obj=-252.3914, decoded_t=-252.3914, best_decoded=-252.3914, eta=1, p_inf=6.9e-13, d_inf=1e-12, gap=8.5e-14, nnz=842(0.0061), time=74
iter=2300, #inner=164, relaxed-p-obj=-252.3914, decoded_t=-252.3914, best_decoded=-252.3914, eta=1, p_inf=7.3e-13, d_inf=9.9e-13, gap=2.6e-14, nnz=842(0.0061), time=74
iter=2305, #inner=164, relaxed-p-obj=-252.3914, decoded_t=-252.3914, best_decoded=-252.3914, eta=1, p_inf=7.1e-13, d_inf=9.9e-13, gap=2.8e-14, nnz=842(0.0061), time=74
iter=2310, #inner=164, relaxed-p-obj=-252.3914, decoded_t=-252.3914, best_decoded=-252.3914, eta=1, p_inf=6.7e-13, d_inf=9.9e-13, gap=1.5e-13, nnz=842(0.0061), time=75
iter=2315, #inner=164, relaxed-p-obj=-252.3914, decoded_t=-252.3914, best_decoded=-252.3914, eta=1, p_inf=6.4e-13, d_inf=1e-12, gap=7.7e-14, nnz=842(0.0061), time=75
iter=2320, #inner=164, relaxed-p-obj=-252.3914, decoded_t=-252.3914, best_decoded=-252.3914, eta=1, p_inf=6.4e-13, d_inf=1e-12, gap=2.4e-14, nnz=842(0.0061), time=75
iter=2325, #inner=164, relaxed-p-obj=-252.3914, decoded_t=-252.3914, best_decoded=-252.3914, eta=1, p_inf=7.4e-13, d_inf=9.8e-13, gap=1.4e-13, nnz=842(0.0061), time=75
iter=2330, #inner=164, relaxed-p-obj=-252.3914, decoded_t=-252.3914, best_decoded=-252.3914, eta=1, p_inf=6.9e-13, d_inf=9.9e-13, gap=8.9e-14, nnz=842(0.0061), time=75
iter=2335, #inner=164, relaxed-p-obj=-252.3914, decoded_t=-252.3914, best_decoded=-252.3914, eta=1, p_inf=8e-13, d_inf=1e-12, gap=2.3e-14, nnz=842(0.0061), time=75
iter=2340, #inner=164, relaxed-p-obj=-252.3914, decoded_t=-252.3914, best_decoded=-252.3914, eta=1, p_inf=7.2e-13, d_inf=1e-12, gap=2.2e-13, nnz=842(0.0061), time=76
iter=2345, #inner=164, relaxed-p-obj=-252.3914, decoded_t=-252.3914, best_decoded=-252.3914, eta=1, p_inf=6.9e-13, d_inf=1e-12, gap=1.3e-13, nnz=842(0.0061), time=76
iter=2350, #inner=164, relaxed-p-obj=-252.3914, decoded_t=-252.3914, best_decoded=-252.3914, eta=1, p_inf=7.4e-13, d_inf=1e-12, gap=4.3e-14, nnz=842(0.0061), time=76
iter=2355, #inner=164, relaxed-p-obj=-252.3914, decoded_t=-252.3914, best_decoded=-252.3914, eta=1, p_inf=8e-13, d_inf=9.9e-13, gap=8.2e-14, nnz=842(0.0061), time=76
iter=2360, #inner=164, relaxed-p-obj=-252.3914, decoded_t=-252.3914, best_decoded=-252.3914, eta=1, p_inf=6.8e-13, d_inf=1e-12, gap=5.7e-14, nnz=842(0.0061), time=76
iter=2365, #inner=164, relaxed-p-obj=-252.3914, decoded_t=-252.3914, best_decoded=-252.3914, eta=1, p_inf=7.2e-13, d_inf=1e-12, gap=5.5e-14, nnz=842(0.0061), time=76
iter=2370, #inner=164, relaxed-p-obj=-252.3914, decoded_t=-252.3914, best_decoded=-252.3914, eta=1, p_inf=7.3e-13, d_inf=9.9e-13, gap=6e-14, nnz=842(0.0061), time=77
iter=2375, #inner=164, relaxed-p-obj=-252.3914, decoded_t=-252.3914, best_decoded=-252.3914, eta=1, p_inf=7.2e-13, d_inf=9.9e-13, gap=1.6e-13, nnz=842(0.0061), time=77
iter=2380, #inner=164, relaxed-p-obj=-252.3914, decoded_t=-252.3914, best_decoded=-252.3914, eta=1, p_inf=7.6e-13, d_inf=9.9e-13, gap=4.5e-14, nnz=842(0.0061), time=77
iter=2385, #inner=164, relaxed-p-obj=-252.3914, decoded_t=-252.3914, best_decoded=-252.3914, eta=1, p_inf=8e-13, d_inf=9.9e-13, gap=1.9e-13, nnz=842(0.0061), time=77
iter=2390, #inner=164, relaxed-p-obj=-252.3914, decoded_t=-252.3914, best_decoded=-252.3914, eta=1, p_inf=6.7e-13, d_inf=1e-12, gap=8.3e-14, nnz=842(0.0061), time=77
iter=2395, #inner=164, relaxed-p-obj=-252.3914, decoded_t=-252.3914, best_decoded=-252.3914, eta=1, p_inf=7.9e-13, d_inf=9.8e-13, gap=1.3e-13, nnz=842(0.0061), time=77
iter=2400, #inner=164, relaxed-p-obj=-252.3914, decoded_t=-252.3914, best_decoded=-252.3914, eta=1, p_inf=8.3e-13, d_inf=9.9e-13, gap=6.3e-14, nnz=842(0.0061), time=77
iter=2405, #inner=164, relaxed-p-obj=-252.3914, decoded_t=-252.3914, best_decoded=-252.3914, eta=1, p_inf=7.1e-13, d_inf=1e-12, gap=8.4e-14, nnz=842(0.0061), time=78
iter=2410, #inner=164, relaxed-p-obj=-252.3914, decoded_t=-252.3914, best_decoded=-252.3914, eta=1, p_inf=6.4e-13, d_inf=1e-12, gap=1.1e-13, nnz=842(0.0061), time=78
iter=2415, #inner=164, relaxed-p-obj=-252.3914, decoded_t=-252.3914, best_decoded=-252.3914, eta=1, p_inf=6.6e-13, d_inf=9.9e-13, gap=1.1e-13, nnz=842(0.0061), time=78
iter=2420, #inner=164, relaxed-p-obj=-252.3914, decoded_t=-252.3914, best_decoded=-252.3914, eta=1, p_inf=7.8e-13, d_inf=1e-12, gap=8.9e-14, nnz=842(0.0061), time=78
iter=2425, #inner=164, relaxed-p-obj=-252.3914, decoded_t=-252.3914, best_decoded=-252.3914, eta=1, p_inf=7.4e-13, d_inf=1e-12, gap=2.1e-13, nnz=842(0.0061), time=78
iter=2430, #inner=164, relaxed-p-obj=-252.3914, decoded_t=-252.3914, best_decoded=-252.3914, eta=1, p_inf=8.8e-13, d_inf=1e-12, gap=1.8e-13, nnz=842(0.0061), time=78
iter=2435, #inner=164, relaxed-p-obj=-252.3914, decoded_t=-252.3914, best_decoded=-252.3914, eta=1, p_inf=6.9e-13, d_inf=9.9e-13, gap=8e-14, nnz=842(0.0061), time=79
iter=2440, #inner=164, relaxed-p-obj=-252.3914, decoded_t=-252.3914, best_decoded=-252.3914, eta=1, p_inf=6.9e-13, d_inf=1e-12, gap=1.8e-13, nnz=842(0.0061), time=79
iter=2445, #inner=164, relaxed-p-obj=-252.3914, decoded_t=-252.3914, best_decoded=-252.3914, eta=1, p_inf=7.2e-13, d_inf=1e-12, gap=4.4e-15, nnz=842(0.0061), time=79
iter=2450, #inner=164, relaxed-p-obj=-252.3914, decoded_t=-252.3914, best_decoded=-252.3914, eta=1, p_inf=7.2e-13, d_inf=1e-12, gap=4.3e-14, nnz=842(0.0061), time=79
iter=2455, #inner=164, relaxed-p-obj=-252.3914, decoded_t=-252.3914, best_decoded=-252.3914, eta=1, p_inf=8e-13, d_inf=1e-12, gap=2.4e-14, nnz=842(0.0061), time=79
iter=2460, #inner=164, relaxed-p-obj=-252.3914, decoded_t=-252.3914, best_decoded=-252.3914, eta=1, p_inf=7.3e-13, d_inf=1e-12, gap=1.1e-14, nnz=842(0.0061), time=79
