Read 231 multi-variables and 858 factors.
Creating factor XOR...
Creating factor XOR...
Creating factor XOR...
Creating factor XOR...
Creating factor XOR...
Creating factor XOR...
Creating factor XOR...
Creating factor XOR...
Creating factor XOR...
Creating factor XOR...
Creating factor XOR...
Creating factor XOR...
Creating factor XOR...
Creating factor XOR...
Creating factor XOR...
Creating factor XOR...
Creating factor XOR...
Creating factor XOR...
Creating factor XOR...
Creating factor XOR...
Creating factor XOR...
Creating factor XOR...
Creating factor XOR...
Creating factor XOR...
Creating factor XOR...
Creating factor XOR...
Creating factor XOR...
Creating factor XOR...
Creating factor XOR...
Creating factor XOR...
Creating factor XOR...
Creating factor XOR...
Creating factor XOR...
Creating factor XOR...
Creating factor XOR...
Creating factor XOR...
Creating factor XOR...
Creating factor XOR...
Creating factor XOR...
Creating factor XOR...
Creating factor XOR...
Creating factor XOR...
Creating factor XOR...
Creating factor XOR...
Creating factor XOR...
Creating factor XOR...
Creating factor XOR...
Creating factor XOR...
Creating factor XOR...
Creating factor XOR...
Creating factor XOR...
Creating factor XOR...
Creating factor XOR...
Creating factor XOR...
Creating factor XOR...
Creating factor XOR...
Creating factor XOR...
Creating factor XOR...
Creating factor XOR...
Creating factor XOR...
Creating factor XOR...
Creating factor XOR...
Creating factor XOR...
Creating factor XOR...
Creating factor XOR...
Creating factor XOR...
Creating factor XOR...
Creating factor XOR...
Creating factor XOR...
Creating factor XOR...
Creating factor XOR...
Creating factor XOR...
Creating factor XOR...
Creating factor XOR...
Creating factor XOR...
Creating factor XOR...
Creating factor XOR...
Creating factor XOR...
Creating factor XOR...
Creating factor XOR...
Creating factor XOR...
Creating factor XOR...
Creating factor XOR...
Creating factor XOR...
Creating factor XOR...
Creating factor XOR...
Creating factor XOR...
Creating factor XOR...
Creating factor XOR...
Creating factor XOR...
Creating factor XOR...
Creating factor XOR...
Creating factor XOR...
Creating factor XOR...
Creating factor XOR...
Creating factor XOR...
Creating factor XOR...
Creating factor XOR...
Creating factor XOR...
Creating factor XOR...
Creating factor XOR...
Creating factor XOR...
Creating factor XOR...
Creating factor XOR...
Creating factor XOR...
Creating factor XOR...
Creating factor XOR...
Creating factor XOR...
Creating factor XOR...
Creating factor XOR...
Creating factor XOR...
Creating factor XOR...
Creating factor XOR...
Creating factor XOR...
Creating factor XOR...
Creating factor XOR...
Creating factor XOR...
Creating factor XOR...
Creating factor XOR...
Creating factor XOR...
Creating factor XOR...
Creating factor XOR...
Creating factor XOR...
Creating factor XOR...
Creating factor XOR...
Creating factor XOR...
Creating factor XOR...
Creating factor XOR...
Creating factor XOR...
Creating factor XOR...
Creating factor XOR...
Creating factor XOR...
Creating factor XOR...
Creating factor XOR...
Creating factor XOR...
Creating factor XOR...
Creating factor XOR...
Creating factor XOR...
Creating factor XOR...
Creating factor XOR...
Creating factor XOR...
Creating factor XOR...
Creating factor XOR...
Creating factor XOR...
Creating factor XOR...
Creating factor XOR...
Creating factor XOR...
Creating factor XOR...
Creating factor XOR...
Creating factor XOR...
Creating factor XOR...
Creating factor XOR...
Creating factor XOR...
Creating factor XOR...
Creating factor XOR...
Creating factor XOR...
Creating factor XOR...
Creating factor XOR...
Creating factor XOR...
Creating factor XOR...
Creating factor XOR...
Creating factor XOR...
Creating factor XOR...
Creating factor XOR...
Creating factor XOR...
Creating factor XOR...
Creating factor XOR...
Creating factor XOR...
Creating factor XOR...
Creating factor XOR...
Creating factor XOR...
Creating factor XOR...
Creating factor XOR...
Creating factor XOR...
Creating factor XOR...
Creating factor XOR...
Creating factor XOR...
Creating factor XOR...
Creating factor XOR...
Creating factor XOR...
Creating factor XOR...
Creating factor XOR...
Creating factor XOR...
Creating factor XOR...
Creating factor XOR...
Creating factor XOR...
Creating factor XOR...
Creating factor XOR...
Creating factor XOR...
Creating factor XOR...
Creating factor XOR...
Creating factor XOR...
Creating factor XOR...
Creating factor XOR...
Creating factor XOR...
Creating factor XOR...
Creating factor XOR...
Creating factor XOR...
Creating factor XOR...
Creating factor XOR...
Creating factor XOR...
Creating factor XOR...
Creating factor XOR...
Creating factor XOR...
Creating factor XOR...
Creating factor XOR...
Creating factor XOR...
Creating factor XOR...
Creating factor XOR...
Creating factor XOR...
Creating factor XOR...
Creating factor XOR...
Creating factor XOR...
Creating factor XOR...
Creating factor XOR...
Creating factor XOR...
Creating factor XOR...
Creating factor XOR...
Creating factor XOR...
Creating factor XOR...
Creating factor XOR...
Creating factor XOR...
Creating factor XOR...
Creating factor XOR...
Creating factor XOR...
Creating factor XOR...
Creating factor XOR...
Creating factor XOR...
Creating factor XOR...
Creating factor XOR...
Creating factor XOR...
Running 100000 iterations of psdd (eta = 0.1)...
Iteration = 50	Dual obj = -294.169	Primal rel obj = -276.237	Primal residual = 0.117039	Best dual obj = -294.169	Best primal rel obj = -276.237	Best primal obj = -368.168	Cached factors = 0	eta = 0.0140028	Time = 0.166 sec.
Iteration = 100	Dual obj = -303.29	Primal rel obj = -288.06	Primal residual = 0.102579	Best dual obj = -303.29	Best primal rel obj = -276.237	Best primal obj = -368.168	Cached factors = 0	eta = 0.00995037	Time = 0.317 sec.
Iteration = 150	Dual obj = -307.511	Primal rel obj = -292.439	Primal residual = 0.10361	Best dual obj = -307.539	Best primal rel obj = -276.237	Best primal obj = -350.976	Cached factors = 0	eta = 0.00813788	Time = 0.469 sec.
Iteration = 200	Dual obj = -310.21	Primal rel obj = -294.136	Primal residual = 0.101655	Best dual obj = -310.21	Best primal rel obj = -276.237	Best primal obj = -344.59	Cached factors = 0	eta = 0.00705346	Time = 0.599 sec.
Iteration = 250	Dual obj = -312.072	Primal rel obj = -300.953	Primal residual = 0.0979414	Best dual obj = -312.094	Best primal rel obj = -276.237	Best primal obj = -338.44	Cached factors = 0	eta = 0.00631194	Time = 0.729 sec.
Iteration = 300	Dual obj = -313.546	Primal rel obj = -303.912	Primal residual = 0.0999889	Best dual obj = -313.546	Best primal rel obj = -276.237	Best primal obj = -330.992	Cached factors = 0	eta = 0.0057639	Time = 0.857 sec.
Iteration = 350	Dual obj = -314.541	Primal rel obj = -301.265	Primal residual = 0.0974482	Best dual obj = -314.541	Best primal rel obj = -276.237	Best primal obj = -330.992	Cached factors = 0	eta = 0.00533761	Time = 0.976 sec.
Iteration = 400	Dual obj = -315.333	Primal rel obj = -305.29	Primal residual = 0.094507	Best dual obj = -315.378	Best primal rel obj = -276.237	Best primal obj = -330.992	Cached factors = 0	eta = 0.00499376	Time = 1.099 sec.
Iteration = 450	Dual obj = -315.994	Primal rel obj = -302.935	Primal residual = 0.0963193	Best dual obj = -316.052	Best primal rel obj = -276.237	Best primal obj = -328.012	Cached factors = 0	eta = 0.00470882	Time = 1.216 sec.
Iteration = 500	Dual obj = -316.449	Primal rel obj = -308.902	Primal residual = 0.0935434	Best dual obj = -316.579	Best primal rel obj = -276.237	Best primal obj = -326.355	Cached factors = 0	eta = 0.00446767	Time = 1.334 sec.
Iteration = 550	Dual obj = -316.971	Primal rel obj = -311.345	Primal residual = 0.0925034	Best dual obj = -316.989	Best primal rel obj = -276.237	Best primal obj = -321.422	Cached factors = 0	eta = 0.00426014	Time = 1.452 sec.
Iteration = 600	Dual obj = -317.343	Primal rel obj = -311.004	Primal residual = 0.0895329	Best dual obj = -317.343	Best primal rel obj = -276.237	Best primal obj = -321.422	Cached factors = 0	eta = 0.00407909	Time = 1.57 sec.
Iteration = 650	Dual obj = -317.675	Primal rel obj = -317.081	Primal residual = 0.0857762	Best dual obj = -317.675	Best primal rel obj = -276.237	Best primal obj = -320.522	Cached factors = 0	eta = 0.00391931	Time = 1.687 sec.
Iteration = 700	Dual obj = -317.879	Primal rel obj = -322.802	Primal residual = 0.0932204	Best dual obj = -317.938	Best primal rel obj = -276.237	Best primal obj = -320.522	Cached factors = 0	eta = 0.00377695	Time = 1.803 sec.
Iteration = 750	Dual obj = -318.169	Primal rel obj = -316.332	Primal residual = 0.0896531	Best dual obj = -318.199	Best primal rel obj = -276.237	Best primal obj = -320.522	Cached factors = 0	eta = 0.00364905	Time = 1.915 sec.
Iteration = 800	Dual obj = -318.364	Primal rel obj = -308.761	Primal residual = 0.0912689	Best dual obj = -318.386	Best primal rel obj = -276.237	Best primal obj = -320.522	Cached factors = 0	eta = 0.00353333	Time = 2.033 sec.
Iteration = 850	Dual obj = -318.615	Primal rel obj = -307.963	Primal residual = 0.087194	Best dual obj = -318.615	Best primal rel obj = -276.237	Best primal obj = -320.522	Cached factors = 0	eta = 0.00342796	Time = 2.147 sec.
Iteration = 900	Dual obj = -318.763	Primal rel obj = -314.179	Primal residual = 0.0917577	Best dual obj = -318.798	Best primal rel obj = -276.237	Best primal obj = -320.522	Cached factors = 0	eta = 0.00333148	Time = 2.262 sec.
Iteration = 950	Dual obj = -318.925	Primal rel obj = -325.157	Primal residual = 0.0900448	Best dual obj = -318.952	Best primal rel obj = -276.237	Best primal obj = -320.476	Cached factors = 0	eta = 0.00324272	Time = 2.375 sec.
Iteration = 1000	Dual obj = -319.095	Primal rel obj = -315.39	Primal residual = 0.0866665	Best dual obj = -319.095	Best primal rel obj = -276.237	Best primal obj = -320.118	Cached factors = 0	eta = 0.0031607	Time = 2.489 sec.
Iteration = 1050	Dual obj = -319.209	Primal rel obj = -309.648	Primal residual = 0.0783036	Best dual obj = -319.209	Best primal rel obj = -276.237	Best primal obj = -319.384	Cached factors = 0	eta = 0.0030846	Time = 2.596 sec.
Iteration = 1100	Dual obj = -319.205	Primal rel obj = -313.157	Primal residual = 0.0769461	Best dual obj = -319.259	Best primal rel obj = -276.237	Best primal obj = -319.384	Cached factors = 0	eta = 0.00301374	Time = 2.703 sec.
Iteration = 1150	Dual obj = -319.283	Primal rel obj = -311.506	Primal residual = 0.0705158	Best dual obj = -319.283	Best primal rel obj = -276.237	Best primal obj = -319.384	Cached factors = 0	eta = 0.00294756	Time = 2.805 sec.
Iteration = 1200	Dual obj = -319.296	Primal rel obj = -318.082	Primal residual = 0.0613354	Best dual obj = -319.314	Best primal rel obj = -276.237	Best primal obj = -319.384	Cached factors = 0	eta = 0.00288555	Time = 2.901 sec.
Iteration = 1250	Dual obj = -319.345	Primal rel obj = -320.065	Primal residual = 0.050241	Best dual obj = -319.345	Best primal rel obj = -276.237	Best primal obj = -319.384	Cached factors = 0	eta = 0.0028273	Time = 2.983 sec.
Iteration = 1300	Dual obj = -319.37	Primal rel obj = -317.811	Primal residual = 0.0250472	Best dual obj = -319.375	Best primal rel obj = -276.237	Best primal obj = -319.384	Cached factors = 0	eta = 0.00277243	Time = 3.038 sec.
Iteration = 1350	Dual obj = -319.372	Primal rel obj = -318.541	Primal residual = 0.0356113	Best dual obj = -319.381	Best primal rel obj = -276.237	Best primal obj = -319.384	Cached factors = 0	eta = 0.00272065	Time = 3.072 sec.
Iteration = 1400	Dual obj = -319.375	Primal rel obj = -319.016	Primal residual = 0.0308928	Best dual obj = -319.381	Best primal rel obj = -276.237	Best primal obj = -319.384	Cached factors = 0	eta = 0.00267166	Time = 3.119 sec.
Iteration = 1431	Dual obj = -319.384	Primal rel obj = -319.384	Primal residual = 0	Best dual obj = -319.384	Best primal rel obj = -276.237	Best primal obj = -319.384	Cached factors = 0.974359	eta = 0.00264258	Time = 3.131 sec.
Solution value after 1431 iterations (Projected Subgradient) = -319.384
Took 3.132 sec.
Solution is integer.
Elapsed time: 3.132 sec.
